2023-12-26 00:32:05,176 [ERROR] LogOutputStream:75 - [STDERR_REDIRECT] 
2023-12-26 00:32:59,969 [INFO] Activator:176 - 


2023-12-26 00:32:59,973 [INFO] Activator:177 - !SESSION log4j initialized
2023-12-26 00:33:10,969 [INFO] LogOutputStream:77 - [STDOUT_REDIRECT] 
2023-12-26 00:33:14,190 [INFO] ApplicationProperties:184 - Using Application install path: C:\ST\STM32CubeIDE_1.13.0\STM32CubeIDE\plugins\com.st.stm32cube.common.mx_6.9.0.202307051724
2023-12-26 00:33:14,230 [INFO] DbMcusXml:78 - Set database path to: C:\ST\STM32CubeIDE_1.13.0\STM32CubeIDE\plugins\com.st.stm32cube.common.mx_6.9.0.202307051724\\db\/mcu/
2023-12-26 00:33:14,233 [INFO] ApiDb:274 - Set plugin database path to: C:\ST\STM32CubeIDE_1.13.0\STM32CubeIDE\plugins\com.st.stm32cube.common.mx_6.9.0.202307051724\\db\/plugins/boardmanager/
2023-12-26 00:33:14,234 [WARN] ApiDb:259 - Overriding images path with different value:  => C:\ST\STM32CubeIDE_1.13.0\STM32CubeIDE\plugins\com.st.stm32cube.common.mx_6.9.0.202307051724\\db\/plugins/mcufinder/images/
2023-12-26 00:33:14,261 [INFO] ApiDb:250 - Set database path to: C:\Users\admin\.stmcufinder\plugins\mcufinder//mcu/
2023-12-26 00:33:14,267 [INFO] DbMcusAds:125 - Set database path to: C:\Users\admin\.stmcufinder\plugins\mcufinder//mcu/
2023-12-26 00:33:15,263 [INFO] CrossReferenceDbSqlite:203 - Set database path to: C:\Users\admin\.stmcufinder\plugins\mcufinder//mcu/cs/
2023-12-26 00:33:15,441 [INFO] RulesReader:64 - Compatibility file has been processed (293 Rules)
2023-12-26 00:33:15,622 [INFO] DbMcusXml:78 - Set database path to: C:\ST\STM32CubeIDE_1.13.0\STM32CubeIDE\plugins\com.st.stm32cube.common.mx_6.9.0.202307051724\\db\/mcu/
2023-12-26 00:33:15,622 [INFO] ApiDb:274 - Set plugin database path to: C:\ST\STM32CubeIDE_1.13.0\STM32CubeIDE\plugins\com.st.stm32cube.common.mx_6.9.0.202307051724\\db\/plugins/boardmanager/
2023-12-26 00:33:15,622 [INFO] ApiDb:261 - Set plugin images path to: C:\ST\STM32CubeIDE_1.13.0\STM32CubeIDE\plugins\com.st.stm32cube.common.mx_6.9.0.202307051724\\db\/plugins/mcufinder/images/
2023-12-26 00:33:15,622 [WARN] DbFile:41 - Overriding database path with different value: C:\Users\admin\.stmcufinder\plugins\mcufinder/ => C:\Users\admin\.stmcufinder\plugins\mcufinder
2023-12-26 00:33:15,622 [INFO] ApiDb:250 - Set database path to: C:\Users\admin\.stmcufinder\plugins\mcufinder//mcu/
2023-12-26 00:33:15,622 [WARN] DbFile:41 - Overriding database path with different value: C:\Users\admin\.stmcufinder\plugins\mcufinder/ => C:\Users\admin\.stmcufinder\plugins\mcufinder
2023-12-26 00:33:15,623 [INFO] DbMcusAds:125 - Set database path to: C:\Users\admin\.stmcufinder\plugins\mcufinder//mcu/
2023-12-26 00:33:15,623 [WARN] DbFile:41 - Overriding database path with different value: C:\Users\admin\.stmcufinder\plugins\mcufinder/ => C:\Users\admin\.stmcufinder\plugins\mcufinder
2023-12-26 00:33:15,623 [WARN] DbFile:41 - Overriding database path with different value: C:\Users\admin\.stmcufinder\plugins\mcufinder/ => C:\Users\admin\.stmcufinder\plugins\mcufinder
2023-12-26 00:33:16,260 [INFO] CrossReferenceDbSqlite:203 - Set database path to: C:\Users\admin\.stmcufinder\plugins\mcufinder//mcu/cs/
2023-12-26 00:33:16,391 [INFO] MainPanel:262 - HeapMemory: 268435456
2023-12-26 00:33:16,535 [INFO] DbMcusXml:78 - Set database path to: C:\ST\STM32CubeIDE_1.13.0\STM32CubeIDE\plugins\com.st.stm32cube.common.mx_6.9.0.202307051724\\db\/mcu/
2023-12-26 00:33:16,536 [INFO] ApiDb:274 - Set plugin database path to: C:\ST\STM32CubeIDE_1.13.0\STM32CubeIDE\plugins\com.st.stm32cube.common.mx_6.9.0.202307051724\\db\/plugins/boardmanager/
2023-12-26 00:33:16,536 [INFO] ApiDb:261 - Set plugin images path to: C:\ST\STM32CubeIDE_1.13.0\STM32CubeIDE\plugins\com.st.stm32cube.common.mx_6.9.0.202307051724\\db\/plugins/mcufinder/images/
2023-12-26 00:33:16,536 [WARN] DbFile:41 - Overriding database path with different value: C:\Users\admin\.stmcufinder\plugins\mcufinder/ => C:\Users\admin\.stmcufinder\plugins\mcufinder
2023-12-26 00:33:16,537 [INFO] ApiDb:250 - Set database path to: C:\Users\admin\.stmcufinder\plugins\mcufinder//mcu/
2023-12-26 00:33:16,537 [WARN] DbFile:41 - Overriding database path with different value: C:\Users\admin\.stmcufinder\plugins\mcufinder/ => C:\Users\admin\.stmcufinder\plugins\mcufinder
2023-12-26 00:33:16,537 [INFO] DbMcusAds:125 - Set database path to: C:\Users\admin\.stmcufinder\plugins\mcufinder//mcu/
2023-12-26 00:33:16,537 [WARN] DbFile:41 - Overriding database path with different value: C:\Users\admin\.stmcufinder\plugins\mcufinder/ => C:\Users\admin\.stmcufinder\plugins\mcufinder
2023-12-26 00:33:16,537 [WARN] DbFile:41 - Overriding database path with different value: C:\Users\admin\.stmcufinder\plugins\mcufinder/ => C:\Users\admin\.stmcufinder\plugins\mcufinder
2023-12-26 00:33:17,258 [INFO] CrossReferenceDbSqlite:203 - Set database path to: C:\Users\admin\.stmcufinder\plugins\mcufinder//mcu/cs/
2023-12-26 00:33:17,289 [INFO] ApplicationProperties:184 - Using Application install path: C:\ST\STM32CubeIDE_1.13.0\STM32CubeIDE\plugins\com.st.stm32cube.common.mx_6.9.0.202307051724
2023-12-26 00:33:17,290 [INFO] PluginManage:196 - Search for loadable plugins [exclusion list=, ]
2023-12-26 00:33:17,292 [INFO] PluginManage:310 - Check plugin analytics
2023-12-26 00:33:18,372 [INFO] AnalyticsPlugin:253 - Accepted Software Licenses: STM32CubeMX.6.9.1
2023-12-26 00:33:18,372 [INFO] AnalyticsPlugin:255 - Accepted CMSIS Pack Licenses: 
2023-12-26 00:33:18,373 [INFO] AnalyticsPlugin:257 - Accepted Firmware Licenses: 
2023-12-26 00:33:18,377 [INFO] PluginManage:359 - Loaded plugin analytics (category:tool,tabindex:-1)
2023-12-26 00:33:18,378 [INFO] PluginManage:310 - Check plugin cadmodel
2023-12-26 00:33:18,383 [INFO] CADModel:105 - Init CAD model plugin
2023-12-26 00:33:18,383 [INFO] PluginManage:359 - Loaded plugin cadmodel (category:power,tabindex:5)
2023-12-26 00:33:18,383 [INFO] PluginManage:310 - Check plugin clock
2023-12-26 00:33:18,394 [INFO] PluginManage:359 - Loaded plugin clock (category:base,tabindex:2)
2023-12-26 00:33:18,394 [INFO] PluginManage:310 - Check plugin ddr
2023-12-26 00:33:18,397 [INFO] PluginManage:359 - Loaded plugin ddr (category:tool,tabindex:6)
2023-12-26 00:33:18,397 [INFO] PluginManage:310 - Check plugin filemanager
2023-12-26 00:33:18,557 [INFO] PluginManage:359 - Loaded plugin filemanager (category:base,tabindex:10)
2023-12-26 00:33:18,557 [INFO] PluginManage:310 - Check plugin ipmanager
2023-12-26 00:33:18,567 [INFO] PluginManage:359 - Loaded plugin ipmanager (category:base,tabindex:5)
2023-12-26 00:33:18,567 [INFO] PluginManage:310 - Check plugin lpbam
2023-12-26 00:33:18,579 [INFO] PluginManage:359 - Loaded plugin lpbam (category:base,tabindex:0)
2023-12-26 00:33:18,579 [INFO] PluginManage:310 - Check plugin memorymap
2023-12-26 00:33:18,596 [INFO] PluginManage:359 - Loaded plugin memorymap (category:base,tabindex:4)
2023-12-26 00:33:18,596 [INFO] PluginManage:310 - Check plugin pinoutandconfiguration
2023-12-26 00:33:18,603 [INFO] PluginManage:359 - Loaded plugin pinoutandconfiguration (category:base,tabindex:1)
2023-12-26 00:33:18,603 [INFO] PluginManage:310 - Check plugin pinoutconfig
2023-12-26 00:33:18,718 [WARN] SupportedApi:132 - Cannot load RTOS API schema: s4s-elt-must-match.1: The content of 'definitions' must match (annotation?, (simpleType | complexType)?, (unique | key | keyref)*)). A problem was found starting at: attribute.
2023-12-26 00:33:18,924 [INFO] PluginManage:359 - Loaded plugin pinoutconfig (category:base,tabindex:0)
2023-12-26 00:33:18,925 [INFO] PluginManage:310 - Check plugin power
2023-12-26 00:33:18,940 [INFO] PluginManage:359 - Loaded plugin power (category:power,tabindex:4)
2023-12-26 00:33:18,940 [INFO] PluginManage:310 - Check plugin projectmanager
2023-12-26 00:33:18,967 [INFO] PluginManage:359 - Loaded plugin projectmanager (category:projectmanager,tabindex:3)
2023-12-26 00:33:18,968 [INFO] PluginManage:310 - Check plugin thirdparty
2023-12-26 00:33:19,432 [INFO] PluginManage:359 - Loaded plugin thirdparty (category:base,tabindex:-1)
2023-12-26 00:33:19,435 [INFO] PluginManage:310 - Check plugin tools
2023-12-26 00:33:19,435 [WARN] IntegrityCheckThread:84 - waiting for thirdparty lock release [integrity check]
2023-12-26 00:33:19,436 [INFO] IntegrityCheckThread:86 - entering critical section [integrity check]
2023-12-26 00:33:19,437 [INFO] ThirdPartyUpdaterWithRetryManager:70 - Updater plugin not ready yet. [1/15]
2023-12-26 00:33:19,441 [INFO] PluginManage:359 - Loaded plugin tools (category:base,tabindex:7)
2023-12-26 00:33:19,442 [INFO] PluginManage:310 - Check plugin tutovideos
2023-12-26 00:33:19,709 [INFO] PluginManage:359 - Loaded plugin tutovideos (category:base,tabindex:-1)
2023-12-26 00:33:19,709 [INFO] PluginManage:310 - Check plugin updater
2023-12-26 00:33:19,719 [INFO] PluginManage:359 - Loaded plugin updater (category:base,tabindex:12)
2023-12-26 00:33:19,720 [INFO] PluginManage:310 - Check plugin userauth
2023-12-26 00:33:19,732 [INFO] UserAuth:113 - Init User Auth plugin
2023-12-26 00:33:19,732 [INFO] PluginManage:359 - Loaded plugin userauth (category:base,tabindex:14)
2023-12-26 00:33:19,733 [INFO] PluginManage:283 - PluginManage : Loaded plugins [17]
2023-12-26 00:33:20,190 [INFO] PinOutPanel:1499 - setPackage(No Configuration,No Configuration)
2023-12-26 00:33:20,399 [INFO] CADModel:165 - CPN selected for project level
2023-12-26 00:33:20,399 [INFO] CADModel:114 - Register for checkConnection events
2023-12-26 00:33:20,424 [INFO] IPUIPlugin:80 - create IPUIPlugin
2023-12-26 00:33:20,424 [INFO] PluginManager:220 - loadIPPluginJar : add adc
2023-12-26 00:33:20,429 [INFO] IPUIPlugin:80 - create IPUIPlugin
2023-12-26 00:33:20,429 [INFO] PluginManager:220 - loadIPPluginJar : add aes
2023-12-26 00:33:20,433 [INFO] IPUIPlugin:80 - create IPUIPlugin
2023-12-26 00:33:20,433 [INFO] PluginManager:220 - loadIPPluginJar : add can
2023-12-26 00:33:20,435 [INFO] IPUIPlugin:80 - create IPUIPlugin
2023-12-26 00:33:20,435 [INFO] PluginManager:220 - loadIPPluginJar : add comp
2023-12-26 00:33:20,438 [INFO] IPUIPlugin:80 - create IPUIPlugin
2023-12-26 00:33:20,438 [INFO] PluginManager:220 - loadIPPluginJar : add cryp
2023-12-26 00:33:20,442 [INFO] IPUIPlugin:80 - create IPUIPlugin
2023-12-26 00:33:20,442 [INFO] PluginManager:220 - loadIPPluginJar : add dfsdm
2023-12-26 00:33:20,449 [INFO] IPUIPlugin:80 - create IPUIPlugin
2023-12-26 00:33:20,450 [INFO] PluginManager:220 - loadIPPluginJar : add dma
2023-12-26 00:33:20,453 [INFO] IPUIPlugin:80 - create IPUIPlugin
2023-12-26 00:33:20,453 [INFO] PluginManager:220 - loadIPPluginJar : add dma3
2023-12-26 00:33:20,455 [INFO] IPUIPlugin:80 - create IPUIPlugin
2023-12-26 00:33:20,455 [INFO] PluginManager:220 - loadIPPluginJar : add fatfs
2023-12-26 00:33:20,460 [INFO] IPUIPlugin:80 - create IPUIPlugin
2023-12-26 00:33:20,460 [INFO] PluginManager:220 - loadIPPluginJar : add fmc
2023-12-26 00:33:20,468 [INFO] IPUIPlugin:80 - create IPUIPlugin
2023-12-26 00:33:20,468 [INFO] PluginManager:220 - loadIPPluginJar : add freertos
2023-12-26 00:33:20,470 [INFO] IPUIPlugin:80 - create IPUIPlugin
2023-12-26 00:33:20,470 [INFO] PluginManager:220 - loadIPPluginJar : add genericplugin
2023-12-26 00:33:20,472 [INFO] IPUIPlugin:80 - create IPUIPlugin
2023-12-26 00:33:20,472 [INFO] PluginManager:220 - loadIPPluginJar : add gfxmmu
2023-12-26 00:33:20,479 [INFO] IPUIPlugin:80 - create IPUIPlugin
2023-12-26 00:33:20,479 [INFO] PluginManager:220 - loadIPPluginJar : add gic
2023-12-26 00:33:20,484 [INFO] IPUIPlugin:80 - create IPUIPlugin
2023-12-26 00:33:20,484 [INFO] PluginManager:220 - loadIPPluginJar : add gpio
2023-12-26 00:33:20,487 [INFO] IPUIPlugin:80 - create IPUIPlugin
2023-12-26 00:33:20,487 [INFO] PluginManager:220 - loadIPPluginJar : add gtzc
2023-12-26 00:33:20,492 [INFO] IPUIPlugin:80 - create IPUIPlugin
2023-12-26 00:33:20,492 [INFO] PluginManager:220 - loadIPPluginJar : add hash
2023-12-26 00:33:20,499 [INFO] IPUIPlugin:80 - create IPUIPlugin
2023-12-26 00:33:20,501 [INFO] PluginManager:220 - loadIPPluginJar : add i2c
2023-12-26 00:33:20,509 [INFO] IPUIPlugin:80 - create IPUIPlugin
2023-12-26 00:33:20,509 [INFO] PluginManager:220 - loadIPPluginJar : add i2s
2023-12-26 00:33:20,514 [INFO] IPUIPlugin:80 - create IPUIPlugin
2023-12-26 00:33:20,514 [INFO] PluginManager:220 - loadIPPluginJar : add i3c
2023-12-26 00:33:20,520 [INFO] IPUIPlugin:80 - create IPUIPlugin
2023-12-26 00:33:20,521 [INFO] PluginManager:220 - loadIPPluginJar : add ipddr
2023-12-26 00:33:20,538 [INFO] IPUIPlugin:80 - create IPUIPlugin
2023-12-26 00:33:20,538 [INFO] PluginManager:220 - loadIPPluginJar : add linkedlist
2023-12-26 00:33:20,543 [INFO] IPUIPlugin:80 - create IPUIPlugin
2023-12-26 00:33:20,544 [INFO] PluginManager:220 - loadIPPluginJar : add lorawan
2023-12-26 00:33:20,550 [INFO] IPUIPlugin:80 - create IPUIPlugin
2023-12-26 00:33:20,551 [INFO] PluginManager:220 - loadIPPluginJar : add ltdc
2023-12-26 00:33:20,579 [INFO] IPUIPlugin:80 - create IPUIPlugin
2023-12-26 00:33:20,581 [INFO] PluginManager:220 - loadIPPluginJar : add mdma
2023-12-26 00:33:20,592 [INFO] IPUIPlugin:80 - create IPUIPlugin
2023-12-26 00:33:20,592 [INFO] PluginManager:220 - loadIPPluginJar : add nvic
2023-12-26 00:33:20,601 [INFO] IPUIPlugin:80 - create IPUIPlugin
2023-12-26 00:33:20,602 [INFO] PluginManager:220 - loadIPPluginJar : add opamp
2023-12-26 00:33:20,608 [INFO] IPUIPlugin:80 - create IPUIPlugin
2023-12-26 00:33:20,608 [INFO] PluginManager:220 - loadIPPluginJar : add openamp
2023-12-26 00:33:20,655 [INFO] IPUIPlugin:80 - create IPUIPlugin
2023-12-26 00:33:20,655 [INFO] PluginManager:220 - loadIPPluginJar : add pdm2pcm
2023-12-26 00:33:20,667 [INFO] IPUIPlugin:80 - create IPUIPlugin
2023-12-26 00:33:20,671 [INFO] PluginManager:220 - loadIPPluginJar : add plateformsettings
2023-12-26 00:33:20,673 [INFO] IPUIPlugin:80 - create IPUIPlugin
2023-12-26 00:33:20,673 [INFO] PluginManager:220 - loadIPPluginJar : add quadspi
2023-12-26 00:33:20,690 [INFO] IPUIPlugin:80 - create IPUIPlugin
2023-12-26 00:33:20,690 [INFO] PluginManager:220 - loadIPPluginJar : add resmgrutility
2023-12-26 00:33:20,703 [INFO] IPUIPlugin:80 - create IPUIPlugin
2023-12-26 00:33:20,703 [INFO] PluginManager:220 - loadIPPluginJar : add sai
2023-12-26 00:33:20,707 [INFO] IPUIPlugin:80 - create IPUIPlugin
2023-12-26 00:33:20,707 [INFO] PluginManager:220 - loadIPPluginJar : add spi
2023-12-26 00:33:20,715 [INFO] IPUIPlugin:80 - create IPUIPlugin
2023-12-26 00:33:20,715 [INFO] PluginManager:220 - loadIPPluginJar : add stm32_wpan
2023-12-26 00:33:20,718 [INFO] IPUIPlugin:80 - create IPUIPlugin
2023-12-26 00:33:20,719 [INFO] PluginManager:220 - loadIPPluginJar : add tim
2023-12-26 00:33:20,724 [INFO] IPUIPlugin:80 - create IPUIPlugin
2023-12-26 00:33:20,724 [INFO] PluginManager:220 - loadIPPluginJar : add touchsensing
2023-12-26 00:33:20,728 [INFO] IPUIPlugin:80 - create IPUIPlugin
2023-12-26 00:33:20,728 [INFO] PluginManager:220 - loadIPPluginJar : add tracer_emb
2023-12-26 00:33:20,733 [INFO] IPUIPlugin:80 - create IPUIPlugin
2023-12-26 00:33:20,734 [INFO] PluginManager:220 - loadIPPluginJar : add ts
2023-12-26 00:33:20,736 [INFO] IPUIPlugin:80 - create IPUIPlugin
2023-12-26 00:33:20,736 [INFO] PluginManager:220 - loadIPPluginJar : add tsc
2023-12-26 00:33:20,739 [INFO] IPUIPlugin:80 - create IPUIPlugin
2023-12-26 00:33:20,739 [INFO] PluginManager:220 - loadIPPluginJar : add ucpd
2023-12-26 00:33:20,742 [INFO] IPUIPlugin:80 - create IPUIPlugin
2023-12-26 00:33:20,742 [INFO] PluginManager:220 - loadIPPluginJar : add usart
2023-12-26 00:33:20,749 [INFO] IPUIPlugin:80 - create IPUIPlugin
2023-12-26 00:33:20,749 [INFO] PluginManager:220 - loadIPPluginJar : add usbx
2023-12-26 00:33:20,900 [INFO] CADModel:165 - CPN selected for project level
2023-12-26 00:33:20,900 [INFO] CADModel:114 - Register for checkConnection events
2023-12-26 00:33:20,900 [FATAL] Updater:308 - Updater called before beeing initialized
2023-12-26 00:33:20,900 [ERROR] CADModel:125 - Updater not yet initialized, retry later 
2023-12-26 00:33:21,095 [INFO] CADModel:165 - CPN selected for project level
2023-12-26 00:33:21,095 [INFO] CADModel:114 - Register for checkConnection events
2023-12-26 00:33:21,095 [FATAL] Updater:308 - Updater called before beeing initialized
2023-12-26 00:33:21,095 [ERROR] CADModel:125 - Updater not yet initialized, retry later 
2023-12-26 00:33:21,102 [FATAL] Updater:308 - Updater called before beeing initialized
2023-12-26 00:33:21,249 [FATAL] Updater:308 - Updater called before beeing initialized
2023-12-26 00:33:21,255 [INFO] DbMcusAds:53 - JSON generation date=Tue Mar 07 15:50:55 ICT 2023 (1678179055335)
2023-12-26 00:33:21,255 [FATAL] Updater:308 - Updater called before beeing initialized
2023-12-26 00:33:21,295 [WARN] DetailPanel:346 - Failed to get advertising image, set to default
2023-12-26 00:33:21,468 [FATAL] Updater:308 - Updater called before beeing initialized
2023-12-26 00:33:21,471 [FATAL] Updater:308 - Updater called before beeing initialized
2023-12-26 00:33:21,471 [FATAL] Updater:308 - Updater called before beeing initialized
2023-12-26 00:33:21,471 [WARN] DetailPanel:346 - Failed to get advertising image, set to default
2023-12-26 00:33:21,472 [FATAL] Updater:308 - Updater called before beeing initialized
2023-12-26 00:33:21,540 [ERROR] Updater:1120 - MainUpdater not yet initialized. External WinMGr cannot be set.
2023-12-26 00:33:21,542 [INFO] Updater:1056 - Updater Version found : 6.9.0
2023-12-26 00:33:21,564 [INFO] ApplicationProperties:184 - Using Application install path: C:\ST\STM32CubeIDE_1.13.0\STM32CubeIDE\plugins\com.st.stm32cube.common.mx_6.9.0.202307051724
2023-12-26 00:33:21,922 [INFO] MainUpdater:2868 - connection check result : 10
2023-12-26 00:33:21,934 [INFO] MainUpdater:285 - Updater Check For Update Now.
2023-12-26 00:33:21,935 [INFO] MicroXplorer:498 - Change Database Version : DB.6.0.90
2023-12-26 00:33:21,951 [INFO] McuFinderGlobals:63 - Set McuFinder mode to 2 (CubeIDE integrated)
2023-12-26 00:33:21,951 [INFO] UserAuth:179 - activating auth plugin
2023-12-26 00:33:21,961 [INFO] UserAuth:393 - Internet connection configuration mode: 1
2023-12-26 00:33:22,069 [INFO] JxBrowserEngine:151 - Initiate JxBrowser Engine with user profile folder
2023-12-26 00:33:22,279 [INFO] CheckServerUpdateThread:120 - End of CheckServer Thread
2023-12-26 00:33:23,057 [WARN] PackLoader:240 - Cannot read IP mode file for STMicroelectronics.X-CUBE-SMBUS.2.1.0
2023-12-26 00:33:23,150 [WARN] PackLoader:240 - Cannot read IP mode file for STMicroelectronics.X-CUBE-AZRTOS-F7.1.1.0
2023-12-26 00:33:23,209 [WARN] PackLoader:240 - Cannot read IP mode file for STMicroelectronics.FP-SNS-MOTENV1.4.3.2
2023-12-26 00:33:23,252 [WARN] PackLoader:240 - Cannot read IP mode file for STMicroelectronics.X-CUBE-BLE1.6.2.4
2023-12-26 00:33:23,261 [WARN] PackLoader:240 - Cannot read IP mode file for STMicroelectronics.FP-SNS-FLIGHT1.5.0.2
2023-12-26 00:33:23,277 [WARN] PackLoader:240 - Cannot read IP mode file for STMicroelectronics.X-CUBE-BLE1.7.0.0
2023-12-26 00:33:23,303 [WARN] PackLoader:240 - Cannot read IP mode file for STMicroelectronics.X-CUBE-TOUCHGFX.4.22.0
2023-12-26 00:33:23,315 [WARN] PackLoader:240 - Cannot read IP mode file for STMicroelectronics.X-CUBE-TOUCHGFX.4.22.1
2023-12-26 00:33:23,618 [WARN] PackLoader:240 - Cannot read IP mode file for STMicroelectronics.X-CUBE-MEMS1.9.3.0
2023-12-26 00:33:24,096 [INFO] WebApp:157 - Instantiating new browser for Auth
2023-12-26 00:33:24,335 [WARN] PackLoader:240 - Cannot read IP mode file for STMicroelectronics.FP-SNS-SMARTAG2.1.2.0
2023-12-26 00:33:24,355 [INFO] LogOutputStream:77 - [STDOUT_REDIRECT] 1 : Invalid condition id : UX_CORESTACK_Condition cause : null
2023-12-26 00:33:24,357 [INFO] LogOutputStream:77 - [STDOUT_REDIRECT] 1 : Invalid condition id : UX_CORESTACK_Condition cause : null
2023-12-26 00:33:24,360 [INFO] LogOutputStream:77 - [STDOUT_REDIRECT] 1 : Invalid condition id : UX_CORESTACK_Condition cause : null
2023-12-26 00:33:24,364 [INFO] LogOutputStream:77 - [STDOUT_REDIRECT] 1 : Invalid condition id : UX_CORESTACK_Condition cause : null
2023-12-26 00:33:24,367 [INFO] LogOutputStream:77 - [STDOUT_REDIRECT] 1 : Invalid condition id : UX_CORESTACK_Condition cause : null
2023-12-26 00:33:24,372 [WARN] PackLoader:240 - Cannot read IP mode file for STMicroelectronics.X-CUBE-AZRTOS-WL.2.0.0
2023-12-26 00:33:24,386 [WARN] PackLoader:240 - Cannot read IP mode file for WES.I-CUBE-Cesium.1.3.0
2023-12-26 00:33:24,393 [WARN] PackLoader:240 - Cannot read IP mode file for STMicroelectronics.X-CUBE-BLE2.3.3.0
2023-12-26 00:33:24,412 [WARN] PackLoader:240 - Cannot read IP mode file for STMicroelectronics.X-CUBE-TOF1.3.2.0
2023-12-26 00:33:24,425 [WARN] PackLoader:240 - Cannot read IP mode file for STMicroelectronics.X-CUBE-ISPU.1.0.0
2023-12-26 00:33:24,431 [WARN] PackLoader:240 - Cannot read IP mode file for STMicroelectronics.X-CUBE-TOUCHGFX.4.21.1
2023-12-26 00:33:24,488 [WARN] PackLoader:240 - Cannot read IP mode file for STMicroelectronics.X-CUBE-MEMS1.9.4.0
2023-12-26 00:33:24,688 [WARN] PackLoader:240 - Cannot read IP mode file for STMicroelectronics.X-CUBE-AI.7.3.0
2023-12-26 00:33:24,711 [WARN] PackLoader:240 - Cannot read IP mode file for STMicroelectronics.X-CUBE-AZRTOS-G0.1.1.0
2023-12-26 00:33:24,721 [WARN] PackLoader:240 - Cannot read IP mode file for STMicroelectronics.X-CUBE-NFC4.3.0.0
2023-12-26 00:33:24,735 [WARN] PackLoader:240 - Cannot read IP mode file for STMicroelectronics.X-CUBE-BLEMGR.3.0.0
2023-12-26 00:33:24,747 [WARN] PackLoader:240 - Cannot read IP mode file for STMicroelectronics.X-CUBE-BLEMGR.1.3.0
2023-12-26 00:33:24,755 [WARN] PackLoader:240 - Cannot read IP mode file for STMicroelectronics.FP-ATR-SIGFOX1.3.2.0
2023-12-26 00:33:24,759 [WARN] PackLoader:240 - Cannot read IP mode file for STMicroelectronics.X-CUBE-TOUCHGFX.4.20.0
2023-12-26 00:33:24,796 [WARN] PackLoader:240 - Cannot read IP mode file for SEGGER.I-CUBE-embOS.1.3.1
2023-12-26 00:33:24,856 [WARN] PackLoader:240 - Cannot read IP mode file for STMicroelectronics.X-CUBE-GNSS1.6.0.0
2023-12-26 00:33:24,888 [WARN] PackLoader:240 - Cannot read IP mode file for STMicroelectronics.X-CUBE-AZRTOS-F4.1.1.0
2023-12-26 00:33:24,901 [WARN] PackLoader:240 - Cannot read IP mode file for STMicroelectronics.X-CUBE-BLEMGR.1.2.0
2023-12-26 00:33:24,929 [WARN] PackLoader:240 - Cannot read IP mode file for STMicroelectronics.X-CUBE-AZRTOS-L5.2.0.0
2023-12-26 00:33:25,013 [WARN] PackLoader:240 - Cannot read IP mode file for STMicroelectronics.X-CUBE-MEMS1.9.6.0
2023-12-26 00:33:25,208 [WARN] PackLoader:240 - Cannot read IP mode file for STMicroelectronics.X-CUBE-EEPRMA1.4.2.0
2023-12-26 00:33:25,216 [WARN] PackLoader:240 - Cannot read IP mode file for ITTIA_DB.I-CUBE-ITTIADB.8.8.0
2023-12-26 00:33:25,226 [WARN] PackLoader:240 - Cannot read IP mode file for STMicroelectronics.X-CUBE-BLEMGR.2.0.0
2023-12-26 00:33:25,264 [WARN] ConditionMgr:438 - getConditionDescription Invalid condition id : UX DEVICE CLASS RTOS Condition cause : null
2023-12-26 00:33:25,265 [WARN] ConditionMgr:438 - getConditionDescription Invalid condition id : UX DEVICE CLASS RTOS Condition cause : null
2023-12-26 00:33:25,270 [WARN] PackLoader:240 - Cannot read IP mode file for STMicroelectronics.X-CUBE-AZRTOS-H7.3.1.0
2023-12-26 00:33:25,272 [WARN] ConditionMgr:1039 - genDependencies : Invalid condition id : UX DEVICE CLASS RTOS Condition cause : null
2023-12-26 00:33:25,272 [WARN] ConditionMgr:1039 - genDependencies : Invalid condition id : UX DEVICE CLASS RTOS Condition cause : null
2023-12-26 00:33:25,273 [WARN] ConditionMgr:1039 - genDependencies : Invalid condition id : UX DEVICE CLASS RTOS Condition cause : null
2023-12-26 00:33:25,273 [WARN] ConditionMgr:1039 - genDependencies : Invalid condition id : UX DEVICE CLASS RTOS Condition cause : null
2023-12-26 00:33:25,273 [WARN] ConditionMgr:1039 - genDependencies : Invalid condition id : UX DEVICE CLASS RTOS Condition cause : null
2023-12-26 00:33:25,283 [WARN] PackLoader:240 - Cannot read IP mode file for STMicroelectronics.X-CUBE-NFC7.1.0.1
2023-12-26 00:33:25,293 [WARN] PackLoader:240 - Cannot read IP mode file for STMicroelectronics.X-CUBE-NFC6.3.0.0
2023-12-26 00:33:25,302 [INFO] WebApp:753 - Register for checkConnection events
2023-12-26 00:33:25,303 [WARN] PackLoader:240 - Cannot read IP mode file for STMicroelectronics.X-CUBE-EEPRMA1.4.1.0
2023-12-26 00:33:25,303 [INFO] WebApp:390 - Apply proxy settings
2023-12-26 00:33:25,303 [INFO] WebApp:475 - Chromium requires no authentication
2023-12-26 00:33:25,307 [WARN] PackLoader:240 - Cannot read IP mode file for STMicroelectronics.X-CUBE-AI.8.1.0
2023-12-26 00:33:25,316 [INFO] WebApp:418 - Direct internet connection detected
2023-12-26 00:33:25,331 [WARN] ConditionMgr:438 - getConditionDescription Invalid condition id : LAN8742 Phy interface Condition cause : null
2023-12-26 00:33:25,332 [WARN] PackLoader:240 - Cannot read IP mode file for STMicroelectronics.X-CUBE-AZRTOS-L4.2.0.0
2023-12-26 00:33:25,333 [WARN] ConditionMgr:1039 - genDependencies : Invalid condition id : LAN8742 Phy interface Condition cause : null
2023-12-26 00:33:25,333 [WARN] ConditionMgr:1039 - genDependencies : Invalid condition id : LAN8742 Phy interface Condition cause : null
2023-12-26 00:33:25,333 [WARN] ConditionMgr:1039 - genDependencies : Invalid condition id : LAN8742 Phy interface Condition cause : null
2023-12-26 00:33:25,343 [WARN] PackLoader:240 - Cannot read IP mode file for STMicroelectronics.X-CUBE-SFXS2LP1.4.0.0
2023-12-26 00:33:25,373 [WARN] PackLoader:240 - Cannot read IP mode file for STMicroelectronics.X-CUBE-AZRTOS-H7.3.0.0
2023-12-26 00:33:25,380 [WARN] PackLoader:240 - Cannot read IP mode file for STMicroelectronics.X-CUBE-ISPU.1.1.0
2023-12-26 00:33:25,394 [WARN] ConditionMgr:438 - getConditionDescription Invalid condition id : UX DEVICE CLASS RTOS Condition cause : null
2023-12-26 00:33:25,395 [WARN] ConditionMgr:438 - getConditionDescription Invalid condition id : UX DEVICE CLASS RTOS Condition cause : null
2023-12-26 00:33:25,397 [WARN] PackLoader:240 - Cannot read IP mode file for STMicroelectronics.X-CUBE-AZRTOS-WB.2.0.0
2023-12-26 00:33:25,398 [WARN] ConditionMgr:1039 - genDependencies : Invalid condition id : UX DEVICE CLASS RTOS Condition cause : null
2023-12-26 00:33:25,398 [WARN] ConditionMgr:1039 - genDependencies : Invalid condition id : UX DEVICE CLASS RTOS Condition cause : null
2023-12-26 00:33:25,399 [WARN] ConditionMgr:1039 - genDependencies : Invalid condition id : UX DEVICE CLASS RTOS Condition cause : null
2023-12-26 00:33:25,399 [WARN] ConditionMgr:1039 - genDependencies : Invalid condition id : UX DEVICE CLASS RTOS Condition cause : null
2023-12-26 00:33:25,400 [WARN] ConditionMgr:1039 - genDependencies : Invalid condition id : UX DEVICE CLASS RTOS Condition cause : null
2023-12-26 00:33:25,406 [WARN] PackLoader:240 - Cannot read IP mode file for STMicroelectronics.X-CUBE-FREERTOS.1.0.1
2023-12-26 00:33:25,424 [WARN] PackLoader:240 - Cannot read IP mode file for STMicroelectronics.X-CUBE-AZRTOS-L5.1.1.0
2023-12-26 00:33:25,431 [WARN] PackLoader:240 - Cannot read IP mode file for STMicroelectronics.X-CUBE-AI.8.0.1
2023-12-26 00:33:25,443 [WARN] PackLoader:240 - Cannot read IP mode file for STMicroelectronics.X-CUBE-TOF1.3.3.1
2023-12-26 00:33:25,466 [WARN] PackLoader:240 - Cannot read IP mode file for STMicroelectronics.X-CUBE-AZRTOS-G4.2.0.0
2023-12-26 00:33:25,472 [WARN] PackLoader:240 - Cannot read IP mode file for STMicroelectronics.FP-ATR-ASTRA1.1.1.1
2023-12-26 00:33:25,489 [WARN] PackLoader:240 - Cannot read IP mode file for Infineon.AIROC-Wi-Fi-Bluetooth-STM32.1.5.1
2023-12-26 00:33:25,498 [WARN] PackLoader:240 - Cannot read IP mode file for STMicroelectronics.FP-SNS-MOTENVWB1.1.3.0
2023-12-26 00:33:25,544 [WARN] PackLoader:240 - Cannot read IP mode file for STMicroelectronics.X-CUBE-MEMS1.10.0.0
2023-12-26 00:33:25,733 [INFO] WebApp:188 - Starting web application
2023-12-26 00:33:25,733 [INFO] WebApp:520 - Web application path used C:\ST\STM32CubeIDE_1.13.0\STM32CubeIDE\plugins\com.st.stm32cube.common.mx_6.9.0.202307051724\db\plugins\mcufinder\reactClient1\index.html
2023-12-26 00:33:25,827 [WARN] PackLoader:240 - Cannot read IP mode file for STMicroelectronics.X-CUBE-FREERTOS.1.1.0
2023-12-26 00:33:25,846 [WARN] PackLoader:240 - Cannot read IP mode file for STMicroelectronics.X-CUBE-AZRTOS-WB.1.1.0
2023-12-26 00:33:25,857 [WARN] PackLoader:240 - Cannot read IP mode file for STMicroelectronics.FP-ATR-ASTRA1.2.0.0
2023-12-26 00:33:25,858 [INFO] ThirdParty:978 - Integrity check success = true
2023-12-26 00:33:25,858 [INFO] IntegrityCheckThread:100 - exiting critical section [integrity check]
2023-12-26 00:33:25,858 [INFO] IntegrityCheckThread:103 - End integrity checks thread
2023-12-26 00:33:47,421 [ERROR] LogOutputStream:75 - [STDERR_REDIRECT] SLF4J: Failed to load class "org.slf4j.impl.StaticLoggerBinder".
2023-12-26 00:33:47,422 [ERROR] LogOutputStream:75 - [STDERR_REDIRECT] SLF4J: Defaulting to no-operation (NOP) logger implementation
2023-12-26 00:33:47,426 [ERROR] LogOutputStream:75 - [STDERR_REDIRECT] SLF4J: See http://www.slf4j.org/codes.html#StaticLoggerBinder for further details.
2023-12-26 00:42:39,834 [ERROR] LogOutputStream:75 - [STDERR_REDIRECT] 
2023-12-26 22:49:14,578 [INFO] Activator:176 - 


2023-12-26 22:49:14,581 [INFO] Activator:177 - !SESSION log4j initialized
2023-12-26 22:49:23,543 [INFO] LogOutputStream:77 - [STDOUT_REDIRECT] 
2023-12-26 22:49:28,351 [INFO] ApplicationProperties:184 - Using Application install path: C:\ST\STM32CubeIDE_1.13.0\STM32CubeIDE\plugins\com.st.stm32cube.common.mx_6.9.0.202307051724
2023-12-26 22:49:28,374 [INFO] DbMcusXml:78 - Set database path to: C:\ST\STM32CubeIDE_1.13.0\STM32CubeIDE\plugins\com.st.stm32cube.common.mx_6.9.0.202307051724\\db\/mcu/
2023-12-26 22:49:28,375 [INFO] ApiDb:274 - Set plugin database path to: C:\ST\STM32CubeIDE_1.13.0\STM32CubeIDE\plugins\com.st.stm32cube.common.mx_6.9.0.202307051724\\db\/plugins/boardmanager/
2023-12-26 22:49:28,375 [WARN] ApiDb:259 - Overriding images path with different value:  => C:\ST\STM32CubeIDE_1.13.0\STM32CubeIDE\plugins\com.st.stm32cube.common.mx_6.9.0.202307051724\\db\/plugins/mcufinder/images/
2023-12-26 22:49:28,392 [INFO] ApiDb:250 - Set database path to: C:\Users\admin\.stmcufinder\plugins\mcufinder//mcu/
2023-12-26 22:49:28,394 [INFO] DbMcusAds:125 - Set database path to: C:\Users\admin\.stmcufinder\plugins\mcufinder//mcu/
2023-12-26 22:49:29,240 [INFO] CrossReferenceDbSqlite:203 - Set database path to: C:\Users\admin\.stmcufinder\plugins\mcufinder//mcu/cs/
2023-12-26 22:49:29,396 [INFO] RulesReader:64 - Compatibility file has been processed (293 Rules)
2023-12-26 22:49:29,497 [INFO] DbMcusXml:78 - Set database path to: C:\ST\STM32CubeIDE_1.13.0\STM32CubeIDE\plugins\com.st.stm32cube.common.mx_6.9.0.202307051724\\db\/mcu/
2023-12-26 22:49:29,497 [INFO] ApiDb:274 - Set plugin database path to: C:\ST\STM32CubeIDE_1.13.0\STM32CubeIDE\plugins\com.st.stm32cube.common.mx_6.9.0.202307051724\\db\/plugins/boardmanager/
2023-12-26 22:49:29,497 [INFO] ApiDb:261 - Set plugin images path to: C:\ST\STM32CubeIDE_1.13.0\STM32CubeIDE\plugins\com.st.stm32cube.common.mx_6.9.0.202307051724\\db\/plugins/mcufinder/images/
2023-12-26 22:49:29,498 [WARN] DbFile:41 - Overriding database path with different value: C:\Users\admin\.stmcufinder\plugins\mcufinder/ => C:\Users\admin\.stmcufinder\plugins\mcufinder
2023-12-26 22:49:29,498 [INFO] ApiDb:250 - Set database path to: C:\Users\admin\.stmcufinder\plugins\mcufinder//mcu/
2023-12-26 22:49:29,498 [WARN] DbFile:41 - Overriding database path with different value: C:\Users\admin\.stmcufinder\plugins\mcufinder/ => C:\Users\admin\.stmcufinder\plugins\mcufinder
2023-12-26 22:49:29,498 [INFO] DbMcusAds:125 - Set database path to: C:\Users\admin\.stmcufinder\plugins\mcufinder//mcu/
2023-12-26 22:49:29,498 [WARN] DbFile:41 - Overriding database path with different value: C:\Users\admin\.stmcufinder\plugins\mcufinder/ => C:\Users\admin\.stmcufinder\plugins\mcufinder
2023-12-26 22:49:29,498 [WARN] DbFile:41 - Overriding database path with different value: C:\Users\admin\.stmcufinder\plugins\mcufinder/ => C:\Users\admin\.stmcufinder\plugins\mcufinder
2023-12-26 22:49:30,239 [INFO] CrossReferenceDbSqlite:203 - Set database path to: C:\Users\admin\.stmcufinder\plugins\mcufinder//mcu/cs/
2023-12-26 22:49:30,346 [INFO] MainPanel:262 - HeapMemory: 268435456
2023-12-26 22:49:30,460 [INFO] DbMcusXml:78 - Set database path to: C:\ST\STM32CubeIDE_1.13.0\STM32CubeIDE\plugins\com.st.stm32cube.common.mx_6.9.0.202307051724\\db\/mcu/
2023-12-26 22:49:30,460 [INFO] ApiDb:274 - Set plugin database path to: C:\ST\STM32CubeIDE_1.13.0\STM32CubeIDE\plugins\com.st.stm32cube.common.mx_6.9.0.202307051724\\db\/plugins/boardmanager/
2023-12-26 22:49:30,460 [INFO] ApiDb:261 - Set plugin images path to: C:\ST\STM32CubeIDE_1.13.0\STM32CubeIDE\plugins\com.st.stm32cube.common.mx_6.9.0.202307051724\\db\/plugins/mcufinder/images/
2023-12-26 22:49:30,461 [WARN] DbFile:41 - Overriding database path with different value: C:\Users\admin\.stmcufinder\plugins\mcufinder/ => C:\Users\admin\.stmcufinder\plugins\mcufinder
2023-12-26 22:49:30,461 [INFO] ApiDb:250 - Set database path to: C:\Users\admin\.stmcufinder\plugins\mcufinder//mcu/
2023-12-26 22:49:30,461 [WARN] DbFile:41 - Overriding database path with different value: C:\Users\admin\.stmcufinder\plugins\mcufinder/ => C:\Users\admin\.stmcufinder\plugins\mcufinder
2023-12-26 22:49:30,462 [INFO] DbMcusAds:125 - Set database path to: C:\Users\admin\.stmcufinder\plugins\mcufinder//mcu/
2023-12-26 22:49:30,462 [WARN] DbFile:41 - Overriding database path with different value: C:\Users\admin\.stmcufinder\plugins\mcufinder/ => C:\Users\admin\.stmcufinder\plugins\mcufinder
2023-12-26 22:49:30,462 [WARN] DbFile:41 - Overriding database path with different value: C:\Users\admin\.stmcufinder\plugins\mcufinder/ => C:\Users\admin\.stmcufinder\plugins\mcufinder
2023-12-26 22:49:31,239 [INFO] CrossReferenceDbSqlite:203 - Set database path to: C:\Users\admin\.stmcufinder\plugins\mcufinder//mcu/cs/
2023-12-26 22:49:31,277 [INFO] ApplicationProperties:184 - Using Application install path: C:\ST\STM32CubeIDE_1.13.0\STM32CubeIDE\plugins\com.st.stm32cube.common.mx_6.9.0.202307051724
2023-12-26 22:49:31,278 [INFO] PluginManage:196 - Search for loadable plugins [exclusion list=, ]
2023-12-26 22:49:31,280 [INFO] PluginManage:310 - Check plugin analytics
2023-12-26 22:49:32,347 [INFO] AnalyticsPlugin:253 - Accepted Software Licenses: STM32CubeMX.6.9.1
2023-12-26 22:49:32,348 [INFO] AnalyticsPlugin:255 - Accepted CMSIS Pack Licenses: 
2023-12-26 22:49:32,348 [INFO] AnalyticsPlugin:257 - Accepted Firmware Licenses: 
2023-12-26 22:49:32,350 [INFO] PluginManage:359 - Loaded plugin analytics (category:tool,tabindex:-1)
2023-12-26 22:49:32,351 [INFO] PluginManage:310 - Check plugin cadmodel
2023-12-26 22:49:32,367 [INFO] CADModel:105 - Init CAD model plugin
2023-12-26 22:49:32,367 [INFO] PluginManage:359 - Loaded plugin cadmodel (category:power,tabindex:5)
2023-12-26 22:49:32,367 [INFO] PluginManage:310 - Check plugin clock
2023-12-26 22:49:32,387 [INFO] PluginManage:359 - Loaded plugin clock (category:base,tabindex:2)
2023-12-26 22:49:32,387 [INFO] PluginManage:310 - Check plugin ddr
2023-12-26 22:49:32,389 [INFO] PluginManage:359 - Loaded plugin ddr (category:tool,tabindex:6)
2023-12-26 22:49:32,389 [INFO] PluginManage:310 - Check plugin filemanager
2023-12-26 22:49:32,664 [INFO] PluginManage:359 - Loaded plugin filemanager (category:base,tabindex:10)
2023-12-26 22:49:32,664 [INFO] PluginManage:310 - Check plugin ipmanager
2023-12-26 22:49:32,674 [INFO] PluginManage:359 - Loaded plugin ipmanager (category:base,tabindex:5)
2023-12-26 22:49:32,674 [INFO] PluginManage:310 - Check plugin lpbam
2023-12-26 22:49:32,692 [INFO] PluginManage:359 - Loaded plugin lpbam (category:base,tabindex:0)
2023-12-26 22:49:32,693 [INFO] PluginManage:310 - Check plugin memorymap
2023-12-26 22:49:32,718 [INFO] PluginManage:359 - Loaded plugin memorymap (category:base,tabindex:4)
2023-12-26 22:49:32,719 [INFO] PluginManage:310 - Check plugin pinoutandconfiguration
2023-12-26 22:49:32,735 [INFO] PluginManage:359 - Loaded plugin pinoutandconfiguration (category:base,tabindex:1)
2023-12-26 22:49:32,735 [INFO] PluginManage:310 - Check plugin pinoutconfig
2023-12-26 22:49:32,853 [WARN] SupportedApi:132 - Cannot load RTOS API schema: s4s-elt-must-match.1: The content of 'definitions' must match (annotation?, (simpleType | complexType)?, (unique | key | keyref)*)). A problem was found starting at: attribute.
2023-12-26 22:49:33,019 [INFO] PluginManage:359 - Loaded plugin pinoutconfig (category:base,tabindex:0)
2023-12-26 22:49:33,019 [INFO] PluginManage:310 - Check plugin power
2023-12-26 22:49:33,044 [INFO] PluginManage:359 - Loaded plugin power (category:power,tabindex:4)
2023-12-26 22:49:33,044 [INFO] PluginManage:310 - Check plugin projectmanager
2023-12-26 22:49:33,065 [INFO] PluginManage:359 - Loaded plugin projectmanager (category:projectmanager,tabindex:3)
2023-12-26 22:49:33,065 [INFO] PluginManage:310 - Check plugin thirdparty
2023-12-26 22:49:33,432 [INFO] PluginManage:359 - Loaded plugin thirdparty (category:base,tabindex:-1)
2023-12-26 22:49:33,431 [WARN] IntegrityCheckThread:84 - waiting for thirdparty lock release [integrity check]
2023-12-26 22:49:33,432 [INFO] IntegrityCheckThread:86 - entering critical section [integrity check]
2023-12-26 22:49:33,432 [INFO] PluginManage:310 - Check plugin tools
2023-12-26 22:49:33,433 [INFO] ThirdPartyUpdaterWithRetryManager:70 - Updater plugin not ready yet. [1/15]
2023-12-26 22:49:33,479 [INFO] PluginManage:359 - Loaded plugin tools (category:base,tabindex:7)
2023-12-26 22:49:33,479 [INFO] PluginManage:310 - Check plugin tutovideos
2023-12-26 22:49:33,745 [INFO] PluginManage:359 - Loaded plugin tutovideos (category:base,tabindex:-1)
2023-12-26 22:49:33,746 [INFO] PluginManage:310 - Check plugin updater
2023-12-26 22:49:33,760 [INFO] PluginManage:359 - Loaded plugin updater (category:base,tabindex:12)
2023-12-26 22:49:33,760 [INFO] PluginManage:310 - Check plugin userauth
2023-12-26 22:49:33,768 [INFO] UserAuth:113 - Init User Auth plugin
2023-12-26 22:49:33,768 [INFO] PluginManage:359 - Loaded plugin userauth (category:base,tabindex:14)
2023-12-26 22:49:33,768 [INFO] PluginManage:283 - PluginManage : Loaded plugins [17]
2023-12-26 22:49:34,027 [INFO] PinOutPanel:1499 - setPackage(No Configuration,No Configuration)
2023-12-26 22:49:34,158 [INFO] CADModel:165 - CPN selected for project level
2023-12-26 22:49:34,158 [INFO] CADModel:114 - Register for checkConnection events
2023-12-26 22:49:34,186 [INFO] IPUIPlugin:80 - create IPUIPlugin
2023-12-26 22:49:34,186 [INFO] PluginManager:220 - loadIPPluginJar : add adc
2023-12-26 22:49:34,223 [INFO] IPUIPlugin:80 - create IPUIPlugin
2023-12-26 22:49:34,223 [INFO] PluginManager:220 - loadIPPluginJar : add aes
2023-12-26 22:49:34,275 [INFO] IPUIPlugin:80 - create IPUIPlugin
2023-12-26 22:49:34,276 [INFO] PluginManager:220 - loadIPPluginJar : add can
2023-12-26 22:49:34,303 [INFO] IPUIPlugin:80 - create IPUIPlugin
2023-12-26 22:49:34,303 [INFO] PluginManager:220 - loadIPPluginJar : add comp
2023-12-26 22:49:34,336 [INFO] IPUIPlugin:80 - create IPUIPlugin
2023-12-26 22:49:34,337 [INFO] PluginManager:220 - loadIPPluginJar : add cryp
2023-12-26 22:49:34,368 [INFO] IPUIPlugin:80 - create IPUIPlugin
2023-12-26 22:49:34,368 [INFO] PluginManager:220 - loadIPPluginJar : add dfsdm
2023-12-26 22:49:34,389 [INFO] IPUIPlugin:80 - create IPUIPlugin
2023-12-26 22:49:34,389 [INFO] PluginManager:220 - loadIPPluginJar : add dma
2023-12-26 22:49:34,465 [INFO] IPUIPlugin:80 - create IPUIPlugin
2023-12-26 22:49:34,466 [INFO] PluginManager:220 - loadIPPluginJar : add dma3
2023-12-26 22:49:34,487 [INFO] IPUIPlugin:80 - create IPUIPlugin
2023-12-26 22:49:34,487 [INFO] PluginManager:220 - loadIPPluginJar : add fatfs
2023-12-26 22:49:34,550 [INFO] IPUIPlugin:80 - create IPUIPlugin
2023-12-26 22:49:34,550 [INFO] PluginManager:220 - loadIPPluginJar : add fmc
2023-12-26 22:49:34,595 [INFO] IPUIPlugin:80 - create IPUIPlugin
2023-12-26 22:49:34,596 [INFO] PluginManager:220 - loadIPPluginJar : add freertos
2023-12-26 22:49:34,699 [INFO] IPUIPlugin:80 - create IPUIPlugin
2023-12-26 22:49:34,699 [INFO] PluginManager:220 - loadIPPluginJar : add genericplugin
2023-12-26 22:49:34,828 [INFO] IPUIPlugin:80 - create IPUIPlugin
2023-12-26 22:49:34,828 [INFO] PluginManager:220 - loadIPPluginJar : add gfxmmu
2023-12-26 22:49:34,979 [INFO] IPUIPlugin:80 - create IPUIPlugin
2023-12-26 22:49:34,979 [INFO] PluginManager:220 - loadIPPluginJar : add gic
2023-12-26 22:49:34,993 [INFO] IPUIPlugin:80 - create IPUIPlugin
2023-12-26 22:49:34,993 [INFO] PluginManager:220 - loadIPPluginJar : add gpio
2023-12-26 22:49:35,093 [INFO] IPUIPlugin:80 - create IPUIPlugin
2023-12-26 22:49:35,094 [INFO] PluginManager:220 - loadIPPluginJar : add gtzc
2023-12-26 22:49:35,129 [INFO] IPUIPlugin:80 - create IPUIPlugin
2023-12-26 22:49:35,129 [INFO] PluginManager:220 - loadIPPluginJar : add hash
2023-12-26 22:49:35,184 [INFO] IPUIPlugin:80 - create IPUIPlugin
2023-12-26 22:49:35,184 [INFO] PluginManager:220 - loadIPPluginJar : add i2c
2023-12-26 22:49:35,225 [INFO] IPUIPlugin:80 - create IPUIPlugin
2023-12-26 22:49:35,226 [INFO] PluginManager:220 - loadIPPluginJar : add i2s
2023-12-26 22:49:35,272 [INFO] IPUIPlugin:80 - create IPUIPlugin
2023-12-26 22:49:35,273 [INFO] PluginManager:220 - loadIPPluginJar : add i3c
2023-12-26 22:49:35,394 [INFO] IPUIPlugin:80 - create IPUIPlugin
2023-12-26 22:49:35,394 [INFO] PluginManager:220 - loadIPPluginJar : add ipddr
2023-12-26 22:49:35,493 [INFO] IPUIPlugin:80 - create IPUIPlugin
2023-12-26 22:49:35,494 [INFO] PluginManager:220 - loadIPPluginJar : add linkedlist
2023-12-26 22:49:35,530 [INFO] IPUIPlugin:80 - create IPUIPlugin
2023-12-26 22:49:35,530 [INFO] PluginManager:220 - loadIPPluginJar : add lorawan
2023-12-26 22:49:35,568 [INFO] IPUIPlugin:80 - create IPUIPlugin
2023-12-26 22:49:35,568 [INFO] PluginManager:220 - loadIPPluginJar : add ltdc
2023-12-26 22:49:35,582 [INFO] IPUIPlugin:80 - create IPUIPlugin
2023-12-26 22:49:35,583 [INFO] PluginManager:220 - loadIPPluginJar : add mdma
2023-12-26 22:49:35,594 [INFO] IPUIPlugin:80 - create IPUIPlugin
2023-12-26 22:49:35,594 [INFO] PluginManager:220 - loadIPPluginJar : add nvic
2023-12-26 22:49:35,629 [INFO] IPUIPlugin:80 - create IPUIPlugin
2023-12-26 22:49:35,629 [INFO] PluginManager:220 - loadIPPluginJar : add opamp
2023-12-26 22:49:35,688 [INFO] IPUIPlugin:80 - create IPUIPlugin
2023-12-26 22:49:35,688 [INFO] PluginManager:220 - loadIPPluginJar : add openamp
2023-12-26 22:49:35,731 [INFO] IPUIPlugin:80 - create IPUIPlugin
2023-12-26 22:49:35,731 [INFO] PluginManager:220 - loadIPPluginJar : add pdm2pcm
2023-12-26 22:49:35,748 [INFO] IPUIPlugin:80 - create IPUIPlugin
2023-12-26 22:49:35,751 [INFO] PluginManager:220 - loadIPPluginJar : add plateformsettings
2023-12-26 22:49:35,774 [INFO] IPUIPlugin:80 - create IPUIPlugin
2023-12-26 22:49:35,774 [INFO] PluginManager:220 - loadIPPluginJar : add quadspi
2023-12-26 22:49:35,787 [INFO] IPUIPlugin:80 - create IPUIPlugin
2023-12-26 22:49:35,787 [INFO] PluginManager:220 - loadIPPluginJar : add resmgrutility
2023-12-26 22:49:35,841 [INFO] IPUIPlugin:80 - create IPUIPlugin
2023-12-26 22:49:35,842 [INFO] PluginManager:220 - loadIPPluginJar : add sai
2023-12-26 22:49:35,882 [INFO] IPUIPlugin:80 - create IPUIPlugin
2023-12-26 22:49:35,882 [INFO] PluginManager:220 - loadIPPluginJar : add spi
2023-12-26 22:49:35,942 [INFO] IPUIPlugin:80 - create IPUIPlugin
2023-12-26 22:49:35,942 [INFO] PluginManager:220 - loadIPPluginJar : add stm32_wpan
2023-12-26 22:49:35,965 [INFO] IPUIPlugin:80 - create IPUIPlugin
2023-12-26 22:49:35,965 [INFO] PluginManager:220 - loadIPPluginJar : add tim
2023-12-26 22:49:36,022 [INFO] IPUIPlugin:80 - create IPUIPlugin
2023-12-26 22:49:36,022 [INFO] PluginManager:220 - loadIPPluginJar : add touchsensing
2023-12-26 22:49:36,043 [INFO] IPUIPlugin:80 - create IPUIPlugin
2023-12-26 22:49:36,043 [INFO] PluginManager:220 - loadIPPluginJar : add tracer_emb
2023-12-26 22:49:36,065 [INFO] IPUIPlugin:80 - create IPUIPlugin
2023-12-26 22:49:36,065 [INFO] PluginManager:220 - loadIPPluginJar : add ts
2023-12-26 22:49:36,086 [INFO] IPUIPlugin:80 - create IPUIPlugin
2023-12-26 22:49:36,086 [INFO] PluginManager:220 - loadIPPluginJar : add tsc
2023-12-26 22:49:36,108 [INFO] IPUIPlugin:80 - create IPUIPlugin
2023-12-26 22:49:36,108 [INFO] PluginManager:220 - loadIPPluginJar : add ucpd
2023-12-26 22:49:36,154 [INFO] IPUIPlugin:80 - create IPUIPlugin
2023-12-26 22:49:36,154 [INFO] PluginManager:220 - loadIPPluginJar : add usart
2023-12-26 22:49:36,199 [INFO] IPUIPlugin:80 - create IPUIPlugin
2023-12-26 22:49:36,199 [INFO] PluginManager:220 - loadIPPluginJar : add usbx
2023-12-26 22:49:36,328 [INFO] CADModel:165 - CPN selected for project level
2023-12-26 22:49:36,328 [INFO] CADModel:114 - Register for checkConnection events
2023-12-26 22:49:36,328 [FATAL] Updater:308 - Updater called before beeing initialized
2023-12-26 22:49:36,329 [ERROR] CADModel:125 - Updater not yet initialized, retry later 
2023-12-26 22:49:36,435 [INFO] ThirdPartyUpdaterWithRetryManager:70 - Updater plugin not ready yet. [2/15]
2023-12-26 22:49:36,524 [INFO] CADModel:165 - CPN selected for project level
2023-12-26 22:49:36,524 [INFO] CADModel:114 - Register for checkConnection events
2023-12-26 22:49:36,524 [FATAL] Updater:308 - Updater called before beeing initialized
2023-12-26 22:49:36,524 [ERROR] CADModel:125 - Updater not yet initialized, retry later 
2023-12-26 22:49:36,528 [FATAL] Updater:308 - Updater called before beeing initialized
2023-12-26 22:49:36,818 [FATAL] Updater:308 - Updater called before beeing initialized
2023-12-26 22:49:36,839 [INFO] DbMcusAds:53 - JSON generation date=Tue Mar 07 15:50:55 ICT 2023 (1678179055335)
2023-12-26 22:49:36,839 [FATAL] Updater:308 - Updater called before beeing initialized
2023-12-26 22:49:36,909 [WARN] DetailPanel:346 - Failed to get advertising image, set to default
2023-12-26 22:49:37,084 [FATAL] Updater:308 - Updater called before beeing initialized
2023-12-26 22:49:37,087 [FATAL] Updater:308 - Updater called before beeing initialized
2023-12-26 22:49:37,087 [FATAL] Updater:308 - Updater called before beeing initialized
2023-12-26 22:49:37,087 [WARN] DetailPanel:346 - Failed to get advertising image, set to default
2023-12-26 22:49:37,088 [FATAL] Updater:308 - Updater called before beeing initialized
2023-12-26 22:49:37,220 [ERROR] Updater:1120 - MainUpdater not yet initialized. External WinMGr cannot be set.
2023-12-26 22:49:37,235 [INFO] Updater:1056 - Updater Version found : 6.9.0
2023-12-26 22:49:37,258 [INFO] ApplicationProperties:184 - Using Application install path: C:\ST\STM32CubeIDE_1.13.0\STM32CubeIDE\plugins\com.st.stm32cube.common.mx_6.9.0.202307051724
2023-12-26 22:49:37,615 [INFO] MainUpdater:2868 - connection check result : 10
2023-12-26 22:49:37,618 [INFO] MainUpdater:285 - Updater Check For Update Now.
2023-12-26 22:49:37,619 [INFO] MicroXplorer:498 - Change Database Version : DB.6.0.90
2023-12-26 22:49:37,651 [INFO] McuFinderGlobals:63 - Set McuFinder mode to 2 (CubeIDE integrated)
2023-12-26 22:49:37,652 [INFO] UserAuth:179 - activating auth plugin
2023-12-26 22:49:37,655 [INFO] UserAuth:393 - Internet connection configuration mode: 1
2023-12-26 22:49:37,695 [INFO] JxBrowserEngine:151 - Initiate JxBrowser Engine with user profile folder
2023-12-26 22:49:37,900 [INFO] CheckServerUpdateThread:120 - End of CheckServer Thread
2023-12-26 22:49:39,664 [WARN] PackLoader:240 - Cannot read IP mode file for STMicroelectronics.X-CUBE-SMBUS.2.1.0
2023-12-26 22:49:39,734 [WARN] PackLoader:240 - Cannot read IP mode file for STMicroelectronics.X-CUBE-AZRTOS-F7.1.1.0
2023-12-26 22:49:39,760 [WARN] PackLoader:240 - Cannot read IP mode file for STMicroelectronics.FP-SNS-MOTENV1.4.3.2
2023-12-26 22:49:39,787 [WARN] PackLoader:240 - Cannot read IP mode file for STMicroelectronics.X-CUBE-BLE1.6.2.4
2023-12-26 22:49:39,804 [WARN] PackLoader:240 - Cannot read IP mode file for STMicroelectronics.FP-SNS-FLIGHT1.5.0.2
2023-12-26 22:49:39,822 [WARN] PackLoader:240 - Cannot read IP mode file for STMicroelectronics.X-CUBE-BLE1.7.0.0
2023-12-26 22:49:39,845 [WARN] PackLoader:240 - Cannot read IP mode file for STMicroelectronics.X-CUBE-TOUCHGFX.4.22.0
2023-12-26 22:49:39,987 [WARN] PackLoader:240 - Cannot read IP mode file for STMicroelectronics.X-CUBE-TOUCHGFX.4.22.1
2023-12-26 22:49:40,138 [WARN] PackLoader:240 - Cannot read IP mode file for STMicroelectronics.X-CUBE-MEMS1.9.3.0
2023-12-26 22:49:40,460 [WARN] PackLoader:240 - Cannot read IP mode file for STMicroelectronics.FP-SNS-SMARTAG2.1.2.0
2023-12-26 22:49:40,488 [INFO] LogOutputStream:77 - [STDOUT_REDIRECT] 1 : Invalid condition id : UX_CORESTACK_Condition cause : null
2023-12-26 22:49:40,489 [INFO] LogOutputStream:77 - [STDOUT_REDIRECT] 1 : Invalid condition id : UX_CORESTACK_Condition cause : null
2023-12-26 22:49:40,491 [INFO] LogOutputStream:77 - [STDOUT_REDIRECT] 1 : Invalid condition id : UX_CORESTACK_Condition cause : null
2023-12-26 22:49:40,493 [INFO] LogOutputStream:77 - [STDOUT_REDIRECT] 1 : Invalid condition id : UX_CORESTACK_Condition cause : null
2023-12-26 22:49:40,495 [INFO] LogOutputStream:77 - [STDOUT_REDIRECT] 1 : Invalid condition id : UX_CORESTACK_Condition cause : null
2023-12-26 22:49:40,502 [WARN] PackLoader:240 - Cannot read IP mode file for STMicroelectronics.X-CUBE-AZRTOS-WL.2.0.0
2023-12-26 22:49:40,548 [WARN] PackLoader:240 - Cannot read IP mode file for WES.I-CUBE-Cesium.1.3.0
2023-12-26 22:49:40,583 [WARN] PackLoader:240 - Cannot read IP mode file for STMicroelectronics.X-CUBE-BLE2.3.3.0
2023-12-26 22:49:40,637 [WARN] PackLoader:240 - Cannot read IP mode file for STMicroelectronics.X-CUBE-TOF1.3.2.0
2023-12-26 22:49:40,668 [WARN] PackLoader:240 - Cannot read IP mode file for STMicroelectronics.X-CUBE-ISPU.1.0.0
2023-12-26 22:49:40,713 [WARN] PackLoader:240 - Cannot read IP mode file for STMicroelectronics.X-CUBE-TOUCHGFX.4.21.1
2023-12-26 22:49:40,874 [WARN] PackLoader:240 - Cannot read IP mode file for STMicroelectronics.X-CUBE-MEMS1.9.4.0
2023-12-26 22:49:41,430 [WARN] PackLoader:240 - Cannot read IP mode file for STMicroelectronics.X-CUBE-AI.7.3.0
2023-12-26 22:49:41,505 [WARN] PackLoader:240 - Cannot read IP mode file for STMicroelectronics.X-CUBE-AZRTOS-G0.1.1.0
2023-12-26 22:49:41,537 [WARN] PackLoader:240 - Cannot read IP mode file for STMicroelectronics.X-CUBE-NFC4.3.0.0
2023-12-26 22:49:41,574 [WARN] PackLoader:240 - Cannot read IP mode file for STMicroelectronics.X-CUBE-BLEMGR.3.0.0
2023-12-26 22:49:41,594 [WARN] PackLoader:240 - Cannot read IP mode file for STMicroelectronics.X-CUBE-BLEMGR.1.3.0
2023-12-26 22:49:41,609 [WARN] PackLoader:240 - Cannot read IP mode file for STMicroelectronics.FP-ATR-SIGFOX1.3.2.0
2023-12-26 22:49:41,623 [WARN] PackLoader:240 - Cannot read IP mode file for STMicroelectronics.X-CUBE-TOUCHGFX.4.20.0
2023-12-26 22:49:41,683 [INFO] WebApp:157 - Instantiating new browser for Auth
2023-12-26 22:49:41,874 [WARN] PackLoader:240 - Cannot read IP mode file for SEGGER.I-CUBE-embOS.1.3.1
2023-12-26 22:49:42,138 [WARN] PackLoader:240 - Cannot read IP mode file for STMicroelectronics.X-CUBE-GNSS1.6.0.0
2023-12-26 22:49:42,365 [WARN] PackLoader:240 - Cannot read IP mode file for STMicroelectronics.X-CUBE-AZRTOS-F4.1.1.0
2023-12-26 22:49:42,395 [WARN] PackLoader:240 - Cannot read IP mode file for STMicroelectronics.X-CUBE-BLEMGR.1.2.0
2023-12-26 22:49:42,463 [WARN] PackLoader:240 - Cannot read IP mode file for STMicroelectronics.X-CUBE-AZRTOS-L5.2.0.0
2023-12-26 22:49:42,562 [WARN] PackLoader:240 - Cannot read IP mode file for STMicroelectronics.X-CUBE-MEMS1.9.6.0
2023-12-26 22:49:42,813 [WARN] PackLoader:240 - Cannot read IP mode file for STMicroelectronics.X-CUBE-EEPRMA1.4.2.0
2023-12-26 22:49:42,841 [WARN] PackLoader:240 - Cannot read IP mode file for ITTIA_DB.I-CUBE-ITTIADB.8.8.0
2023-12-26 22:49:42,864 [WARN] PackLoader:240 - Cannot read IP mode file for STMicroelectronics.X-CUBE-BLEMGR.2.0.0
2023-12-26 22:49:42,935 [WARN] ConditionMgr:438 - getConditionDescription Invalid condition id : UX DEVICE CLASS RTOS Condition cause : null
2023-12-26 22:49:42,935 [WARN] ConditionMgr:438 - getConditionDescription Invalid condition id : UX DEVICE CLASS RTOS Condition cause : null
2023-12-26 22:49:42,940 [WARN] PackLoader:240 - Cannot read IP mode file for STMicroelectronics.X-CUBE-AZRTOS-H7.3.1.0
2023-12-26 22:49:42,942 [WARN] ConditionMgr:1039 - genDependencies : Invalid condition id : UX DEVICE CLASS RTOS Condition cause : null
2023-12-26 22:49:42,942 [WARN] ConditionMgr:1039 - genDependencies : Invalid condition id : UX DEVICE CLASS RTOS Condition cause : null
2023-12-26 22:49:42,944 [WARN] ConditionMgr:1039 - genDependencies : Invalid condition id : UX DEVICE CLASS RTOS Condition cause : null
2023-12-26 22:49:42,945 [WARN] ConditionMgr:1039 - genDependencies : Invalid condition id : UX DEVICE CLASS RTOS Condition cause : null
2023-12-26 22:49:42,945 [WARN] ConditionMgr:1039 - genDependencies : Invalid condition id : UX DEVICE CLASS RTOS Condition cause : null
2023-12-26 22:49:42,970 [WARN] PackLoader:240 - Cannot read IP mode file for STMicroelectronics.X-CUBE-NFC7.1.0.1
2023-12-26 22:49:43,015 [WARN] PackLoader:240 - Cannot read IP mode file for STMicroelectronics.X-CUBE-NFC6.3.0.0
2023-12-26 22:49:43,058 [WARN] PackLoader:240 - Cannot read IP mode file for STMicroelectronics.X-CUBE-EEPRMA1.4.1.0
2023-12-26 22:49:43,104 [WARN] PackLoader:240 - Cannot read IP mode file for STMicroelectronics.X-CUBE-AI.8.1.0
2023-12-26 22:49:43,228 [WARN] ConditionMgr:438 - getConditionDescription Invalid condition id : LAN8742 Phy interface Condition cause : null
2023-12-26 22:49:43,230 [WARN] PackLoader:240 - Cannot read IP mode file for STMicroelectronics.X-CUBE-AZRTOS-L4.2.0.0
2023-12-26 22:49:43,232 [WARN] ConditionMgr:1039 - genDependencies : Invalid condition id : LAN8742 Phy interface Condition cause : null
2023-12-26 22:49:43,232 [WARN] ConditionMgr:1039 - genDependencies : Invalid condition id : LAN8742 Phy interface Condition cause : null
2023-12-26 22:49:43,234 [WARN] ConditionMgr:1039 - genDependencies : Invalid condition id : LAN8742 Phy interface Condition cause : null
2023-12-26 22:49:43,306 [WARN] PackLoader:240 - Cannot read IP mode file for STMicroelectronics.X-CUBE-SFXS2LP1.4.0.0
2023-12-26 22:49:43,424 [WARN] PackLoader:240 - Cannot read IP mode file for STMicroelectronics.X-CUBE-AZRTOS-H7.3.0.0
2023-12-26 22:49:43,458 [WARN] PackLoader:240 - Cannot read IP mode file for STMicroelectronics.X-CUBE-ISPU.1.1.0
2023-12-26 22:49:43,502 [WARN] ConditionMgr:438 - getConditionDescription Invalid condition id : UX DEVICE CLASS RTOS Condition cause : null
2023-12-26 22:49:43,503 [WARN] ConditionMgr:438 - getConditionDescription Invalid condition id : UX DEVICE CLASS RTOS Condition cause : null
2023-12-26 22:49:43,506 [WARN] PackLoader:240 - Cannot read IP mode file for STMicroelectronics.X-CUBE-AZRTOS-WB.2.0.0
2023-12-26 22:49:43,507 [WARN] ConditionMgr:1039 - genDependencies : Invalid condition id : UX DEVICE CLASS RTOS Condition cause : null
2023-12-26 22:49:43,508 [WARN] ConditionMgr:1039 - genDependencies : Invalid condition id : UX DEVICE CLASS RTOS Condition cause : null
2023-12-26 22:49:43,508 [WARN] ConditionMgr:1039 - genDependencies : Invalid condition id : UX DEVICE CLASS RTOS Condition cause : null
2023-12-26 22:49:43,509 [WARN] ConditionMgr:1039 - genDependencies : Invalid condition id : UX DEVICE CLASS RTOS Condition cause : null
2023-12-26 22:49:43,509 [WARN] ConditionMgr:1039 - genDependencies : Invalid condition id : UX DEVICE CLASS RTOS Condition cause : null
2023-12-26 22:49:43,535 [WARN] PackLoader:240 - Cannot read IP mode file for STMicroelectronics.X-CUBE-FREERTOS.1.0.1
2023-12-26 22:49:43,555 [INFO] WebApp:753 - Register for checkConnection events
2023-12-26 22:49:43,555 [INFO] WebApp:390 - Apply proxy settings
2023-12-26 22:49:43,556 [INFO] WebApp:475 - Chromium requires no authentication
2023-12-26 22:49:43,584 [WARN] PackLoader:240 - Cannot read IP mode file for STMicroelectronics.X-CUBE-AZRTOS-L5.1.1.0
2023-12-26 22:49:43,610 [INFO] WebApp:418 - Direct internet connection detected
2023-12-26 22:49:43,613 [WARN] PackLoader:240 - Cannot read IP mode file for STMicroelectronics.X-CUBE-AI.8.0.1
2023-12-26 22:49:43,648 [WARN] PackLoader:240 - Cannot read IP mode file for STMicroelectronics.X-CUBE-TOF1.3.3.1
2023-12-26 22:49:43,726 [WARN] PackLoader:240 - Cannot read IP mode file for STMicroelectronics.X-CUBE-AZRTOS-G4.2.0.0
2023-12-26 22:49:43,788 [WARN] PackLoader:240 - Cannot read IP mode file for STMicroelectronics.FP-ATR-ASTRA1.1.1.1
2023-12-26 22:49:43,857 [WARN] PackLoader:240 - Cannot read IP mode file for Infineon.AIROC-Wi-Fi-Bluetooth-STM32.1.5.1
2023-12-26 22:49:43,887 [WARN] PackLoader:240 - Cannot read IP mode file for STMicroelectronics.FP-SNS-MOTENVWB1.1.3.0
2023-12-26 22:49:43,991 [WARN] PackLoader:240 - Cannot read IP mode file for STMicroelectronics.X-CUBE-MEMS1.10.0.0
2023-12-26 22:49:44,111 [WARN] PackLoader:240 - Cannot read IP mode file for STMicroelectronics.X-CUBE-FREERTOS.1.1.0
2023-12-26 22:49:44,144 [WARN] PackLoader:240 - Cannot read IP mode file for STMicroelectronics.X-CUBE-AZRTOS-WB.1.1.0
2023-12-26 22:49:44,159 [WARN] PackLoader:240 - Cannot read IP mode file for STMicroelectronics.FP-ATR-ASTRA1.2.0.0
2023-12-26 22:49:44,160 [INFO] ThirdParty:978 - Integrity check success = true
2023-12-26 22:49:44,160 [INFO] IntegrityCheckThread:100 - exiting critical section [integrity check]
2023-12-26 22:49:44,161 [INFO] IntegrityCheckThread:103 - End integrity checks thread
2023-12-26 22:49:44,215 [INFO] WebApp:188 - Starting web application
2023-12-26 22:49:44,216 [INFO] WebApp:520 - Web application path used C:\ST\STM32CubeIDE_1.13.0\STM32CubeIDE\plugins\com.st.stm32cube.common.mx_6.9.0.202307051724\db\plugins\mcufinder\reactClient1\index.html
2023-12-26 22:50:05,851 [ERROR] LogOutputStream:75 - [STDERR_REDIRECT] SLF4J: Failed to load class "org.slf4j.impl.StaticLoggerBinder".
2023-12-26 22:50:05,853 [ERROR] LogOutputStream:75 - [STDERR_REDIRECT] SLF4J: Defaulting to no-operation (NOP) logger implementation
2023-12-26 22:50:05,857 [ERROR] LogOutputStream:75 - [STDERR_REDIRECT] SLF4J: See http://www.slf4j.org/codes.html#StaticLoggerBinder for further details.
