2023-08-08 23:02:27,200 [INFO] Activator:176 - 


2023-08-08 23:02:27,215 [INFO] Activator:177 - !SESSION log4j initialized
2023-08-08 23:02:40,653 [INFO] LogOutputStream:77 - [STDOUT_REDIRECT] 
2023-08-08 23:02:47,363 [INFO] ApplicationProperties:184 - Using Application install path: C:\ST\STM32CubeIDE_1.13.0\STM32CubeIDE\plugins\com.st.stm32cube.common.mx_6.9.0.202307051724
2023-08-08 23:02:47,420 [INFO] DbMcusXml:78 - Set database path to: C:\ST\STM32CubeIDE_1.13.0\STM32CubeIDE\plugins\com.st.stm32cube.common.mx_6.9.0.202307051724\\db\/mcu/
2023-08-08 23:02:47,420 [INFO] ApiDb:274 - Set plugin database path to: C:\ST\STM32CubeIDE_1.13.0\STM32CubeIDE\plugins\com.st.stm32cube.common.mx_6.9.0.202307051724\\db\/plugins/boardmanager/
2023-08-08 23:02:47,423 [WARN] ApiDb:259 - Overriding images path with different value:  => C:\ST\STM32CubeIDE_1.13.0\STM32CubeIDE\plugins\com.st.stm32cube.common.mx_6.9.0.202307051724\\db\/plugins/mcufinder/images/
2023-08-08 23:02:47,480 [INFO] ApiDb:250 - Set database path to: C:\Users\admin\.stmcufinder\plugins\mcufinder//mcu/
2023-08-08 23:02:47,483 [INFO] DbMcusAds:125 - Set database path to: C:\Users\admin\.stmcufinder\plugins\mcufinder//mcu/
2023-08-08 23:02:48,113 [INFO] CrossReferenceDbSqlite:203 - Set database path to: C:\Users\admin\.stmcufinder\plugins\mcufinder//mcu/cs/
2023-08-08 23:02:48,451 [INFO] RulesReader:64 - Compatibility file has been processed (293 Rules)
2023-08-08 23:02:48,711 [INFO] DbMcusXml:78 - Set database path to: C:\ST\STM32CubeIDE_1.13.0\STM32CubeIDE\plugins\com.st.stm32cube.common.mx_6.9.0.202307051724\\db\/mcu/
2023-08-08 23:02:48,711 [INFO] ApiDb:274 - Set plugin database path to: C:\ST\STM32CubeIDE_1.13.0\STM32CubeIDE\plugins\com.st.stm32cube.common.mx_6.9.0.202307051724\\db\/plugins/boardmanager/
2023-08-08 23:02:48,712 [INFO] ApiDb:261 - Set plugin images path to: C:\ST\STM32CubeIDE_1.13.0\STM32CubeIDE\plugins\com.st.stm32cube.common.mx_6.9.0.202307051724\\db\/plugins/mcufinder/images/
2023-08-08 23:02:48,712 [WARN] DbFile:41 - Overriding database path with different value: C:\Users\admin\.stmcufinder\plugins\mcufinder/ => C:\Users\admin\.stmcufinder\plugins\mcufinder
2023-08-08 23:02:48,713 [INFO] ApiDb:250 - Set database path to: C:\Users\admin\.stmcufinder\plugins\mcufinder//mcu/
2023-08-08 23:02:48,713 [WARN] DbFile:41 - Overriding database path with different value: C:\Users\admin\.stmcufinder\plugins\mcufinder/ => C:\Users\admin\.stmcufinder\plugins\mcufinder
2023-08-08 23:02:48,713 [INFO] DbMcusAds:125 - Set database path to: C:\Users\admin\.stmcufinder\plugins\mcufinder//mcu/
2023-08-08 23:02:48,713 [WARN] DbFile:41 - Overriding database path with different value: C:\Users\admin\.stmcufinder\plugins\mcufinder/ => C:\Users\admin\.stmcufinder\plugins\mcufinder
2023-08-08 23:02:48,713 [WARN] DbFile:41 - Overriding database path with different value: C:\Users\admin\.stmcufinder\plugins\mcufinder/ => C:\Users\admin\.stmcufinder\plugins\mcufinder
2023-08-08 23:02:49,615 [INFO] CrossReferenceDbSqlite:203 - Set database path to: C:\Users\admin\.stmcufinder\plugins\mcufinder//mcu/cs/
2023-08-08 23:02:49,913 [INFO] MainPanel:262 - HeapMemory: 268435456
2023-08-08 23:02:50,215 [INFO] DbMcusXml:78 - Set database path to: C:\ST\STM32CubeIDE_1.13.0\STM32CubeIDE\plugins\com.st.stm32cube.common.mx_6.9.0.202307051724\\db\/mcu/
2023-08-08 23:02:50,215 [INFO] ApiDb:274 - Set plugin database path to: C:\ST\STM32CubeIDE_1.13.0\STM32CubeIDE\plugins\com.st.stm32cube.common.mx_6.9.0.202307051724\\db\/plugins/boardmanager/
2023-08-08 23:02:50,215 [INFO] ApiDb:261 - Set plugin images path to: C:\ST\STM32CubeIDE_1.13.0\STM32CubeIDE\plugins\com.st.stm32cube.common.mx_6.9.0.202307051724\\db\/plugins/mcufinder/images/
2023-08-08 23:02:50,216 [WARN] DbFile:41 - Overriding database path with different value: C:\Users\admin\.stmcufinder\plugins\mcufinder/ => C:\Users\admin\.stmcufinder\plugins\mcufinder
2023-08-08 23:02:50,216 [INFO] ApiDb:250 - Set database path to: C:\Users\admin\.stmcufinder\plugins\mcufinder//mcu/
2023-08-08 23:02:50,216 [WARN] DbFile:41 - Overriding database path with different value: C:\Users\admin\.stmcufinder\plugins\mcufinder/ => C:\Users\admin\.stmcufinder\plugins\mcufinder
2023-08-08 23:02:50,216 [INFO] DbMcusAds:125 - Set database path to: C:\Users\admin\.stmcufinder\plugins\mcufinder//mcu/
2023-08-08 23:02:50,217 [WARN] DbFile:41 - Overriding database path with different value: C:\Users\admin\.stmcufinder\plugins\mcufinder/ => C:\Users\admin\.stmcufinder\plugins\mcufinder
2023-08-08 23:02:50,217 [WARN] DbFile:41 - Overriding database path with different value: C:\Users\admin\.stmcufinder\plugins\mcufinder/ => C:\Users\admin\.stmcufinder\plugins\mcufinder
2023-08-08 23:02:51,115 [INFO] CrossReferenceDbSqlite:203 - Set database path to: C:\Users\admin\.stmcufinder\plugins\mcufinder//mcu/cs/
2023-08-08 23:02:51,168 [INFO] ApplicationProperties:184 - Using Application install path: C:\ST\STM32CubeIDE_1.13.0\STM32CubeIDE\plugins\com.st.stm32cube.common.mx_6.9.0.202307051724
2023-08-08 23:02:51,171 [INFO] PluginManage:196 - Search for loadable plugins [exclusion list=, ]
2023-08-08 23:02:51,178 [INFO] PluginManage:310 - Check plugin analytics
2023-08-08 23:02:52,368 [INFO] AnalyticsPlugin:253 - Accepted Software Licenses: 
2023-08-08 23:02:52,369 [INFO] AnalyticsPlugin:255 - Accepted CMSIS Pack Licenses: 
2023-08-08 23:02:52,369 [INFO] AnalyticsPlugin:257 - Accepted Firmware Licenses: 
2023-08-08 23:02:52,379 [INFO] PluginManage:359 - Loaded plugin analytics (category:tool,tabindex:-1)
2023-08-08 23:02:52,380 [INFO] PluginManage:310 - Check plugin cadmodel
2023-08-08 23:02:52,496 [INFO] CADModel:105 - Init CAD model plugin
2023-08-08 23:02:52,497 [INFO] PluginManage:359 - Loaded plugin cadmodel (category:power,tabindex:5)
2023-08-08 23:02:52,499 [INFO] PluginManage:310 - Check plugin clock
2023-08-08 23:02:52,633 [INFO] PluginManage:359 - Loaded plugin clock (category:base,tabindex:2)
2023-08-08 23:02:52,634 [INFO] PluginManage:310 - Check plugin ddr
2023-08-08 23:02:52,644 [INFO] PluginManage:359 - Loaded plugin ddr (category:tool,tabindex:6)
2023-08-08 23:02:52,644 [INFO] PluginManage:310 - Check plugin filemanager
2023-08-08 23:02:53,035 [INFO] PluginManage:359 - Loaded plugin filemanager (category:base,tabindex:10)
2023-08-08 23:02:53,036 [INFO] PluginManage:310 - Check plugin ipmanager
2023-08-08 23:02:53,052 [INFO] PluginManage:359 - Loaded plugin ipmanager (category:base,tabindex:5)
2023-08-08 23:02:53,052 [INFO] PluginManage:310 - Check plugin lpbam
2023-08-08 23:02:53,104 [INFO] PluginManage:359 - Loaded plugin lpbam (category:base,tabindex:0)
2023-08-08 23:02:53,105 [INFO] PluginManage:310 - Check plugin memorymap
2023-08-08 23:02:53,171 [INFO] PluginManage:359 - Loaded plugin memorymap (category:base,tabindex:4)
2023-08-08 23:02:53,171 [INFO] PluginManage:310 - Check plugin pinoutandconfiguration
2023-08-08 23:02:53,219 [INFO] PluginManage:359 - Loaded plugin pinoutandconfiguration (category:base,tabindex:1)
2023-08-08 23:02:53,220 [INFO] PluginManage:310 - Check plugin pinoutconfig
2023-08-08 23:02:53,532 [WARN] SupportedApi:132 - Cannot load RTOS API schema: s4s-elt-must-match.1: The content of 'definitions' must match (annotation?, (simpleType | complexType)?, (unique | key | keyref)*)). A problem was found starting at: attribute.
2023-08-08 23:02:54,039 [INFO] PluginManage:359 - Loaded plugin pinoutconfig (category:base,tabindex:0)
2023-08-08 23:02:54,039 [INFO] PluginManage:310 - Check plugin power
2023-08-08 23:02:54,125 [INFO] PluginManage:359 - Loaded plugin power (category:power,tabindex:4)
2023-08-08 23:02:54,126 [INFO] PluginManage:310 - Check plugin projectmanager
2023-08-08 23:02:54,166 [INFO] PluginManage:359 - Loaded plugin projectmanager (category:projectmanager,tabindex:3)
2023-08-08 23:02:54,168 [INFO] PluginManage:310 - Check plugin thirdparty
2023-08-08 23:02:55,104 [WARN] IntegrityCheckThread:84 - waiting for thirdparty lock release [integrity check]
2023-08-08 23:02:55,105 [INFO] IntegrityCheckThread:86 - entering critical section [integrity check]
2023-08-08 23:02:55,106 [INFO] PluginManage:359 - Loaded plugin thirdparty (category:base,tabindex:-1)
2023-08-08 23:02:55,106 [INFO] ThirdPartyUpdaterWithRetryManager:70 - Updater plugin not ready yet. [1/15]
2023-08-08 23:02:55,106 [INFO] PluginManage:310 - Check plugin tools
2023-08-08 23:02:55,197 [INFO] PluginManage:359 - Loaded plugin tools (category:base,tabindex:7)
2023-08-08 23:02:55,198 [INFO] PluginManage:310 - Check plugin tutovideos
2023-08-08 23:02:55,922 [INFO] PluginManage:359 - Loaded plugin tutovideos (category:base,tabindex:-1)
2023-08-08 23:02:55,923 [INFO] PluginManage:310 - Check plugin updater
2023-08-08 23:02:55,963 [INFO] PluginManage:359 - Loaded plugin updater (category:base,tabindex:12)
2023-08-08 23:02:55,964 [INFO] PluginManage:310 - Check plugin userauth
2023-08-08 23:02:55,981 [INFO] UserAuth:113 - Init User Auth plugin
2023-08-08 23:02:55,981 [INFO] PluginManage:359 - Loaded plugin userauth (category:base,tabindex:14)
2023-08-08 23:02:55,982 [INFO] PluginManage:283 - PluginManage : Loaded plugins [17]
2023-08-08 23:02:57,179 [INFO] PinOutPanel:1499 - setPackage(No Configuration,No Configuration)
2023-08-08 23:02:57,666 [INFO] CADModel:165 - CPN selected for project level
2023-08-08 23:02:57,666 [INFO] CADModel:114 - Register for checkConnection events
2023-08-08 23:02:57,751 [INFO] IPUIPlugin:80 - create IPUIPlugin
2023-08-08 23:02:57,758 [INFO] PluginManager:220 - loadIPPluginJar : add adc
2023-08-08 23:02:57,867 [INFO] IPUIPlugin:80 - create IPUIPlugin
2023-08-08 23:02:57,867 [INFO] PluginManager:220 - loadIPPluginJar : add aes
2023-08-08 23:02:58,106 [INFO] IPUIPlugin:80 - create IPUIPlugin
2023-08-08 23:02:58,107 [INFO] PluginManager:220 - loadIPPluginJar : add can
2023-08-08 23:02:58,117 [INFO] ThirdPartyUpdaterWithRetryManager:70 - Updater plugin not ready yet. [2/15]
2023-08-08 23:02:58,245 [INFO] IPUIPlugin:80 - create IPUIPlugin
2023-08-08 23:02:58,247 [INFO] PluginManager:220 - loadIPPluginJar : add comp
2023-08-08 23:02:58,389 [INFO] IPUIPlugin:80 - create IPUIPlugin
2023-08-08 23:02:58,389 [INFO] PluginManager:220 - loadIPPluginJar : add cryp
2023-08-08 23:02:58,471 [INFO] IPUIPlugin:80 - create IPUIPlugin
2023-08-08 23:02:58,471 [INFO] PluginManager:220 - loadIPPluginJar : add dfsdm
2023-08-08 23:02:58,500 [INFO] IPUIPlugin:80 - create IPUIPlugin
2023-08-08 23:02:58,501 [INFO] PluginManager:220 - loadIPPluginJar : add dma
2023-08-08 23:02:58,613 [INFO] IPUIPlugin:80 - create IPUIPlugin
2023-08-08 23:02:58,613 [INFO] PluginManager:220 - loadIPPluginJar : add dma3
2023-08-08 23:02:58,668 [INFO] IPUIPlugin:80 - create IPUIPlugin
2023-08-08 23:02:58,668 [INFO] PluginManager:220 - loadIPPluginJar : add fatfs
2023-08-08 23:02:58,807 [INFO] IPUIPlugin:80 - create IPUIPlugin
2023-08-08 23:02:58,808 [INFO] PluginManager:220 - loadIPPluginJar : add fmc
2023-08-08 23:02:58,847 [INFO] IPUIPlugin:80 - create IPUIPlugin
2023-08-08 23:02:58,847 [INFO] PluginManager:220 - loadIPPluginJar : add freertos
2023-08-08 23:02:58,908 [INFO] IPUIPlugin:80 - create IPUIPlugin
2023-08-08 23:02:58,908 [INFO] PluginManager:220 - loadIPPluginJar : add genericplugin
2023-08-08 23:02:59,207 [INFO] IPUIPlugin:80 - create IPUIPlugin
2023-08-08 23:02:59,209 [INFO] PluginManager:220 - loadIPPluginJar : add gfxmmu
2023-08-08 23:02:59,723 [INFO] IPUIPlugin:80 - create IPUIPlugin
2023-08-08 23:02:59,726 [INFO] PluginManager:220 - loadIPPluginJar : add gic
2023-08-08 23:02:59,779 [INFO] IPUIPlugin:80 - create IPUIPlugin
2023-08-08 23:02:59,779 [INFO] PluginManager:220 - loadIPPluginJar : add gpio
2023-08-08 23:03:00,157 [INFO] IPUIPlugin:80 - create IPUIPlugin
2023-08-08 23:03:00,157 [INFO] PluginManager:220 - loadIPPluginJar : add gtzc
2023-08-08 23:03:00,349 [INFO] IPUIPlugin:80 - create IPUIPlugin
2023-08-08 23:03:00,351 [INFO] PluginManager:220 - loadIPPluginJar : add hash
2023-08-08 23:03:00,564 [INFO] IPUIPlugin:80 - create IPUIPlugin
2023-08-08 23:03:00,564 [INFO] PluginManager:220 - loadIPPluginJar : add i2c
2023-08-08 23:03:00,715 [INFO] IPUIPlugin:80 - create IPUIPlugin
2023-08-08 23:03:00,716 [INFO] PluginManager:220 - loadIPPluginJar : add i2s
2023-08-08 23:03:00,881 [INFO] IPUIPlugin:80 - create IPUIPlugin
2023-08-08 23:03:00,882 [INFO] PluginManager:220 - loadIPPluginJar : add i3c
2023-08-08 23:03:01,121 [INFO] ThirdPartyUpdaterWithRetryManager:70 - Updater plugin not ready yet. [3/15]
2023-08-08 23:03:01,209 [INFO] IPUIPlugin:80 - create IPUIPlugin
2023-08-08 23:03:01,209 [INFO] PluginManager:220 - loadIPPluginJar : add ipddr
2023-08-08 23:03:01,451 [INFO] IPUIPlugin:80 - create IPUIPlugin
2023-08-08 23:03:01,451 [INFO] PluginManager:220 - loadIPPluginJar : add linkedlist
2023-08-08 23:03:01,529 [INFO] IPUIPlugin:80 - create IPUIPlugin
2023-08-08 23:03:01,529 [INFO] PluginManager:220 - loadIPPluginJar : add lorawan
2023-08-08 23:03:01,590 [INFO] IPUIPlugin:80 - create IPUIPlugin
2023-08-08 23:03:01,591 [INFO] PluginManager:220 - loadIPPluginJar : add ltdc
2023-08-08 23:03:01,615 [INFO] IPUIPlugin:80 - create IPUIPlugin
2023-08-08 23:03:01,615 [INFO] PluginManager:220 - loadIPPluginJar : add mdma
2023-08-08 23:03:01,633 [INFO] IPUIPlugin:80 - create IPUIPlugin
2023-08-08 23:03:01,633 [INFO] PluginManager:220 - loadIPPluginJar : add nvic
2023-08-08 23:03:01,704 [INFO] IPUIPlugin:80 - create IPUIPlugin
2023-08-08 23:03:01,704 [INFO] PluginManager:220 - loadIPPluginJar : add opamp
2023-08-08 23:03:01,811 [INFO] IPUIPlugin:80 - create IPUIPlugin
2023-08-08 23:03:01,812 [INFO] PluginManager:220 - loadIPPluginJar : add openamp
2023-08-08 23:03:01,874 [INFO] IPUIPlugin:80 - create IPUIPlugin
2023-08-08 23:03:01,874 [INFO] PluginManager:220 - loadIPPluginJar : add pdm2pcm
2023-08-08 23:03:01,896 [INFO] IPUIPlugin:80 - create IPUIPlugin
2023-08-08 23:03:01,899 [INFO] PluginManager:220 - loadIPPluginJar : add plateformsettings
2023-08-08 23:03:01,932 [INFO] IPUIPlugin:80 - create IPUIPlugin
2023-08-08 23:03:01,932 [INFO] PluginManager:220 - loadIPPluginJar : add quadspi
2023-08-08 23:03:01,949 [INFO] IPUIPlugin:80 - create IPUIPlugin
2023-08-08 23:03:01,949 [INFO] PluginManager:220 - loadIPPluginJar : add resmgrutility
2023-08-08 23:03:02,011 [INFO] IPUIPlugin:80 - create IPUIPlugin
2023-08-08 23:03:02,011 [INFO] PluginManager:220 - loadIPPluginJar : add sai
2023-08-08 23:03:02,061 [INFO] IPUIPlugin:80 - create IPUIPlugin
2023-08-08 23:03:02,061 [INFO] PluginManager:220 - loadIPPluginJar : add spi
2023-08-08 23:03:02,131 [INFO] IPUIPlugin:80 - create IPUIPlugin
2023-08-08 23:03:02,131 [INFO] PluginManager:220 - loadIPPluginJar : add stm32_wpan
2023-08-08 23:03:02,161 [INFO] IPUIPlugin:80 - create IPUIPlugin
2023-08-08 23:03:02,161 [INFO] PluginManager:220 - loadIPPluginJar : add tim
2023-08-08 23:03:02,227 [INFO] IPUIPlugin:80 - create IPUIPlugin
2023-08-08 23:03:02,227 [INFO] PluginManager:220 - loadIPPluginJar : add touchsensing
2023-08-08 23:03:02,259 [INFO] IPUIPlugin:80 - create IPUIPlugin
2023-08-08 23:03:02,260 [INFO] PluginManager:220 - loadIPPluginJar : add tracer_emb
2023-08-08 23:03:02,288 [INFO] IPUIPlugin:80 - create IPUIPlugin
2023-08-08 23:03:02,288 [INFO] PluginManager:220 - loadIPPluginJar : add ts
2023-08-08 23:03:02,315 [INFO] IPUIPlugin:80 - create IPUIPlugin
2023-08-08 23:03:02,315 [INFO] PluginManager:220 - loadIPPluginJar : add tsc
2023-08-08 23:03:02,340 [INFO] IPUIPlugin:80 - create IPUIPlugin
2023-08-08 23:03:02,340 [INFO] PluginManager:220 - loadIPPluginJar : add ucpd
2023-08-08 23:03:02,390 [INFO] IPUIPlugin:80 - create IPUIPlugin
2023-08-08 23:03:02,391 [INFO] PluginManager:220 - loadIPPluginJar : add usart
2023-08-08 23:03:02,440 [INFO] IPUIPlugin:80 - create IPUIPlugin
2023-08-08 23:03:02,440 [INFO] PluginManager:220 - loadIPPluginJar : add usbx
2023-08-08 23:03:02,608 [INFO] CADModel:165 - CPN selected for project level
2023-08-08 23:03:02,608 [INFO] CADModel:114 - Register for checkConnection events
2023-08-08 23:03:02,610 [FATAL] Updater:308 - Updater called before beeing initialized
2023-08-08 23:03:02,610 [ERROR] CADModel:125 - Updater not yet initialized, retry later 
2023-08-08 23:03:02,848 [INFO] CADModel:165 - CPN selected for project level
2023-08-08 23:03:02,848 [INFO] CADModel:114 - Register for checkConnection events
2023-08-08 23:03:02,848 [FATAL] Updater:308 - Updater called before beeing initialized
2023-08-08 23:03:02,848 [ERROR] CADModel:125 - Updater not yet initialized, retry later 
2023-08-08 23:03:02,855 [FATAL] Updater:308 - Updater called before beeing initialized
2023-08-08 23:03:03,219 [FATAL] Updater:308 - Updater called before beeing initialized
2023-08-08 23:03:03,245 [INFO] DbMcusAds:53 - JSON generation date=Tue Mar 07 15:50:55 ICT 2023 (1678179055114)
2023-08-08 23:03:03,245 [FATAL] Updater:308 - Updater called before beeing initialized
2023-08-08 23:03:03,365 [WARN] DetailPanel:346 - Failed to get advertising image, set to default
2023-08-08 23:03:03,499 [FATAL] Updater:308 - Updater called before beeing initialized
2023-08-08 23:03:03,502 [FATAL] Updater:308 - Updater called before beeing initialized
2023-08-08 23:03:03,502 [FATAL] Updater:308 - Updater called before beeing initialized
2023-08-08 23:03:03,502 [WARN] DetailPanel:346 - Failed to get advertising image, set to default
2023-08-08 23:03:03,504 [FATAL] Updater:308 - Updater called before beeing initialized
2023-08-08 23:03:03,619 [ERROR] Updater:1120 - MainUpdater not yet initialized. External WinMGr cannot be set.
2023-08-08 23:03:03,635 [INFO] Updater:1056 - Updater Version found : 6.9.0
2023-08-08 23:03:03,668 [INFO] ApplicationProperties:184 - Using Application install path: C:\ST\STM32CubeIDE_1.13.0\STM32CubeIDE\plugins\com.st.stm32cube.common.mx_6.9.0.202307051724
2023-08-08 23:03:04,123 [INFO] ThirdPartyUpdaterWithRetryManager:70 - Updater plugin not ready yet. [4/15]
2023-08-08 23:03:04,745 [INFO] MainUpdater:2868 - connection check result : 10
2023-08-08 23:03:04,746 [INFO] MainUpdater:285 - Updater Check For Update Now.
2023-08-08 23:03:04,746 [INFO] MicroXplorer:498 - Change Database Version : DB.6.0.90
2023-08-08 23:03:04,781 [INFO] McuFinderGlobals:63 - Set McuFinder mode to 2 (CubeIDE integrated)
2023-08-08 23:03:04,781 [INFO] UserAuth:179 - activating auth plugin
2023-08-08 23:03:04,794 [INFO] UserAuth:393 - Internet connection configuration mode: 1
2023-08-08 23:03:04,861 [INFO] JxBrowserEngine:151 - Initiate JxBrowser Engine with user profile folder
2023-08-08 23:03:05,079 [INFO] CheckServerUpdateThread:120 - End of CheckServer Thread
2023-08-08 23:03:07,533 [WARN] PackLoader:240 - Cannot read IP mode file for STMicroelectronics.X-CUBE-GNSS1.6.0.0
2023-08-08 23:03:07,805 [WARN] PackLoader:240 - Cannot read IP mode file for STMicroelectronics.X-CUBE-AZRTOS-F4.1.1.0
2023-08-08 23:03:07,960 [WARN] PackLoader:240 - Cannot read IP mode file for STMicroelectronics.X-CUBE-SMBUS.2.1.0
2023-08-08 23:03:07,999 [WARN] PackLoader:240 - Cannot read IP mode file for STMicroelectronics.X-CUBE-BLEMGR.1.2.0
2023-08-08 23:03:08,117 [WARN] PackLoader:240 - Cannot read IP mode file for STMicroelectronics.X-CUBE-AZRTOS-F7.1.1.0
2023-08-08 23:03:08,328 [WARN] PackLoader:240 - Cannot read IP mode file for STMicroelectronics.X-CUBE-MEMS1.9.6.0
2023-08-08 23:03:09,152 [WARN] PackLoader:240 - Cannot read IP mode file for STMicroelectronics.FP-SNS-MOTENV1.4.3.2
2023-08-08 23:03:09,186 [WARN] PackLoader:240 - Cannot read IP mode file for STMicroelectronics.X-CUBE-BLE1.6.2.4
2023-08-08 23:03:09,225 [WARN] PackLoader:240 - Cannot read IP mode file for STMicroelectronics.X-CUBE-BLEMGR.2.0.0
2023-08-08 23:03:09,253 [WARN] PackLoader:240 - Cannot read IP mode file for STMicroelectronics.FP-SNS-FLIGHT1.5.0.2
2023-08-08 23:03:09,315 [INFO] WebApp:157 - Instantiating new browser for Auth
2023-08-08 23:03:09,316 [WARN] ConditionMgr:438 - getConditionDescription Invalid condition id : UX DEVICE CLASS RTOS Condition cause : null
2023-08-08 23:03:09,316 [WARN] ConditionMgr:438 - getConditionDescription Invalid condition id : UX DEVICE CLASS RTOS Condition cause : null
2023-08-08 23:03:09,319 [WARN] PackLoader:240 - Cannot read IP mode file for STMicroelectronics.X-CUBE-AZRTOS-H7.3.1.0
2023-08-08 23:03:09,321 [WARN] ConditionMgr:1039 - genDependencies : Invalid condition id : UX DEVICE CLASS RTOS Condition cause : null
2023-08-08 23:03:09,322 [WARN] ConditionMgr:1039 - genDependencies : Invalid condition id : UX DEVICE CLASS RTOS Condition cause : null
2023-08-08 23:03:09,323 [WARN] ConditionMgr:1039 - genDependencies : Invalid condition id : UX DEVICE CLASS RTOS Condition cause : null
2023-08-08 23:03:09,324 [WARN] ConditionMgr:1039 - genDependencies : Invalid condition id : UX DEVICE CLASS RTOS Condition cause : null
2023-08-08 23:03:09,325 [WARN] ConditionMgr:1039 - genDependencies : Invalid condition id : UX DEVICE CLASS RTOS Condition cause : null
2023-08-08 23:03:09,363 [WARN] PackLoader:240 - Cannot read IP mode file for STMicroelectronics.X-CUBE-TOUCHGFX.4.22.0
2023-08-08 23:03:09,465 [WARN] PackLoader:240 - Cannot read IP mode file for STMicroelectronics.X-CUBE-NFC7.1.0.1
2023-08-08 23:03:09,845 [WARN] PackLoader:240 - Cannot read IP mode file for STMicroelectronics.X-CUBE-MEMS1.9.3.0
2023-08-08 23:03:10,091 [WARN] PackLoader:240 - Cannot read IP mode file for STMicroelectronics.X-CUBE-EEPRMA1.4.1.0
2023-08-08 23:03:10,145 [INFO] LogOutputStream:77 - [STDOUT_REDIRECT] 1 : Invalid condition id : UX_CORESTACK_Condition cause : null
2023-08-08 23:03:10,146 [INFO] LogOutputStream:77 - [STDOUT_REDIRECT] 1 : Invalid condition id : UX_CORESTACK_Condition cause : null
2023-08-08 23:03:10,150 [INFO] LogOutputStream:77 - [STDOUT_REDIRECT] 1 : Invalid condition id : UX_CORESTACK_Condition cause : null
2023-08-08 23:03:10,153 [INFO] LogOutputStream:77 - [STDOUT_REDIRECT] 1 : Invalid condition id : UX_CORESTACK_Condition cause : null
2023-08-08 23:03:10,156 [INFO] LogOutputStream:77 - [STDOUT_REDIRECT] 1 : Invalid condition id : UX_CORESTACK_Condition cause : null
2023-08-08 23:03:10,164 [WARN] PackLoader:240 - Cannot read IP mode file for STMicroelectronics.X-CUBE-AZRTOS-WL.2.0.0
2023-08-08 23:03:10,232 [WARN] ConditionMgr:438 - getConditionDescription Invalid condition id : LAN8742 Phy interface Condition cause : null
2023-08-08 23:03:10,233 [WARN] PackLoader:240 - Cannot read IP mode file for STMicroelectronics.X-CUBE-AZRTOS-L4.2.0.0
2023-08-08 23:03:10,234 [WARN] ConditionMgr:1039 - genDependencies : Invalid condition id : LAN8742 Phy interface Condition cause : null
2023-08-08 23:03:10,234 [WARN] ConditionMgr:1039 - genDependencies : Invalid condition id : LAN8742 Phy interface Condition cause : null
2023-08-08 23:03:10,235 [WARN] ConditionMgr:1039 - genDependencies : Invalid condition id : LAN8742 Phy interface Condition cause : null
2023-08-08 23:03:10,270 [WARN] PackLoader:240 - Cannot read IP mode file for WES.I-CUBE-Cesium.1.3.0
2023-08-08 23:03:10,300 [WARN] PackLoader:240 - Cannot read IP mode file for STMicroelectronics.X-CUBE-SFXS2LP1.4.0.0
2023-08-08 23:03:10,331 [WARN] PackLoader:240 - Cannot read IP mode file for STMicroelectronics.X-CUBE-BLE2.3.3.0
2023-08-08 23:03:10,369 [WARN] PackLoader:240 - Cannot read IP mode file for STMicroelectronics.X-CUBE-TOF1.3.2.0
2023-08-08 23:03:10,434 [WARN] PackLoader:240 - Cannot read IP mode file for STMicroelectronics.X-CUBE-AZRTOS-H7.3.0.0
2023-08-08 23:03:10,466 [WARN] PackLoader:240 - Cannot read IP mode file for STMicroelectronics.X-CUBE-ISPU.1.0.0
2023-08-08 23:03:10,486 [WARN] PackLoader:240 - Cannot read IP mode file for STMicroelectronics.X-CUBE-ISPU.1.1.0
2023-08-08 23:03:10,577 [WARN] PackLoader:240 - Cannot read IP mode file for STMicroelectronics.X-CUBE-FREERTOS.1.0.1
2023-08-08 23:03:10,631 [WARN] PackLoader:240 - Cannot read IP mode file for STMicroelectronics.X-CUBE-TOUCHGFX.4.21.1
2023-08-08 23:03:10,756 [WARN] PackLoader:240 - Cannot read IP mode file for STMicroelectronics.X-CUBE-MEMS1.9.4.0
2023-08-08 23:03:11,155 [WARN] PackLoader:240 - Cannot read IP mode file for STMicroelectronics.X-CUBE-AI.7.3.0
2023-08-08 23:03:11,238 [WARN] PackLoader:240 - Cannot read IP mode file for STMicroelectronics.X-CUBE-AZRTOS-L5.1.1.0
2023-08-08 23:03:11,322 [WARN] PackLoader:240 - Cannot read IP mode file for STMicroelectronics.X-CUBE-AZRTOS-G0.1.1.0
2023-08-08 23:03:11,349 [WARN] PackLoader:240 - Cannot read IP mode file for STMicroelectronics.X-CUBE-AI.8.0.1
2023-08-08 23:03:11,355 [INFO] WebApp:753 - Register for checkConnection events
2023-08-08 23:03:11,356 [INFO] WebApp:390 - Apply proxy settings
2023-08-08 23:03:11,356 [INFO] WebApp:475 - Chromium requires no authentication
2023-08-08 23:03:11,375 [WARN] PackLoader:240 - Cannot read IP mode file for STMicroelectronics.X-CUBE-NFC4.3.0.0
2023-08-08 23:03:11,383 [INFO] WebApp:418 - Direct internet connection detected
2023-08-08 23:03:11,419 [WARN] PackLoader:240 - Cannot read IP mode file for STMicroelectronics.X-CUBE-TOF1.3.3.1
2023-08-08 23:03:11,484 [WARN] PackLoader:240 - Cannot read IP mode file for STMicroelectronics.X-CUBE-AZRTOS-G4.2.0.0
2023-08-08 23:03:11,518 [WARN] PackLoader:240 - Cannot read IP mode file for STMicroelectronics.FP-ATR-ASTRA1.1.1.1
2023-08-08 23:03:11,548 [WARN] PackLoader:240 - Cannot read IP mode file for STMicroelectronics.X-CUBE-BLEMGR.1.3.0
2023-08-08 23:03:11,576 [WARN] PackLoader:240 - Cannot read IP mode file for STMicroelectronics.FP-ATR-SIGFOX1.3.2.0
2023-08-08 23:03:11,601 [WARN] PackLoader:240 - Cannot read IP mode file for STMicroelectronics.X-CUBE-TOUCHGFX.4.20.0
2023-08-08 23:03:11,652 [WARN] PackLoader:240 - Cannot read IP mode file for STMicroelectronics.X-CUBE-AZRTOS-WB.1.1.0
2023-08-08 23:03:11,721 [WARN] PackLoader:240 - Cannot read IP mode file for SEGGER.I-CUBE-embOS.1.3.1
2023-08-08 23:03:11,823 [WARN] PackLoader:240 - Cannot read IP mode file for STMicroelectronics.FP-ATR-ASTRA1.2.0.0
2023-08-08 23:03:11,825 [INFO] ThirdParty:978 - Integrity check success = true
2023-08-08 23:03:11,826 [INFO] IntegrityCheckThread:100 - exiting critical section [integrity check]
2023-08-08 23:03:11,826 [INFO] IntegrityCheckThread:103 - End integrity checks thread
2023-08-08 23:03:11,897 [INFO] WebApp:188 - Starting web application
2023-08-08 23:03:11,899 [INFO] WebApp:520 - Web application path used C:\ST\STM32CubeIDE_1.13.0\STM32CubeIDE\plugins\com.st.stm32cube.common.mx_6.9.0.202307051724\db\plugins\mcufinder\reactClient1\index.html
2023-08-08 23:03:33,665 [ERROR] LogOutputStream:75 - [STDERR_REDIRECT] SLF4J: Failed to load class "org.slf4j.impl.StaticLoggerBinder".
2023-08-08 23:03:33,665 [ERROR] LogOutputStream:75 - [STDERR_REDIRECT] SLF4J: Defaulting to no-operation (NOP) logger implementation
2023-08-08 23:03:33,668 [ERROR] LogOutputStream:75 - [STDERR_REDIRECT] SLF4J: See http://www.slf4j.org/codes.html#StaticLoggerBinder for further details.
2023-08-08 23:20:35,498 [ERROR] LogOutputStream:75 - [STDERR_REDIRECT] 
