2023-12-20 00:16:11,736 [INFO] Activator:176 - 


2023-12-20 00:16:11,742 [INFO] Activator:177 - !SESSION log4j initialized
2023-12-20 00:16:21,844 [INFO] LogOutputStream:77 - [STDOUT_REDIRECT] 
2023-12-20 00:16:26,509 [INFO] ApplicationProperties:184 - Using Application install path: C:\ST\STM32CubeIDE_1.13.0\STM32CubeIDE\plugins\com.st.stm32cube.common.mx_6.9.0.202307051724
2023-12-20 00:16:26,534 [INFO] DbMcusXml:78 - Set database path to: C:\ST\STM32CubeIDE_1.13.0\STM32CubeIDE\plugins\com.st.stm32cube.common.mx_6.9.0.202307051724\\db\/mcu/
2023-12-20 00:16:26,534 [INFO] ApiDb:274 - Set plugin database path to: C:\ST\STM32CubeIDE_1.13.0\STM32CubeIDE\plugins\com.st.stm32cube.common.mx_6.9.0.202307051724\\db\/plugins/boardmanager/
2023-12-20 00:16:26,536 [WARN] ApiDb:259 - Overriding images path with different value:  => C:\ST\STM32CubeIDE_1.13.0\STM32CubeIDE\plugins\com.st.stm32cube.common.mx_6.9.0.202307051724\\db\/plugins/mcufinder/images/
2023-12-20 00:16:26,560 [INFO] ApiDb:250 - Set database path to: C:\Users\admin\.stmcufinder\plugins\mcufinder//mcu/
2023-12-20 00:16:26,562 [INFO] DbMcusAds:125 - Set database path to: C:\Users\admin\.stmcufinder\plugins\mcufinder//mcu/
2023-12-20 00:16:27,352 [INFO] CrossReferenceDbSqlite:203 - Set database path to: C:\Users\admin\.stmcufinder\plugins\mcufinder//mcu/cs/
2023-12-20 00:16:27,524 [INFO] RulesReader:64 - Compatibility file has been processed (293 Rules)
2023-12-20 00:16:27,648 [INFO] DbMcusXml:78 - Set database path to: C:\ST\STM32CubeIDE_1.13.0\STM32CubeIDE\plugins\com.st.stm32cube.common.mx_6.9.0.202307051724\\db\/mcu/
2023-12-20 00:16:27,648 [INFO] ApiDb:274 - Set plugin database path to: C:\ST\STM32CubeIDE_1.13.0\STM32CubeIDE\plugins\com.st.stm32cube.common.mx_6.9.0.202307051724\\db\/plugins/boardmanager/
2023-12-20 00:16:27,649 [INFO] ApiDb:261 - Set plugin images path to: C:\ST\STM32CubeIDE_1.13.0\STM32CubeIDE\plugins\com.st.stm32cube.common.mx_6.9.0.202307051724\\db\/plugins/mcufinder/images/
2023-12-20 00:16:27,649 [WARN] DbFile:41 - Overriding database path with different value: C:\Users\admin\.stmcufinder\plugins\mcufinder/ => C:\Users\admin\.stmcufinder\plugins\mcufinder
2023-12-20 00:16:27,649 [INFO] ApiDb:250 - Set database path to: C:\Users\admin\.stmcufinder\plugins\mcufinder//mcu/
2023-12-20 00:16:27,649 [WARN] DbFile:41 - Overriding database path with different value: C:\Users\admin\.stmcufinder\plugins\mcufinder/ => C:\Users\admin\.stmcufinder\plugins\mcufinder
2023-12-20 00:16:27,649 [INFO] DbMcusAds:125 - Set database path to: C:\Users\admin\.stmcufinder\plugins\mcufinder//mcu/
2023-12-20 00:16:27,649 [WARN] DbFile:41 - Overriding database path with different value: C:\Users\admin\.stmcufinder\plugins\mcufinder/ => C:\Users\admin\.stmcufinder\plugins\mcufinder
2023-12-20 00:16:27,649 [WARN] DbFile:41 - Overriding database path with different value: C:\Users\admin\.stmcufinder\plugins\mcufinder/ => C:\Users\admin\.stmcufinder\plugins\mcufinder
2023-12-20 00:16:28,349 [INFO] CrossReferenceDbSqlite:203 - Set database path to: C:\Users\admin\.stmcufinder\plugins\mcufinder//mcu/cs/
2023-12-20 00:16:28,448 [INFO] MainPanel:262 - HeapMemory: 268435456
2023-12-20 00:16:28,560 [INFO] DbMcusXml:78 - Set database path to: C:\ST\STM32CubeIDE_1.13.0\STM32CubeIDE\plugins\com.st.stm32cube.common.mx_6.9.0.202307051724\\db\/mcu/
2023-12-20 00:16:28,560 [INFO] ApiDb:274 - Set plugin database path to: C:\ST\STM32CubeIDE_1.13.0\STM32CubeIDE\plugins\com.st.stm32cube.common.mx_6.9.0.202307051724\\db\/plugins/boardmanager/
2023-12-20 00:16:28,560 [INFO] ApiDb:261 - Set plugin images path to: C:\ST\STM32CubeIDE_1.13.0\STM32CubeIDE\plugins\com.st.stm32cube.common.mx_6.9.0.202307051724\\db\/plugins/mcufinder/images/
2023-12-20 00:16:28,560 [WARN] DbFile:41 - Overriding database path with different value: C:\Users\admin\.stmcufinder\plugins\mcufinder/ => C:\Users\admin\.stmcufinder\plugins\mcufinder
2023-12-20 00:16:28,561 [INFO] ApiDb:250 - Set database path to: C:\Users\admin\.stmcufinder\plugins\mcufinder//mcu/
2023-12-20 00:16:28,561 [WARN] DbFile:41 - Overriding database path with different value: C:\Users\admin\.stmcufinder\plugins\mcufinder/ => C:\Users\admin\.stmcufinder\plugins\mcufinder
2023-12-20 00:16:28,561 [INFO] DbMcusAds:125 - Set database path to: C:\Users\admin\.stmcufinder\plugins\mcufinder//mcu/
2023-12-20 00:16:28,561 [WARN] DbFile:41 - Overriding database path with different value: C:\Users\admin\.stmcufinder\plugins\mcufinder/ => C:\Users\admin\.stmcufinder\plugins\mcufinder
2023-12-20 00:16:28,561 [WARN] DbFile:41 - Overriding database path with different value: C:\Users\admin\.stmcufinder\plugins\mcufinder/ => C:\Users\admin\.stmcufinder\plugins\mcufinder
2023-12-20 00:16:29,351 [INFO] CrossReferenceDbSqlite:203 - Set database path to: C:\Users\admin\.stmcufinder\plugins\mcufinder//mcu/cs/
2023-12-20 00:16:29,393 [INFO] ApplicationProperties:184 - Using Application install path: C:\ST\STM32CubeIDE_1.13.0\STM32CubeIDE\plugins\com.st.stm32cube.common.mx_6.9.0.202307051724
2023-12-20 00:16:29,395 [INFO] PluginManage:196 - Search for loadable plugins [exclusion list=, ]
2023-12-20 00:16:29,396 [INFO] PluginManage:310 - Check plugin analytics
2023-12-20 00:16:30,468 [INFO] AnalyticsPlugin:253 - Accepted Software Licenses: STM32CubeMX.6.9.1
2023-12-20 00:16:30,468 [INFO] AnalyticsPlugin:255 - Accepted CMSIS Pack Licenses: 
2023-12-20 00:16:30,469 [INFO] AnalyticsPlugin:257 - Accepted Firmware Licenses: 
2023-12-20 00:16:30,471 [INFO] PluginManage:359 - Loaded plugin analytics (category:tool,tabindex:-1)
2023-12-20 00:16:30,472 [INFO] PluginManage:310 - Check plugin cadmodel
2023-12-20 00:16:30,488 [INFO] CADModel:105 - Init CAD model plugin
2023-12-20 00:16:30,489 [INFO] PluginManage:359 - Loaded plugin cadmodel (category:power,tabindex:5)
2023-12-20 00:16:30,489 [INFO] PluginManage:310 - Check plugin clock
2023-12-20 00:16:30,512 [INFO] PluginManage:359 - Loaded plugin clock (category:base,tabindex:2)
2023-12-20 00:16:30,512 [INFO] PluginManage:310 - Check plugin ddr
2023-12-20 00:16:30,516 [INFO] PluginManage:359 - Loaded plugin ddr (category:tool,tabindex:6)
2023-12-20 00:16:30,516 [INFO] PluginManage:310 - Check plugin filemanager
2023-12-20 00:16:30,719 [INFO] PluginManage:359 - Loaded plugin filemanager (category:base,tabindex:10)
2023-12-20 00:16:30,719 [INFO] PluginManage:310 - Check plugin ipmanager
2023-12-20 00:16:30,727 [INFO] PluginManage:359 - Loaded plugin ipmanager (category:base,tabindex:5)
2023-12-20 00:16:30,727 [INFO] PluginManage:310 - Check plugin lpbam
2023-12-20 00:16:30,746 [INFO] PluginManage:359 - Loaded plugin lpbam (category:base,tabindex:0)
2023-12-20 00:16:30,746 [INFO] PluginManage:310 - Check plugin memorymap
2023-12-20 00:16:30,771 [INFO] PluginManage:359 - Loaded plugin memorymap (category:base,tabindex:4)
2023-12-20 00:16:30,771 [INFO] PluginManage:310 - Check plugin pinoutandconfiguration
2023-12-20 00:16:30,789 [INFO] PluginManage:359 - Loaded plugin pinoutandconfiguration (category:base,tabindex:1)
2023-12-20 00:16:30,789 [INFO] PluginManage:310 - Check plugin pinoutconfig
2023-12-20 00:16:30,892 [WARN] SupportedApi:132 - Cannot load RTOS API schema: s4s-elt-must-match.1: The content of 'definitions' must match (annotation?, (simpleType | complexType)?, (unique | key | keyref)*)). A problem was found starting at: attribute.
2023-12-20 00:16:31,036 [INFO] PluginManage:359 - Loaded plugin pinoutconfig (category:base,tabindex:0)
2023-12-20 00:16:31,036 [INFO] PluginManage:310 - Check plugin power
2023-12-20 00:16:31,059 [INFO] PluginManage:359 - Loaded plugin power (category:power,tabindex:4)
2023-12-20 00:16:31,059 [INFO] PluginManage:310 - Check plugin projectmanager
2023-12-20 00:16:31,074 [INFO] PluginManage:359 - Loaded plugin projectmanager (category:projectmanager,tabindex:3)
2023-12-20 00:16:31,074 [INFO] PluginManage:310 - Check plugin thirdparty
2023-12-20 00:16:31,363 [INFO] PluginManage:359 - Loaded plugin thirdparty (category:base,tabindex:-1)
2023-12-20 00:16:31,363 [WARN] IntegrityCheckThread:84 - waiting for thirdparty lock release [integrity check]
2023-12-20 00:16:31,363 [INFO] PluginManage:310 - Check plugin tools
2023-12-20 00:16:31,364 [INFO] IntegrityCheckThread:86 - entering critical section [integrity check]
2023-12-20 00:16:31,364 [INFO] ThirdPartyUpdaterWithRetryManager:70 - Updater plugin not ready yet. [1/15]
2023-12-20 00:16:31,402 [INFO] PluginManage:359 - Loaded plugin tools (category:base,tabindex:7)
2023-12-20 00:16:31,402 [INFO] PluginManage:310 - Check plugin tutovideos
2023-12-20 00:16:31,632 [INFO] PluginManage:359 - Loaded plugin tutovideos (category:base,tabindex:-1)
2023-12-20 00:16:31,632 [INFO] PluginManage:310 - Check plugin updater
2023-12-20 00:16:31,643 [INFO] PluginManage:359 - Loaded plugin updater (category:base,tabindex:12)
2023-12-20 00:16:31,643 [INFO] PluginManage:310 - Check plugin userauth
2023-12-20 00:16:31,649 [INFO] UserAuth:113 - Init User Auth plugin
2023-12-20 00:16:31,649 [INFO] PluginManage:359 - Loaded plugin userauth (category:base,tabindex:14)
2023-12-20 00:16:31,650 [INFO] PluginManage:283 - PluginManage : Loaded plugins [17]
2023-12-20 00:16:31,897 [INFO] PinOutPanel:1499 - setPackage(No Configuration,No Configuration)
2023-12-20 00:16:32,022 [INFO] CADModel:165 - CPN selected for project level
2023-12-20 00:16:32,022 [INFO] CADModel:114 - Register for checkConnection events
2023-12-20 00:16:32,050 [INFO] IPUIPlugin:80 - create IPUIPlugin
2023-12-20 00:16:32,050 [INFO] PluginManager:220 - loadIPPluginJar : add adc
2023-12-20 00:16:32,086 [INFO] IPUIPlugin:80 - create IPUIPlugin
2023-12-20 00:16:32,086 [INFO] PluginManager:220 - loadIPPluginJar : add aes
2023-12-20 00:16:32,130 [INFO] IPUIPlugin:80 - create IPUIPlugin
2023-12-20 00:16:32,130 [INFO] PluginManager:220 - loadIPPluginJar : add can
2023-12-20 00:16:32,153 [INFO] IPUIPlugin:80 - create IPUIPlugin
2023-12-20 00:16:32,153 [INFO] PluginManager:220 - loadIPPluginJar : add comp
2023-12-20 00:16:32,185 [INFO] IPUIPlugin:80 - create IPUIPlugin
2023-12-20 00:16:32,185 [INFO] PluginManager:220 - loadIPPluginJar : add cryp
2023-12-20 00:16:32,212 [INFO] IPUIPlugin:80 - create IPUIPlugin
2023-12-20 00:16:32,212 [INFO] PluginManager:220 - loadIPPluginJar : add dfsdm
2023-12-20 00:16:32,228 [INFO] IPUIPlugin:80 - create IPUIPlugin
2023-12-20 00:16:32,229 [INFO] PluginManager:220 - loadIPPluginJar : add dma
2023-12-20 00:16:32,270 [INFO] IPUIPlugin:80 - create IPUIPlugin
2023-12-20 00:16:32,271 [INFO] PluginManager:220 - loadIPPluginJar : add dma3
2023-12-20 00:16:32,289 [INFO] IPUIPlugin:80 - create IPUIPlugin
2023-12-20 00:16:32,289 [INFO] PluginManager:220 - loadIPPluginJar : add fatfs
2023-12-20 00:16:32,339 [INFO] IPUIPlugin:80 - create IPUIPlugin
2023-12-20 00:16:32,339 [INFO] PluginManager:220 - loadIPPluginJar : add fmc
2023-12-20 00:16:32,352 [INFO] IPUIPlugin:80 - create IPUIPlugin
2023-12-20 00:16:32,353 [INFO] PluginManager:220 - loadIPPluginJar : add freertos
2023-12-20 00:16:32,372 [INFO] IPUIPlugin:80 - create IPUIPlugin
2023-12-20 00:16:32,373 [INFO] PluginManager:220 - loadIPPluginJar : add genericplugin
2023-12-20 00:16:32,459 [INFO] IPUIPlugin:80 - create IPUIPlugin
2023-12-20 00:16:32,460 [INFO] PluginManager:220 - loadIPPluginJar : add gfxmmu
2023-12-20 00:16:32,597 [INFO] IPUIPlugin:80 - create IPUIPlugin
2023-12-20 00:16:32,598 [INFO] PluginManager:220 - loadIPPluginJar : add gic
2023-12-20 00:16:32,612 [INFO] IPUIPlugin:80 - create IPUIPlugin
2023-12-20 00:16:32,612 [INFO] PluginManager:220 - loadIPPluginJar : add gpio
2023-12-20 00:16:32,703 [INFO] IPUIPlugin:80 - create IPUIPlugin
2023-12-20 00:16:32,703 [INFO] PluginManager:220 - loadIPPluginJar : add gtzc
2023-12-20 00:16:32,736 [INFO] IPUIPlugin:80 - create IPUIPlugin
2023-12-20 00:16:32,736 [INFO] PluginManager:220 - loadIPPluginJar : add hash
2023-12-20 00:16:32,787 [INFO] IPUIPlugin:80 - create IPUIPlugin
2023-12-20 00:16:32,787 [INFO] PluginManager:220 - loadIPPluginJar : add i2c
2023-12-20 00:16:32,824 [INFO] IPUIPlugin:80 - create IPUIPlugin
2023-12-20 00:16:32,824 [INFO] PluginManager:220 - loadIPPluginJar : add i2s
2023-12-20 00:16:32,864 [INFO] IPUIPlugin:80 - create IPUIPlugin
2023-12-20 00:16:32,864 [INFO] PluginManager:220 - loadIPPluginJar : add i3c
2023-12-20 00:16:33,003 [INFO] IPUIPlugin:80 - create IPUIPlugin
2023-12-20 00:16:33,003 [INFO] PluginManager:220 - loadIPPluginJar : add ipddr
2023-12-20 00:16:33,091 [INFO] IPUIPlugin:80 - create IPUIPlugin
2023-12-20 00:16:33,091 [INFO] PluginManager:220 - loadIPPluginJar : add linkedlist
2023-12-20 00:16:33,123 [INFO] IPUIPlugin:80 - create IPUIPlugin
2023-12-20 00:16:33,123 [INFO] PluginManager:220 - loadIPPluginJar : add lorawan
2023-12-20 00:16:33,158 [INFO] IPUIPlugin:80 - create IPUIPlugin
2023-12-20 00:16:33,158 [INFO] PluginManager:220 - loadIPPluginJar : add ltdc
2023-12-20 00:16:33,173 [INFO] IPUIPlugin:80 - create IPUIPlugin
2023-12-20 00:16:33,173 [INFO] PluginManager:220 - loadIPPluginJar : add mdma
2023-12-20 00:16:33,185 [INFO] IPUIPlugin:80 - create IPUIPlugin
2023-12-20 00:16:33,185 [INFO] PluginManager:220 - loadIPPluginJar : add nvic
2023-12-20 00:16:33,219 [INFO] IPUIPlugin:80 - create IPUIPlugin
2023-12-20 00:16:33,219 [INFO] PluginManager:220 - loadIPPluginJar : add opamp
2023-12-20 00:16:33,288 [INFO] IPUIPlugin:80 - create IPUIPlugin
2023-12-20 00:16:33,288 [INFO] PluginManager:220 - loadIPPluginJar : add openamp
2023-12-20 00:16:33,341 [INFO] IPUIPlugin:80 - create IPUIPlugin
2023-12-20 00:16:33,341 [INFO] PluginManager:220 - loadIPPluginJar : add pdm2pcm
2023-12-20 00:16:33,358 [INFO] IPUIPlugin:80 - create IPUIPlugin
2023-12-20 00:16:33,360 [INFO] PluginManager:220 - loadIPPluginJar : add plateformsettings
2023-12-20 00:16:33,383 [INFO] IPUIPlugin:80 - create IPUIPlugin
2023-12-20 00:16:33,383 [INFO] PluginManager:220 - loadIPPluginJar : add quadspi
2023-12-20 00:16:33,402 [INFO] IPUIPlugin:80 - create IPUIPlugin
2023-12-20 00:16:33,402 [INFO] PluginManager:220 - loadIPPluginJar : add resmgrutility
2023-12-20 00:16:33,456 [INFO] IPUIPlugin:80 - create IPUIPlugin
2023-12-20 00:16:33,456 [INFO] PluginManager:220 - loadIPPluginJar : add sai
2023-12-20 00:16:33,496 [INFO] IPUIPlugin:80 - create IPUIPlugin
2023-12-20 00:16:33,496 [INFO] PluginManager:220 - loadIPPluginJar : add spi
2023-12-20 00:16:33,559 [INFO] IPUIPlugin:80 - create IPUIPlugin
2023-12-20 00:16:33,559 [INFO] PluginManager:220 - loadIPPluginJar : add stm32_wpan
2023-12-20 00:16:33,583 [INFO] IPUIPlugin:80 - create IPUIPlugin
2023-12-20 00:16:33,583 [INFO] PluginManager:220 - loadIPPluginJar : add tim
2023-12-20 00:16:33,646 [INFO] IPUIPlugin:80 - create IPUIPlugin
2023-12-20 00:16:33,646 [INFO] PluginManager:220 - loadIPPluginJar : add touchsensing
2023-12-20 00:16:33,669 [INFO] IPUIPlugin:80 - create IPUIPlugin
2023-12-20 00:16:33,669 [INFO] PluginManager:220 - loadIPPluginJar : add tracer_emb
2023-12-20 00:16:33,692 [INFO] IPUIPlugin:80 - create IPUIPlugin
2023-12-20 00:16:33,692 [INFO] PluginManager:220 - loadIPPluginJar : add ts
2023-12-20 00:16:33,715 [INFO] IPUIPlugin:80 - create IPUIPlugin
2023-12-20 00:16:33,715 [INFO] PluginManager:220 - loadIPPluginJar : add tsc
2023-12-20 00:16:33,737 [INFO] IPUIPlugin:80 - create IPUIPlugin
2023-12-20 00:16:33,738 [INFO] PluginManager:220 - loadIPPluginJar : add ucpd
2023-12-20 00:16:33,784 [INFO] IPUIPlugin:80 - create IPUIPlugin
2023-12-20 00:16:33,784 [INFO] PluginManager:220 - loadIPPluginJar : add usart
2023-12-20 00:16:33,828 [INFO] IPUIPlugin:80 - create IPUIPlugin
2023-12-20 00:16:33,828 [INFO] PluginManager:220 - loadIPPluginJar : add usbx
2023-12-20 00:16:33,971 [INFO] CADModel:165 - CPN selected for project level
2023-12-20 00:16:33,972 [INFO] CADModel:114 - Register for checkConnection events
2023-12-20 00:16:33,972 [FATAL] Updater:308 - Updater called before beeing initialized
2023-12-20 00:16:33,972 [ERROR] CADModel:125 - Updater not yet initialized, retry later 
2023-12-20 00:16:34,257 [INFO] CADModel:165 - CPN selected for project level
2023-12-20 00:16:34,257 [INFO] CADModel:114 - Register for checkConnection events
2023-12-20 00:16:34,258 [FATAL] Updater:308 - Updater called before beeing initialized
2023-12-20 00:16:34,258 [ERROR] CADModel:125 - Updater not yet initialized, retry later 
2023-12-20 00:16:34,261 [FATAL] Updater:308 - Updater called before beeing initialized
2023-12-20 00:16:34,366 [INFO] ThirdPartyUpdaterWithRetryManager:70 - Updater plugin not ready yet. [2/15]
2023-12-20 00:16:34,429 [FATAL] Updater:308 - Updater called before beeing initialized
2023-12-20 00:16:34,448 [INFO] DbMcusAds:53 - JSON generation date=Tue Mar 07 15:50:55 ICT 2023 (1678179055335)
2023-12-20 00:16:34,448 [FATAL] Updater:308 - Updater called before beeing initialized
2023-12-20 00:16:34,624 [WARN] DetailPanel:346 - Failed to get advertising image, set to default
2023-12-20 00:16:34,762 [FATAL] Updater:308 - Updater called before beeing initialized
2023-12-20 00:16:34,765 [FATAL] Updater:308 - Updater called before beeing initialized
2023-12-20 00:16:34,765 [FATAL] Updater:308 - Updater called before beeing initialized
2023-12-20 00:16:34,765 [WARN] DetailPanel:346 - Failed to get advertising image, set to default
2023-12-20 00:16:34,766 [FATAL] Updater:308 - Updater called before beeing initialized
2023-12-20 00:16:34,843 [ERROR] Updater:1120 - MainUpdater not yet initialized. External WinMGr cannot be set.
2023-12-20 00:16:34,855 [INFO] Updater:1056 - Updater Version found : 6.9.0
2023-12-20 00:16:34,879 [INFO] ApplicationProperties:184 - Using Application install path: C:\ST\STM32CubeIDE_1.13.0\STM32CubeIDE\plugins\com.st.stm32cube.common.mx_6.9.0.202307051724
2023-12-20 00:16:35,162 [INFO] MainUpdater:2868 - connection check result : 10
2023-12-20 00:16:35,163 [INFO] MainUpdater:3562 - Updater definition file requires update
2023-12-20 00:16:35,167 [INFO] MainUpdater:285 - Updater Check For Update Now.
2023-12-20 00:16:35,168 [INFO] MicroXplorer:498 - Change Database Version : DB.6.0.90
2023-12-20 00:16:35,218 [INFO] McuFinderGlobals:63 - Set McuFinder mode to 2 (CubeIDE integrated)
2023-12-20 00:16:35,219 [INFO] UserAuth:179 - activating auth plugin
2023-12-20 00:16:35,223 [INFO] UserAuth:393 - Internet connection configuration mode: 1
2023-12-20 00:16:35,253 [INFO] ServerAccessManage:473 - Download File updaters.zip
2023-12-20 00:16:35,262 [INFO] JxBrowserEngine:151 - Initiate JxBrowser Engine with user profile folder
2023-12-20 00:16:35,379 [INFO] FileExtend:240 - Unzip File : updaters.zip
2023-12-20 00:16:35,379 [INFO] FileExtend:255 - Standard Zip Deflate
2023-12-20 00:16:36,057 [INFO] ServerAccessManage:473 - Download File PacksControlFlags.xml
2023-12-20 00:16:36,240 [INFO] ServerAccessManage:473 - Download File cubemx.pidx
2023-12-20 00:16:36,473 [INFO] LoadServerUpdatesThread:373 - End of LoadServerUpdate Thread
2023-12-20 00:16:36,765 [INFO] CheckServerUpdateThread:120 - End of CheckServer Thread
2023-12-20 00:16:37,683 [WARN] PackLoader:240 - Cannot read IP mode file for STMicroelectronics.X-CUBE-SMBUS.2.1.0
2023-12-20 00:16:37,755 [WARN] PackLoader:240 - Cannot read IP mode file for STMicroelectronics.X-CUBE-AZRTOS-F7.1.1.0
2023-12-20 00:16:37,791 [WARN] PackLoader:240 - Cannot read IP mode file for STMicroelectronics.FP-SNS-MOTENV1.4.3.2
2023-12-20 00:16:37,822 [WARN] PackLoader:240 - Cannot read IP mode file for STMicroelectronics.X-CUBE-BLE1.6.2.4
2023-12-20 00:16:37,844 [WARN] PackLoader:240 - Cannot read IP mode file for STMicroelectronics.FP-SNS-FLIGHT1.5.0.2
2023-12-20 00:16:37,869 [WARN] PackLoader:240 - Cannot read IP mode file for STMicroelectronics.X-CUBE-BLE1.7.0.0
2023-12-20 00:16:37,894 [WARN] PackLoader:240 - Cannot read IP mode file for STMicroelectronics.X-CUBE-TOUCHGFX.4.22.0
2023-12-20 00:16:37,916 [WARN] PackLoader:240 - Cannot read IP mode file for STMicroelectronics.X-CUBE-TOUCHGFX.4.22.1
2023-12-20 00:16:38,038 [WARN] PackLoader:240 - Cannot read IP mode file for STMicroelectronics.X-CUBE-MEMS1.9.3.0
2023-12-20 00:16:38,295 [WARN] PackLoader:240 - Cannot read IP mode file for STMicroelectronics.FP-SNS-SMARTAG2.1.2.0
2023-12-20 00:16:38,324 [INFO] LogOutputStream:77 - [STDOUT_REDIRECT] 1 : Invalid condition id : UX_CORESTACK_Condition cause : null
2023-12-20 00:16:38,325 [INFO] LogOutputStream:77 - [STDOUT_REDIRECT] 1 : Invalid condition id : UX_CORESTACK_Condition cause : null
2023-12-20 00:16:38,327 [INFO] LogOutputStream:77 - [STDOUT_REDIRECT] 1 : Invalid condition id : UX_CORESTACK_Condition cause : null
2023-12-20 00:16:38,330 [INFO] LogOutputStream:77 - [STDOUT_REDIRECT] 1 : Invalid condition id : UX_CORESTACK_Condition cause : null
2023-12-20 00:16:38,332 [INFO] LogOutputStream:77 - [STDOUT_REDIRECT] 1 : Invalid condition id : UX_CORESTACK_Condition cause : null
2023-12-20 00:16:38,339 [WARN] PackLoader:240 - Cannot read IP mode file for STMicroelectronics.X-CUBE-AZRTOS-WL.2.0.0
2023-12-20 00:16:38,367 [WARN] PackLoader:240 - Cannot read IP mode file for WES.I-CUBE-Cesium.1.3.0
2023-12-20 00:16:38,387 [WARN] PackLoader:240 - Cannot read IP mode file for STMicroelectronics.X-CUBE-BLE2.3.3.0
2023-12-20 00:16:38,418 [WARN] PackLoader:240 - Cannot read IP mode file for STMicroelectronics.X-CUBE-TOF1.3.2.0
2023-12-20 00:16:38,443 [WARN] PackLoader:240 - Cannot read IP mode file for STMicroelectronics.X-CUBE-ISPU.1.0.0
2023-12-20 00:16:38,457 [WARN] PackLoader:240 - Cannot read IP mode file for STMicroelectronics.X-CUBE-TOUCHGFX.4.21.1
2023-12-20 00:16:38,549 [WARN] PackLoader:240 - Cannot read IP mode file for STMicroelectronics.X-CUBE-MEMS1.9.4.0
2023-12-20 00:16:38,827 [WARN] PackLoader:240 - Cannot read IP mode file for STMicroelectronics.X-CUBE-AI.7.3.0
2023-12-20 00:16:38,895 [WARN] PackLoader:240 - Cannot read IP mode file for STMicroelectronics.X-CUBE-AZRTOS-G0.1.1.0
2023-12-20 00:16:38,932 [WARN] PackLoader:240 - Cannot read IP mode file for STMicroelectronics.X-CUBE-NFC4.3.0.0
2023-12-20 00:16:38,973 [WARN] PackLoader:240 - Cannot read IP mode file for STMicroelectronics.X-CUBE-BLEMGR.3.0.0
2023-12-20 00:16:39,017 [WARN] PackLoader:240 - Cannot read IP mode file for STMicroelectronics.X-CUBE-BLEMGR.1.3.0
2023-12-20 00:16:39,043 [WARN] PackLoader:240 - Cannot read IP mode file for STMicroelectronics.FP-ATR-SIGFOX1.3.2.0
2023-12-20 00:16:39,063 [WARN] PackLoader:240 - Cannot read IP mode file for STMicroelectronics.X-CUBE-TOUCHGFX.4.20.0
2023-12-20 00:16:39,154 [WARN] PackLoader:240 - Cannot read IP mode file for SEGGER.I-CUBE-embOS.1.3.1
2023-12-20 00:16:39,258 [WARN] PackLoader:240 - Cannot read IP mode file for STMicroelectronics.X-CUBE-GNSS1.6.0.0
2023-12-20 00:16:39,329 [WARN] PackLoader:240 - Cannot read IP mode file for STMicroelectronics.X-CUBE-AZRTOS-F4.1.1.0
2023-12-20 00:16:39,395 [WARN] PackLoader:240 - Cannot read IP mode file for STMicroelectronics.X-CUBE-BLEMGR.1.2.0
2023-12-20 00:16:39,490 [WARN] PackLoader:240 - Cannot read IP mode file for STMicroelectronics.X-CUBE-AZRTOS-L5.2.0.0
2023-12-20 00:16:39,625 [WARN] PackLoader:240 - Cannot read IP mode file for STMicroelectronics.X-CUBE-MEMS1.9.6.0
2023-12-20 00:16:40,189 [WARN] PackLoader:240 - Cannot read IP mode file for STMicroelectronics.X-CUBE-EEPRMA1.4.2.0
2023-12-20 00:16:40,235 [WARN] PackLoader:240 - Cannot read IP mode file for ITTIA_DB.I-CUBE-ITTIADB.8.8.0
2023-12-20 00:16:40,265 [WARN] PackLoader:240 - Cannot read IP mode file for STMicroelectronics.X-CUBE-BLEMGR.2.0.0
2023-12-20 00:16:40,368 [WARN] ConditionMgr:438 - getConditionDescription Invalid condition id : UX DEVICE CLASS RTOS Condition cause : null
2023-12-20 00:16:40,370 [WARN] ConditionMgr:438 - getConditionDescription Invalid condition id : UX DEVICE CLASS RTOS Condition cause : null
2023-12-20 00:16:40,394 [WARN] PackLoader:240 - Cannot read IP mode file for STMicroelectronics.X-CUBE-AZRTOS-H7.3.1.0
2023-12-20 00:16:40,399 [WARN] ConditionMgr:1039 - genDependencies : Invalid condition id : UX DEVICE CLASS RTOS Condition cause : null
2023-12-20 00:16:40,400 [WARN] ConditionMgr:1039 - genDependencies : Invalid condition id : UX DEVICE CLASS RTOS Condition cause : null
2023-12-20 00:16:40,406 [WARN] ConditionMgr:1039 - genDependencies : Invalid condition id : UX DEVICE CLASS RTOS Condition cause : null
2023-12-20 00:16:40,407 [WARN] ConditionMgr:1039 - genDependencies : Invalid condition id : UX DEVICE CLASS RTOS Condition cause : null
2023-12-20 00:16:40,408 [WARN] ConditionMgr:1039 - genDependencies : Invalid condition id : UX DEVICE CLASS RTOS Condition cause : null
2023-12-20 00:16:40,492 [WARN] PackLoader:240 - Cannot read IP mode file for STMicroelectronics.X-CUBE-NFC7.1.0.1
2023-12-20 00:16:41,056 [WARN] PackLoader:240 - Cannot read IP mode file for STMicroelectronics.X-CUBE-NFC6.3.0.0
2023-12-20 00:16:41,176 [WARN] PackLoader:240 - Cannot read IP mode file for STMicroelectronics.X-CUBE-EEPRMA1.4.1.0
2023-12-20 00:16:41,197 [WARN] PackLoader:240 - Cannot read IP mode file for STMicroelectronics.X-CUBE-AI.8.1.0
2023-12-20 00:16:41,302 [WARN] ConditionMgr:438 - getConditionDescription Invalid condition id : LAN8742 Phy interface Condition cause : null
2023-12-20 00:16:41,303 [WARN] PackLoader:240 - Cannot read IP mode file for STMicroelectronics.X-CUBE-AZRTOS-L4.2.0.0
2023-12-20 00:16:41,305 [WARN] ConditionMgr:1039 - genDependencies : Invalid condition id : LAN8742 Phy interface Condition cause : null
2023-12-20 00:16:41,306 [WARN] ConditionMgr:1039 - genDependencies : Invalid condition id : LAN8742 Phy interface Condition cause : null
2023-12-20 00:16:41,307 [WARN] ConditionMgr:1039 - genDependencies : Invalid condition id : LAN8742 Phy interface Condition cause : null
2023-12-20 00:16:41,349 [WARN] PackLoader:240 - Cannot read IP mode file for STMicroelectronics.X-CUBE-SFXS2LP1.4.0.0
2023-12-20 00:16:41,433 [WARN] PackLoader:240 - Cannot read IP mode file for STMicroelectronics.X-CUBE-AZRTOS-H7.3.0.0
2023-12-20 00:16:41,469 [WARN] PackLoader:240 - Cannot read IP mode file for STMicroelectronics.X-CUBE-ISPU.1.1.0
2023-12-20 00:16:41,525 [WARN] ConditionMgr:438 - getConditionDescription Invalid condition id : UX DEVICE CLASS RTOS Condition cause : null
2023-12-20 00:16:41,525 [WARN] ConditionMgr:438 - getConditionDescription Invalid condition id : UX DEVICE CLASS RTOS Condition cause : null
2023-12-20 00:16:41,529 [WARN] PackLoader:240 - Cannot read IP mode file for STMicroelectronics.X-CUBE-AZRTOS-WB.2.0.0
2023-12-20 00:16:41,530 [WARN] ConditionMgr:1039 - genDependencies : Invalid condition id : UX DEVICE CLASS RTOS Condition cause : null
2023-12-20 00:16:41,530 [WARN] ConditionMgr:1039 - genDependencies : Invalid condition id : UX DEVICE CLASS RTOS Condition cause : null
2023-12-20 00:16:41,531 [WARN] ConditionMgr:1039 - genDependencies : Invalid condition id : UX DEVICE CLASS RTOS Condition cause : null
2023-12-20 00:16:41,531 [WARN] ConditionMgr:1039 - genDependencies : Invalid condition id : UX DEVICE CLASS RTOS Condition cause : null
2023-12-20 00:16:41,532 [WARN] ConditionMgr:1039 - genDependencies : Invalid condition id : UX DEVICE CLASS RTOS Condition cause : null
2023-12-20 00:16:41,554 [WARN] PackLoader:240 - Cannot read IP mode file for STMicroelectronics.X-CUBE-FREERTOS.1.0.1
2023-12-20 00:16:41,600 [WARN] PackLoader:240 - Cannot read IP mode file for STMicroelectronics.X-CUBE-AZRTOS-L5.1.1.0
2023-12-20 00:16:41,622 [WARN] PackLoader:240 - Cannot read IP mode file for STMicroelectronics.X-CUBE-AI.8.0.1
2023-12-20 00:16:41,660 [WARN] PackLoader:240 - Cannot read IP mode file for STMicroelectronics.X-CUBE-TOF1.3.3.1
2023-12-20 00:16:41,723 [WARN] PackLoader:240 - Cannot read IP mode file for STMicroelectronics.X-CUBE-AZRTOS-G4.2.0.0
2023-12-20 00:16:41,749 [WARN] PackLoader:240 - Cannot read IP mode file for STMicroelectronics.FP-ATR-ASTRA1.1.1.1
2023-12-20 00:16:41,795 [INFO] WebApp:157 - Instantiating new browser for Auth
2023-12-20 00:16:41,810 [WARN] PackLoader:240 - Cannot read IP mode file for Infineon.AIROC-Wi-Fi-Bluetooth-STM32.1.5.1
2023-12-20 00:16:41,887 [WARN] PackLoader:240 - Cannot read IP mode file for STMicroelectronics.FP-SNS-MOTENVWB1.1.3.0
2023-12-20 00:16:42,112 [WARN] PackLoader:240 - Cannot read IP mode file for STMicroelectronics.X-CUBE-MEMS1.10.0.0
2023-12-20 00:16:42,478 [WARN] PackLoader:240 - Cannot read IP mode file for STMicroelectronics.X-CUBE-FREERTOS.1.1.0
2023-12-20 00:16:42,519 [WARN] PackLoader:240 - Cannot read IP mode file for STMicroelectronics.X-CUBE-AZRTOS-WB.1.1.0
2023-12-20 00:16:42,538 [WARN] PackLoader:240 - Cannot read IP mode file for STMicroelectronics.FP-ATR-ASTRA1.2.0.0
2023-12-20 00:16:42,539 [INFO] ThirdParty:978 - Integrity check success = true
2023-12-20 00:16:42,539 [INFO] IntegrityCheckThread:100 - exiting critical section [integrity check]
2023-12-20 00:16:42,539 [INFO] IntegrityCheckThread:103 - End integrity checks thread
2023-12-20 00:16:43,845 [INFO] WebApp:753 - Register for checkConnection events
2023-12-20 00:16:43,845 [INFO] WebApp:390 - Apply proxy settings
2023-12-20 00:16:43,845 [INFO] WebApp:475 - Chromium requires no authentication
2023-12-20 00:16:43,861 [INFO] WebApp:418 - Direct internet connection detected
2023-12-20 00:16:44,109 [INFO] WebApp:188 - Starting web application
2023-12-20 00:16:44,109 [INFO] WebApp:520 - Web application path used C:\ST\STM32CubeIDE_1.13.0\STM32CubeIDE\plugins\com.st.stm32cube.common.mx_6.9.0.202307051724\db\plugins\mcufinder\reactClient1\index.html
2023-12-20 00:17:05,566 [ERROR] LogOutputStream:75 - [STDERR_REDIRECT] SLF4J: Failed to load class "org.slf4j.impl.StaticLoggerBinder".
2023-12-20 00:17:05,566 [ERROR] LogOutputStream:75 - [STDERR_REDIRECT] SLF4J: Defaulting to no-operation (NOP) logger implementation
2023-12-20 00:17:05,570 [ERROR] LogOutputStream:75 - [STDERR_REDIRECT] SLF4J: See http://www.slf4j.org/codes.html#StaticLoggerBinder for further details.
2023-12-20 00:32:13,723 [ERROR] LogOutputStream:75 - [STDERR_REDIRECT] 
