2023-12-25 23:43:40,996 [INFO] Activator:176 - 


2023-12-25 23:43:41,009 [INFO] Activator:177 - !SESSION log4j initialized
2023-12-25 23:43:49,879 [INFO] LogOutputStream:77 - [STDOUT_REDIRECT] 
2023-12-25 23:43:54,120 [INFO] ApplicationProperties:184 - Using Application install path: C:\ST\STM32CubeIDE_1.13.0\STM32CubeIDE\plugins\com.st.stm32cube.common.mx_6.9.0.202307051724
2023-12-25 23:43:54,142 [INFO] DbMcusXml:78 - Set database path to: C:\ST\STM32CubeIDE_1.13.0\STM32CubeIDE\plugins\com.st.stm32cube.common.mx_6.9.0.202307051724\\db\/mcu/
2023-12-25 23:43:54,142 [INFO] ApiDb:274 - Set plugin database path to: C:\ST\STM32CubeIDE_1.13.0\STM32CubeIDE\plugins\com.st.stm32cube.common.mx_6.9.0.202307051724\\db\/plugins/boardmanager/
2023-12-25 23:43:54,144 [WARN] ApiDb:259 - Overriding images path with different value:  => C:\ST\STM32CubeIDE_1.13.0\STM32CubeIDE\plugins\com.st.stm32cube.common.mx_6.9.0.202307051724\\db\/plugins/mcufinder/images/
2023-12-25 23:43:54,164 [INFO] ApiDb:250 - Set database path to: C:\Users\admin\.stmcufinder\plugins\mcufinder//mcu/
2023-12-25 23:43:54,165 [INFO] DbMcusAds:125 - Set database path to: C:\Users\admin\.stmcufinder\plugins\mcufinder//mcu/
2023-12-25 23:43:54,759 [INFO] CrossReferenceDbSqlite:203 - Set database path to: C:\Users\admin\.stmcufinder\plugins\mcufinder//mcu/cs/
2023-12-25 23:43:54,984 [INFO] RulesReader:64 - Compatibility file has been processed (293 Rules)
2023-12-25 23:43:55,089 [INFO] DbMcusXml:78 - Set database path to: C:\ST\STM32CubeIDE_1.13.0\STM32CubeIDE\plugins\com.st.stm32cube.common.mx_6.9.0.202307051724\\db\/mcu/
2023-12-25 23:43:55,089 [INFO] ApiDb:274 - Set plugin database path to: C:\ST\STM32CubeIDE_1.13.0\STM32CubeIDE\plugins\com.st.stm32cube.common.mx_6.9.0.202307051724\\db\/plugins/boardmanager/
2023-12-25 23:43:55,089 [INFO] ApiDb:261 - Set plugin images path to: C:\ST\STM32CubeIDE_1.13.0\STM32CubeIDE\plugins\com.st.stm32cube.common.mx_6.9.0.202307051724\\db\/plugins/mcufinder/images/
2023-12-25 23:43:55,090 [WARN] DbFile:41 - Overriding database path with different value: C:\Users\admin\.stmcufinder\plugins\mcufinder/ => C:\Users\admin\.stmcufinder\plugins\mcufinder
2023-12-25 23:43:55,090 [INFO] ApiDb:250 - Set database path to: C:\Users\admin\.stmcufinder\plugins\mcufinder//mcu/
2023-12-25 23:43:55,090 [WARN] DbFile:41 - Overriding database path with different value: C:\Users\admin\.stmcufinder\plugins\mcufinder/ => C:\Users\admin\.stmcufinder\plugins\mcufinder
2023-12-25 23:43:55,090 [INFO] DbMcusAds:125 - Set database path to: C:\Users\admin\.stmcufinder\plugins\mcufinder//mcu/
2023-12-25 23:43:55,090 [WARN] DbFile:41 - Overriding database path with different value: C:\Users\admin\.stmcufinder\plugins\mcufinder/ => C:\Users\admin\.stmcufinder\plugins\mcufinder
2023-12-25 23:43:55,090 [WARN] DbFile:41 - Overriding database path with different value: C:\Users\admin\.stmcufinder\plugins\mcufinder/ => C:\Users\admin\.stmcufinder\plugins\mcufinder
2023-12-25 23:43:55,759 [INFO] CrossReferenceDbSqlite:203 - Set database path to: C:\Users\admin\.stmcufinder\plugins\mcufinder//mcu/cs/
2023-12-25 23:43:55,885 [INFO] MainPanel:262 - HeapMemory: 268435456
2023-12-25 23:43:55,996 [INFO] DbMcusXml:78 - Set database path to: C:\ST\STM32CubeIDE_1.13.0\STM32CubeIDE\plugins\com.st.stm32cube.common.mx_6.9.0.202307051724\\db\/mcu/
2023-12-25 23:43:55,997 [INFO] ApiDb:274 - Set plugin database path to: C:\ST\STM32CubeIDE_1.13.0\STM32CubeIDE\plugins\com.st.stm32cube.common.mx_6.9.0.202307051724\\db\/plugins/boardmanager/
2023-12-25 23:43:55,997 [INFO] ApiDb:261 - Set plugin images path to: C:\ST\STM32CubeIDE_1.13.0\STM32CubeIDE\plugins\com.st.stm32cube.common.mx_6.9.0.202307051724\\db\/plugins/mcufinder/images/
2023-12-25 23:43:55,997 [WARN] DbFile:41 - Overriding database path with different value: C:\Users\admin\.stmcufinder\plugins\mcufinder/ => C:\Users\admin\.stmcufinder\plugins\mcufinder
2023-12-25 23:43:55,997 [INFO] ApiDb:250 - Set database path to: C:\Users\admin\.stmcufinder\plugins\mcufinder//mcu/
2023-12-25 23:43:55,997 [WARN] DbFile:41 - Overriding database path with different value: C:\Users\admin\.stmcufinder\plugins\mcufinder/ => C:\Users\admin\.stmcufinder\plugins\mcufinder
2023-12-25 23:43:55,997 [INFO] DbMcusAds:125 - Set database path to: C:\Users\admin\.stmcufinder\plugins\mcufinder//mcu/
2023-12-25 23:43:55,998 [WARN] DbFile:41 - Overriding database path with different value: C:\Users\admin\.stmcufinder\plugins\mcufinder/ => C:\Users\admin\.stmcufinder\plugins\mcufinder
2023-12-25 23:43:55,998 [WARN] DbFile:41 - Overriding database path with different value: C:\Users\admin\.stmcufinder\plugins\mcufinder/ => C:\Users\admin\.stmcufinder\plugins\mcufinder
2023-12-25 23:43:56,759 [INFO] CrossReferenceDbSqlite:203 - Set database path to: C:\Users\admin\.stmcufinder\plugins\mcufinder//mcu/cs/
2023-12-25 23:43:56,806 [INFO] ApplicationProperties:184 - Using Application install path: C:\ST\STM32CubeIDE_1.13.0\STM32CubeIDE\plugins\com.st.stm32cube.common.mx_6.9.0.202307051724
2023-12-25 23:43:56,807 [INFO] PluginManage:196 - Search for loadable plugins [exclusion list=, ]
2023-12-25 23:43:56,810 [INFO] PluginManage:310 - Check plugin analytics
2023-12-25 23:43:57,854 [INFO] AnalyticsPlugin:253 - Accepted Software Licenses: STM32CubeMX.6.9.1
2023-12-25 23:43:57,855 [INFO] AnalyticsPlugin:255 - Accepted CMSIS Pack Licenses: 
2023-12-25 23:43:57,855 [INFO] AnalyticsPlugin:257 - Accepted Firmware Licenses: 
2023-12-25 23:43:57,858 [INFO] PluginManage:359 - Loaded plugin analytics (category:tool,tabindex:-1)
2023-12-25 23:43:57,858 [INFO] PluginManage:310 - Check plugin cadmodel
2023-12-25 23:43:57,872 [INFO] CADModel:105 - Init CAD model plugin
2023-12-25 23:43:57,872 [INFO] PluginManage:359 - Loaded plugin cadmodel (category:power,tabindex:5)
2023-12-25 23:43:57,872 [INFO] PluginManage:310 - Check plugin clock
2023-12-25 23:43:57,892 [INFO] PluginManage:359 - Loaded plugin clock (category:base,tabindex:2)
2023-12-25 23:43:57,892 [INFO] PluginManage:310 - Check plugin ddr
2023-12-25 23:43:57,895 [INFO] PluginManage:359 - Loaded plugin ddr (category:tool,tabindex:6)
2023-12-25 23:43:57,895 [INFO] PluginManage:310 - Check plugin filemanager
2023-12-25 23:43:58,137 [INFO] PluginManage:359 - Loaded plugin filemanager (category:base,tabindex:10)
2023-12-25 23:43:58,137 [INFO] PluginManage:310 - Check plugin ipmanager
2023-12-25 23:43:58,145 [INFO] PluginManage:359 - Loaded plugin ipmanager (category:base,tabindex:5)
2023-12-25 23:43:58,146 [INFO] PluginManage:310 - Check plugin lpbam
2023-12-25 23:43:58,167 [INFO] PluginManage:359 - Loaded plugin lpbam (category:base,tabindex:0)
2023-12-25 23:43:58,167 [INFO] PluginManage:310 - Check plugin memorymap
2023-12-25 23:43:58,191 [INFO] PluginManage:359 - Loaded plugin memorymap (category:base,tabindex:4)
2023-12-25 23:43:58,192 [INFO] PluginManage:310 - Check plugin pinoutandconfiguration
2023-12-25 23:43:58,209 [INFO] PluginManage:359 - Loaded plugin pinoutandconfiguration (category:base,tabindex:1)
2023-12-25 23:43:58,209 [INFO] PluginManage:310 - Check plugin pinoutconfig
2023-12-25 23:43:58,344 [WARN] SupportedApi:132 - Cannot load RTOS API schema: s4s-elt-must-match.1: The content of 'definitions' must match (annotation?, (simpleType | complexType)?, (unique | key | keyref)*)). A problem was found starting at: attribute.
2023-12-25 23:43:58,487 [INFO] PluginManage:359 - Loaded plugin pinoutconfig (category:base,tabindex:0)
2023-12-25 23:43:58,487 [INFO] PluginManage:310 - Check plugin power
2023-12-25 23:43:58,509 [INFO] PluginManage:359 - Loaded plugin power (category:power,tabindex:4)
2023-12-25 23:43:58,509 [INFO] PluginManage:310 - Check plugin projectmanager
2023-12-25 23:43:58,527 [INFO] PluginManage:359 - Loaded plugin projectmanager (category:projectmanager,tabindex:3)
2023-12-25 23:43:58,527 [INFO] PluginManage:310 - Check plugin thirdparty
2023-12-25 23:43:58,818 [INFO] PluginManage:359 - Loaded plugin thirdparty (category:base,tabindex:-1)
2023-12-25 23:43:58,818 [WARN] IntegrityCheckThread:84 - waiting for thirdparty lock release [integrity check]
2023-12-25 23:43:58,818 [INFO] PluginManage:310 - Check plugin tools
2023-12-25 23:43:58,818 [INFO] IntegrityCheckThread:86 - entering critical section [integrity check]
2023-12-25 23:43:58,819 [INFO] ThirdPartyUpdaterWithRetryManager:70 - Updater plugin not ready yet. [1/15]
2023-12-25 23:43:58,856 [INFO] PluginManage:359 - Loaded plugin tools (category:base,tabindex:7)
2023-12-25 23:43:58,856 [INFO] PluginManage:310 - Check plugin tutovideos
2023-12-25 23:43:59,062 [INFO] PluginManage:359 - Loaded plugin tutovideos (category:base,tabindex:-1)
2023-12-25 23:43:59,063 [INFO] PluginManage:310 - Check plugin updater
2023-12-25 23:43:59,077 [INFO] PluginManage:359 - Loaded plugin updater (category:base,tabindex:12)
2023-12-25 23:43:59,077 [INFO] PluginManage:310 - Check plugin userauth
2023-12-25 23:43:59,084 [INFO] UserAuth:113 - Init User Auth plugin
2023-12-25 23:43:59,084 [INFO] PluginManage:359 - Loaded plugin userauth (category:base,tabindex:14)
2023-12-25 23:43:59,084 [INFO] PluginManage:283 - PluginManage : Loaded plugins [17]
2023-12-25 23:43:59,335 [INFO] PinOutPanel:1499 - setPackage(No Configuration,No Configuration)
2023-12-25 23:43:59,448 [INFO] CADModel:165 - CPN selected for project level
2023-12-25 23:43:59,449 [INFO] CADModel:114 - Register for checkConnection events
2023-12-25 23:43:59,480 [INFO] IPUIPlugin:80 - create IPUIPlugin
2023-12-25 23:43:59,480 [INFO] PluginManager:220 - loadIPPluginJar : add adc
2023-12-25 23:43:59,515 [INFO] IPUIPlugin:80 - create IPUIPlugin
2023-12-25 23:43:59,515 [INFO] PluginManager:220 - loadIPPluginJar : add aes
2023-12-25 23:43:59,556 [INFO] IPUIPlugin:80 - create IPUIPlugin
2023-12-25 23:43:59,556 [INFO] PluginManager:220 - loadIPPluginJar : add can
2023-12-25 23:43:59,577 [INFO] IPUIPlugin:80 - create IPUIPlugin
2023-12-25 23:43:59,577 [INFO] PluginManager:220 - loadIPPluginJar : add comp
2023-12-25 23:43:59,612 [INFO] IPUIPlugin:80 - create IPUIPlugin
2023-12-25 23:43:59,612 [INFO] PluginManager:220 - loadIPPluginJar : add cryp
2023-12-25 23:43:59,642 [INFO] IPUIPlugin:80 - create IPUIPlugin
2023-12-25 23:43:59,642 [INFO] PluginManager:220 - loadIPPluginJar : add dfsdm
2023-12-25 23:43:59,656 [INFO] IPUIPlugin:80 - create IPUIPlugin
2023-12-25 23:43:59,657 [INFO] PluginManager:220 - loadIPPluginJar : add dma
2023-12-25 23:43:59,701 [INFO] IPUIPlugin:80 - create IPUIPlugin
2023-12-25 23:43:59,701 [INFO] PluginManager:220 - loadIPPluginJar : add dma3
2023-12-25 23:43:59,721 [INFO] IPUIPlugin:80 - create IPUIPlugin
2023-12-25 23:43:59,721 [INFO] PluginManager:220 - loadIPPluginJar : add fatfs
2023-12-25 23:43:59,766 [INFO] IPUIPlugin:80 - create IPUIPlugin
2023-12-25 23:43:59,766 [INFO] PluginManager:220 - loadIPPluginJar : add fmc
2023-12-25 23:43:59,780 [INFO] IPUIPlugin:80 - create IPUIPlugin
2023-12-25 23:43:59,781 [INFO] PluginManager:220 - loadIPPluginJar : add freertos
2023-12-25 23:43:59,801 [INFO] IPUIPlugin:80 - create IPUIPlugin
2023-12-25 23:43:59,801 [INFO] PluginManager:220 - loadIPPluginJar : add genericplugin
2023-12-25 23:43:59,891 [INFO] IPUIPlugin:80 - create IPUIPlugin
2023-12-25 23:43:59,891 [INFO] PluginManager:220 - loadIPPluginJar : add gfxmmu
2023-12-25 23:44:00,018 [INFO] IPUIPlugin:80 - create IPUIPlugin
2023-12-25 23:44:00,018 [INFO] PluginManager:220 - loadIPPluginJar : add gic
2023-12-25 23:44:00,032 [INFO] IPUIPlugin:80 - create IPUIPlugin
2023-12-25 23:44:00,033 [INFO] PluginManager:220 - loadIPPluginJar : add gpio
2023-12-25 23:44:00,122 [INFO] IPUIPlugin:80 - create IPUIPlugin
2023-12-25 23:44:00,123 [INFO] PluginManager:220 - loadIPPluginJar : add gtzc
2023-12-25 23:44:00,153 [INFO] IPUIPlugin:80 - create IPUIPlugin
2023-12-25 23:44:00,153 [INFO] PluginManager:220 - loadIPPluginJar : add hash
2023-12-25 23:44:00,203 [INFO] IPUIPlugin:80 - create IPUIPlugin
2023-12-25 23:44:00,203 [INFO] PluginManager:220 - loadIPPluginJar : add i2c
2023-12-25 23:44:00,240 [INFO] IPUIPlugin:80 - create IPUIPlugin
2023-12-25 23:44:00,240 [INFO] PluginManager:220 - loadIPPluginJar : add i2s
2023-12-25 23:44:00,279 [INFO] IPUIPlugin:80 - create IPUIPlugin
2023-12-25 23:44:00,279 [INFO] PluginManager:220 - loadIPPluginJar : add i3c
2023-12-25 23:44:00,384 [INFO] IPUIPlugin:80 - create IPUIPlugin
2023-12-25 23:44:00,384 [INFO] PluginManager:220 - loadIPPluginJar : add ipddr
2023-12-25 23:44:00,474 [INFO] IPUIPlugin:80 - create IPUIPlugin
2023-12-25 23:44:00,475 [INFO] PluginManager:220 - loadIPPluginJar : add linkedlist
2023-12-25 23:44:00,508 [INFO] IPUIPlugin:80 - create IPUIPlugin
2023-12-25 23:44:00,508 [INFO] PluginManager:220 - loadIPPluginJar : add lorawan
2023-12-25 23:44:00,544 [INFO] IPUIPlugin:80 - create IPUIPlugin
2023-12-25 23:44:00,544 [INFO] PluginManager:220 - loadIPPluginJar : add ltdc
2023-12-25 23:44:00,557 [INFO] IPUIPlugin:80 - create IPUIPlugin
2023-12-25 23:44:00,558 [INFO] PluginManager:220 - loadIPPluginJar : add mdma
2023-12-25 23:44:00,570 [INFO] IPUIPlugin:80 - create IPUIPlugin
2023-12-25 23:44:00,571 [INFO] PluginManager:220 - loadIPPluginJar : add nvic
2023-12-25 23:44:00,604 [INFO] IPUIPlugin:80 - create IPUIPlugin
2023-12-25 23:44:00,604 [INFO] PluginManager:220 - loadIPPluginJar : add opamp
2023-12-25 23:44:00,663 [INFO] IPUIPlugin:80 - create IPUIPlugin
2023-12-25 23:44:00,663 [INFO] PluginManager:220 - loadIPPluginJar : add openamp
2023-12-25 23:44:00,704 [INFO] IPUIPlugin:80 - create IPUIPlugin
2023-12-25 23:44:00,704 [INFO] PluginManager:220 - loadIPPluginJar : add pdm2pcm
2023-12-25 23:44:00,718 [INFO] IPUIPlugin:80 - create IPUIPlugin
2023-12-25 23:44:00,720 [INFO] PluginManager:220 - loadIPPluginJar : add plateformsettings
2023-12-25 23:44:00,740 [INFO] IPUIPlugin:80 - create IPUIPlugin
2023-12-25 23:44:00,740 [INFO] PluginManager:220 - loadIPPluginJar : add quadspi
2023-12-25 23:44:00,752 [INFO] IPUIPlugin:80 - create IPUIPlugin
2023-12-25 23:44:00,752 [INFO] PluginManager:220 - loadIPPluginJar : add resmgrutility
2023-12-25 23:44:00,800 [INFO] IPUIPlugin:80 - create IPUIPlugin
2023-12-25 23:44:00,800 [INFO] PluginManager:220 - loadIPPluginJar : add sai
2023-12-25 23:44:00,836 [INFO] IPUIPlugin:80 - create IPUIPlugin
2023-12-25 23:44:00,836 [INFO] PluginManager:220 - loadIPPluginJar : add spi
2023-12-25 23:44:00,894 [INFO] IPUIPlugin:80 - create IPUIPlugin
2023-12-25 23:44:00,894 [INFO] PluginManager:220 - loadIPPluginJar : add stm32_wpan
2023-12-25 23:44:00,915 [INFO] IPUIPlugin:80 - create IPUIPlugin
2023-12-25 23:44:00,915 [INFO] PluginManager:220 - loadIPPluginJar : add tim
2023-12-25 23:44:00,970 [INFO] IPUIPlugin:80 - create IPUIPlugin
2023-12-25 23:44:00,970 [INFO] PluginManager:220 - loadIPPluginJar : add touchsensing
2023-12-25 23:44:00,991 [INFO] IPUIPlugin:80 - create IPUIPlugin
2023-12-25 23:44:00,991 [INFO] PluginManager:220 - loadIPPluginJar : add tracer_emb
2023-12-25 23:44:01,013 [INFO] IPUIPlugin:80 - create IPUIPlugin
2023-12-25 23:44:01,013 [INFO] PluginManager:220 - loadIPPluginJar : add ts
2023-12-25 23:44:01,033 [INFO] IPUIPlugin:80 - create IPUIPlugin
2023-12-25 23:44:01,033 [INFO] PluginManager:220 - loadIPPluginJar : add tsc
2023-12-25 23:44:01,054 [INFO] IPUIPlugin:80 - create IPUIPlugin
2023-12-25 23:44:01,054 [INFO] PluginManager:220 - loadIPPluginJar : add ucpd
2023-12-25 23:44:01,096 [INFO] IPUIPlugin:80 - create IPUIPlugin
2023-12-25 23:44:01,096 [INFO] PluginManager:220 - loadIPPluginJar : add usart
2023-12-25 23:44:01,137 [INFO] IPUIPlugin:80 - create IPUIPlugin
2023-12-25 23:44:01,138 [INFO] PluginManager:220 - loadIPPluginJar : add usbx
2023-12-25 23:44:01,269 [INFO] CADModel:165 - CPN selected for project level
2023-12-25 23:44:01,269 [INFO] CADModel:114 - Register for checkConnection events
2023-12-25 23:44:01,270 [FATAL] Updater:308 - Updater called before beeing initialized
2023-12-25 23:44:01,270 [ERROR] CADModel:125 - Updater not yet initialized, retry later 
2023-12-25 23:44:01,459 [INFO] CADModel:165 - CPN selected for project level
2023-12-25 23:44:01,459 [INFO] CADModel:114 - Register for checkConnection events
2023-12-25 23:44:01,459 [FATAL] Updater:308 - Updater called before beeing initialized
2023-12-25 23:44:01,459 [ERROR] CADModel:125 - Updater not yet initialized, retry later 
2023-12-25 23:44:01,463 [FATAL] Updater:308 - Updater called before beeing initialized
2023-12-25 23:44:01,578 [FATAL] Updater:308 - Updater called before beeing initialized
2023-12-25 23:44:01,589 [INFO] DbMcusAds:53 - JSON generation date=Tue Mar 07 15:50:55 ICT 2023 (1678179055335)
2023-12-25 23:44:01,589 [FATAL] Updater:308 - Updater called before beeing initialized
2023-12-25 23:44:01,634 [WARN] DetailPanel:346 - Failed to get advertising image, set to default
2023-12-25 23:44:01,747 [FATAL] Updater:308 - Updater called before beeing initialized
2023-12-25 23:44:01,749 [FATAL] Updater:308 - Updater called before beeing initialized
2023-12-25 23:44:01,749 [FATAL] Updater:308 - Updater called before beeing initialized
2023-12-25 23:44:01,749 [WARN] DetailPanel:346 - Failed to get advertising image, set to default
2023-12-25 23:44:01,750 [FATAL] Updater:308 - Updater called before beeing initialized
2023-12-25 23:44:01,815 [ERROR] Updater:1120 - MainUpdater not yet initialized. External WinMGr cannot be set.
2023-12-25 23:44:01,821 [INFO] ThirdPartyUpdaterWithRetryManager:70 - Updater plugin not ready yet. [2/15]
2023-12-25 23:44:01,826 [INFO] Updater:1056 - Updater Version found : 6.9.0
2023-12-25 23:44:01,850 [INFO] ApplicationProperties:184 - Using Application install path: C:\ST\STM32CubeIDE_1.13.0\STM32CubeIDE\plugins\com.st.stm32cube.common.mx_6.9.0.202307051724
2023-12-25 23:44:02,010 [INFO] MainUpdater:2868 - connection check result : 10
2023-12-25 23:44:02,010 [INFO] MainUpdater:3562 - Updater definition file requires update
2023-12-25 23:44:02,012 [INFO] MainUpdater:285 - Updater Check For Update Now.
2023-12-25 23:44:02,012 [INFO] MicroXplorer:498 - Change Database Version : DB.6.0.90
2023-12-25 23:44:02,031 [INFO] McuFinderGlobals:63 - Set McuFinder mode to 2 (CubeIDE integrated)
2023-12-25 23:44:02,032 [INFO] UserAuth:179 - activating auth plugin
2023-12-25 23:44:02,035 [INFO] UserAuth:393 - Internet connection configuration mode: 1
2023-12-25 23:44:02,065 [INFO] JxBrowserEngine:151 - Initiate JxBrowser Engine with user profile folder
2023-12-25 23:44:03,545 [INFO] ServerAccessManage:473 - Download File updaters.zip
2023-12-25 23:44:03,626 [INFO] FileExtend:240 - Unzip File : updaters.zip
2023-12-25 23:44:03,627 [INFO] FileExtend:255 - Standard Zip Deflate
2023-12-25 23:44:04,823 [WARN] MainUpdater:1189 - Updater busy. Cannot search thirdparties
2023-12-25 23:44:04,823 [INFO] ThirdPartyUpdaterWithRetryManager:96 - Updater plugin is busy. [1/15]
2023-12-25 23:44:04,873 [INFO] ServerAccessManage:473 - Download File PacksControlFlags.xml
2023-12-25 23:44:05,093 [INFO] ServerAccessManage:473 - Download File cubemx.pidx
2023-12-25 23:44:05,355 [INFO] LoadServerUpdatesThread:373 - End of LoadServerUpdate Thread
2023-12-25 23:44:05,627 [INFO] CheckServerUpdateThread:120 - End of CheckServer Thread
2023-12-25 23:44:05,677 [INFO] WebApp:157 - Instantiating new browser for Auth
2023-12-25 23:44:06,455 [INFO] WebApp:753 - Register for checkConnection events
2023-12-25 23:44:06,455 [INFO] WebApp:390 - Apply proxy settings
2023-12-25 23:44:06,455 [INFO] WebApp:475 - Chromium requires no authentication
2023-12-25 23:44:06,466 [INFO] WebApp:418 - Direct internet connection detected
2023-12-25 23:44:06,677 [INFO] WebApp:188 - Starting web application
2023-12-25 23:44:06,678 [INFO] WebApp:520 - Web application path used C:\ST\STM32CubeIDE_1.13.0\STM32CubeIDE\plugins\com.st.stm32cube.common.mx_6.9.0.202307051724\db\plugins\mcufinder\reactClient1\index.html
2023-12-25 23:44:08,032 [WARN] PackLoader:240 - Cannot read IP mode file for STMicroelectronics.X-CUBE-SMBUS.2.1.0
2023-12-25 23:44:08,079 [WARN] PackLoader:240 - Cannot read IP mode file for STMicroelectronics.X-CUBE-AZRTOS-F7.1.1.0
2023-12-25 23:44:08,103 [WARN] PackLoader:240 - Cannot read IP mode file for STMicroelectronics.FP-SNS-MOTENV1.4.3.2
2023-12-25 23:44:08,124 [WARN] PackLoader:240 - Cannot read IP mode file for STMicroelectronics.X-CUBE-BLE1.6.2.4
2023-12-25 23:44:08,139 [WARN] PackLoader:240 - Cannot read IP mode file for STMicroelectronics.FP-SNS-FLIGHT1.5.0.2
2023-12-25 23:44:08,159 [WARN] PackLoader:240 - Cannot read IP mode file for STMicroelectronics.X-CUBE-BLE1.7.0.0
2023-12-25 23:44:08,176 [WARN] PackLoader:240 - Cannot read IP mode file for STMicroelectronics.X-CUBE-TOUCHGFX.4.22.0
2023-12-25 23:44:08,190 [WARN] PackLoader:240 - Cannot read IP mode file for STMicroelectronics.X-CUBE-TOUCHGFX.4.22.1
2023-12-25 23:44:08,292 [WARN] PackLoader:240 - Cannot read IP mode file for STMicroelectronics.X-CUBE-MEMS1.9.3.0
2023-12-25 23:44:08,475 [WARN] PackLoader:240 - Cannot read IP mode file for STMicroelectronics.FP-SNS-SMARTAG2.1.2.0
2023-12-25 23:44:08,498 [INFO] LogOutputStream:77 - [STDOUT_REDIRECT] 1 : Invalid condition id : UX_CORESTACK_Condition cause : null
2023-12-25 23:44:08,499 [INFO] LogOutputStream:77 - [STDOUT_REDIRECT] 1 : Invalid condition id : UX_CORESTACK_Condition cause : null
2023-12-25 23:44:08,501 [INFO] LogOutputStream:77 - [STDOUT_REDIRECT] 1 : Invalid condition id : UX_CORESTACK_Condition cause : null
2023-12-25 23:44:08,503 [INFO] LogOutputStream:77 - [STDOUT_REDIRECT] 1 : Invalid condition id : UX_CORESTACK_Condition cause : null
2023-12-25 23:44:08,506 [INFO] LogOutputStream:77 - [STDOUT_REDIRECT] 1 : Invalid condition id : UX_CORESTACK_Condition cause : null
2023-12-25 23:44:08,510 [WARN] PackLoader:240 - Cannot read IP mode file for STMicroelectronics.X-CUBE-AZRTOS-WL.2.0.0
2023-12-25 23:44:08,530 [WARN] PackLoader:240 - Cannot read IP mode file for WES.I-CUBE-Cesium.1.3.0
2023-12-25 23:44:08,544 [WARN] PackLoader:240 - Cannot read IP mode file for STMicroelectronics.X-CUBE-BLE2.3.3.0
2023-12-25 23:44:08,568 [WARN] PackLoader:240 - Cannot read IP mode file for STMicroelectronics.X-CUBE-TOF1.3.2.0
2023-12-25 23:44:08,589 [WARN] PackLoader:240 - Cannot read IP mode file for STMicroelectronics.X-CUBE-ISPU.1.0.0
2023-12-25 23:44:08,603 [WARN] PackLoader:240 - Cannot read IP mode file for STMicroelectronics.X-CUBE-TOUCHGFX.4.21.1
2023-12-25 23:44:08,662 [WARN] PackLoader:240 - Cannot read IP mode file for STMicroelectronics.X-CUBE-MEMS1.9.4.0
2023-12-25 23:44:08,824 [WARN] PackLoader:240 - Cannot read IP mode file for STMicroelectronics.X-CUBE-AI.7.3.0
2023-12-25 23:44:08,853 [WARN] PackLoader:240 - Cannot read IP mode file for STMicroelectronics.X-CUBE-AZRTOS-G0.1.1.0
2023-12-25 23:44:08,869 [WARN] PackLoader:240 - Cannot read IP mode file for STMicroelectronics.X-CUBE-NFC4.3.0.0
2023-12-25 23:44:08,888 [WARN] PackLoader:240 - Cannot read IP mode file for STMicroelectronics.X-CUBE-BLEMGR.3.0.0
2023-12-25 23:44:08,907 [WARN] PackLoader:240 - Cannot read IP mode file for STMicroelectronics.X-CUBE-BLEMGR.1.3.0
2023-12-25 23:44:08,921 [WARN] PackLoader:240 - Cannot read IP mode file for STMicroelectronics.FP-ATR-SIGFOX1.3.2.0
2023-12-25 23:44:08,936 [WARN] PackLoader:240 - Cannot read IP mode file for STMicroelectronics.X-CUBE-TOUCHGFX.4.20.0
2023-12-25 23:44:08,979 [WARN] PackLoader:240 - Cannot read IP mode file for SEGGER.I-CUBE-embOS.1.3.1
2023-12-25 23:44:09,031 [WARN] PackLoader:240 - Cannot read IP mode file for STMicroelectronics.X-CUBE-GNSS1.6.0.0
2023-12-25 23:44:09,063 [WARN] PackLoader:240 - Cannot read IP mode file for STMicroelectronics.X-CUBE-AZRTOS-F4.1.1.0
2023-12-25 23:44:09,082 [WARN] PackLoader:240 - Cannot read IP mode file for STMicroelectronics.X-CUBE-BLEMGR.1.2.0
2023-12-25 23:44:09,119 [WARN] PackLoader:240 - Cannot read IP mode file for STMicroelectronics.X-CUBE-AZRTOS-L5.2.0.0
2023-12-25 23:44:09,181 [WARN] PackLoader:240 - Cannot read IP mode file for STMicroelectronics.X-CUBE-MEMS1.9.6.0
2023-12-25 23:44:09,342 [WARN] PackLoader:240 - Cannot read IP mode file for STMicroelectronics.X-CUBE-EEPRMA1.4.2.0
2023-12-25 23:44:09,360 [WARN] PackLoader:240 - Cannot read IP mode file for ITTIA_DB.I-CUBE-ITTIADB.8.8.0
2023-12-25 23:44:09,378 [WARN] PackLoader:240 - Cannot read IP mode file for STMicroelectronics.X-CUBE-BLEMGR.2.0.0
2023-12-25 23:44:09,411 [WARN] ConditionMgr:438 - getConditionDescription Invalid condition id : UX DEVICE CLASS RTOS Condition cause : null
2023-12-25 23:44:09,411 [WARN] ConditionMgr:438 - getConditionDescription Invalid condition id : UX DEVICE CLASS RTOS Condition cause : null
2023-12-25 23:44:09,424 [WARN] PackLoader:240 - Cannot read IP mode file for STMicroelectronics.X-CUBE-AZRTOS-H7.3.1.0
2023-12-25 23:44:09,425 [WARN] ConditionMgr:1039 - genDependencies : Invalid condition id : UX DEVICE CLASS RTOS Condition cause : null
2023-12-25 23:44:09,426 [WARN] ConditionMgr:1039 - genDependencies : Invalid condition id : UX DEVICE CLASS RTOS Condition cause : null
2023-12-25 23:44:09,426 [WARN] ConditionMgr:1039 - genDependencies : Invalid condition id : UX DEVICE CLASS RTOS Condition cause : null
2023-12-25 23:44:09,427 [WARN] ConditionMgr:1039 - genDependencies : Invalid condition id : UX DEVICE CLASS RTOS Condition cause : null
2023-12-25 23:44:09,427 [WARN] ConditionMgr:1039 - genDependencies : Invalid condition id : UX DEVICE CLASS RTOS Condition cause : null
2023-12-25 23:44:09,442 [WARN] PackLoader:240 - Cannot read IP mode file for STMicroelectronics.X-CUBE-NFC7.1.0.1
2023-12-25 23:44:09,458 [WARN] PackLoader:240 - Cannot read IP mode file for STMicroelectronics.X-CUBE-NFC6.3.0.0
2023-12-25 23:44:09,476 [WARN] PackLoader:240 - Cannot read IP mode file for STMicroelectronics.X-CUBE-EEPRMA1.4.1.0
2023-12-25 23:44:09,489 [WARN] PackLoader:240 - Cannot read IP mode file for STMicroelectronics.X-CUBE-AI.8.1.0
2023-12-25 23:44:09,527 [WARN] ConditionMgr:438 - getConditionDescription Invalid condition id : LAN8742 Phy interface Condition cause : null
2023-12-25 23:44:09,528 [WARN] PackLoader:240 - Cannot read IP mode file for STMicroelectronics.X-CUBE-AZRTOS-L4.2.0.0
2023-12-25 23:44:09,529 [WARN] ConditionMgr:1039 - genDependencies : Invalid condition id : LAN8742 Phy interface Condition cause : null
2023-12-25 23:44:09,530 [WARN] ConditionMgr:1039 - genDependencies : Invalid condition id : LAN8742 Phy interface Condition cause : null
2023-12-25 23:44:09,530 [WARN] ConditionMgr:1039 - genDependencies : Invalid condition id : LAN8742 Phy interface Condition cause : null
2023-12-25 23:44:09,544 [WARN] PackLoader:240 - Cannot read IP mode file for STMicroelectronics.X-CUBE-SFXS2LP1.4.0.0
2023-12-25 23:44:09,579 [WARN] PackLoader:240 - Cannot read IP mode file for STMicroelectronics.X-CUBE-AZRTOS-H7.3.0.0
2023-12-25 23:44:09,594 [WARN] PackLoader:240 - Cannot read IP mode file for STMicroelectronics.X-CUBE-ISPU.1.1.0
2023-12-25 23:44:09,624 [WARN] ConditionMgr:438 - getConditionDescription Invalid condition id : UX DEVICE CLASS RTOS Condition cause : null
2023-12-25 23:44:09,625 [WARN] ConditionMgr:438 - getConditionDescription Invalid condition id : UX DEVICE CLASS RTOS Condition cause : null
2023-12-25 23:44:09,627 [WARN] PackLoader:240 - Cannot read IP mode file for STMicroelectronics.X-CUBE-AZRTOS-WB.2.0.0
2023-12-25 23:44:09,628 [WARN] ConditionMgr:1039 - genDependencies : Invalid condition id : UX DEVICE CLASS RTOS Condition cause : null
2023-12-25 23:44:09,628 [WARN] ConditionMgr:1039 - genDependencies : Invalid condition id : UX DEVICE CLASS RTOS Condition cause : null
2023-12-25 23:44:09,628 [WARN] ConditionMgr:1039 - genDependencies : Invalid condition id : UX DEVICE CLASS RTOS Condition cause : null
2023-12-25 23:44:09,629 [WARN] ConditionMgr:1039 - genDependencies : Invalid condition id : UX DEVICE CLASS RTOS Condition cause : null
2023-12-25 23:44:09,629 [WARN] ConditionMgr:1039 - genDependencies : Invalid condition id : UX DEVICE CLASS RTOS Condition cause : null
2023-12-25 23:44:09,642 [WARN] PackLoader:240 - Cannot read IP mode file for STMicroelectronics.X-CUBE-FREERTOS.1.0.1
2023-12-25 23:44:09,670 [WARN] PackLoader:240 - Cannot read IP mode file for STMicroelectronics.X-CUBE-AZRTOS-L5.1.1.0
2023-12-25 23:44:09,685 [WARN] PackLoader:240 - Cannot read IP mode file for STMicroelectronics.X-CUBE-AI.8.0.1
2023-12-25 23:44:09,708 [WARN] PackLoader:240 - Cannot read IP mode file for STMicroelectronics.X-CUBE-TOF1.3.3.1
2023-12-25 23:44:09,748 [WARN] PackLoader:240 - Cannot read IP mode file for STMicroelectronics.X-CUBE-AZRTOS-G4.2.0.0
2023-12-25 23:44:09,764 [WARN] PackLoader:240 - Cannot read IP mode file for STMicroelectronics.FP-ATR-ASTRA1.1.1.1
2023-12-25 23:44:09,791 [WARN] PackLoader:240 - Cannot read IP mode file for Infineon.AIROC-Wi-Fi-Bluetooth-STM32.1.5.1
2023-12-25 23:44:09,806 [WARN] PackLoader:240 - Cannot read IP mode file for STMicroelectronics.FP-SNS-MOTENVWB1.1.3.0
2023-12-25 23:44:09,864 [WARN] PackLoader:240 - Cannot read IP mode file for STMicroelectronics.X-CUBE-MEMS1.10.0.0
2023-12-25 23:44:09,975 [WARN] PackLoader:240 - Cannot read IP mode file for STMicroelectronics.X-CUBE-FREERTOS.1.1.0
2023-12-25 23:44:09,999 [WARN] PackLoader:240 - Cannot read IP mode file for STMicroelectronics.X-CUBE-AZRTOS-WB.1.1.0
2023-12-25 23:44:10,013 [WARN] PackLoader:240 - Cannot read IP mode file for STMicroelectronics.FP-ATR-ASTRA1.2.0.0
2023-12-25 23:44:10,014 [INFO] ThirdParty:978 - Integrity check success = true
2023-12-25 23:44:10,014 [INFO] IntegrityCheckThread:100 - exiting critical section [integrity check]
2023-12-25 23:44:10,014 [INFO] IntegrityCheckThread:103 - End integrity checks thread
2023-12-25 23:44:27,803 [ERROR] LogOutputStream:75 - [STDERR_REDIRECT] SLF4J: Failed to load class "org.slf4j.impl.StaticLoggerBinder".
2023-12-25 23:44:27,804 [ERROR] LogOutputStream:75 - [STDERR_REDIRECT] SLF4J: Defaulting to no-operation (NOP) logger implementation
2023-12-25 23:44:27,805 [ERROR] LogOutputStream:75 - [STDERR_REDIRECT] SLF4J: See http://www.slf4j.org/codes.html#StaticLoggerBinder for further details.
