2023-09-01 22:26:08,429 [INFO] Activator:176 - 


2023-09-01 22:26:08,445 [INFO] Activator:177 - !SESSION log4j initialized
2023-09-01 22:26:16,193 [INFO] LogOutputStream:77 - [STDOUT_REDIRECT] 
2023-09-01 22:26:22,329 [INFO] ApplicationProperties:184 - Using Application install path: C:\ST\STM32CubeIDE_1.13.0\STM32CubeIDE\plugins\com.st.stm32cube.common.mx_6.9.0.202307051724
2023-09-01 22:26:22,359 [INFO] DbMcusXml:78 - Set database path to: C:\ST\STM32CubeIDE_1.13.0\STM32CubeIDE\plugins\com.st.stm32cube.common.mx_6.9.0.202307051724\\db\/mcu/
2023-09-01 22:26:22,360 [INFO] ApiDb:274 - Set plugin database path to: C:\ST\STM32CubeIDE_1.13.0\STM32CubeIDE\plugins\com.st.stm32cube.common.mx_6.9.0.202307051724\\db\/plugins/boardmanager/
2023-09-01 22:26:22,362 [WARN] ApiDb:259 - Overriding images path with different value:  => C:\ST\STM32CubeIDE_1.13.0\STM32CubeIDE\plugins\com.st.stm32cube.common.mx_6.9.0.202307051724\\db\/plugins/mcufinder/images/
2023-09-01 22:26:22,378 [INFO] ApiDb:250 - Set database path to: C:\Users\admin\.stmcufinder\plugins\mcufinder//mcu/
2023-09-01 22:26:22,380 [INFO] DbMcusAds:125 - Set database path to: C:\Users\admin\.stmcufinder\plugins\mcufinder//mcu/
2023-09-01 22:26:22,385 [INFO] CrossReferenceDbSqlite:203 - Set database path to: C:\Users\admin\.stmcufinder\plugins\mcufinder//mcu/cs/
2023-09-01 22:26:22,630 [INFO] RulesReader:64 - Compatibility file has been processed (293 Rules)
2023-09-01 22:26:22,771 [INFO] DbMcusXml:78 - Set database path to: C:\ST\STM32CubeIDE_1.13.0\STM32CubeIDE\plugins\com.st.stm32cube.common.mx_6.9.0.202307051724\\db\/mcu/
2023-09-01 22:26:22,771 [INFO] ApiDb:274 - Set plugin database path to: C:\ST\STM32CubeIDE_1.13.0\STM32CubeIDE\plugins\com.st.stm32cube.common.mx_6.9.0.202307051724\\db\/plugins/boardmanager/
2023-09-01 22:26:22,771 [INFO] ApiDb:261 - Set plugin images path to: C:\ST\STM32CubeIDE_1.13.0\STM32CubeIDE\plugins\com.st.stm32cube.common.mx_6.9.0.202307051724\\db\/plugins/mcufinder/images/
2023-09-01 22:26:22,772 [WARN] DbFile:41 - Overriding database path with different value: C:\Users\admin\.stmcufinder\plugins\mcufinder/ => C:\Users\admin\.stmcufinder\plugins\mcufinder
2023-09-01 22:26:22,772 [INFO] ApiDb:250 - Set database path to: C:\Users\admin\.stmcufinder\plugins\mcufinder//mcu/
2023-09-01 22:26:22,773 [WARN] DbFile:41 - Overriding database path with different value: C:\Users\admin\.stmcufinder\plugins\mcufinder/ => C:\Users\admin\.stmcufinder\plugins\mcufinder
2023-09-01 22:26:22,773 [INFO] DbMcusAds:125 - Set database path to: C:\Users\admin\.stmcufinder\plugins\mcufinder//mcu/
2023-09-01 22:26:22,773 [WARN] DbFile:41 - Overriding database path with different value: C:\Users\admin\.stmcufinder\plugins\mcufinder/ => C:\Users\admin\.stmcufinder\plugins\mcufinder
2023-09-01 22:26:22,773 [WARN] DbFile:41 - Overriding database path with different value: C:\Users\admin\.stmcufinder\plugins\mcufinder/ => C:\Users\admin\.stmcufinder\plugins\mcufinder
2023-09-01 22:26:22,773 [INFO] CrossReferenceDbSqlite:203 - Set database path to: C:\Users\admin\.stmcufinder\plugins\mcufinder//mcu/cs/
2023-09-01 22:26:22,925 [INFO] MainPanel:262 - HeapMemory: 268435456
2023-09-01 22:26:23,063 [INFO] DbMcusXml:78 - Set database path to: C:\ST\STM32CubeIDE_1.13.0\STM32CubeIDE\plugins\com.st.stm32cube.common.mx_6.9.0.202307051724\\db\/mcu/
2023-09-01 22:26:23,063 [INFO] ApiDb:274 - Set plugin database path to: C:\ST\STM32CubeIDE_1.13.0\STM32CubeIDE\plugins\com.st.stm32cube.common.mx_6.9.0.202307051724\\db\/plugins/boardmanager/
2023-09-01 22:26:23,064 [INFO] ApiDb:261 - Set plugin images path to: C:\ST\STM32CubeIDE_1.13.0\STM32CubeIDE\plugins\com.st.stm32cube.common.mx_6.9.0.202307051724\\db\/plugins/mcufinder/images/
2023-09-01 22:26:23,064 [WARN] DbFile:41 - Overriding database path with different value: C:\Users\admin\.stmcufinder\plugins\mcufinder/ => C:\Users\admin\.stmcufinder\plugins\mcufinder
2023-09-01 22:26:23,064 [INFO] ApiDb:250 - Set database path to: C:\Users\admin\.stmcufinder\plugins\mcufinder//mcu/
2023-09-01 22:26:23,065 [WARN] DbFile:41 - Overriding database path with different value: C:\Users\admin\.stmcufinder\plugins\mcufinder/ => C:\Users\admin\.stmcufinder\plugins\mcufinder
2023-09-01 22:26:23,065 [INFO] DbMcusAds:125 - Set database path to: C:\Users\admin\.stmcufinder\plugins\mcufinder//mcu/
2023-09-01 22:26:23,065 [WARN] DbFile:41 - Overriding database path with different value: C:\Users\admin\.stmcufinder\plugins\mcufinder/ => C:\Users\admin\.stmcufinder\plugins\mcufinder
2023-09-01 22:26:23,065 [WARN] DbFile:41 - Overriding database path with different value: C:\Users\admin\.stmcufinder\plugins\mcufinder/ => C:\Users\admin\.stmcufinder\plugins\mcufinder
2023-09-01 22:26:23,066 [INFO] CrossReferenceDbSqlite:203 - Set database path to: C:\Users\admin\.stmcufinder\plugins\mcufinder//mcu/cs/
2023-09-01 22:26:23,089 [INFO] ApplicationProperties:184 - Using Application install path: C:\ST\STM32CubeIDE_1.13.0\STM32CubeIDE\plugins\com.st.stm32cube.common.mx_6.9.0.202307051724
2023-09-01 22:26:23,089 [INFO] PluginManage:196 - Search for loadable plugins [exclusion list=, ]
2023-09-01 22:26:23,089 [INFO] PluginManage:310 - Check plugin analytics
2023-09-01 22:26:28,383 [INFO] AnalyticsPlugin:253 - Accepted Software Licenses: STM32CubeMX.6.9.1
2023-09-01 22:26:28,383 [INFO] AnalyticsPlugin:255 - Accepted CMSIS Pack Licenses: 
2023-09-01 22:26:28,383 [INFO] AnalyticsPlugin:257 - Accepted Firmware Licenses: 
2023-09-01 22:26:28,393 [INFO] PluginManage:359 - Loaded plugin analytics (category:tool,tabindex:-1)
2023-09-01 22:26:28,393 [INFO] PluginManage:310 - Check plugin cadmodel
2023-09-01 22:26:28,420 [INFO] CADModel:105 - Init CAD model plugin
2023-09-01 22:26:28,420 [INFO] PluginManage:359 - Loaded plugin cadmodel (category:power,tabindex:5)
2023-09-01 22:26:28,421 [INFO] PluginManage:310 - Check plugin clock
2023-09-01 22:26:28,441 [INFO] PluginManage:359 - Loaded plugin clock (category:base,tabindex:2)
2023-09-01 22:26:28,441 [INFO] PluginManage:310 - Check plugin ddr
2023-09-01 22:26:28,444 [INFO] PluginManage:359 - Loaded plugin ddr (category:tool,tabindex:6)
2023-09-01 22:26:28,444 [INFO] PluginManage:310 - Check plugin filemanager
2023-09-01 22:26:28,629 [INFO] PluginManage:359 - Loaded plugin filemanager (category:base,tabindex:10)
2023-09-01 22:26:28,629 [INFO] PluginManage:310 - Check plugin ipmanager
2023-09-01 22:26:28,639 [INFO] PluginManage:359 - Loaded plugin ipmanager (category:base,tabindex:5)
2023-09-01 22:26:28,640 [INFO] PluginManage:310 - Check plugin lpbam
2023-09-01 22:26:28,660 [INFO] PluginManage:359 - Loaded plugin lpbam (category:base,tabindex:0)
2023-09-01 22:26:28,660 [INFO] PluginManage:310 - Check plugin memorymap
2023-09-01 22:26:28,686 [INFO] PluginManage:359 - Loaded plugin memorymap (category:base,tabindex:4)
2023-09-01 22:26:28,686 [INFO] PluginManage:310 - Check plugin pinoutandconfiguration
2023-09-01 22:26:28,704 [INFO] PluginManage:359 - Loaded plugin pinoutandconfiguration (category:base,tabindex:1)
2023-09-01 22:26:28,704 [INFO] PluginManage:310 - Check plugin pinoutconfig
2023-09-01 22:26:28,821 [WARN] SupportedApi:132 - Cannot load RTOS API schema: s4s-elt-must-match.1: The content of 'definitions' must match (annotation?, (simpleType | complexType)?, (unique | key | keyref)*)). A problem was found starting at: attribute.
2023-09-01 22:26:28,982 [INFO] PluginManage:359 - Loaded plugin pinoutconfig (category:base,tabindex:0)
2023-09-01 22:26:28,983 [INFO] PluginManage:310 - Check plugin power
2023-09-01 22:26:29,010 [INFO] PluginManage:359 - Loaded plugin power (category:power,tabindex:4)
2023-09-01 22:26:29,010 [INFO] PluginManage:310 - Check plugin projectmanager
2023-09-01 22:26:29,047 [INFO] PluginManage:359 - Loaded plugin projectmanager (category:projectmanager,tabindex:3)
2023-09-01 22:26:29,047 [INFO] PluginManage:310 - Check plugin thirdparty
2023-09-01 22:26:29,405 [INFO] PluginManage:359 - Loaded plugin thirdparty (category:base,tabindex:-1)
2023-09-01 22:26:29,405 [WARN] IntegrityCheckThread:84 - waiting for thirdparty lock release [integrity check]
2023-09-01 22:26:29,405 [INFO] PluginManage:310 - Check plugin tools
2023-09-01 22:26:29,406 [INFO] IntegrityCheckThread:86 - entering critical section [integrity check]
2023-09-01 22:26:29,407 [INFO] ThirdPartyUpdaterWithRetryManager:70 - Updater plugin not ready yet. [1/15]
2023-09-01 22:26:29,469 [INFO] PluginManage:359 - Loaded plugin tools (category:base,tabindex:7)
2023-09-01 22:26:29,469 [INFO] PluginManage:310 - Check plugin tutovideos
2023-09-01 22:26:29,822 [INFO] PluginManage:359 - Loaded plugin tutovideos (category:base,tabindex:-1)
2023-09-01 22:26:29,822 [INFO] PluginManage:310 - Check plugin updater
2023-09-01 22:26:29,838 [INFO] PluginManage:359 - Loaded plugin updater (category:base,tabindex:12)
2023-09-01 22:26:29,838 [INFO] PluginManage:310 - Check plugin userauth
2023-09-01 22:26:29,853 [INFO] UserAuth:113 - Init User Auth plugin
2023-09-01 22:26:29,853 [INFO] PluginManage:359 - Loaded plugin userauth (category:base,tabindex:14)
2023-09-01 22:26:29,853 [INFO] PluginManage:283 - PluginManage : Loaded plugins [17]
2023-09-01 22:26:30,189 [INFO] PinOutPanel:1499 - setPackage(No Configuration,No Configuration)
2023-09-01 22:26:30,375 [INFO] CADModel:165 - CPN selected for project level
2023-09-01 22:26:30,375 [INFO] CADModel:114 - Register for checkConnection events
2023-09-01 22:26:30,416 [INFO] IPUIPlugin:80 - create IPUIPlugin
2023-09-01 22:26:30,416 [INFO] PluginManager:220 - loadIPPluginJar : add adc
2023-09-01 22:26:30,484 [INFO] IPUIPlugin:80 - create IPUIPlugin
2023-09-01 22:26:30,484 [INFO] PluginManager:220 - loadIPPluginJar : add aes
2023-09-01 22:26:30,546 [INFO] IPUIPlugin:80 - create IPUIPlugin
2023-09-01 22:26:30,546 [INFO] PluginManager:220 - loadIPPluginJar : add can
2023-09-01 22:26:30,593 [INFO] IPUIPlugin:80 - create IPUIPlugin
2023-09-01 22:26:30,593 [INFO] PluginManager:220 - loadIPPluginJar : add comp
2023-09-01 22:26:30,633 [INFO] IPUIPlugin:80 - create IPUIPlugin
2023-09-01 22:26:30,633 [INFO] PluginManager:220 - loadIPPluginJar : add cryp
2023-09-01 22:26:30,664 [INFO] IPUIPlugin:80 - create IPUIPlugin
2023-09-01 22:26:30,664 [INFO] PluginManager:220 - loadIPPluginJar : add dfsdm
2023-09-01 22:26:30,680 [INFO] IPUIPlugin:80 - create IPUIPlugin
2023-09-01 22:26:30,680 [INFO] PluginManager:220 - loadIPPluginJar : add dma
2023-09-01 22:26:30,762 [INFO] IPUIPlugin:80 - create IPUIPlugin
2023-09-01 22:26:30,762 [INFO] PluginManager:220 - loadIPPluginJar : add dma3
2023-09-01 22:26:30,793 [INFO] IPUIPlugin:80 - create IPUIPlugin
2023-09-01 22:26:30,794 [INFO] PluginManager:220 - loadIPPluginJar : add fatfs
2023-09-01 22:26:30,847 [INFO] IPUIPlugin:80 - create IPUIPlugin
2023-09-01 22:26:30,847 [INFO] PluginManager:220 - loadIPPluginJar : add fmc
2023-09-01 22:26:30,868 [INFO] IPUIPlugin:80 - create IPUIPlugin
2023-09-01 22:26:30,868 [INFO] PluginManager:220 - loadIPPluginJar : add freertos
2023-09-01 22:26:30,911 [INFO] IPUIPlugin:80 - create IPUIPlugin
2023-09-01 22:26:30,912 [INFO] PluginManager:220 - loadIPPluginJar : add genericplugin
2023-09-01 22:26:31,046 [INFO] IPUIPlugin:80 - create IPUIPlugin
2023-09-01 22:26:31,046 [INFO] PluginManager:220 - loadIPPluginJar : add gfxmmu
2023-09-01 22:26:31,212 [INFO] IPUIPlugin:80 - create IPUIPlugin
2023-09-01 22:26:31,213 [INFO] PluginManager:220 - loadIPPluginJar : add gic
2023-09-01 22:26:31,228 [INFO] IPUIPlugin:80 - create IPUIPlugin
2023-09-01 22:26:31,228 [INFO] PluginManager:220 - loadIPPluginJar : add gpio
2023-09-01 22:26:31,330 [INFO] IPUIPlugin:80 - create IPUIPlugin
2023-09-01 22:26:31,330 [INFO] PluginManager:220 - loadIPPluginJar : add gtzc
2023-09-01 22:26:31,366 [INFO] IPUIPlugin:80 - create IPUIPlugin
2023-09-01 22:26:31,366 [INFO] PluginManager:220 - loadIPPluginJar : add hash
2023-09-01 22:26:31,421 [INFO] IPUIPlugin:80 - create IPUIPlugin
2023-09-01 22:26:31,421 [INFO] PluginManager:220 - loadIPPluginJar : add i2c
2023-09-01 22:26:31,464 [INFO] IPUIPlugin:80 - create IPUIPlugin
2023-09-01 22:26:31,464 [INFO] PluginManager:220 - loadIPPluginJar : add i2s
2023-09-01 22:26:31,506 [INFO] IPUIPlugin:80 - create IPUIPlugin
2023-09-01 22:26:31,507 [INFO] PluginManager:220 - loadIPPluginJar : add i3c
2023-09-01 22:26:31,673 [INFO] IPUIPlugin:80 - create IPUIPlugin
2023-09-01 22:26:31,673 [INFO] PluginManager:220 - loadIPPluginJar : add ipddr
2023-09-01 22:26:31,769 [INFO] IPUIPlugin:80 - create IPUIPlugin
2023-09-01 22:26:31,769 [INFO] PluginManager:220 - loadIPPluginJar : add linkedlist
2023-09-01 22:26:31,804 [INFO] IPUIPlugin:80 - create IPUIPlugin
2023-09-01 22:26:31,804 [INFO] PluginManager:220 - loadIPPluginJar : add lorawan
2023-09-01 22:26:31,850 [INFO] IPUIPlugin:80 - create IPUIPlugin
2023-09-01 22:26:31,851 [INFO] PluginManager:220 - loadIPPluginJar : add ltdc
2023-09-01 22:26:31,878 [INFO] IPUIPlugin:80 - create IPUIPlugin
2023-09-01 22:26:31,878 [INFO] PluginManager:220 - loadIPPluginJar : add mdma
2023-09-01 22:26:31,895 [INFO] IPUIPlugin:80 - create IPUIPlugin
2023-09-01 22:26:31,896 [INFO] PluginManager:220 - loadIPPluginJar : add nvic
2023-09-01 22:26:31,949 [INFO] IPUIPlugin:80 - create IPUIPlugin
2023-09-01 22:26:31,949 [INFO] PluginManager:220 - loadIPPluginJar : add opamp
2023-09-01 22:26:32,062 [INFO] IPUIPlugin:80 - create IPUIPlugin
2023-09-01 22:26:32,062 [INFO] PluginManager:220 - loadIPPluginJar : add openamp
2023-09-01 22:26:32,146 [INFO] IPUIPlugin:80 - create IPUIPlugin
2023-09-01 22:26:32,146 [INFO] PluginManager:220 - loadIPPluginJar : add pdm2pcm
2023-09-01 22:26:32,162 [INFO] IPUIPlugin:80 - create IPUIPlugin
2023-09-01 22:26:32,164 [INFO] PluginManager:220 - loadIPPluginJar : add plateformsettings
2023-09-01 22:26:32,190 [INFO] IPUIPlugin:80 - create IPUIPlugin
2023-09-01 22:26:32,190 [INFO] PluginManager:220 - loadIPPluginJar : add quadspi
2023-09-01 22:26:32,206 [INFO] IPUIPlugin:80 - create IPUIPlugin
2023-09-01 22:26:32,206 [INFO] PluginManager:220 - loadIPPluginJar : add resmgrutility
2023-09-01 22:26:32,265 [INFO] IPUIPlugin:80 - create IPUIPlugin
2023-09-01 22:26:32,265 [INFO] PluginManager:220 - loadIPPluginJar : add sai
2023-09-01 22:26:32,309 [INFO] IPUIPlugin:80 - create IPUIPlugin
2023-09-01 22:26:32,309 [INFO] PluginManager:220 - loadIPPluginJar : add spi
2023-09-01 22:26:32,383 [INFO] IPUIPlugin:80 - create IPUIPlugin
2023-09-01 22:26:32,383 [INFO] PluginManager:220 - loadIPPluginJar : add stm32_wpan
2023-09-01 22:26:32,410 [INFO] IPUIPlugin:80 - create IPUIPlugin
2023-09-01 22:26:32,410 [INFO] PluginManager:220 - loadIPPluginJar : add tim
2023-09-01 22:26:32,415 [INFO] ThirdPartyUpdaterWithRetryManager:70 - Updater plugin not ready yet. [2/15]
2023-09-01 22:26:32,474 [INFO] IPUIPlugin:80 - create IPUIPlugin
2023-09-01 22:26:32,474 [INFO] PluginManager:220 - loadIPPluginJar : add touchsensing
2023-09-01 22:26:32,501 [INFO] IPUIPlugin:80 - create IPUIPlugin
2023-09-01 22:26:32,501 [INFO] PluginManager:220 - loadIPPluginJar : add tracer_emb
2023-09-01 22:26:32,529 [INFO] IPUIPlugin:80 - create IPUIPlugin
2023-09-01 22:26:32,529 [INFO] PluginManager:220 - loadIPPluginJar : add ts
2023-09-01 22:26:32,557 [INFO] IPUIPlugin:80 - create IPUIPlugin
2023-09-01 22:26:32,557 [INFO] PluginManager:220 - loadIPPluginJar : add tsc
2023-09-01 22:26:32,587 [INFO] IPUIPlugin:80 - create IPUIPlugin
2023-09-01 22:26:32,588 [INFO] PluginManager:220 - loadIPPluginJar : add ucpd
2023-09-01 22:26:32,642 [INFO] IPUIPlugin:80 - create IPUIPlugin
2023-09-01 22:26:32,642 [INFO] PluginManager:220 - loadIPPluginJar : add usart
2023-09-01 22:26:32,692 [INFO] IPUIPlugin:80 - create IPUIPlugin
2023-09-01 22:26:32,692 [INFO] PluginManager:220 - loadIPPluginJar : add usbx
2023-09-01 22:26:32,831 [INFO] CADModel:165 - CPN selected for project level
2023-09-01 22:26:32,831 [INFO] CADModel:114 - Register for checkConnection events
2023-09-01 22:26:32,831 [FATAL] Updater:308 - Updater called before beeing initialized
2023-09-01 22:26:32,831 [ERROR] CADModel:125 - Updater not yet initialized, retry later 
2023-09-01 22:26:32,998 [INFO] CADModel:165 - CPN selected for project level
2023-09-01 22:26:32,998 [INFO] CADModel:114 - Register for checkConnection events
2023-09-01 22:26:32,998 [FATAL] Updater:308 - Updater called before beeing initialized
2023-09-01 22:26:32,999 [ERROR] CADModel:125 - Updater not yet initialized, retry later 
2023-09-01 22:26:33,002 [FATAL] Updater:308 - Updater called before beeing initialized
2023-09-01 22:26:33,122 [FATAL] Updater:308 - Updater called before beeing initialized
2023-09-01 22:26:33,132 [INFO] DbMcusAds:53 - JSON generation date=Tue Mar 07 15:50:55 ICT 2023 (1678179055114)
2023-09-01 22:26:33,132 [FATAL] Updater:308 - Updater called before beeing initialized
2023-09-01 22:26:33,231 [WARN] DetailPanel:346 - Failed to get advertising image, set to default
2023-09-01 22:26:33,357 [FATAL] Updater:308 - Updater called before beeing initialized
2023-09-01 22:26:33,359 [FATAL] Updater:308 - Updater called before beeing initialized
2023-09-01 22:26:33,359 [FATAL] Updater:308 - Updater called before beeing initialized
2023-09-01 22:26:33,359 [WARN] DetailPanel:346 - Failed to get advertising image, set to default
2023-09-01 22:26:33,360 [FATAL] Updater:308 - Updater called before beeing initialized
2023-09-01 22:26:33,451 [ERROR] Updater:1120 - MainUpdater not yet initialized. External WinMGr cannot be set.
2023-09-01 22:26:33,463 [INFO] Updater:1056 - Updater Version found : 6.9.0
2023-09-01 22:26:33,480 [INFO] ApplicationProperties:184 - Using Application install path: C:\ST\STM32CubeIDE_1.13.0\STM32CubeIDE\plugins\com.st.stm32cube.common.mx_6.9.0.202307051724
2023-09-01 22:26:33,802 [INFO] MainUpdater:2868 - connection check result : 10
2023-09-01 22:26:33,802 [INFO] MainUpdater:3562 - Updater definition file requires update
2023-09-01 22:26:33,804 [INFO] MainUpdater:285 - Updater Check For Update Now.
2023-09-01 22:26:33,804 [INFO] MicroXplorer:498 - Change Database Version : DB.6.0.90
2023-09-01 22:26:33,824 [INFO] McuFinderGlobals:63 - Set McuFinder mode to 2 (CubeIDE integrated)
2023-09-01 22:26:33,824 [INFO] UserAuth:179 - activating auth plugin
2023-09-01 22:26:33,827 [INFO] UserAuth:393 - Internet connection configuration mode: 1
2023-09-01 22:26:33,852 [INFO] JxBrowserEngine:151 - Initiate JxBrowser Engine with user profile folder
2023-09-01 22:26:33,999 [INFO] ServerAccessManage:473 - Download File updaters.zip
2023-09-01 22:26:34,238 [INFO] FileExtend:240 - Unzip File : updaters.zip
2023-09-01 22:26:34,238 [INFO] FileExtend:255 - Standard Zip Deflate
2023-09-01 22:26:35,429 [WARN] MainUpdater:1189 - Updater busy. Cannot search thirdparties
2023-09-01 22:26:35,430 [INFO] ThirdPartyUpdaterWithRetryManager:96 - Updater plugin is busy. [1/15]
2023-09-01 22:26:35,822 [INFO] ServerAccessManage:473 - Download File PacksControlFlags.xml
2023-09-01 22:26:36,330 [INFO] ServerAccessManage:473 - Download File cubemx.pidx
2023-09-01 22:26:37,575 [INFO] ServerAccessManage:473 - Download File STMicroelectronics.X-CUBE-FREERTOS.pdsc
2023-09-01 22:26:38,433 [WARN] MainUpdater:1189 - Updater busy. Cannot search thirdparties
2023-09-01 22:26:38,433 [INFO] ThirdPartyUpdaterWithRetryManager:96 - Updater plugin is busy. [2/15]
2023-09-01 22:26:39,321 [WARN] PackLoader:240 - Cannot read IP mode file for STMicroelectronics.X-CUBE-FREERTOS.1.1.0
2023-09-01 22:26:39,324 [INFO] PopulateThirdPartyThread:66 - Ending populate Thread
2023-09-01 22:26:39,326 [INFO] ThirdParty:1030 - CMSIS Pack Vendor :STMicroelectronics X-CUBE-FREERTOS 1.1.0
2023-09-01 22:26:39,326 [INFO] LoadServerUpdatesThread:373 - End of LoadServerUpdate Thread
2023-09-01 22:26:39,473 [INFO] CheckServerUpdateThread:120 - End of CheckServer Thread
2023-09-01 22:26:40,680 [INFO] WebApp:157 - Instantiating new browser for Auth
2023-09-01 22:26:41,338 [INFO] WebApp:753 - Register for checkConnection events
2023-09-01 22:26:41,338 [INFO] WebApp:390 - Apply proxy settings
2023-09-01 22:26:41,338 [INFO] WebApp:475 - Chromium requires no authentication
2023-09-01 22:26:41,347 [INFO] WebApp:418 - Direct internet connection detected
2023-09-01 22:26:41,628 [WARN] PackLoader:240 - Cannot read IP mode file for STMicroelectronics.X-CUBE-GNSS1.6.0.0
2023-09-01 22:26:41,654 [INFO] WebApp:188 - Starting web application
2023-09-01 22:26:41,654 [INFO] WebApp:520 - Web application path used C:\ST\STM32CubeIDE_1.13.0\STM32CubeIDE\plugins\com.st.stm32cube.common.mx_6.9.0.202307051724\db\plugins\mcufinder\reactClient1\index.html
2023-09-01 22:26:41,697 [WARN] PackLoader:240 - Cannot read IP mode file for STMicroelectronics.X-CUBE-AZRTOS-F4.1.1.0
2023-09-01 22:26:41,726 [WARN] PackLoader:240 - Cannot read IP mode file for STMicroelectronics.X-CUBE-SMBUS.2.1.0
2023-09-01 22:26:41,749 [WARN] PackLoader:240 - Cannot read IP mode file for STMicroelectronics.X-CUBE-BLEMGR.1.2.0
2023-09-01 22:26:41,805 [WARN] PackLoader:240 - Cannot read IP mode file for STMicroelectronics.X-CUBE-AZRTOS-L5.2.0.0
2023-09-01 22:26:41,841 [WARN] PackLoader:240 - Cannot read IP mode file for STMicroelectronics.X-CUBE-AZRTOS-F7.1.1.0
2023-09-01 22:26:41,911 [WARN] PackLoader:240 - Cannot read IP mode file for STMicroelectronics.X-CUBE-MEMS1.9.6.0
2023-09-01 22:26:42,269 [WARN] PackLoader:240 - Cannot read IP mode file for STMicroelectronics.FP-SNS-MOTENV1.4.3.2
2023-09-01 22:26:42,291 [WARN] PackLoader:240 - Cannot read IP mode file for STMicroelectronics.X-CUBE-BLE1.6.2.4
2023-09-01 22:26:42,319 [WARN] PackLoader:240 - Cannot read IP mode file for STMicroelectronics.X-CUBE-BLEMGR.2.0.0
2023-09-01 22:26:42,330 [WARN] PackLoader:240 - Cannot read IP mode file for STMicroelectronics.FP-SNS-FLIGHT1.5.0.2
2023-09-01 22:26:42,378 [WARN] ConditionMgr:438 - getConditionDescription Invalid condition id : UX DEVICE CLASS RTOS Condition cause : null
2023-09-01 22:26:42,379 [WARN] ConditionMgr:438 - getConditionDescription Invalid condition id : UX DEVICE CLASS RTOS Condition cause : null
2023-09-01 22:26:42,385 [WARN] PackLoader:240 - Cannot read IP mode file for STMicroelectronics.X-CUBE-AZRTOS-H7.3.1.0
2023-09-01 22:26:42,386 [WARN] ConditionMgr:1039 - genDependencies : Invalid condition id : UX DEVICE CLASS RTOS Condition cause : null
2023-09-01 22:26:42,387 [WARN] ConditionMgr:1039 - genDependencies : Invalid condition id : UX DEVICE CLASS RTOS Condition cause : null
2023-09-01 22:26:42,387 [WARN] ConditionMgr:1039 - genDependencies : Invalid condition id : UX DEVICE CLASS RTOS Condition cause : null
2023-09-01 22:26:42,388 [WARN] ConditionMgr:1039 - genDependencies : Invalid condition id : UX DEVICE CLASS RTOS Condition cause : null
2023-09-01 22:26:42,388 [WARN] ConditionMgr:1039 - genDependencies : Invalid condition id : UX DEVICE CLASS RTOS Condition cause : null
2023-09-01 22:26:42,411 [WARN] PackLoader:240 - Cannot read IP mode file for STMicroelectronics.X-CUBE-BLE1.7.0.0
2023-09-01 22:26:42,435 [WARN] PackLoader:240 - Cannot read IP mode file for STMicroelectronics.X-CUBE-TOUCHGFX.4.22.0
2023-09-01 22:26:42,454 [WARN] PackLoader:240 - Cannot read IP mode file for STMicroelectronics.X-CUBE-NFC7.1.0.1
2023-09-01 22:26:42,541 [WARN] PackLoader:240 - Cannot read IP mode file for STMicroelectronics.X-CUBE-MEMS1.9.3.0
2023-09-01 22:26:42,761 [WARN] PackLoader:240 - Cannot read IP mode file for STMicroelectronics.X-CUBE-EEPRMA1.4.1.0
2023-09-01 22:26:42,796 [INFO] LogOutputStream:77 - [STDOUT_REDIRECT] 1 : Invalid condition id : UX_CORESTACK_Condition cause : null
2023-09-01 22:26:42,797 [INFO] LogOutputStream:77 - [STDOUT_REDIRECT] 1 : Invalid condition id : UX_CORESTACK_Condition cause : null
2023-09-01 22:26:42,800 [INFO] LogOutputStream:77 - [STDOUT_REDIRECT] 1 : Invalid condition id : UX_CORESTACK_Condition cause : null
2023-09-01 22:26:42,803 [INFO] LogOutputStream:77 - [STDOUT_REDIRECT] 1 : Invalid condition id : UX_CORESTACK_Condition cause : null
2023-09-01 22:26:42,805 [INFO] LogOutputStream:77 - [STDOUT_REDIRECT] 1 : Invalid condition id : UX_CORESTACK_Condition cause : null
2023-09-01 22:26:42,809 [WARN] PackLoader:240 - Cannot read IP mode file for STMicroelectronics.X-CUBE-AZRTOS-WL.2.0.0
2023-09-01 22:26:42,826 [WARN] PackLoader:240 - Cannot read IP mode file for STMicroelectronics.X-CUBE-AI.8.1.0
2023-09-01 22:26:42,860 [WARN] ConditionMgr:438 - getConditionDescription Invalid condition id : LAN8742 Phy interface Condition cause : null
2023-09-01 22:26:42,860 [WARN] PackLoader:240 - Cannot read IP mode file for STMicroelectronics.X-CUBE-AZRTOS-L4.2.0.0
2023-09-01 22:26:42,862 [WARN] ConditionMgr:1039 - genDependencies : Invalid condition id : LAN8742 Phy interface Condition cause : null
2023-09-01 22:26:42,862 [WARN] ConditionMgr:1039 - genDependencies : Invalid condition id : LAN8742 Phy interface Condition cause : null
2023-09-01 22:26:42,862 [WARN] ConditionMgr:1039 - genDependencies : Invalid condition id : LAN8742 Phy interface Condition cause : null
2023-09-01 22:26:42,880 [WARN] PackLoader:240 - Cannot read IP mode file for WES.I-CUBE-Cesium.1.3.0
2023-09-01 22:26:42,902 [WARN] PackLoader:240 - Cannot read IP mode file for STMicroelectronics.X-CUBE-SFXS2LP1.4.0.0
2023-09-01 22:26:42,923 [WARN] PackLoader:240 - Cannot read IP mode file for STMicroelectronics.X-CUBE-BLE2.3.3.0
2023-09-01 22:26:42,945 [WARN] PackLoader:240 - Cannot read IP mode file for STMicroelectronics.X-CUBE-TOF1.3.2.0
2023-09-01 22:26:43,019 [WARN] PackLoader:240 - Cannot read IP mode file for STMicroelectronics.X-CUBE-AZRTOS-H7.3.0.0
2023-09-01 22:26:43,044 [WARN] PackLoader:240 - Cannot read IP mode file for STMicroelectronics.X-CUBE-ISPU.1.0.0
2023-09-01 22:26:43,107 [WARN] PackLoader:240 - Cannot read IP mode file for STMicroelectronics.X-CUBE-ISPU.1.1.0
2023-09-01 22:26:43,156 [WARN] ConditionMgr:438 - getConditionDescription Invalid condition id : UX DEVICE CLASS RTOS Condition cause : null
2023-09-01 22:26:43,156 [WARN] ConditionMgr:438 - getConditionDescription Invalid condition id : UX DEVICE CLASS RTOS Condition cause : null
2023-09-01 22:26:43,161 [WARN] PackLoader:240 - Cannot read IP mode file for STMicroelectronics.X-CUBE-AZRTOS-WB.2.0.0
2023-09-01 22:26:43,162 [WARN] ConditionMgr:1039 - genDependencies : Invalid condition id : UX DEVICE CLASS RTOS Condition cause : null
2023-09-01 22:26:43,162 [WARN] ConditionMgr:1039 - genDependencies : Invalid condition id : UX DEVICE CLASS RTOS Condition cause : null
2023-09-01 22:26:43,163 [WARN] ConditionMgr:1039 - genDependencies : Invalid condition id : UX DEVICE CLASS RTOS Condition cause : null
2023-09-01 22:26:43,163 [WARN] ConditionMgr:1039 - genDependencies : Invalid condition id : UX DEVICE CLASS RTOS Condition cause : null
2023-09-01 22:26:43,164 [WARN] ConditionMgr:1039 - genDependencies : Invalid condition id : UX DEVICE CLASS RTOS Condition cause : null
2023-09-01 22:26:43,187 [WARN] PackLoader:240 - Cannot read IP mode file for STMicroelectronics.X-CUBE-FREERTOS.1.0.1
2023-09-01 22:26:43,207 [WARN] PackLoader:240 - Cannot read IP mode file for STMicroelectronics.X-CUBE-TOUCHGFX.4.21.1
2023-09-01 22:26:43,261 [WARN] PackLoader:240 - Cannot read IP mode file for STMicroelectronics.X-CUBE-MEMS1.9.4.0
2023-09-01 22:26:43,386 [WARN] PackLoader:240 - Cannot read IP mode file for STMicroelectronics.X-CUBE-AI.7.3.0
2023-09-01 22:26:43,417 [WARN] PackLoader:240 - Cannot read IP mode file for STMicroelectronics.X-CUBE-AZRTOS-L5.1.1.0
2023-09-01 22:26:43,452 [WARN] PackLoader:240 - Cannot read IP mode file for STMicroelectronics.X-CUBE-AZRTOS-G0.1.1.0
2023-09-01 22:26:43,465 [WARN] PackLoader:240 - Cannot read IP mode file for STMicroelectronics.X-CUBE-AI.8.0.1
2023-09-01 22:26:43,479 [WARN] PackLoader:240 - Cannot read IP mode file for STMicroelectronics.X-CUBE-NFC4.3.0.0
2023-09-01 22:26:43,496 [WARN] PackLoader:240 - Cannot read IP mode file for STMicroelectronics.X-CUBE-TOF1.3.3.1
2023-09-01 22:26:43,533 [WARN] PackLoader:240 - Cannot read IP mode file for STMicroelectronics.X-CUBE-AZRTOS-G4.2.0.0
2023-09-01 22:26:43,546 [WARN] PackLoader:240 - Cannot read IP mode file for STMicroelectronics.FP-ATR-ASTRA1.1.1.1
2023-09-01 22:26:43,562 [WARN] PackLoader:240 - Cannot read IP mode file for STMicroelectronics.X-CUBE-BLEMGR.1.3.0
2023-09-01 22:26:43,568 [WARN] PackLoader:240 - Cannot read IP mode file for STMicroelectronics.FP-ATR-SIGFOX1.3.2.0
2023-09-01 22:26:43,581 [WARN] PackLoader:240 - Cannot read IP mode file for STMicroelectronics.X-CUBE-TOUCHGFX.4.20.0
2023-09-01 22:26:43,584 [WARN] PackLoader:240 - Cannot read IP mode file for STMicroelectronics.X-CUBE-FREERTOS.1.1.0
2023-09-01 22:26:43,616 [WARN] PackLoader:240 - Cannot read IP mode file for STMicroelectronics.X-CUBE-AZRTOS-WB.1.1.0
2023-09-01 22:26:43,668 [WARN] PackLoader:240 - Cannot read IP mode file for SEGGER.I-CUBE-embOS.1.3.1
2023-09-01 22:26:43,712 [WARN] PackLoader:240 - Cannot read IP mode file for STMicroelectronics.FP-ATR-ASTRA1.2.0.0
2023-09-01 22:26:43,713 [INFO] ThirdParty:978 - Integrity check success = true
2023-09-01 22:26:43,713 [INFO] IntegrityCheckThread:100 - exiting critical section [integrity check]
2023-09-01 22:26:43,713 [INFO] IntegrityCheckThread:103 - End integrity checks thread
2023-09-01 22:27:03,056 [ERROR] LogOutputStream:75 - [STDERR_REDIRECT] SLF4J: Failed to load class "org.slf4j.impl.StaticLoggerBinder".
2023-09-01 22:27:03,057 [ERROR] LogOutputStream:75 - [STDERR_REDIRECT] SLF4J: Defaulting to no-operation (NOP) logger implementation
2023-09-01 22:27:03,058 [ERROR] LogOutputStream:75 - [STDERR_REDIRECT] SLF4J: See http://www.slf4j.org/codes.html#StaticLoggerBinder for further details.
