2023-08-12 23:06:35,264 [INFO] Activator:176 - 


2023-08-12 23:06:35,273 [INFO] Activator:177 - !SESSION log4j initialized
2023-08-12 23:06:45,269 [INFO] LogOutputStream:77 - [STDOUT_REDIRECT] 
2023-08-12 23:06:50,249 [INFO] ApplicationProperties:184 - Using Application install path: C:\ST\STM32CubeIDE_1.13.0\STM32CubeIDE\plugins\com.st.stm32cube.common.mx_6.9.0.202307051724
2023-08-12 23:06:50,288 [INFO] DbMcusXml:78 - Set database path to: C:\ST\STM32CubeIDE_1.13.0\STM32CubeIDE\plugins\com.st.stm32cube.common.mx_6.9.0.202307051724\\db\/mcu/
2023-08-12 23:06:50,288 [INFO] ApiDb:274 - Set plugin database path to: C:\ST\STM32CubeIDE_1.13.0\STM32CubeIDE\plugins\com.st.stm32cube.common.mx_6.9.0.202307051724\\db\/plugins/boardmanager/
2023-08-12 23:06:50,310 [WARN] ApiDb:259 - Overriding images path with different value:  => C:\ST\STM32CubeIDE_1.13.0\STM32CubeIDE\plugins\com.st.stm32cube.common.mx_6.9.0.202307051724\\db\/plugins/mcufinder/images/
2023-08-12 23:06:50,335 [INFO] ApiDb:250 - Set database path to: C:\Users\admin\.stmcufinder\plugins\mcufinder//mcu/
2023-08-12 23:06:50,337 [INFO] DbMcusAds:125 - Set database path to: C:\Users\admin\.stmcufinder\plugins\mcufinder//mcu/
2023-08-12 23:06:51,151 [INFO] CrossReferenceDbSqlite:203 - Set database path to: C:\Users\admin\.stmcufinder\plugins\mcufinder//mcu/cs/
2023-08-12 23:06:51,349 [INFO] RulesReader:64 - Compatibility file has been processed (293 Rules)
2023-08-12 23:06:51,576 [INFO] DbMcusXml:78 - Set database path to: C:\ST\STM32CubeIDE_1.13.0\STM32CubeIDE\plugins\com.st.stm32cube.common.mx_6.9.0.202307051724\\db\/mcu/
2023-08-12 23:06:51,576 [INFO] ApiDb:274 - Set plugin database path to: C:\ST\STM32CubeIDE_1.13.0\STM32CubeIDE\plugins\com.st.stm32cube.common.mx_6.9.0.202307051724\\db\/plugins/boardmanager/
2023-08-12 23:06:51,577 [INFO] ApiDb:261 - Set plugin images path to: C:\ST\STM32CubeIDE_1.13.0\STM32CubeIDE\plugins\com.st.stm32cube.common.mx_6.9.0.202307051724\\db\/plugins/mcufinder/images/
2023-08-12 23:06:51,577 [WARN] DbFile:41 - Overriding database path with different value: C:\Users\admin\.stmcufinder\plugins\mcufinder/ => C:\Users\admin\.stmcufinder\plugins\mcufinder
2023-08-12 23:06:51,577 [INFO] ApiDb:250 - Set database path to: C:\Users\admin\.stmcufinder\plugins\mcufinder//mcu/
2023-08-12 23:06:51,577 [WARN] DbFile:41 - Overriding database path with different value: C:\Users\admin\.stmcufinder\plugins\mcufinder/ => C:\Users\admin\.stmcufinder\plugins\mcufinder
2023-08-12 23:06:51,578 [INFO] DbMcusAds:125 - Set database path to: C:\Users\admin\.stmcufinder\plugins\mcufinder//mcu/
2023-08-12 23:06:51,578 [WARN] DbFile:41 - Overriding database path with different value: C:\Users\admin\.stmcufinder\plugins\mcufinder/ => C:\Users\admin\.stmcufinder\plugins\mcufinder
2023-08-12 23:06:51,578 [WARN] DbFile:41 - Overriding database path with different value: C:\Users\admin\.stmcufinder\plugins\mcufinder/ => C:\Users\admin\.stmcufinder\plugins\mcufinder
2023-08-12 23:06:52,152 [INFO] CrossReferenceDbSqlite:203 - Set database path to: C:\Users\admin\.stmcufinder\plugins\mcufinder//mcu/cs/
2023-08-12 23:06:52,297 [INFO] MainPanel:262 - HeapMemory: 268435456
2023-08-12 23:06:52,494 [INFO] DbMcusXml:78 - Set database path to: C:\ST\STM32CubeIDE_1.13.0\STM32CubeIDE\plugins\com.st.stm32cube.common.mx_6.9.0.202307051724\\db\/mcu/
2023-08-12 23:06:52,494 [INFO] ApiDb:274 - Set plugin database path to: C:\ST\STM32CubeIDE_1.13.0\STM32CubeIDE\plugins\com.st.stm32cube.common.mx_6.9.0.202307051724\\db\/plugins/boardmanager/
2023-08-12 23:06:52,495 [INFO] ApiDb:261 - Set plugin images path to: C:\ST\STM32CubeIDE_1.13.0\STM32CubeIDE\plugins\com.st.stm32cube.common.mx_6.9.0.202307051724\\db\/plugins/mcufinder/images/
2023-08-12 23:06:52,495 [WARN] DbFile:41 - Overriding database path with different value: C:\Users\admin\.stmcufinder\plugins\mcufinder/ => C:\Users\admin\.stmcufinder\plugins\mcufinder
2023-08-12 23:06:52,496 [INFO] ApiDb:250 - Set database path to: C:\Users\admin\.stmcufinder\plugins\mcufinder//mcu/
2023-08-12 23:06:52,496 [WARN] DbFile:41 - Overriding database path with different value: C:\Users\admin\.stmcufinder\plugins\mcufinder/ => C:\Users\admin\.stmcufinder\plugins\mcufinder
2023-08-12 23:06:52,533 [INFO] DbMcusAds:125 - Set database path to: C:\Users\admin\.stmcufinder\plugins\mcufinder//mcu/
2023-08-12 23:06:52,534 [WARN] DbFile:41 - Overriding database path with different value: C:\Users\admin\.stmcufinder\plugins\mcufinder/ => C:\Users\admin\.stmcufinder\plugins\mcufinder
2023-08-12 23:06:52,534 [WARN] DbFile:41 - Overriding database path with different value: C:\Users\admin\.stmcufinder\plugins\mcufinder/ => C:\Users\admin\.stmcufinder\plugins\mcufinder
2023-08-12 23:06:53,152 [INFO] CrossReferenceDbSqlite:203 - Set database path to: C:\Users\admin\.stmcufinder\plugins\mcufinder//mcu/cs/
2023-08-12 23:06:53,184 [INFO] ApplicationProperties:184 - Using Application install path: C:\ST\STM32CubeIDE_1.13.0\STM32CubeIDE\plugins\com.st.stm32cube.common.mx_6.9.0.202307051724
2023-08-12 23:06:53,186 [INFO] PluginManage:196 - Search for loadable plugins [exclusion list=, ]
2023-08-12 23:06:53,189 [INFO] PluginManage:310 - Check plugin analytics
2023-08-12 23:06:54,291 [INFO] AnalyticsPlugin:253 - Accepted Software Licenses: 
2023-08-12 23:06:54,291 [INFO] AnalyticsPlugin:255 - Accepted CMSIS Pack Licenses: 
2023-08-12 23:06:54,291 [INFO] AnalyticsPlugin:257 - Accepted Firmware Licenses: 
2023-08-12 23:06:54,296 [INFO] PluginManage:359 - Loaded plugin analytics (category:tool,tabindex:-1)
2023-08-12 23:06:54,297 [INFO] PluginManage:310 - Check plugin cadmodel
2023-08-12 23:06:54,320 [INFO] CADModel:105 - Init CAD model plugin
2023-08-12 23:06:54,320 [INFO] PluginManage:359 - Loaded plugin cadmodel (category:power,tabindex:5)
2023-08-12 23:06:54,321 [INFO] PluginManage:310 - Check plugin clock
2023-08-12 23:06:54,348 [INFO] PluginManage:359 - Loaded plugin clock (category:base,tabindex:2)
2023-08-12 23:06:54,348 [INFO] PluginManage:310 - Check plugin ddr
2023-08-12 23:06:54,351 [INFO] PluginManage:359 - Loaded plugin ddr (category:tool,tabindex:6)
2023-08-12 23:06:54,351 [INFO] PluginManage:310 - Check plugin filemanager
2023-08-12 23:06:54,559 [INFO] PluginManage:359 - Loaded plugin filemanager (category:base,tabindex:10)
2023-08-12 23:06:54,559 [INFO] PluginManage:310 - Check plugin ipmanager
2023-08-12 23:06:54,570 [INFO] PluginManage:359 - Loaded plugin ipmanager (category:base,tabindex:5)
2023-08-12 23:06:54,571 [INFO] PluginManage:310 - Check plugin lpbam
2023-08-12 23:06:54,597 [INFO] PluginManage:359 - Loaded plugin lpbam (category:base,tabindex:0)
2023-08-12 23:06:54,598 [INFO] PluginManage:310 - Check plugin memorymap
2023-08-12 23:06:54,642 [INFO] PluginManage:359 - Loaded plugin memorymap (category:base,tabindex:4)
2023-08-12 23:06:54,642 [INFO] PluginManage:310 - Check plugin pinoutandconfiguration
2023-08-12 23:06:54,669 [INFO] PluginManage:359 - Loaded plugin pinoutandconfiguration (category:base,tabindex:1)
2023-08-12 23:06:54,670 [INFO] PluginManage:310 - Check plugin pinoutconfig
2023-08-12 23:06:54,821 [WARN] SupportedApi:132 - Cannot load RTOS API schema: s4s-elt-must-match.1: The content of 'definitions' must match (annotation?, (simpleType | complexType)?, (unique | key | keyref)*)). A problem was found starting at: attribute.
2023-08-12 23:06:55,059 [INFO] PluginManage:359 - Loaded plugin pinoutconfig (category:base,tabindex:0)
2023-08-12 23:06:55,059 [INFO] PluginManage:310 - Check plugin power
2023-08-12 23:06:55,089 [INFO] PluginManage:359 - Loaded plugin power (category:power,tabindex:4)
2023-08-12 23:06:55,089 [INFO] PluginManage:310 - Check plugin projectmanager
2023-08-12 23:06:55,113 [INFO] PluginManage:359 - Loaded plugin projectmanager (category:projectmanager,tabindex:3)
2023-08-12 23:06:55,114 [INFO] PluginManage:310 - Check plugin thirdparty
2023-08-12 23:06:55,514 [INFO] PluginManage:359 - Loaded plugin thirdparty (category:base,tabindex:-1)
2023-08-12 23:06:55,514 [WARN] IntegrityCheckThread:84 - waiting for thirdparty lock release [integrity check]
2023-08-12 23:06:55,514 [INFO] PluginManage:310 - Check plugin tools
2023-08-12 23:06:55,514 [INFO] IntegrityCheckThread:86 - entering critical section [integrity check]
2023-08-12 23:06:55,515 [INFO] ThirdPartyUpdaterWithRetryManager:70 - Updater plugin not ready yet. [1/15]
2023-08-12 23:06:55,569 [INFO] PluginManage:359 - Loaded plugin tools (category:base,tabindex:7)
2023-08-12 23:06:55,570 [INFO] PluginManage:310 - Check plugin tutovideos
2023-08-12 23:06:55,928 [INFO] PluginManage:359 - Loaded plugin tutovideos (category:base,tabindex:-1)
2023-08-12 23:06:55,929 [INFO] PluginManage:310 - Check plugin updater
2023-08-12 23:06:55,948 [INFO] PluginManage:359 - Loaded plugin updater (category:base,tabindex:12)
2023-08-12 23:06:55,948 [INFO] PluginManage:310 - Check plugin userauth
2023-08-12 23:06:55,958 [INFO] UserAuth:113 - Init User Auth plugin
2023-08-12 23:06:55,958 [INFO] PluginManage:359 - Loaded plugin userauth (category:base,tabindex:14)
2023-08-12 23:06:55,959 [INFO] PluginManage:283 - PluginManage : Loaded plugins [17]
2023-08-12 23:06:56,324 [INFO] PinOutPanel:1499 - setPackage(No Configuration,No Configuration)
2023-08-12 23:06:56,508 [INFO] CADModel:165 - CPN selected for project level
2023-08-12 23:06:56,508 [INFO] CADModel:114 - Register for checkConnection events
2023-08-12 23:06:56,546 [INFO] IPUIPlugin:80 - create IPUIPlugin
2023-08-12 23:06:56,547 [INFO] PluginManager:220 - loadIPPluginJar : add adc
2023-08-12 23:06:56,605 [INFO] IPUIPlugin:80 - create IPUIPlugin
2023-08-12 23:06:56,605 [INFO] PluginManager:220 - loadIPPluginJar : add aes
2023-08-12 23:06:56,661 [INFO] IPUIPlugin:80 - create IPUIPlugin
2023-08-12 23:06:56,661 [INFO] PluginManager:220 - loadIPPluginJar : add can
2023-08-12 23:06:56,699 [INFO] IPUIPlugin:80 - create IPUIPlugin
2023-08-12 23:06:56,700 [INFO] PluginManager:220 - loadIPPluginJar : add comp
2023-08-12 23:06:56,755 [INFO] IPUIPlugin:80 - create IPUIPlugin
2023-08-12 23:06:56,755 [INFO] PluginManager:220 - loadIPPluginJar : add cryp
2023-08-12 23:06:56,799 [INFO] IPUIPlugin:80 - create IPUIPlugin
2023-08-12 23:06:56,799 [INFO] PluginManager:220 - loadIPPluginJar : add dfsdm
2023-08-12 23:06:56,817 [INFO] IPUIPlugin:80 - create IPUIPlugin
2023-08-12 23:06:56,818 [INFO] PluginManager:220 - loadIPPluginJar : add dma
2023-08-12 23:06:56,888 [INFO] IPUIPlugin:80 - create IPUIPlugin
2023-08-12 23:06:56,888 [INFO] PluginManager:220 - loadIPPluginJar : add dma3
2023-08-12 23:06:56,923 [INFO] IPUIPlugin:80 - create IPUIPlugin
2023-08-12 23:06:56,923 [INFO] PluginManager:220 - loadIPPluginJar : add fatfs
2023-08-12 23:06:56,993 [INFO] IPUIPlugin:80 - create IPUIPlugin
2023-08-12 23:06:56,993 [INFO] PluginManager:220 - loadIPPluginJar : add fmc
2023-08-12 23:06:57,013 [INFO] IPUIPlugin:80 - create IPUIPlugin
2023-08-12 23:06:57,013 [INFO] PluginManager:220 - loadIPPluginJar : add freertos
2023-08-12 23:06:57,038 [INFO] IPUIPlugin:80 - create IPUIPlugin
2023-08-12 23:06:57,039 [INFO] PluginManager:220 - loadIPPluginJar : add genericplugin
2023-08-12 23:06:57,160 [INFO] IPUIPlugin:80 - create IPUIPlugin
2023-08-12 23:06:57,160 [INFO] PluginManager:220 - loadIPPluginJar : add gfxmmu
2023-08-12 23:06:57,293 [INFO] IPUIPlugin:80 - create IPUIPlugin
2023-08-12 23:06:57,294 [INFO] PluginManager:220 - loadIPPluginJar : add gic
2023-08-12 23:06:57,307 [INFO] IPUIPlugin:80 - create IPUIPlugin
2023-08-12 23:06:57,307 [INFO] PluginManager:220 - loadIPPluginJar : add gpio
2023-08-12 23:06:57,397 [INFO] IPUIPlugin:80 - create IPUIPlugin
2023-08-12 23:06:57,397 [INFO] PluginManager:220 - loadIPPluginJar : add gtzc
2023-08-12 23:06:57,430 [INFO] IPUIPlugin:80 - create IPUIPlugin
2023-08-12 23:06:57,430 [INFO] PluginManager:220 - loadIPPluginJar : add hash
2023-08-12 23:06:57,483 [INFO] IPUIPlugin:80 - create IPUIPlugin
2023-08-12 23:06:57,483 [INFO] PluginManager:220 - loadIPPluginJar : add i2c
2023-08-12 23:06:57,536 [INFO] IPUIPlugin:80 - create IPUIPlugin
2023-08-12 23:06:57,536 [INFO] PluginManager:220 - loadIPPluginJar : add i2s
2023-08-12 23:06:57,600 [INFO] IPUIPlugin:80 - create IPUIPlugin
2023-08-12 23:06:57,600 [INFO] PluginManager:220 - loadIPPluginJar : add i3c
2023-08-12 23:06:57,709 [INFO] IPUIPlugin:80 - create IPUIPlugin
2023-08-12 23:06:57,709 [INFO] PluginManager:220 - loadIPPluginJar : add ipddr
2023-08-12 23:06:57,798 [INFO] IPUIPlugin:80 - create IPUIPlugin
2023-08-12 23:06:57,798 [INFO] PluginManager:220 - loadIPPluginJar : add linkedlist
2023-08-12 23:06:57,830 [INFO] IPUIPlugin:80 - create IPUIPlugin
2023-08-12 23:06:57,830 [INFO] PluginManager:220 - loadIPPluginJar : add lorawan
2023-08-12 23:06:57,873 [INFO] IPUIPlugin:80 - create IPUIPlugin
2023-08-12 23:06:57,873 [INFO] PluginManager:220 - loadIPPluginJar : add ltdc
2023-08-12 23:06:57,887 [INFO] IPUIPlugin:80 - create IPUIPlugin
2023-08-12 23:06:57,887 [INFO] PluginManager:220 - loadIPPluginJar : add mdma
2023-08-12 23:06:57,899 [INFO] IPUIPlugin:80 - create IPUIPlugin
2023-08-12 23:06:57,899 [INFO] PluginManager:220 - loadIPPluginJar : add nvic
2023-08-12 23:06:57,932 [INFO] IPUIPlugin:80 - create IPUIPlugin
2023-08-12 23:06:57,932 [INFO] PluginManager:220 - loadIPPluginJar : add opamp
2023-08-12 23:06:57,988 [INFO] IPUIPlugin:80 - create IPUIPlugin
2023-08-12 23:06:57,988 [INFO] PluginManager:220 - loadIPPluginJar : add openamp
2023-08-12 23:06:58,027 [INFO] IPUIPlugin:80 - create IPUIPlugin
2023-08-12 23:06:58,027 [INFO] PluginManager:220 - loadIPPluginJar : add pdm2pcm
2023-08-12 23:06:58,041 [INFO] IPUIPlugin:80 - create IPUIPlugin
2023-08-12 23:06:58,043 [INFO] PluginManager:220 - loadIPPluginJar : add plateformsettings
2023-08-12 23:06:58,064 [INFO] IPUIPlugin:80 - create IPUIPlugin
2023-08-12 23:06:58,064 [INFO] PluginManager:220 - loadIPPluginJar : add quadspi
2023-08-12 23:06:58,076 [INFO] IPUIPlugin:80 - create IPUIPlugin
2023-08-12 23:06:58,076 [INFO] PluginManager:220 - loadIPPluginJar : add resmgrutility
2023-08-12 23:06:58,120 [INFO] IPUIPlugin:80 - create IPUIPlugin
2023-08-12 23:06:58,120 [INFO] PluginManager:220 - loadIPPluginJar : add sai
2023-08-12 23:06:58,156 [INFO] IPUIPlugin:80 - create IPUIPlugin
2023-08-12 23:06:58,156 [INFO] PluginManager:220 - loadIPPluginJar : add spi
2023-08-12 23:06:58,212 [INFO] IPUIPlugin:80 - create IPUIPlugin
2023-08-12 23:06:58,213 [INFO] PluginManager:220 - loadIPPluginJar : add stm32_wpan
2023-08-12 23:06:58,233 [INFO] IPUIPlugin:80 - create IPUIPlugin
2023-08-12 23:06:58,233 [INFO] PluginManager:220 - loadIPPluginJar : add tim
2023-08-12 23:06:58,288 [INFO] IPUIPlugin:80 - create IPUIPlugin
2023-08-12 23:06:58,288 [INFO] PluginManager:220 - loadIPPluginJar : add touchsensing
2023-08-12 23:06:58,309 [INFO] IPUIPlugin:80 - create IPUIPlugin
2023-08-12 23:06:58,310 [INFO] PluginManager:220 - loadIPPluginJar : add tracer_emb
2023-08-12 23:06:58,330 [INFO] IPUIPlugin:80 - create IPUIPlugin
2023-08-12 23:06:58,330 [INFO] PluginManager:220 - loadIPPluginJar : add ts
2023-08-12 23:06:58,350 [INFO] IPUIPlugin:80 - create IPUIPlugin
2023-08-12 23:06:58,350 [INFO] PluginManager:220 - loadIPPluginJar : add tsc
2023-08-12 23:06:58,370 [INFO] IPUIPlugin:80 - create IPUIPlugin
2023-08-12 23:06:58,370 [INFO] PluginManager:220 - loadIPPluginJar : add ucpd
2023-08-12 23:06:58,412 [INFO] IPUIPlugin:80 - create IPUIPlugin
2023-08-12 23:06:58,412 [INFO] PluginManager:220 - loadIPPluginJar : add usart
2023-08-12 23:06:58,455 [INFO] IPUIPlugin:80 - create IPUIPlugin
2023-08-12 23:06:58,455 [INFO] PluginManager:220 - loadIPPluginJar : add usbx
2023-08-12 23:06:58,516 [INFO] ThirdPartyUpdaterWithRetryManager:70 - Updater plugin not ready yet. [2/15]
2023-08-12 23:06:58,585 [INFO] CADModel:165 - CPN selected for project level
2023-08-12 23:06:58,585 [INFO] CADModel:114 - Register for checkConnection events
2023-08-12 23:06:58,586 [FATAL] Updater:308 - Updater called before beeing initialized
2023-08-12 23:06:58,586 [ERROR] CADModel:125 - Updater not yet initialized, retry later 
2023-08-12 23:06:58,754 [INFO] CADModel:165 - CPN selected for project level
2023-08-12 23:06:58,754 [INFO] CADModel:114 - Register for checkConnection events
2023-08-12 23:06:58,755 [FATAL] Updater:308 - Updater called before beeing initialized
2023-08-12 23:06:58,755 [ERROR] CADModel:125 - Updater not yet initialized, retry later 
2023-08-12 23:06:58,757 [FATAL] Updater:308 - Updater called before beeing initialized
2023-08-12 23:06:58,872 [FATAL] Updater:308 - Updater called before beeing initialized
2023-08-12 23:06:58,883 [INFO] DbMcusAds:53 - JSON generation date=Tue Mar 07 15:50:55 ICT 2023 (1678179055114)
2023-08-12 23:06:58,884 [FATAL] Updater:308 - Updater called before beeing initialized
2023-08-12 23:06:58,975 [WARN] DetailPanel:346 - Failed to get advertising image, set to default
2023-08-12 23:06:59,095 [FATAL] Updater:308 - Updater called before beeing initialized
2023-08-12 23:06:59,096 [FATAL] Updater:308 - Updater called before beeing initialized
2023-08-12 23:06:59,097 [FATAL] Updater:308 - Updater called before beeing initialized
2023-08-12 23:06:59,097 [WARN] DetailPanel:346 - Failed to get advertising image, set to default
2023-08-12 23:06:59,097 [FATAL] Updater:308 - Updater called before beeing initialized
2023-08-12 23:06:59,166 [ERROR] Updater:1120 - MainUpdater not yet initialized. External WinMGr cannot be set.
2023-08-12 23:06:59,178 [INFO] Updater:1056 - Updater Version found : 6.9.0
2023-08-12 23:06:59,204 [INFO] ApplicationProperties:184 - Using Application install path: C:\ST\STM32CubeIDE_1.13.0\STM32CubeIDE\plugins\com.st.stm32cube.common.mx_6.9.0.202307051724
2023-08-12 23:06:59,473 [INFO] MainUpdater:2868 - connection check result : 10
2023-08-12 23:06:59,474 [INFO] MainUpdater:3562 - Updater definition file requires update
2023-08-12 23:06:59,477 [INFO] MainUpdater:285 - Updater Check For Update Now.
2023-08-12 23:06:59,478 [INFO] MicroXplorer:498 - Change Database Version : DB.6.0.90
2023-08-12 23:06:59,518 [INFO] McuFinderGlobals:63 - Set McuFinder mode to 2 (CubeIDE integrated)
2023-08-12 23:06:59,518 [INFO] UserAuth:179 - activating auth plugin
2023-08-12 23:06:59,522 [INFO] UserAuth:393 - Internet connection configuration mode: 1
2023-08-12 23:06:59,552 [INFO] JxBrowserEngine:151 - Initiate JxBrowser Engine with user profile folder
2023-08-12 23:06:59,572 [INFO] ServerAccessManage:473 - Download File updaters.zip
2023-08-12 23:06:59,741 [INFO] FileExtend:240 - Unzip File : updaters.zip
2023-08-12 23:06:59,741 [INFO] FileExtend:255 - Standard Zip Deflate
2023-08-12 23:07:00,489 [INFO] ServerAccessManage:473 - Download File PacksControlFlags.xml
2023-08-12 23:07:00,684 [INFO] ServerAccessManage:473 - Download File cubemx.pidx
2023-08-12 23:07:01,507 [INFO] ServerAccessManage:473 - Download File STMicroelectronics.X-CUBE-AI.pdsc
2023-08-12 23:07:01,517 [WARN] MainUpdater:1189 - Updater busy. Cannot search thirdparties
2023-08-12 23:07:01,517 [INFO] ThirdPartyUpdaterWithRetryManager:96 - Updater plugin is busy. [1/15]
2023-08-12 23:07:02,573 [INFO] ServerAccessManage:473 - Download File STMicroelectronics.X-CUBE-BLE1.pdsc
2023-08-12 23:07:03,688 [INFO] WebApp:157 - Instantiating new browser for Auth
2023-08-12 23:07:03,900 [ERROR] ServerAccessManage:1089 - Problem, file not found on Server
2023-08-12 23:07:04,519 [WARN] MainUpdater:1189 - Updater busy. Cannot search thirdparties
2023-08-12 23:07:04,519 [INFO] ThirdPartyUpdaterWithRetryManager:96 - Updater plugin is busy. [2/15]
2023-08-12 23:07:04,832 [INFO] WebApp:753 - Register for checkConnection events
2023-08-12 23:07:04,832 [INFO] WebApp:390 - Apply proxy settings
2023-08-12 23:07:04,833 [INFO] WebApp:475 - Chromium requires no authentication
2023-08-12 23:07:04,849 [INFO] WebApp:418 - Direct internet connection detected
2023-08-12 23:07:04,931 [INFO] ServerAccessManage:473 - Download File STMicroelectronics.X-CUBE-AZRTOS-L5.pdsc
2023-08-12 23:07:05,065 [INFO] WebApp:188 - Starting web application
2023-08-12 23:07:05,065 [INFO] WebApp:520 - Web application path used C:\ST\STM32CubeIDE_1.13.0\STM32CubeIDE\plugins\com.st.stm32cube.common.mx_6.9.0.202307051724\db\plugins\mcufinder\reactClient1\index.html
2023-08-12 23:07:05,451 [INFO] ServerAccessManage:473 - Download File STMicroelectronics.X-CUBE-AZRTOS-WB.pdsc
2023-08-12 23:07:05,881 [WARN] PackLoader:240 - Cannot read IP mode file for STMicroelectronics.X-CUBE-AI.8.1.0
2023-08-12 23:07:05,894 [WARN] PackLoader:240 - Cannot read IP mode file for STMicroelectronics.X-CUBE-BLE1.7.0.0
2023-08-12 23:07:05,938 [WARN] PackLoader:240 - Cannot read IP mode file for STMicroelectronics.X-CUBE-AZRTOS-L5.2.0.0
2023-08-12 23:07:05,967 [WARN] ConditionMgr:438 - getConditionDescription Invalid condition id : UX DEVICE CLASS RTOS Condition cause : null
2023-08-12 23:07:05,969 [WARN] ConditionMgr:438 - getConditionDescription Invalid condition id : UX DEVICE CLASS RTOS Condition cause : null
2023-08-12 23:07:05,975 [WARN] PackLoader:240 - Cannot read IP mode file for STMicroelectronics.X-CUBE-AZRTOS-WB.2.0.0
2023-08-12 23:07:05,977 [WARN] ConditionMgr:1039 - genDependencies : Invalid condition id : UX DEVICE CLASS RTOS Condition cause : null
2023-08-12 23:07:05,978 [WARN] ConditionMgr:1039 - genDependencies : Invalid condition id : UX DEVICE CLASS RTOS Condition cause : null
2023-08-12 23:07:05,979 [WARN] ConditionMgr:1039 - genDependencies : Invalid condition id : UX DEVICE CLASS RTOS Condition cause : null
2023-08-12 23:07:05,980 [WARN] ConditionMgr:1039 - genDependencies : Invalid condition id : UX DEVICE CLASS RTOS Condition cause : null
2023-08-12 23:07:05,980 [WARN] ConditionMgr:1039 - genDependencies : Invalid condition id : UX DEVICE CLASS RTOS Condition cause : null
2023-08-12 23:07:05,983 [INFO] PopulateThirdPartyThread:66 - Ending populate Thread
2023-08-12 23:07:05,985 [INFO] ThirdParty:1030 - CMSIS Pack Vendor :STMicroelectronics X-CUBE-AZRTOS-WB 2.0.0
2023-08-12 23:07:05,985 [INFO] ThirdParty:1030 - CMSIS Pack Vendor :STMicroelectronics X-CUBE-BLE1 7.0.0
2023-08-12 23:07:05,986 [INFO] ThirdParty:1030 - CMSIS Pack Vendor :STMicroelectronics X-CUBE-AZRTOS-L5 2.0.0
2023-08-12 23:07:05,986 [INFO] ThirdParty:1030 - CMSIS Pack Vendor :STMicroelectronics X-CUBE-AI 8.1.0
2023-08-12 23:07:05,986 [INFO] LoadServerUpdatesThread:373 - End of LoadServerUpdate Thread
2023-08-12 23:07:06,022 [INFO] CheckServerUpdateThread:120 - End of CheckServer Thread
2023-08-12 23:07:07,662 [WARN] PackLoader:240 - Cannot read IP mode file for STMicroelectronics.X-CUBE-GNSS1.6.0.0
2023-08-12 23:07:07,698 [WARN] PackLoader:240 - Cannot read IP mode file for STMicroelectronics.X-CUBE-AZRTOS-F4.1.1.0
2023-08-12 23:07:07,721 [WARN] PackLoader:240 - Cannot read IP mode file for STMicroelectronics.X-CUBE-SMBUS.2.1.0
2023-08-12 23:07:07,739 [WARN] PackLoader:240 - Cannot read IP mode file for STMicroelectronics.X-CUBE-BLEMGR.1.2.0
2023-08-12 23:07:07,770 [WARN] PackLoader:240 - Cannot read IP mode file for STMicroelectronics.X-CUBE-AZRTOS-L5.2.0.0
2023-08-12 23:07:07,815 [WARN] PackLoader:240 - Cannot read IP mode file for STMicroelectronics.X-CUBE-AZRTOS-F7.1.1.0
2023-08-12 23:07:07,892 [WARN] PackLoader:240 - Cannot read IP mode file for STMicroelectronics.X-CUBE-MEMS1.9.6.0
2023-08-12 23:07:08,149 [WARN] PackLoader:240 - Cannot read IP mode file for STMicroelectronics.FP-SNS-MOTENV1.4.3.2
2023-08-12 23:07:08,167 [WARN] PackLoader:240 - Cannot read IP mode file for STMicroelectronics.X-CUBE-BLE1.6.2.4
2023-08-12 23:07:08,189 [WARN] PackLoader:240 - Cannot read IP mode file for STMicroelectronics.X-CUBE-BLEMGR.2.0.0
2023-08-12 23:07:08,199 [WARN] PackLoader:240 - Cannot read IP mode file for STMicroelectronics.FP-SNS-FLIGHT1.5.0.2
2023-08-12 23:07:08,237 [WARN] ConditionMgr:438 - getConditionDescription Invalid condition id : UX DEVICE CLASS RTOS Condition cause : null
2023-08-12 23:07:08,237 [WARN] ConditionMgr:438 - getConditionDescription Invalid condition id : UX DEVICE CLASS RTOS Condition cause : null
2023-08-12 23:07:08,242 [WARN] PackLoader:240 - Cannot read IP mode file for STMicroelectronics.X-CUBE-AZRTOS-H7.3.1.0
2023-08-12 23:07:08,243 [WARN] ConditionMgr:1039 - genDependencies : Invalid condition id : UX DEVICE CLASS RTOS Condition cause : null
2023-08-12 23:07:08,243 [WARN] ConditionMgr:1039 - genDependencies : Invalid condition id : UX DEVICE CLASS RTOS Condition cause : null
2023-08-12 23:07:08,244 [WARN] ConditionMgr:1039 - genDependencies : Invalid condition id : UX DEVICE CLASS RTOS Condition cause : null
2023-08-12 23:07:08,244 [WARN] ConditionMgr:1039 - genDependencies : Invalid condition id : UX DEVICE CLASS RTOS Condition cause : null
2023-08-12 23:07:08,244 [WARN] ConditionMgr:1039 - genDependencies : Invalid condition id : UX DEVICE CLASS RTOS Condition cause : null
2023-08-12 23:07:08,252 [WARN] PackLoader:240 - Cannot read IP mode file for STMicroelectronics.X-CUBE-BLE1.7.0.0
2023-08-12 23:07:08,270 [WARN] PackLoader:240 - Cannot read IP mode file for STMicroelectronics.X-CUBE-TOUCHGFX.4.22.0
2023-08-12 23:07:08,285 [WARN] PackLoader:240 - Cannot read IP mode file for STMicroelectronics.X-CUBE-NFC7.1.0.1
2023-08-12 23:07:08,359 [WARN] PackLoader:240 - Cannot read IP mode file for STMicroelectronics.X-CUBE-MEMS1.9.3.0
2023-08-12 23:07:08,511 [WARN] PackLoader:240 - Cannot read IP mode file for STMicroelectronics.X-CUBE-EEPRMA1.4.1.0
2023-08-12 23:07:08,539 [INFO] LogOutputStream:77 - [STDOUT_REDIRECT] 1 : Invalid condition id : UX_CORESTACK_Condition cause : null
2023-08-12 23:07:08,540 [INFO] LogOutputStream:77 - [STDOUT_REDIRECT] 1 : Invalid condition id : UX_CORESTACK_Condition cause : null
2023-08-12 23:07:08,541 [INFO] LogOutputStream:77 - [STDOUT_REDIRECT] 1 : Invalid condition id : UX_CORESTACK_Condition cause : null
2023-08-12 23:07:08,543 [INFO] LogOutputStream:77 - [STDOUT_REDIRECT] 1 : Invalid condition id : UX_CORESTACK_Condition cause : null
2023-08-12 23:07:08,545 [INFO] LogOutputStream:77 - [STDOUT_REDIRECT] 1 : Invalid condition id : UX_CORESTACK_Condition cause : null
2023-08-12 23:07:08,550 [WARN] PackLoader:240 - Cannot read IP mode file for STMicroelectronics.X-CUBE-AZRTOS-WL.2.0.0
2023-08-12 23:07:08,556 [WARN] PackLoader:240 - Cannot read IP mode file for STMicroelectronics.X-CUBE-AI.8.1.0
2023-08-12 23:07:08,615 [WARN] ConditionMgr:438 - getConditionDescription Invalid condition id : LAN8742 Phy interface Condition cause : null
2023-08-12 23:07:08,617 [WARN] PackLoader:240 - Cannot read IP mode file for STMicroelectronics.X-CUBE-AZRTOS-L4.2.0.0
2023-08-12 23:07:08,620 [WARN] ConditionMgr:1039 - genDependencies : Invalid condition id : LAN8742 Phy interface Condition cause : null
2023-08-12 23:07:08,620 [WARN] ConditionMgr:1039 - genDependencies : Invalid condition id : LAN8742 Phy interface Condition cause : null
2023-08-12 23:07:08,622 [WARN] ConditionMgr:1039 - genDependencies : Invalid condition id : LAN8742 Phy interface Condition cause : null
2023-08-12 23:07:08,652 [WARN] PackLoader:240 - Cannot read IP mode file for WES.I-CUBE-Cesium.1.3.0
2023-08-12 23:07:08,675 [WARN] PackLoader:240 - Cannot read IP mode file for STMicroelectronics.X-CUBE-SFXS2LP1.4.0.0
2023-08-12 23:07:08,695 [WARN] PackLoader:240 - Cannot read IP mode file for STMicroelectronics.X-CUBE-BLE2.3.3.0
2023-08-12 23:07:08,728 [WARN] PackLoader:240 - Cannot read IP mode file for STMicroelectronics.X-CUBE-TOF1.3.2.0
2023-08-12 23:07:08,790 [WARN] PackLoader:240 - Cannot read IP mode file for STMicroelectronics.X-CUBE-AZRTOS-H7.3.0.0
2023-08-12 23:07:08,815 [WARN] PackLoader:240 - Cannot read IP mode file for STMicroelectronics.X-CUBE-ISPU.1.0.0
2023-08-12 23:07:08,834 [WARN] PackLoader:240 - Cannot read IP mode file for STMicroelectronics.X-CUBE-ISPU.1.1.0
2023-08-12 23:07:08,852 [WARN] ConditionMgr:438 - getConditionDescription Invalid condition id : UX DEVICE CLASS RTOS Condition cause : null
2023-08-12 23:07:08,852 [WARN] ConditionMgr:438 - getConditionDescription Invalid condition id : UX DEVICE CLASS RTOS Condition cause : null
2023-08-12 23:07:08,854 [WARN] PackLoader:240 - Cannot read IP mode file for STMicroelectronics.X-CUBE-AZRTOS-WB.2.0.0
2023-08-12 23:07:08,854 [WARN] ConditionMgr:1039 - genDependencies : Invalid condition id : UX DEVICE CLASS RTOS Condition cause : null
2023-08-12 23:07:08,854 [WARN] ConditionMgr:1039 - genDependencies : Invalid condition id : UX DEVICE CLASS RTOS Condition cause : null
2023-08-12 23:07:08,855 [WARN] ConditionMgr:1039 - genDependencies : Invalid condition id : UX DEVICE CLASS RTOS Condition cause : null
2023-08-12 23:07:08,855 [WARN] ConditionMgr:1039 - genDependencies : Invalid condition id : UX DEVICE CLASS RTOS Condition cause : null
2023-08-12 23:07:08,855 [WARN] ConditionMgr:1039 - genDependencies : Invalid condition id : UX DEVICE CLASS RTOS Condition cause : null
2023-08-12 23:07:08,873 [WARN] PackLoader:240 - Cannot read IP mode file for STMicroelectronics.X-CUBE-FREERTOS.1.0.1
2023-08-12 23:07:08,894 [WARN] PackLoader:240 - Cannot read IP mode file for STMicroelectronics.X-CUBE-TOUCHGFX.4.21.1
2023-08-12 23:07:08,951 [WARN] PackLoader:240 - Cannot read IP mode file for STMicroelectronics.X-CUBE-MEMS1.9.4.0
2023-08-12 23:07:09,088 [WARN] PackLoader:240 - Cannot read IP mode file for STMicroelectronics.X-CUBE-AI.7.3.0
2023-08-12 23:07:09,121 [WARN] PackLoader:240 - Cannot read IP mode file for STMicroelectronics.X-CUBE-AZRTOS-L5.1.1.0
2023-08-12 23:07:09,158 [WARN] PackLoader:240 - Cannot read IP mode file for STMicroelectronics.X-CUBE-AZRTOS-G0.1.1.0
2023-08-12 23:07:09,172 [WARN] PackLoader:240 - Cannot read IP mode file for STMicroelectronics.X-CUBE-AI.8.0.1
2023-08-12 23:07:09,189 [WARN] PackLoader:240 - Cannot read IP mode file for STMicroelectronics.X-CUBE-NFC4.3.0.0
2023-08-12 23:07:09,212 [WARN] PackLoader:240 - Cannot read IP mode file for STMicroelectronics.X-CUBE-TOF1.3.3.1
2023-08-12 23:07:09,248 [WARN] PackLoader:240 - Cannot read IP mode file for STMicroelectronics.X-CUBE-AZRTOS-G4.2.0.0
2023-08-12 23:07:09,261 [WARN] PackLoader:240 - Cannot read IP mode file for STMicroelectronics.FP-ATR-ASTRA1.1.1.1
2023-08-12 23:07:09,274 [WARN] PackLoader:240 - Cannot read IP mode file for STMicroelectronics.X-CUBE-BLEMGR.1.3.0
2023-08-12 23:07:09,282 [WARN] PackLoader:240 - Cannot read IP mode file for STMicroelectronics.FP-ATR-SIGFOX1.3.2.0
2023-08-12 23:07:09,295 [WARN] PackLoader:240 - Cannot read IP mode file for STMicroelectronics.X-CUBE-TOUCHGFX.4.20.0
2023-08-12 23:07:09,321 [WARN] PackLoader:240 - Cannot read IP mode file for STMicroelectronics.X-CUBE-AZRTOS-WB.1.1.0
2023-08-12 23:07:09,364 [WARN] PackLoader:240 - Cannot read IP mode file for SEGGER.I-CUBE-embOS.1.3.1
2023-08-12 23:07:09,413 [WARN] PackLoader:240 - Cannot read IP mode file for STMicroelectronics.FP-ATR-ASTRA1.2.0.0
2023-08-12 23:07:09,414 [INFO] ThirdParty:978 - Integrity check success = true
2023-08-12 23:07:09,414 [INFO] IntegrityCheckThread:100 - exiting critical section [integrity check]
2023-08-12 23:07:09,414 [INFO] IntegrityCheckThread:103 - End integrity checks thread
2023-08-12 23:07:26,455 [ERROR] LogOutputStream:75 - [STDERR_REDIRECT] SLF4J: Failed to load class "org.slf4j.impl.StaticLoggerBinder".
2023-08-12 23:07:26,455 [ERROR] LogOutputStream:75 - [STDERR_REDIRECT] SLF4J: Defaulting to no-operation (NOP) logger implementation
2023-08-12 23:07:26,458 [ERROR] LogOutputStream:75 - [STDERR_REDIRECT] SLF4J: See http://www.slf4j.org/codes.html#StaticLoggerBinder for further details.
2023-08-12 23:25:03,753 [ERROR] LogOutputStream:75 - [STDERR_REDIRECT] 
