2023-12-24 01:18:38,313 [INFO] Activator:176 - 


2023-12-24 01:18:38,318 [INFO] Activator:177 - !SESSION log4j initialized
2023-12-24 01:18:50,939 [INFO] LogOutputStream:77 - [STDOUT_REDIRECT] 
2023-12-24 01:18:56,264 [INFO] ApplicationProperties:184 - Using Application install path: C:\ST\STM32CubeIDE_1.13.0\STM32CubeIDE\plugins\com.st.stm32cube.common.mx_6.9.0.202307051724
2023-12-24 01:18:56,286 [INFO] DbMcusXml:78 - Set database path to: C:\ST\STM32CubeIDE_1.13.0\STM32CubeIDE\plugins\com.st.stm32cube.common.mx_6.9.0.202307051724\\db\/mcu/
2023-12-24 01:18:56,287 [INFO] ApiDb:274 - Set plugin database path to: C:\ST\STM32CubeIDE_1.13.0\STM32CubeIDE\plugins\com.st.stm32cube.common.mx_6.9.0.202307051724\\db\/plugins/boardmanager/
2023-12-24 01:18:56,288 [WARN] ApiDb:259 - Overriding images path with different value:  => C:\ST\STM32CubeIDE_1.13.0\STM32CubeIDE\plugins\com.st.stm32cube.common.mx_6.9.0.202307051724\\db\/plugins/mcufinder/images/
2023-12-24 01:18:56,309 [INFO] ApiDb:250 - Set database path to: C:\Users\admin\.stmcufinder\plugins\mcufinder//mcu/
2023-12-24 01:18:56,310 [INFO] DbMcusAds:125 - Set database path to: C:\Users\admin\.stmcufinder\plugins\mcufinder//mcu/
2023-12-24 01:18:57,086 [INFO] CrossReferenceDbSqlite:203 - Set database path to: C:\Users\admin\.stmcufinder\plugins\mcufinder//mcu/cs/
2023-12-24 01:18:57,251 [INFO] RulesReader:64 - Compatibility file has been processed (293 Rules)
2023-12-24 01:18:57,343 [INFO] DbMcusXml:78 - Set database path to: C:\ST\STM32CubeIDE_1.13.0\STM32CubeIDE\plugins\com.st.stm32cube.common.mx_6.9.0.202307051724\\db\/mcu/
2023-12-24 01:18:57,343 [INFO] ApiDb:274 - Set plugin database path to: C:\ST\STM32CubeIDE_1.13.0\STM32CubeIDE\plugins\com.st.stm32cube.common.mx_6.9.0.202307051724\\db\/plugins/boardmanager/
2023-12-24 01:18:57,343 [INFO] ApiDb:261 - Set plugin images path to: C:\ST\STM32CubeIDE_1.13.0\STM32CubeIDE\plugins\com.st.stm32cube.common.mx_6.9.0.202307051724\\db\/plugins/mcufinder/images/
2023-12-24 01:18:57,343 [WARN] DbFile:41 - Overriding database path with different value: C:\Users\admin\.stmcufinder\plugins\mcufinder/ => C:\Users\admin\.stmcufinder\plugins\mcufinder
2023-12-24 01:18:57,343 [INFO] ApiDb:250 - Set database path to: C:\Users\admin\.stmcufinder\plugins\mcufinder//mcu/
2023-12-24 01:18:57,343 [WARN] DbFile:41 - Overriding database path with different value: C:\Users\admin\.stmcufinder\plugins\mcufinder/ => C:\Users\admin\.stmcufinder\plugins\mcufinder
2023-12-24 01:18:57,344 [INFO] DbMcusAds:125 - Set database path to: C:\Users\admin\.stmcufinder\plugins\mcufinder//mcu/
2023-12-24 01:18:57,344 [WARN] DbFile:41 - Overriding database path with different value: C:\Users\admin\.stmcufinder\plugins\mcufinder/ => C:\Users\admin\.stmcufinder\plugins\mcufinder
2023-12-24 01:18:57,344 [WARN] DbFile:41 - Overriding database path with different value: C:\Users\admin\.stmcufinder\plugins\mcufinder/ => C:\Users\admin\.stmcufinder\plugins\mcufinder
2023-12-24 01:18:58,081 [INFO] CrossReferenceDbSqlite:203 - Set database path to: C:\Users\admin\.stmcufinder\plugins\mcufinder//mcu/cs/
2023-12-24 01:18:58,203 [INFO] MainPanel:262 - HeapMemory: 268435456
2023-12-24 01:18:58,337 [INFO] DbMcusXml:78 - Set database path to: C:\ST\STM32CubeIDE_1.13.0\STM32CubeIDE\plugins\com.st.stm32cube.common.mx_6.9.0.202307051724\\db\/mcu/
2023-12-24 01:18:58,337 [INFO] ApiDb:274 - Set plugin database path to: C:\ST\STM32CubeIDE_1.13.0\STM32CubeIDE\plugins\com.st.stm32cube.common.mx_6.9.0.202307051724\\db\/plugins/boardmanager/
2023-12-24 01:18:58,337 [INFO] ApiDb:261 - Set plugin images path to: C:\ST\STM32CubeIDE_1.13.0\STM32CubeIDE\plugins\com.st.stm32cube.common.mx_6.9.0.202307051724\\db\/plugins/mcufinder/images/
2023-12-24 01:18:58,338 [WARN] DbFile:41 - Overriding database path with different value: C:\Users\admin\.stmcufinder\plugins\mcufinder/ => C:\Users\admin\.stmcufinder\plugins\mcufinder
2023-12-24 01:18:58,338 [INFO] ApiDb:250 - Set database path to: C:\Users\admin\.stmcufinder\plugins\mcufinder//mcu/
2023-12-24 01:18:58,338 [WARN] DbFile:41 - Overriding database path with different value: C:\Users\admin\.stmcufinder\plugins\mcufinder/ => C:\Users\admin\.stmcufinder\plugins\mcufinder
2023-12-24 01:18:58,338 [INFO] DbMcusAds:125 - Set database path to: C:\Users\admin\.stmcufinder\plugins\mcufinder//mcu/
2023-12-24 01:18:58,338 [WARN] DbFile:41 - Overriding database path with different value: C:\Users\admin\.stmcufinder\plugins\mcufinder/ => C:\Users\admin\.stmcufinder\plugins\mcufinder
2023-12-24 01:18:58,338 [WARN] DbFile:41 - Overriding database path with different value: C:\Users\admin\.stmcufinder\plugins\mcufinder/ => C:\Users\admin\.stmcufinder\plugins\mcufinder
2023-12-24 01:18:59,081 [INFO] CrossReferenceDbSqlite:203 - Set database path to: C:\Users\admin\.stmcufinder\plugins\mcufinder//mcu/cs/
2023-12-24 01:18:59,108 [INFO] ApplicationProperties:184 - Using Application install path: C:\ST\STM32CubeIDE_1.13.0\STM32CubeIDE\plugins\com.st.stm32cube.common.mx_6.9.0.202307051724
2023-12-24 01:18:59,109 [INFO] PluginManage:196 - Search for loadable plugins [exclusion list=, ]
2023-12-24 01:18:59,113 [INFO] PluginManage:310 - Check plugin analytics
2023-12-24 01:19:00,189 [INFO] AnalyticsPlugin:253 - Accepted Software Licenses: STM32CubeMX.6.9.1
2023-12-24 01:19:00,190 [INFO] AnalyticsPlugin:255 - Accepted CMSIS Pack Licenses: 
2023-12-24 01:19:00,190 [INFO] AnalyticsPlugin:257 - Accepted Firmware Licenses: 
2023-12-24 01:19:00,195 [INFO] PluginManage:359 - Loaded plugin analytics (category:tool,tabindex:-1)
2023-12-24 01:19:00,196 [INFO] PluginManage:310 - Check plugin cadmodel
2023-12-24 01:19:00,213 [INFO] CADModel:105 - Init CAD model plugin
2023-12-24 01:19:00,213 [INFO] PluginManage:359 - Loaded plugin cadmodel (category:power,tabindex:5)
2023-12-24 01:19:00,213 [INFO] PluginManage:310 - Check plugin clock
2023-12-24 01:19:00,234 [INFO] PluginManage:359 - Loaded plugin clock (category:base,tabindex:2)
2023-12-24 01:19:00,234 [INFO] PluginManage:310 - Check plugin ddr
2023-12-24 01:19:00,237 [INFO] PluginManage:359 - Loaded plugin ddr (category:tool,tabindex:6)
2023-12-24 01:19:00,237 [INFO] PluginManage:310 - Check plugin filemanager
2023-12-24 01:19:00,451 [INFO] PluginManage:359 - Loaded plugin filemanager (category:base,tabindex:10)
2023-12-24 01:19:00,451 [INFO] PluginManage:310 - Check plugin ipmanager
2023-12-24 01:19:00,461 [INFO] PluginManage:359 - Loaded plugin ipmanager (category:base,tabindex:5)
2023-12-24 01:19:00,461 [INFO] PluginManage:310 - Check plugin lpbam
2023-12-24 01:19:00,480 [INFO] PluginManage:359 - Loaded plugin lpbam (category:base,tabindex:0)
2023-12-24 01:19:00,480 [INFO] PluginManage:310 - Check plugin memorymap
2023-12-24 01:19:00,518 [INFO] PluginManage:359 - Loaded plugin memorymap (category:base,tabindex:4)
2023-12-24 01:19:00,518 [INFO] PluginManage:310 - Check plugin pinoutandconfiguration
2023-12-24 01:19:00,537 [INFO] PluginManage:359 - Loaded plugin pinoutandconfiguration (category:base,tabindex:1)
2023-12-24 01:19:00,537 [INFO] PluginManage:310 - Check plugin pinoutconfig
2023-12-24 01:19:00,673 [WARN] SupportedApi:132 - Cannot load RTOS API schema: s4s-elt-must-match.1: The content of 'definitions' must match (annotation?, (simpleType | complexType)?, (unique | key | keyref)*)). A problem was found starting at: attribute.
2023-12-24 01:19:00,816 [INFO] PluginManage:359 - Loaded plugin pinoutconfig (category:base,tabindex:0)
2023-12-24 01:19:00,816 [INFO] PluginManage:310 - Check plugin power
2023-12-24 01:19:00,837 [INFO] PluginManage:359 - Loaded plugin power (category:power,tabindex:4)
2023-12-24 01:19:00,838 [INFO] PluginManage:310 - Check plugin projectmanager
2023-12-24 01:19:00,855 [INFO] PluginManage:359 - Loaded plugin projectmanager (category:projectmanager,tabindex:3)
2023-12-24 01:19:00,855 [INFO] PluginManage:310 - Check plugin thirdparty
2023-12-24 01:19:01,193 [WARN] IntegrityCheckThread:84 - waiting for thirdparty lock release [integrity check]
2023-12-24 01:19:01,193 [INFO] PluginManage:359 - Loaded plugin thirdparty (category:base,tabindex:-1)
2023-12-24 01:19:01,193 [INFO] IntegrityCheckThread:86 - entering critical section [integrity check]
2023-12-24 01:19:01,193 [INFO] PluginManage:310 - Check plugin tools
2023-12-24 01:19:01,194 [INFO] ThirdPartyUpdaterWithRetryManager:70 - Updater plugin not ready yet. [1/15]
2023-12-24 01:19:01,232 [INFO] PluginManage:359 - Loaded plugin tools (category:base,tabindex:7)
2023-12-24 01:19:01,232 [INFO] PluginManage:310 - Check plugin tutovideos
2023-12-24 01:19:01,493 [INFO] PluginManage:359 - Loaded plugin tutovideos (category:base,tabindex:-1)
2023-12-24 01:19:01,493 [INFO] PluginManage:310 - Check plugin updater
2023-12-24 01:19:01,505 [INFO] PluginManage:359 - Loaded plugin updater (category:base,tabindex:12)
2023-12-24 01:19:01,505 [INFO] PluginManage:310 - Check plugin userauth
2023-12-24 01:19:01,511 [INFO] UserAuth:113 - Init User Auth plugin
2023-12-24 01:19:01,512 [INFO] PluginManage:359 - Loaded plugin userauth (category:base,tabindex:14)
2023-12-24 01:19:01,512 [INFO] PluginManage:283 - PluginManage : Loaded plugins [17]
2023-12-24 01:19:01,745 [INFO] PinOutPanel:1499 - setPackage(No Configuration,No Configuration)
2023-12-24 01:19:01,859 [INFO] CADModel:165 - CPN selected for project level
2023-12-24 01:19:01,859 [INFO] CADModel:114 - Register for checkConnection events
2023-12-24 01:19:01,885 [INFO] IPUIPlugin:80 - create IPUIPlugin
2023-12-24 01:19:01,885 [INFO] PluginManager:220 - loadIPPluginJar : add adc
2023-12-24 01:19:01,919 [INFO] IPUIPlugin:80 - create IPUIPlugin
2023-12-24 01:19:01,919 [INFO] PluginManager:220 - loadIPPluginJar : add aes
2023-12-24 01:19:01,965 [INFO] IPUIPlugin:80 - create IPUIPlugin
2023-12-24 01:19:01,965 [INFO] PluginManager:220 - loadIPPluginJar : add can
2023-12-24 01:19:01,990 [INFO] IPUIPlugin:80 - create IPUIPlugin
2023-12-24 01:19:01,991 [INFO] PluginManager:220 - loadIPPluginJar : add comp
2023-12-24 01:19:02,024 [INFO] IPUIPlugin:80 - create IPUIPlugin
2023-12-24 01:19:02,024 [INFO] PluginManager:220 - loadIPPluginJar : add cryp
2023-12-24 01:19:02,053 [INFO] IPUIPlugin:80 - create IPUIPlugin
2023-12-24 01:19:02,053 [INFO] PluginManager:220 - loadIPPluginJar : add dfsdm
2023-12-24 01:19:02,068 [INFO] IPUIPlugin:80 - create IPUIPlugin
2023-12-24 01:19:02,069 [INFO] PluginManager:220 - loadIPPluginJar : add dma
2023-12-24 01:19:02,111 [INFO] IPUIPlugin:80 - create IPUIPlugin
2023-12-24 01:19:02,111 [INFO] PluginManager:220 - loadIPPluginJar : add dma3
2023-12-24 01:19:02,133 [INFO] IPUIPlugin:80 - create IPUIPlugin
2023-12-24 01:19:02,133 [INFO] PluginManager:220 - loadIPPluginJar : add fatfs
2023-12-24 01:19:02,182 [INFO] IPUIPlugin:80 - create IPUIPlugin
2023-12-24 01:19:02,182 [INFO] PluginManager:220 - loadIPPluginJar : add fmc
2023-12-24 01:19:02,197 [INFO] IPUIPlugin:80 - create IPUIPlugin
2023-12-24 01:19:02,197 [INFO] PluginManager:220 - loadIPPluginJar : add freertos
2023-12-24 01:19:02,218 [INFO] IPUIPlugin:80 - create IPUIPlugin
2023-12-24 01:19:02,218 [INFO] PluginManager:220 - loadIPPluginJar : add genericplugin
2023-12-24 01:19:02,310 [INFO] IPUIPlugin:80 - create IPUIPlugin
2023-12-24 01:19:02,311 [INFO] PluginManager:220 - loadIPPluginJar : add gfxmmu
2023-12-24 01:19:02,439 [INFO] IPUIPlugin:80 - create IPUIPlugin
2023-12-24 01:19:02,439 [INFO] PluginManager:220 - loadIPPluginJar : add gic
2023-12-24 01:19:02,453 [INFO] IPUIPlugin:80 - create IPUIPlugin
2023-12-24 01:19:02,453 [INFO] PluginManager:220 - loadIPPluginJar : add gpio
2023-12-24 01:19:02,548 [INFO] IPUIPlugin:80 - create IPUIPlugin
2023-12-24 01:19:02,548 [INFO] PluginManager:220 - loadIPPluginJar : add gtzc
2023-12-24 01:19:02,580 [INFO] IPUIPlugin:80 - create IPUIPlugin
2023-12-24 01:19:02,580 [INFO] PluginManager:220 - loadIPPluginJar : add hash
2023-12-24 01:19:02,634 [INFO] IPUIPlugin:80 - create IPUIPlugin
2023-12-24 01:19:02,634 [INFO] PluginManager:220 - loadIPPluginJar : add i2c
2023-12-24 01:19:02,674 [INFO] IPUIPlugin:80 - create IPUIPlugin
2023-12-24 01:19:02,674 [INFO] PluginManager:220 - loadIPPluginJar : add i2s
2023-12-24 01:19:02,716 [INFO] IPUIPlugin:80 - create IPUIPlugin
2023-12-24 01:19:02,716 [INFO] PluginManager:220 - loadIPPluginJar : add i3c
2023-12-24 01:19:02,824 [INFO] IPUIPlugin:80 - create IPUIPlugin
2023-12-24 01:19:02,824 [INFO] PluginManager:220 - loadIPPluginJar : add ipddr
2023-12-24 01:19:02,952 [INFO] IPUIPlugin:80 - create IPUIPlugin
2023-12-24 01:19:02,953 [INFO] PluginManager:220 - loadIPPluginJar : add linkedlist
2023-12-24 01:19:02,995 [INFO] IPUIPlugin:80 - create IPUIPlugin
2023-12-24 01:19:02,995 [INFO] PluginManager:220 - loadIPPluginJar : add lorawan
2023-12-24 01:19:03,044 [INFO] IPUIPlugin:80 - create IPUIPlugin
2023-12-24 01:19:03,044 [INFO] PluginManager:220 - loadIPPluginJar : add ltdc
2023-12-24 01:19:03,060 [INFO] IPUIPlugin:80 - create IPUIPlugin
2023-12-24 01:19:03,061 [INFO] PluginManager:220 - loadIPPluginJar : add mdma
2023-12-24 01:19:03,073 [INFO] IPUIPlugin:80 - create IPUIPlugin
2023-12-24 01:19:03,073 [INFO] PluginManager:220 - loadIPPluginJar : add nvic
2023-12-24 01:19:03,113 [INFO] IPUIPlugin:80 - create IPUIPlugin
2023-12-24 01:19:03,113 [INFO] PluginManager:220 - loadIPPluginJar : add opamp
2023-12-24 01:19:03,176 [INFO] IPUIPlugin:80 - create IPUIPlugin
2023-12-24 01:19:03,176 [INFO] PluginManager:220 - loadIPPluginJar : add openamp
2023-12-24 01:19:03,218 [INFO] IPUIPlugin:80 - create IPUIPlugin
2023-12-24 01:19:03,218 [INFO] PluginManager:220 - loadIPPluginJar : add pdm2pcm
2023-12-24 01:19:03,232 [INFO] IPUIPlugin:80 - create IPUIPlugin
2023-12-24 01:19:03,235 [INFO] PluginManager:220 - loadIPPluginJar : add plateformsettings
2023-12-24 01:19:03,256 [INFO] IPUIPlugin:80 - create IPUIPlugin
2023-12-24 01:19:03,256 [INFO] PluginManager:220 - loadIPPluginJar : add quadspi
2023-12-24 01:19:03,270 [INFO] IPUIPlugin:80 - create IPUIPlugin
2023-12-24 01:19:03,270 [INFO] PluginManager:220 - loadIPPluginJar : add resmgrutility
2023-12-24 01:19:03,321 [INFO] IPUIPlugin:80 - create IPUIPlugin
2023-12-24 01:19:03,321 [INFO] PluginManager:220 - loadIPPluginJar : add sai
2023-12-24 01:19:03,358 [INFO] IPUIPlugin:80 - create IPUIPlugin
2023-12-24 01:19:03,359 [INFO] PluginManager:220 - loadIPPluginJar : add spi
2023-12-24 01:19:03,419 [INFO] IPUIPlugin:80 - create IPUIPlugin
2023-12-24 01:19:03,419 [INFO] PluginManager:220 - loadIPPluginJar : add stm32_wpan
2023-12-24 01:19:03,442 [INFO] IPUIPlugin:80 - create IPUIPlugin
2023-12-24 01:19:03,443 [INFO] PluginManager:220 - loadIPPluginJar : add tim
2023-12-24 01:19:03,513 [INFO] IPUIPlugin:80 - create IPUIPlugin
2023-12-24 01:19:03,514 [INFO] PluginManager:220 - loadIPPluginJar : add touchsensing
2023-12-24 01:19:03,537 [INFO] IPUIPlugin:80 - create IPUIPlugin
2023-12-24 01:19:03,537 [INFO] PluginManager:220 - loadIPPluginJar : add tracer_emb
2023-12-24 01:19:03,562 [INFO] IPUIPlugin:80 - create IPUIPlugin
2023-12-24 01:19:03,563 [INFO] PluginManager:220 - loadIPPluginJar : add ts
2023-12-24 01:19:03,585 [INFO] IPUIPlugin:80 - create IPUIPlugin
2023-12-24 01:19:03,585 [INFO] PluginManager:220 - loadIPPluginJar : add tsc
2023-12-24 01:19:03,607 [INFO] IPUIPlugin:80 - create IPUIPlugin
2023-12-24 01:19:03,607 [INFO] PluginManager:220 - loadIPPluginJar : add ucpd
2023-12-24 01:19:03,650 [INFO] IPUIPlugin:80 - create IPUIPlugin
2023-12-24 01:19:03,650 [INFO] PluginManager:220 - loadIPPluginJar : add usart
2023-12-24 01:19:03,695 [INFO] IPUIPlugin:80 - create IPUIPlugin
2023-12-24 01:19:03,695 [INFO] PluginManager:220 - loadIPPluginJar : add usbx
2023-12-24 01:19:03,837 [INFO] CADModel:165 - CPN selected for project level
2023-12-24 01:19:03,838 [INFO] CADModel:114 - Register for checkConnection events
2023-12-24 01:19:03,838 [FATAL] Updater:308 - Updater called before beeing initialized
2023-12-24 01:19:03,838 [ERROR] CADModel:125 - Updater not yet initialized, retry later 
2023-12-24 01:19:04,049 [INFO] CADModel:165 - CPN selected for project level
2023-12-24 01:19:04,049 [INFO] CADModel:114 - Register for checkConnection events
2023-12-24 01:19:04,049 [FATAL] Updater:308 - Updater called before beeing initialized
2023-12-24 01:19:04,049 [ERROR] CADModel:125 - Updater not yet initialized, retry later 
2023-12-24 01:19:04,056 [FATAL] Updater:308 - Updater called before beeing initialized
2023-12-24 01:19:04,195 [INFO] ThirdPartyUpdaterWithRetryManager:70 - Updater plugin not ready yet. [2/15]
2023-12-24 01:19:04,235 [FATAL] Updater:308 - Updater called before beeing initialized
2023-12-24 01:19:04,249 [INFO] DbMcusAds:53 - JSON generation date=Tue Mar 07 15:50:55 ICT 2023 (1678179055335)
2023-12-24 01:19:04,249 [FATAL] Updater:308 - Updater called before beeing initialized
2023-12-24 01:19:04,327 [WARN] DetailPanel:346 - Failed to get advertising image, set to default
2023-12-24 01:19:04,533 [FATAL] Updater:308 - Updater called before beeing initialized
2023-12-24 01:19:04,536 [FATAL] Updater:308 - Updater called before beeing initialized
2023-12-24 01:19:04,536 [FATAL] Updater:308 - Updater called before beeing initialized
2023-12-24 01:19:04,536 [WARN] DetailPanel:346 - Failed to get advertising image, set to default
2023-12-24 01:19:04,537 [FATAL] Updater:308 - Updater called before beeing initialized
2023-12-24 01:19:04,641 [ERROR] Updater:1120 - MainUpdater not yet initialized. External WinMGr cannot be set.
2023-12-24 01:19:04,651 [INFO] Updater:1056 - Updater Version found : 6.9.0
2023-12-24 01:19:04,677 [INFO] ApplicationProperties:184 - Using Application install path: C:\ST\STM32CubeIDE_1.13.0\STM32CubeIDE\plugins\com.st.stm32cube.common.mx_6.9.0.202307051724
2023-12-24 01:19:05,051 [INFO] MainUpdater:2868 - connection check result : 10
2023-12-24 01:19:05,052 [INFO] MainUpdater:285 - Updater Check For Update Now.
2023-12-24 01:19:05,052 [INFO] MicroXplorer:498 - Change Database Version : DB.6.0.90
2023-12-24 01:19:05,076 [INFO] McuFinderGlobals:63 - Set McuFinder mode to 2 (CubeIDE integrated)
2023-12-24 01:19:05,076 [INFO] UserAuth:179 - activating auth plugin
2023-12-24 01:19:05,079 [INFO] UserAuth:393 - Internet connection configuration mode: 1
2023-12-24 01:19:05,124 [INFO] JxBrowserEngine:151 - Initiate JxBrowser Engine with user profile folder
2023-12-24 01:19:05,369 [INFO] CheckServerUpdateThread:120 - End of CheckServer Thread
2023-12-24 01:19:07,482 [WARN] PackLoader:240 - Cannot read IP mode file for STMicroelectronics.X-CUBE-SMBUS.2.1.0
2023-12-24 01:19:07,534 [WARN] PackLoader:240 - Cannot read IP mode file for STMicroelectronics.X-CUBE-AZRTOS-F7.1.1.0
2023-12-24 01:19:07,554 [WARN] PackLoader:240 - Cannot read IP mode file for STMicroelectronics.FP-SNS-MOTENV1.4.3.2
2023-12-24 01:19:07,573 [WARN] PackLoader:240 - Cannot read IP mode file for STMicroelectronics.X-CUBE-BLE1.6.2.4
2023-12-24 01:19:07,589 [WARN] PackLoader:240 - Cannot read IP mode file for STMicroelectronics.FP-SNS-FLIGHT1.5.0.2
2023-12-24 01:19:07,605 [WARN] PackLoader:240 - Cannot read IP mode file for STMicroelectronics.X-CUBE-BLE1.7.0.0
2023-12-24 01:19:07,621 [WARN] PackLoader:240 - Cannot read IP mode file for STMicroelectronics.X-CUBE-TOUCHGFX.4.22.0
2023-12-24 01:19:07,633 [WARN] PackLoader:240 - Cannot read IP mode file for STMicroelectronics.X-CUBE-TOUCHGFX.4.22.1
2023-12-24 01:19:07,704 [WARN] PackLoader:240 - Cannot read IP mode file for STMicroelectronics.X-CUBE-MEMS1.9.3.0
2023-12-24 01:19:07,888 [WARN] PackLoader:240 - Cannot read IP mode file for STMicroelectronics.FP-SNS-SMARTAG2.1.2.0
2023-12-24 01:19:07,914 [INFO] LogOutputStream:77 - [STDOUT_REDIRECT] 1 : Invalid condition id : UX_CORESTACK_Condition cause : null
2023-12-24 01:19:07,915 [INFO] LogOutputStream:77 - [STDOUT_REDIRECT] 1 : Invalid condition id : UX_CORESTACK_Condition cause : null
2023-12-24 01:19:07,917 [INFO] LogOutputStream:77 - [STDOUT_REDIRECT] 1 : Invalid condition id : UX_CORESTACK_Condition cause : null
2023-12-24 01:19:07,920 [INFO] LogOutputStream:77 - [STDOUT_REDIRECT] 1 : Invalid condition id : UX_CORESTACK_Condition cause : null
2023-12-24 01:19:07,921 [INFO] LogOutputStream:77 - [STDOUT_REDIRECT] 1 : Invalid condition id : UX_CORESTACK_Condition cause : null
2023-12-24 01:19:07,924 [WARN] PackLoader:240 - Cannot read IP mode file for STMicroelectronics.X-CUBE-AZRTOS-WL.2.0.0
2023-12-24 01:19:07,944 [WARN] PackLoader:240 - Cannot read IP mode file for WES.I-CUBE-Cesium.1.3.0
2023-12-24 01:19:07,963 [WARN] PackLoader:240 - Cannot read IP mode file for STMicroelectronics.X-CUBE-BLE2.3.3.0
2023-12-24 01:19:07,987 [WARN] PackLoader:240 - Cannot read IP mode file for STMicroelectronics.X-CUBE-TOF1.3.2.0
2023-12-24 01:19:08,006 [WARN] PackLoader:240 - Cannot read IP mode file for STMicroelectronics.X-CUBE-ISPU.1.0.0
2023-12-24 01:19:08,019 [WARN] PackLoader:240 - Cannot read IP mode file for STMicroelectronics.X-CUBE-TOUCHGFX.4.21.1
2023-12-24 01:19:08,091 [WARN] PackLoader:240 - Cannot read IP mode file for STMicroelectronics.X-CUBE-MEMS1.9.4.0
2023-12-24 01:19:08,247 [WARN] PackLoader:240 - Cannot read IP mode file for STMicroelectronics.X-CUBE-AI.7.3.0
2023-12-24 01:19:08,333 [WARN] PackLoader:240 - Cannot read IP mode file for STMicroelectronics.X-CUBE-AZRTOS-G0.1.1.0
2023-12-24 01:19:08,354 [WARN] PackLoader:240 - Cannot read IP mode file for STMicroelectronics.X-CUBE-NFC4.3.0.0
2023-12-24 01:19:08,396 [WARN] PackLoader:240 - Cannot read IP mode file for STMicroelectronics.X-CUBE-BLEMGR.3.0.0
2023-12-24 01:19:08,786 [WARN] PackLoader:240 - Cannot read IP mode file for STMicroelectronics.X-CUBE-BLEMGR.1.3.0
2023-12-24 01:19:08,804 [WARN] PackLoader:240 - Cannot read IP mode file for STMicroelectronics.FP-ATR-SIGFOX1.3.2.0
2023-12-24 01:19:08,814 [WARN] PackLoader:240 - Cannot read IP mode file for STMicroelectronics.X-CUBE-TOUCHGFX.4.20.0
2023-12-24 01:19:08,861 [WARN] PackLoader:240 - Cannot read IP mode file for SEGGER.I-CUBE-embOS.1.3.1
2023-12-24 01:19:08,923 [WARN] PackLoader:240 - Cannot read IP mode file for STMicroelectronics.X-CUBE-GNSS1.6.0.0
2023-12-24 01:19:08,971 [WARN] PackLoader:240 - Cannot read IP mode file for STMicroelectronics.X-CUBE-AZRTOS-F4.1.1.0
2023-12-24 01:19:09,002 [WARN] PackLoader:240 - Cannot read IP mode file for STMicroelectronics.X-CUBE-BLEMGR.1.2.0
2023-12-24 01:19:09,206 [WARN] PackLoader:240 - Cannot read IP mode file for STMicroelectronics.X-CUBE-AZRTOS-L5.2.0.0
2023-12-24 01:19:09,415 [WARN] PackLoader:240 - Cannot read IP mode file for STMicroelectronics.X-CUBE-MEMS1.9.6.0
2023-12-24 01:19:09,522 [INFO] WebApp:157 - Instantiating new browser for Auth
2023-12-24 01:19:09,707 [WARN] PackLoader:240 - Cannot read IP mode file for STMicroelectronics.X-CUBE-EEPRMA1.4.2.0
2023-12-24 01:19:09,725 [WARN] PackLoader:240 - Cannot read IP mode file for ITTIA_DB.I-CUBE-ITTIADB.8.8.0
2023-12-24 01:19:09,770 [WARN] PackLoader:240 - Cannot read IP mode file for STMicroelectronics.X-CUBE-BLEMGR.2.0.0
2023-12-24 01:19:09,820 [WARN] ConditionMgr:438 - getConditionDescription Invalid condition id : UX DEVICE CLASS RTOS Condition cause : null
2023-12-24 01:19:09,820 [WARN] ConditionMgr:438 - getConditionDescription Invalid condition id : UX DEVICE CLASS RTOS Condition cause : null
2023-12-24 01:19:09,823 [WARN] PackLoader:240 - Cannot read IP mode file for STMicroelectronics.X-CUBE-AZRTOS-H7.3.1.0
2023-12-24 01:19:09,824 [WARN] ConditionMgr:1039 - genDependencies : Invalid condition id : UX DEVICE CLASS RTOS Condition cause : null
2023-12-24 01:19:09,824 [WARN] ConditionMgr:1039 - genDependencies : Invalid condition id : UX DEVICE CLASS RTOS Condition cause : null
2023-12-24 01:19:09,825 [WARN] ConditionMgr:1039 - genDependencies : Invalid condition id : UX DEVICE CLASS RTOS Condition cause : null
2023-12-24 01:19:09,826 [WARN] ConditionMgr:1039 - genDependencies : Invalid condition id : UX DEVICE CLASS RTOS Condition cause : null
2023-12-24 01:19:09,826 [WARN] ConditionMgr:1039 - genDependencies : Invalid condition id : UX DEVICE CLASS RTOS Condition cause : null
2023-12-24 01:19:09,844 [WARN] PackLoader:240 - Cannot read IP mode file for STMicroelectronics.X-CUBE-NFC7.1.0.1
2023-12-24 01:19:09,868 [WARN] PackLoader:240 - Cannot read IP mode file for STMicroelectronics.X-CUBE-NFC6.3.0.0
2023-12-24 01:19:09,887 [WARN] PackLoader:240 - Cannot read IP mode file for STMicroelectronics.X-CUBE-EEPRMA1.4.1.0
2023-12-24 01:19:09,903 [WARN] PackLoader:240 - Cannot read IP mode file for STMicroelectronics.X-CUBE-AI.8.1.0
2023-12-24 01:19:09,944 [WARN] ConditionMgr:438 - getConditionDescription Invalid condition id : LAN8742 Phy interface Condition cause : null
2023-12-24 01:19:09,945 [WARN] PackLoader:240 - Cannot read IP mode file for STMicroelectronics.X-CUBE-AZRTOS-L4.2.0.0
2023-12-24 01:19:09,947 [WARN] ConditionMgr:1039 - genDependencies : Invalid condition id : LAN8742 Phy interface Condition cause : null
2023-12-24 01:19:09,947 [WARN] ConditionMgr:1039 - genDependencies : Invalid condition id : LAN8742 Phy interface Condition cause : null
2023-12-24 01:19:09,948 [WARN] ConditionMgr:1039 - genDependencies : Invalid condition id : LAN8742 Phy interface Condition cause : null
2023-12-24 01:19:09,971 [WARN] PackLoader:240 - Cannot read IP mode file for STMicroelectronics.X-CUBE-SFXS2LP1.4.0.0
2023-12-24 01:19:10,021 [WARN] PackLoader:240 - Cannot read IP mode file for STMicroelectronics.X-CUBE-AZRTOS-H7.3.0.0
2023-12-24 01:19:10,040 [WARN] PackLoader:240 - Cannot read IP mode file for STMicroelectronics.X-CUBE-ISPU.1.1.0
2023-12-24 01:19:10,069 [WARN] ConditionMgr:438 - getConditionDescription Invalid condition id : UX DEVICE CLASS RTOS Condition cause : null
2023-12-24 01:19:10,070 [WARN] ConditionMgr:438 - getConditionDescription Invalid condition id : UX DEVICE CLASS RTOS Condition cause : null
2023-12-24 01:19:10,071 [WARN] PackLoader:240 - Cannot read IP mode file for STMicroelectronics.X-CUBE-AZRTOS-WB.2.0.0
2023-12-24 01:19:10,072 [WARN] ConditionMgr:1039 - genDependencies : Invalid condition id : UX DEVICE CLASS RTOS Condition cause : null
2023-12-24 01:19:10,072 [WARN] ConditionMgr:1039 - genDependencies : Invalid condition id : UX DEVICE CLASS RTOS Condition cause : null
2023-12-24 01:19:10,073 [WARN] ConditionMgr:1039 - genDependencies : Invalid condition id : UX DEVICE CLASS RTOS Condition cause : null
2023-12-24 01:19:10,073 [WARN] ConditionMgr:1039 - genDependencies : Invalid condition id : UX DEVICE CLASS RTOS Condition cause : null
2023-12-24 01:19:10,073 [WARN] ConditionMgr:1039 - genDependencies : Invalid condition id : UX DEVICE CLASS RTOS Condition cause : null
2023-12-24 01:19:10,093 [WARN] PackLoader:240 - Cannot read IP mode file for STMicroelectronics.X-CUBE-FREERTOS.1.0.1
2023-12-24 01:19:10,127 [WARN] PackLoader:240 - Cannot read IP mode file for STMicroelectronics.X-CUBE-AZRTOS-L5.1.1.0
2023-12-24 01:19:10,150 [WARN] PackLoader:240 - Cannot read IP mode file for STMicroelectronics.X-CUBE-AI.8.0.1
2023-12-24 01:19:10,179 [WARN] PackLoader:240 - Cannot read IP mode file for STMicroelectronics.X-CUBE-TOF1.3.3.1
2023-12-24 01:19:10,248 [WARN] PackLoader:240 - Cannot read IP mode file for STMicroelectronics.X-CUBE-AZRTOS-G4.2.0.0
2023-12-24 01:19:10,273 [WARN] PackLoader:240 - Cannot read IP mode file for STMicroelectronics.FP-ATR-ASTRA1.1.1.1
2023-12-24 01:19:10,312 [WARN] PackLoader:240 - Cannot read IP mode file for Infineon.AIROC-Wi-Fi-Bluetooth-STM32.1.5.1
2023-12-24 01:19:10,338 [WARN] PackLoader:240 - Cannot read IP mode file for STMicroelectronics.FP-SNS-MOTENVWB1.1.3.0
2023-12-24 01:19:10,407 [WARN] PackLoader:240 - Cannot read IP mode file for STMicroelectronics.X-CUBE-MEMS1.10.0.0
2023-12-24 01:19:10,646 [WARN] PackLoader:240 - Cannot read IP mode file for STMicroelectronics.X-CUBE-FREERTOS.1.1.0
2023-12-24 01:19:10,660 [INFO] WebApp:753 - Register for checkConnection events
2023-12-24 01:19:10,660 [INFO] WebApp:390 - Apply proxy settings
2023-12-24 01:19:10,661 [INFO] WebApp:475 - Chromium requires no authentication
2023-12-24 01:19:10,676 [WARN] PackLoader:240 - Cannot read IP mode file for STMicroelectronics.X-CUBE-AZRTOS-WB.1.1.0
2023-12-24 01:19:10,685 [INFO] WebApp:418 - Direct internet connection detected
2023-12-24 01:19:10,691 [WARN] PackLoader:240 - Cannot read IP mode file for STMicroelectronics.FP-ATR-ASTRA1.2.0.0
2023-12-24 01:19:10,692 [INFO] ThirdParty:978 - Integrity check success = true
2023-12-24 01:19:10,692 [INFO] IntegrityCheckThread:100 - exiting critical section [integrity check]
2023-12-24 01:19:10,692 [INFO] IntegrityCheckThread:103 - End integrity checks thread
2023-12-24 01:19:10,956 [INFO] WebApp:188 - Starting web application
2023-12-24 01:19:10,956 [INFO] WebApp:520 - Web application path used C:\ST\STM32CubeIDE_1.13.0\STM32CubeIDE\plugins\com.st.stm32cube.common.mx_6.9.0.202307051724\db\plugins\mcufinder\reactClient1\index.html
2023-12-24 01:19:32,058 [ERROR] LogOutputStream:75 - [STDERR_REDIRECT] SLF4J: Failed to load class "org.slf4j.impl.StaticLoggerBinder".
2023-12-24 01:19:32,058 [ERROR] LogOutputStream:75 - [STDERR_REDIRECT] SLF4J: Defaulting to no-operation (NOP) logger implementation
2023-12-24 01:19:32,060 [ERROR] LogOutputStream:75 - [STDERR_REDIRECT] SLF4J: See http://www.slf4j.org/codes.html#StaticLoggerBinder for further details.
2023-12-24 02:12:28,731 [ERROR] LogOutputStream:75 - [STDERR_REDIRECT] 
2023-12-24 10:20:32,524 [INFO] Activator:176 - 


2023-12-24 10:20:32,536 [INFO] Activator:177 - !SESSION log4j initialized
2023-12-24 10:20:39,826 [INFO] LogOutputStream:77 - [STDOUT_REDIRECT] 
2023-12-24 10:20:42,521 [INFO] ApplicationProperties:184 - Using Application install path: C:\ST\STM32CubeIDE_1.13.0\STM32CubeIDE\plugins\com.st.stm32cube.common.mx_6.9.0.202307051724
2023-12-24 10:20:42,565 [INFO] DbMcusXml:78 - Set database path to: C:\ST\STM32CubeIDE_1.13.0\STM32CubeIDE\plugins\com.st.stm32cube.common.mx_6.9.0.202307051724\\db\/mcu/
2023-12-24 10:20:42,566 [INFO] ApiDb:274 - Set plugin database path to: C:\ST\STM32CubeIDE_1.13.0\STM32CubeIDE\plugins\com.st.stm32cube.common.mx_6.9.0.202307051724\\db\/plugins/boardmanager/
2023-12-24 10:20:42,566 [WARN] ApiDb:259 - Overriding images path with different value:  => C:\ST\STM32CubeIDE_1.13.0\STM32CubeIDE\plugins\com.st.stm32cube.common.mx_6.9.0.202307051724\\db\/plugins/mcufinder/images/
2023-12-24 10:20:42,585 [INFO] ApiDb:250 - Set database path to: C:\Users\admin\.stmcufinder\plugins\mcufinder//mcu/
2023-12-24 10:20:42,586 [INFO] DbMcusAds:125 - Set database path to: C:\Users\admin\.stmcufinder\plugins\mcufinder//mcu/
2023-12-24 10:20:43,593 [INFO] CrossReferenceDbSqlite:203 - Set database path to: C:\Users\admin\.stmcufinder\plugins\mcufinder//mcu/cs/
2023-12-24 10:20:43,743 [INFO] RulesReader:64 - Compatibility file has been processed (293 Rules)
2023-12-24 10:20:43,853 [INFO] DbMcusXml:78 - Set database path to: C:\ST\STM32CubeIDE_1.13.0\STM32CubeIDE\plugins\com.st.stm32cube.common.mx_6.9.0.202307051724\\db\/mcu/
2023-12-24 10:20:43,853 [INFO] ApiDb:274 - Set plugin database path to: C:\ST\STM32CubeIDE_1.13.0\STM32CubeIDE\plugins\com.st.stm32cube.common.mx_6.9.0.202307051724\\db\/plugins/boardmanager/
2023-12-24 10:20:43,853 [INFO] ApiDb:261 - Set plugin images path to: C:\ST\STM32CubeIDE_1.13.0\STM32CubeIDE\plugins\com.st.stm32cube.common.mx_6.9.0.202307051724\\db\/plugins/mcufinder/images/
2023-12-24 10:20:43,853 [WARN] DbFile:41 - Overriding database path with different value: C:\Users\admin\.stmcufinder\plugins\mcufinder/ => C:\Users\admin\.stmcufinder\plugins\mcufinder
2023-12-24 10:20:43,854 [INFO] ApiDb:250 - Set database path to: C:\Users\admin\.stmcufinder\plugins\mcufinder//mcu/
2023-12-24 10:20:43,854 [WARN] DbFile:41 - Overriding database path with different value: C:\Users\admin\.stmcufinder\plugins\mcufinder/ => C:\Users\admin\.stmcufinder\plugins\mcufinder
2023-12-24 10:20:43,854 [INFO] DbMcusAds:125 - Set database path to: C:\Users\admin\.stmcufinder\plugins\mcufinder//mcu/
2023-12-24 10:20:43,854 [WARN] DbFile:41 - Overriding database path with different value: C:\Users\admin\.stmcufinder\plugins\mcufinder/ => C:\Users\admin\.stmcufinder\plugins\mcufinder
2023-12-24 10:20:43,854 [WARN] DbFile:41 - Overriding database path with different value: C:\Users\admin\.stmcufinder\plugins\mcufinder/ => C:\Users\admin\.stmcufinder\plugins\mcufinder
2023-12-24 10:20:44,588 [INFO] CrossReferenceDbSqlite:203 - Set database path to: C:\Users\admin\.stmcufinder\plugins\mcufinder//mcu/cs/
2023-12-24 10:20:44,723 [INFO] MainPanel:262 - HeapMemory: 268435456
2023-12-24 10:20:44,833 [INFO] DbMcusXml:78 - Set database path to: C:\ST\STM32CubeIDE_1.13.0\STM32CubeIDE\plugins\com.st.stm32cube.common.mx_6.9.0.202307051724\\db\/mcu/
2023-12-24 10:20:44,833 [INFO] ApiDb:274 - Set plugin database path to: C:\ST\STM32CubeIDE_1.13.0\STM32CubeIDE\plugins\com.st.stm32cube.common.mx_6.9.0.202307051724\\db\/plugins/boardmanager/
2023-12-24 10:20:44,833 [INFO] ApiDb:261 - Set plugin images path to: C:\ST\STM32CubeIDE_1.13.0\STM32CubeIDE\plugins\com.st.stm32cube.common.mx_6.9.0.202307051724\\db\/plugins/mcufinder/images/
2023-12-24 10:20:44,833 [WARN] DbFile:41 - Overriding database path with different value: C:\Users\admin\.stmcufinder\plugins\mcufinder/ => C:\Users\admin\.stmcufinder\plugins\mcufinder
2023-12-24 10:20:44,833 [INFO] ApiDb:250 - Set database path to: C:\Users\admin\.stmcufinder\plugins\mcufinder//mcu/
2023-12-24 10:20:44,834 [WARN] DbFile:41 - Overriding database path with different value: C:\Users\admin\.stmcufinder\plugins\mcufinder/ => C:\Users\admin\.stmcufinder\plugins\mcufinder
2023-12-24 10:20:44,834 [INFO] DbMcusAds:125 - Set database path to: C:\Users\admin\.stmcufinder\plugins\mcufinder//mcu/
2023-12-24 10:20:44,834 [WARN] DbFile:41 - Overriding database path with different value: C:\Users\admin\.stmcufinder\plugins\mcufinder/ => C:\Users\admin\.stmcufinder\plugins\mcufinder
2023-12-24 10:20:44,834 [WARN] DbFile:41 - Overriding database path with different value: C:\Users\admin\.stmcufinder\plugins\mcufinder/ => C:\Users\admin\.stmcufinder\plugins\mcufinder
2023-12-24 10:20:45,586 [INFO] CrossReferenceDbSqlite:203 - Set database path to: C:\Users\admin\.stmcufinder\plugins\mcufinder//mcu/cs/
2023-12-24 10:20:45,626 [INFO] ApplicationProperties:184 - Using Application install path: C:\ST\STM32CubeIDE_1.13.0\STM32CubeIDE\plugins\com.st.stm32cube.common.mx_6.9.0.202307051724
2023-12-24 10:20:45,628 [INFO] PluginManage:196 - Search for loadable plugins [exclusion list=, ]
2023-12-24 10:20:45,629 [INFO] PluginManage:310 - Check plugin analytics
2023-12-24 10:20:46,679 [INFO] AnalyticsPlugin:253 - Accepted Software Licenses: STM32CubeMX.6.9.1
2023-12-24 10:20:46,679 [INFO] AnalyticsPlugin:255 - Accepted CMSIS Pack Licenses: 
2023-12-24 10:20:46,679 [INFO] AnalyticsPlugin:257 - Accepted Firmware Licenses: 
2023-12-24 10:20:46,683 [INFO] PluginManage:359 - Loaded plugin analytics (category:tool,tabindex:-1)
2023-12-24 10:20:46,683 [INFO] PluginManage:310 - Check plugin cadmodel
2023-12-24 10:20:46,688 [INFO] CADModel:105 - Init CAD model plugin
2023-12-24 10:20:46,688 [INFO] PluginManage:359 - Loaded plugin cadmodel (category:power,tabindex:5)
2023-12-24 10:20:46,690 [INFO] PluginManage:310 - Check plugin clock
2023-12-24 10:20:46,702 [INFO] PluginManage:359 - Loaded plugin clock (category:base,tabindex:2)
2023-12-24 10:20:46,702 [INFO] PluginManage:310 - Check plugin ddr
2023-12-24 10:20:46,705 [INFO] PluginManage:359 - Loaded plugin ddr (category:tool,tabindex:6)
2023-12-24 10:20:46,705 [INFO] PluginManage:310 - Check plugin filemanager
2023-12-24 10:20:46,942 [INFO] PluginManage:359 - Loaded plugin filemanager (category:base,tabindex:10)
2023-12-24 10:20:46,943 [INFO] PluginManage:310 - Check plugin ipmanager
2023-12-24 10:20:46,952 [INFO] PluginManage:359 - Loaded plugin ipmanager (category:base,tabindex:5)
2023-12-24 10:20:46,952 [INFO] PluginManage:310 - Check plugin lpbam
2023-12-24 10:20:46,963 [INFO] PluginManage:359 - Loaded plugin lpbam (category:base,tabindex:0)
2023-12-24 10:20:46,963 [INFO] PluginManage:310 - Check plugin memorymap
2023-12-24 10:20:46,983 [INFO] PluginManage:359 - Loaded plugin memorymap (category:base,tabindex:4)
2023-12-24 10:20:46,983 [INFO] PluginManage:310 - Check plugin pinoutandconfiguration
2023-12-24 10:20:46,994 [INFO] PluginManage:359 - Loaded plugin pinoutandconfiguration (category:base,tabindex:1)
2023-12-24 10:20:46,994 [INFO] PluginManage:310 - Check plugin pinoutconfig
2023-12-24 10:20:47,103 [WARN] SupportedApi:132 - Cannot load RTOS API schema: s4s-elt-must-match.1: The content of 'definitions' must match (annotation?, (simpleType | complexType)?, (unique | key | keyref)*)). A problem was found starting at: attribute.
2023-12-24 10:20:47,251 [INFO] PluginManage:359 - Loaded plugin pinoutconfig (category:base,tabindex:0)
2023-12-24 10:20:47,251 [INFO] PluginManage:310 - Check plugin power
2023-12-24 10:20:47,266 [INFO] PluginManage:359 - Loaded plugin power (category:power,tabindex:4)
2023-12-24 10:20:47,266 [INFO] PluginManage:310 - Check plugin projectmanager
2023-12-24 10:20:47,282 [INFO] PluginManage:359 - Loaded plugin projectmanager (category:projectmanager,tabindex:3)
2023-12-24 10:20:47,282 [INFO] PluginManage:310 - Check plugin thirdparty
2023-12-24 10:20:47,443 [WARN] IntegrityCheckThread:84 - waiting for thirdparty lock release [integrity check]
2023-12-24 10:20:47,443 [INFO] PluginManage:359 - Loaded plugin thirdparty (category:base,tabindex:-1)
2023-12-24 10:20:47,443 [INFO] IntegrityCheckThread:86 - entering critical section [integrity check]
2023-12-24 10:20:47,443 [INFO] PluginManage:310 - Check plugin tools
2023-12-24 10:20:47,444 [INFO] ThirdPartyUpdaterWithRetryManager:70 - Updater plugin not ready yet. [1/15]
2023-12-24 10:20:47,446 [INFO] PluginManage:359 - Loaded plugin tools (category:base,tabindex:7)
2023-12-24 10:20:47,446 [INFO] PluginManage:310 - Check plugin tutovideos
2023-12-24 10:20:47,624 [INFO] PluginManage:359 - Loaded plugin tutovideos (category:base,tabindex:-1)
2023-12-24 10:20:47,625 [INFO] PluginManage:310 - Check plugin updater
2023-12-24 10:20:47,637 [INFO] PluginManage:359 - Loaded plugin updater (category:base,tabindex:12)
2023-12-24 10:20:47,638 [INFO] PluginManage:310 - Check plugin userauth
2023-12-24 10:20:47,643 [INFO] UserAuth:113 - Init User Auth plugin
2023-12-24 10:20:47,644 [INFO] PluginManage:359 - Loaded plugin userauth (category:base,tabindex:14)
2023-12-24 10:20:47,644 [INFO] PluginManage:283 - PluginManage : Loaded plugins [17]
2023-12-24 10:20:47,902 [INFO] PinOutPanel:1499 - setPackage(No Configuration,No Configuration)
2023-12-24 10:20:48,046 [INFO] CADModel:165 - CPN selected for project level
2023-12-24 10:20:48,046 [INFO] CADModel:114 - Register for checkConnection events
2023-12-24 10:20:48,068 [INFO] IPUIPlugin:80 - create IPUIPlugin
2023-12-24 10:20:48,069 [INFO] PluginManager:220 - loadIPPluginJar : add adc
2023-12-24 10:20:48,073 [INFO] IPUIPlugin:80 - create IPUIPlugin
2023-12-24 10:20:48,073 [INFO] PluginManager:220 - loadIPPluginJar : add aes
2023-12-24 10:20:48,076 [INFO] IPUIPlugin:80 - create IPUIPlugin
2023-12-24 10:20:48,076 [INFO] PluginManager:220 - loadIPPluginJar : add can
2023-12-24 10:20:48,078 [INFO] IPUIPlugin:80 - create IPUIPlugin
2023-12-24 10:20:48,078 [INFO] PluginManager:220 - loadIPPluginJar : add comp
2023-12-24 10:20:48,081 [INFO] IPUIPlugin:80 - create IPUIPlugin
2023-12-24 10:20:48,082 [INFO] PluginManager:220 - loadIPPluginJar : add cryp
2023-12-24 10:20:48,085 [INFO] IPUIPlugin:80 - create IPUIPlugin
2023-12-24 10:20:48,085 [INFO] PluginManager:220 - loadIPPluginJar : add dfsdm
2023-12-24 10:20:48,093 [INFO] IPUIPlugin:80 - create IPUIPlugin
2023-12-24 10:20:48,094 [INFO] PluginManager:220 - loadIPPluginJar : add dma
2023-12-24 10:20:48,097 [INFO] IPUIPlugin:80 - create IPUIPlugin
2023-12-24 10:20:48,097 [INFO] PluginManager:220 - loadIPPluginJar : add dma3
2023-12-24 10:20:48,099 [INFO] IPUIPlugin:80 - create IPUIPlugin
2023-12-24 10:20:48,099 [INFO] PluginManager:220 - loadIPPluginJar : add fatfs
2023-12-24 10:20:48,104 [INFO] IPUIPlugin:80 - create IPUIPlugin
2023-12-24 10:20:48,104 [INFO] PluginManager:220 - loadIPPluginJar : add fmc
2023-12-24 10:20:48,111 [INFO] IPUIPlugin:80 - create IPUIPlugin
2023-12-24 10:20:48,112 [INFO] PluginManager:220 - loadIPPluginJar : add freertos
2023-12-24 10:20:48,113 [INFO] IPUIPlugin:80 - create IPUIPlugin
2023-12-24 10:20:48,114 [INFO] PluginManager:220 - loadIPPluginJar : add genericplugin
2023-12-24 10:20:48,117 [INFO] IPUIPlugin:80 - create IPUIPlugin
2023-12-24 10:20:48,117 [INFO] PluginManager:220 - loadIPPluginJar : add gfxmmu
2023-12-24 10:20:48,122 [INFO] IPUIPlugin:80 - create IPUIPlugin
2023-12-24 10:20:48,122 [INFO] PluginManager:220 - loadIPPluginJar : add gic
2023-12-24 10:20:48,126 [INFO] IPUIPlugin:80 - create IPUIPlugin
2023-12-24 10:20:48,126 [INFO] PluginManager:220 - loadIPPluginJar : add gpio
2023-12-24 10:20:48,130 [INFO] IPUIPlugin:80 - create IPUIPlugin
2023-12-24 10:20:48,130 [INFO] PluginManager:220 - loadIPPluginJar : add gtzc
2023-12-24 10:20:48,133 [INFO] IPUIPlugin:80 - create IPUIPlugin
2023-12-24 10:20:48,134 [INFO] PluginManager:220 - loadIPPluginJar : add hash
2023-12-24 10:20:48,136 [INFO] IPUIPlugin:80 - create IPUIPlugin
2023-12-24 10:20:48,138 [INFO] PluginManager:220 - loadIPPluginJar : add i2c
2023-12-24 10:20:48,141 [INFO] IPUIPlugin:80 - create IPUIPlugin
2023-12-24 10:20:48,142 [INFO] PluginManager:220 - loadIPPluginJar : add i2s
2023-12-24 10:20:48,145 [INFO] IPUIPlugin:80 - create IPUIPlugin
2023-12-24 10:20:48,145 [INFO] PluginManager:220 - loadIPPluginJar : add i3c
2023-12-24 10:20:48,149 [INFO] IPUIPlugin:80 - create IPUIPlugin
2023-12-24 10:20:48,150 [INFO] PluginManager:220 - loadIPPluginJar : add ipddr
2023-12-24 10:20:48,158 [INFO] IPUIPlugin:80 - create IPUIPlugin
2023-12-24 10:20:48,158 [INFO] PluginManager:220 - loadIPPluginJar : add linkedlist
2023-12-24 10:20:48,162 [INFO] IPUIPlugin:80 - create IPUIPlugin
2023-12-24 10:20:48,162 [INFO] PluginManager:220 - loadIPPluginJar : add lorawan
2023-12-24 10:20:48,164 [INFO] IPUIPlugin:80 - create IPUIPlugin
2023-12-24 10:20:48,164 [INFO] PluginManager:220 - loadIPPluginJar : add ltdc
2023-12-24 10:20:48,171 [INFO] IPUIPlugin:80 - create IPUIPlugin
2023-12-24 10:20:48,171 [INFO] PluginManager:220 - loadIPPluginJar : add mdma
2023-12-24 10:20:48,175 [INFO] IPUIPlugin:80 - create IPUIPlugin
2023-12-24 10:20:48,175 [INFO] PluginManager:220 - loadIPPluginJar : add nvic
2023-12-24 10:20:48,179 [INFO] IPUIPlugin:80 - create IPUIPlugin
2023-12-24 10:20:48,179 [INFO] PluginManager:220 - loadIPPluginJar : add opamp
2023-12-24 10:20:48,183 [INFO] IPUIPlugin:80 - create IPUIPlugin
2023-12-24 10:20:48,183 [INFO] PluginManager:220 - loadIPPluginJar : add openamp
2023-12-24 10:20:48,186 [INFO] IPUIPlugin:80 - create IPUIPlugin
2023-12-24 10:20:48,187 [INFO] PluginManager:220 - loadIPPluginJar : add pdm2pcm
2023-12-24 10:20:48,193 [INFO] IPUIPlugin:80 - create IPUIPlugin
2023-12-24 10:20:48,196 [INFO] PluginManager:220 - loadIPPluginJar : add plateformsettings
2023-12-24 10:20:48,198 [INFO] IPUIPlugin:80 - create IPUIPlugin
2023-12-24 10:20:48,198 [INFO] PluginManager:220 - loadIPPluginJar : add quadspi
2023-12-24 10:20:48,204 [INFO] IPUIPlugin:80 - create IPUIPlugin
2023-12-24 10:20:48,204 [INFO] PluginManager:220 - loadIPPluginJar : add resmgrutility
2023-12-24 10:20:48,206 [INFO] IPUIPlugin:80 - create IPUIPlugin
2023-12-24 10:20:48,206 [INFO] PluginManager:220 - loadIPPluginJar : add sai
2023-12-24 10:20:48,209 [INFO] IPUIPlugin:80 - create IPUIPlugin
2023-12-24 10:20:48,210 [INFO] PluginManager:220 - loadIPPluginJar : add spi
2023-12-24 10:20:48,215 [INFO] IPUIPlugin:80 - create IPUIPlugin
2023-12-24 10:20:48,215 [INFO] PluginManager:220 - loadIPPluginJar : add stm32_wpan
2023-12-24 10:20:48,218 [INFO] IPUIPlugin:80 - create IPUIPlugin
2023-12-24 10:20:48,218 [INFO] PluginManager:220 - loadIPPluginJar : add tim
2023-12-24 10:20:48,220 [INFO] IPUIPlugin:80 - create IPUIPlugin
2023-12-24 10:20:48,220 [INFO] PluginManager:220 - loadIPPluginJar : add touchsensing
2023-12-24 10:20:48,223 [INFO] IPUIPlugin:80 - create IPUIPlugin
2023-12-24 10:20:48,223 [INFO] PluginManager:220 - loadIPPluginJar : add tracer_emb
2023-12-24 10:20:48,225 [INFO] IPUIPlugin:80 - create IPUIPlugin
2023-12-24 10:20:48,225 [INFO] PluginManager:220 - loadIPPluginJar : add ts
2023-12-24 10:20:48,228 [INFO] IPUIPlugin:80 - create IPUIPlugin
2023-12-24 10:20:48,228 [INFO] PluginManager:220 - loadIPPluginJar : add tsc
2023-12-24 10:20:48,230 [INFO] IPUIPlugin:80 - create IPUIPlugin
2023-12-24 10:20:48,230 [INFO] PluginManager:220 - loadIPPluginJar : add ucpd
2023-12-24 10:20:48,234 [INFO] IPUIPlugin:80 - create IPUIPlugin
2023-12-24 10:20:48,234 [INFO] PluginManager:220 - loadIPPluginJar : add usart
2023-12-24 10:20:48,237 [INFO] IPUIPlugin:80 - create IPUIPlugin
2023-12-24 10:20:48,237 [INFO] PluginManager:220 - loadIPPluginJar : add usbx
2023-12-24 10:20:48,375 [INFO] CADModel:165 - CPN selected for project level
2023-12-24 10:20:48,376 [INFO] CADModel:114 - Register for checkConnection events
2023-12-24 10:20:48,376 [FATAL] Updater:308 - Updater called before beeing initialized
2023-12-24 10:20:48,376 [ERROR] CADModel:125 - Updater not yet initialized, retry later 
2023-12-24 10:20:48,634 [INFO] CADModel:165 - CPN selected for project level
2023-12-24 10:20:48,635 [INFO] CADModel:114 - Register for checkConnection events
2023-12-24 10:20:48,635 [FATAL] Updater:308 - Updater called before beeing initialized
2023-12-24 10:20:48,635 [ERROR] CADModel:125 - Updater not yet initialized, retry later 
2023-12-24 10:20:48,640 [FATAL] Updater:308 - Updater called before beeing initialized
2023-12-24 10:20:48,755 [FATAL] Updater:308 - Updater called before beeing initialized
2023-12-24 10:20:48,763 [INFO] DbMcusAds:53 - JSON generation date=Tue Mar 07 15:50:55 ICT 2023 (1678179055335)
2023-12-24 10:20:48,763 [FATAL] Updater:308 - Updater called before beeing initialized
2023-12-24 10:20:48,812 [WARN] DetailPanel:346 - Failed to get advertising image, set to default
2023-12-24 10:20:48,919 [FATAL] Updater:308 - Updater called before beeing initialized
2023-12-24 10:20:48,921 [FATAL] Updater:308 - Updater called before beeing initialized
2023-12-24 10:20:48,921 [FATAL] Updater:308 - Updater called before beeing initialized
2023-12-24 10:20:48,921 [WARN] DetailPanel:346 - Failed to get advertising image, set to default
2023-12-24 10:20:48,922 [FATAL] Updater:308 - Updater called before beeing initialized
2023-12-24 10:20:48,974 [ERROR] Updater:1120 - MainUpdater not yet initialized. External WinMGr cannot be set.
2023-12-24 10:20:48,976 [INFO] Updater:1056 - Updater Version found : 6.9.0
2023-12-24 10:20:48,997 [INFO] ApplicationProperties:184 - Using Application install path: C:\ST\STM32CubeIDE_1.13.0\STM32CubeIDE\plugins\com.st.stm32cube.common.mx_6.9.0.202307051724
2023-12-24 10:20:49,159 [INFO] MainUpdater:2868 - connection check result : 10
2023-12-24 10:20:49,160 [INFO] MainUpdater:285 - Updater Check For Update Now.
2023-12-24 10:20:49,160 [INFO] MicroXplorer:498 - Change Database Version : DB.6.0.90
2023-12-24 10:20:49,167 [INFO] McuFinderGlobals:63 - Set McuFinder mode to 2 (CubeIDE integrated)
2023-12-24 10:20:49,167 [INFO] UserAuth:179 - activating auth plugin
2023-12-24 10:20:49,171 [INFO] UserAuth:393 - Internet connection configuration mode: 1
2023-12-24 10:20:49,196 [INFO] JxBrowserEngine:151 - Initiate JxBrowser Engine with user profile folder
2023-12-24 10:20:49,362 [INFO] CheckServerUpdateThread:120 - End of CheckServer Thread
2023-12-24 10:20:50,649 [WARN] PackLoader:240 - Cannot read IP mode file for STMicroelectronics.X-CUBE-SMBUS.2.1.0
2023-12-24 10:20:50,716 [WARN] PackLoader:240 - Cannot read IP mode file for STMicroelectronics.X-CUBE-AZRTOS-F7.1.1.0
2023-12-24 10:20:50,825 [WARN] PackLoader:240 - Cannot read IP mode file for STMicroelectronics.FP-SNS-MOTENV1.4.3.2
2023-12-24 10:20:50,841 [WARN] PackLoader:240 - Cannot read IP mode file for STMicroelectronics.X-CUBE-BLE1.6.2.4
2023-12-24 10:20:50,850 [WARN] PackLoader:240 - Cannot read IP mode file for STMicroelectronics.FP-SNS-FLIGHT1.5.0.2
2023-12-24 10:20:50,858 [WARN] PackLoader:240 - Cannot read IP mode file for STMicroelectronics.X-CUBE-BLE1.7.0.0
2023-12-24 10:20:50,866 [WARN] PackLoader:240 - Cannot read IP mode file for STMicroelectronics.X-CUBE-TOUCHGFX.4.22.0
2023-12-24 10:20:50,872 [WARN] PackLoader:240 - Cannot read IP mode file for STMicroelectronics.X-CUBE-TOUCHGFX.4.22.1
2023-12-24 10:20:51,345 [WARN] PackLoader:240 - Cannot read IP mode file for STMicroelectronics.X-CUBE-MEMS1.9.3.0
2023-12-24 10:20:51,680 [WARN] PackLoader:240 - Cannot read IP mode file for STMicroelectronics.FP-SNS-SMARTAG2.1.2.0
2023-12-24 10:20:51,699 [INFO] LogOutputStream:77 - [STDOUT_REDIRECT] 1 : Invalid condition id : UX_CORESTACK_Condition cause : null
2023-12-24 10:20:51,701 [INFO] LogOutputStream:77 - [STDOUT_REDIRECT] 1 : Invalid condition id : UX_CORESTACK_Condition cause : null
2023-12-24 10:20:51,703 [INFO] LogOutputStream:77 - [STDOUT_REDIRECT] 1 : Invalid condition id : UX_CORESTACK_Condition cause : null
2023-12-24 10:20:51,706 [INFO] LogOutputStream:77 - [STDOUT_REDIRECT] 1 : Invalid condition id : UX_CORESTACK_Condition cause : null
2023-12-24 10:20:51,709 [INFO] LogOutputStream:77 - [STDOUT_REDIRECT] 1 : Invalid condition id : UX_CORESTACK_Condition cause : null
2023-12-24 10:20:51,716 [WARN] PackLoader:240 - Cannot read IP mode file for STMicroelectronics.X-CUBE-AZRTOS-WL.2.0.0
2023-12-24 10:20:51,740 [WARN] PackLoader:240 - Cannot read IP mode file for WES.I-CUBE-Cesium.1.3.0
2023-12-24 10:20:51,753 [WARN] PackLoader:240 - Cannot read IP mode file for STMicroelectronics.X-CUBE-BLE2.3.3.0
2023-12-24 10:20:51,769 [WARN] PackLoader:240 - Cannot read IP mode file for STMicroelectronics.X-CUBE-TOF1.3.2.0
2023-12-24 10:20:51,786 [WARN] PackLoader:240 - Cannot read IP mode file for STMicroelectronics.X-CUBE-ISPU.1.0.0
2023-12-24 10:20:51,791 [WARN] PackLoader:240 - Cannot read IP mode file for STMicroelectronics.X-CUBE-TOUCHGFX.4.21.1
2023-12-24 10:20:51,876 [WARN] PackLoader:240 - Cannot read IP mode file for STMicroelectronics.X-CUBE-MEMS1.9.4.0
2023-12-24 10:20:52,005 [WARN] PackLoader:240 - Cannot read IP mode file for STMicroelectronics.X-CUBE-AI.7.3.0
2023-12-24 10:20:52,010 [INFO] WebApp:157 - Instantiating new browser for Auth
2023-12-24 10:20:52,023 [WARN] PackLoader:240 - Cannot read IP mode file for STMicroelectronics.X-CUBE-AZRTOS-G0.1.1.0
2023-12-24 10:20:52,040 [WARN] PackLoader:240 - Cannot read IP mode file for STMicroelectronics.X-CUBE-NFC4.3.0.0
2023-12-24 10:20:52,059 [WARN] PackLoader:240 - Cannot read IP mode file for STMicroelectronics.X-CUBE-BLEMGR.3.0.0
2023-12-24 10:20:52,075 [WARN] PackLoader:240 - Cannot read IP mode file for STMicroelectronics.X-CUBE-BLEMGR.1.3.0
2023-12-24 10:20:52,085 [WARN] PackLoader:240 - Cannot read IP mode file for STMicroelectronics.FP-ATR-SIGFOX1.3.2.0
2023-12-24 10:20:52,091 [WARN] PackLoader:240 - Cannot read IP mode file for STMicroelectronics.X-CUBE-TOUCHGFX.4.20.0
2023-12-24 10:20:52,142 [WARN] PackLoader:240 - Cannot read IP mode file for SEGGER.I-CUBE-embOS.1.3.1
2023-12-24 10:20:52,228 [WARN] PackLoader:240 - Cannot read IP mode file for STMicroelectronics.X-CUBE-GNSS1.6.0.0
2023-12-24 10:20:52,263 [WARN] PackLoader:240 - Cannot read IP mode file for STMicroelectronics.X-CUBE-AZRTOS-F4.1.1.0
2023-12-24 10:20:52,279 [WARN] PackLoader:240 - Cannot read IP mode file for STMicroelectronics.X-CUBE-BLEMGR.1.2.0
2023-12-24 10:20:52,308 [WARN] PackLoader:240 - Cannot read IP mode file for STMicroelectronics.X-CUBE-AZRTOS-L5.2.0.0
2023-12-24 10:20:52,379 [WARN] PackLoader:240 - Cannot read IP mode file for STMicroelectronics.X-CUBE-MEMS1.9.6.0
2023-12-24 10:20:52,592 [WARN] PackLoader:240 - Cannot read IP mode file for STMicroelectronics.X-CUBE-EEPRMA1.4.2.0
2023-12-24 10:20:52,599 [WARN] PackLoader:240 - Cannot read IP mode file for ITTIA_DB.I-CUBE-ITTIADB.8.8.0
2023-12-24 10:20:52,609 [WARN] PackLoader:240 - Cannot read IP mode file for STMicroelectronics.X-CUBE-BLEMGR.2.0.0
2023-12-24 10:20:52,626 [WARN] ConditionMgr:438 - getConditionDescription Invalid condition id : UX DEVICE CLASS RTOS Condition cause : null
2023-12-24 10:20:52,628 [WARN] ConditionMgr:438 - getConditionDescription Invalid condition id : UX DEVICE CLASS RTOS Condition cause : null
2023-12-24 10:20:52,633 [WARN] PackLoader:240 - Cannot read IP mode file for STMicroelectronics.X-CUBE-AZRTOS-H7.3.1.0
2023-12-24 10:20:52,634 [WARN] ConditionMgr:1039 - genDependencies : Invalid condition id : UX DEVICE CLASS RTOS Condition cause : null
2023-12-24 10:20:52,635 [WARN] ConditionMgr:1039 - genDependencies : Invalid condition id : UX DEVICE CLASS RTOS Condition cause : null
2023-12-24 10:20:52,636 [WARN] ConditionMgr:1039 - genDependencies : Invalid condition id : UX DEVICE CLASS RTOS Condition cause : null
2023-12-24 10:20:52,637 [WARN] ConditionMgr:1039 - genDependencies : Invalid condition id : UX DEVICE CLASS RTOS Condition cause : null
2023-12-24 10:20:52,637 [WARN] ConditionMgr:1039 - genDependencies : Invalid condition id : UX DEVICE CLASS RTOS Condition cause : null
2023-12-24 10:20:52,646 [WARN] PackLoader:240 - Cannot read IP mode file for STMicroelectronics.X-CUBE-NFC7.1.0.1
2023-12-24 10:20:52,658 [WARN] PackLoader:240 - Cannot read IP mode file for STMicroelectronics.X-CUBE-NFC6.3.0.0
2023-12-24 10:20:52,666 [WARN] PackLoader:240 - Cannot read IP mode file for STMicroelectronics.X-CUBE-EEPRMA1.4.1.0
2023-12-24 10:20:52,701 [WARN] PackLoader:240 - Cannot read IP mode file for STMicroelectronics.X-CUBE-AI.8.1.0
2023-12-24 10:20:52,736 [WARN] ConditionMgr:438 - getConditionDescription Invalid condition id : LAN8742 Phy interface Condition cause : null
2023-12-24 10:20:52,739 [WARN] PackLoader:240 - Cannot read IP mode file for STMicroelectronics.X-CUBE-AZRTOS-L4.2.0.0
2023-12-24 10:20:52,742 [WARN] ConditionMgr:1039 - genDependencies : Invalid condition id : LAN8742 Phy interface Condition cause : null
2023-12-24 10:20:52,743 [WARN] ConditionMgr:1039 - genDependencies : Invalid condition id : LAN8742 Phy interface Condition cause : null
2023-12-24 10:20:52,744 [WARN] ConditionMgr:1039 - genDependencies : Invalid condition id : LAN8742 Phy interface Condition cause : null
2023-12-24 10:20:52,753 [WARN] PackLoader:240 - Cannot read IP mode file for STMicroelectronics.X-CUBE-SFXS2LP1.4.0.0
2023-12-24 10:20:52,784 [WARN] PackLoader:240 - Cannot read IP mode file for STMicroelectronics.X-CUBE-AZRTOS-H7.3.0.0
2023-12-24 10:20:52,797 [WARN] PackLoader:240 - Cannot read IP mode file for STMicroelectronics.X-CUBE-ISPU.1.1.0
2023-12-24 10:20:52,827 [WARN] ConditionMgr:438 - getConditionDescription Invalid condition id : UX DEVICE CLASS RTOS Condition cause : null
2023-12-24 10:20:52,828 [WARN] ConditionMgr:438 - getConditionDescription Invalid condition id : UX DEVICE CLASS RTOS Condition cause : null
2023-12-24 10:20:52,832 [WARN] PackLoader:240 - Cannot read IP mode file for STMicroelectronics.X-CUBE-AZRTOS-WB.2.0.0
2023-12-24 10:20:52,833 [WARN] ConditionMgr:1039 - genDependencies : Invalid condition id : UX DEVICE CLASS RTOS Condition cause : null
2023-12-24 10:20:52,833 [WARN] ConditionMgr:1039 - genDependencies : Invalid condition id : UX DEVICE CLASS RTOS Condition cause : null
2023-12-24 10:20:52,834 [WARN] ConditionMgr:1039 - genDependencies : Invalid condition id : UX DEVICE CLASS RTOS Condition cause : null
2023-12-24 10:20:52,834 [WARN] ConditionMgr:1039 - genDependencies : Invalid condition id : UX DEVICE CLASS RTOS Condition cause : null
2023-12-24 10:20:52,835 [WARN] ConditionMgr:1039 - genDependencies : Invalid condition id : UX DEVICE CLASS RTOS Condition cause : null
2023-12-24 10:20:52,847 [WARN] PackLoader:240 - Cannot read IP mode file for STMicroelectronics.X-CUBE-FREERTOS.1.0.1
2023-12-24 10:20:52,870 [WARN] PackLoader:240 - Cannot read IP mode file for STMicroelectronics.X-CUBE-AZRTOS-L5.1.1.0
2023-12-24 10:20:52,881 [WARN] PackLoader:240 - Cannot read IP mode file for STMicroelectronics.X-CUBE-AI.8.0.1
2023-12-24 10:20:52,904 [WARN] PackLoader:240 - Cannot read IP mode file for STMicroelectronics.X-CUBE-TOF1.3.3.1
2023-12-24 10:20:52,949 [WARN] PackLoader:240 - Cannot read IP mode file for STMicroelectronics.X-CUBE-AZRTOS-G4.2.0.0
2023-12-24 10:20:52,964 [WARN] PackLoader:240 - Cannot read IP mode file for STMicroelectronics.FP-ATR-ASTRA1.1.1.1
2023-12-24 10:20:52,991 [WARN] PackLoader:240 - Cannot read IP mode file for Infineon.AIROC-Wi-Fi-Bluetooth-STM32.1.5.1
2023-12-24 10:20:53,010 [WARN] PackLoader:240 - Cannot read IP mode file for STMicroelectronics.FP-SNS-MOTENVWB1.1.3.0
2023-12-24 10:20:53,085 [WARN] PackLoader:240 - Cannot read IP mode file for STMicroelectronics.X-CUBE-MEMS1.10.0.0
2023-12-24 10:20:53,189 [WARN] PackLoader:240 - Cannot read IP mode file for STMicroelectronics.X-CUBE-FREERTOS.1.1.0
2023-12-24 10:20:53,204 [WARN] PackLoader:240 - Cannot read IP mode file for STMicroelectronics.X-CUBE-AZRTOS-WB.1.1.0
2023-12-24 10:20:53,208 [WARN] PackLoader:240 - Cannot read IP mode file for STMicroelectronics.FP-ATR-ASTRA1.2.0.0
2023-12-24 10:20:53,210 [INFO] ThirdParty:978 - Integrity check success = true
2023-12-24 10:20:53,210 [INFO] IntegrityCheckThread:100 - exiting critical section [integrity check]
2023-12-24 10:20:53,210 [INFO] IntegrityCheckThread:103 - End integrity checks thread
2023-12-24 10:20:53,277 [INFO] WebApp:753 - Register for checkConnection events
2023-12-24 10:20:53,277 [INFO] WebApp:390 - Apply proxy settings
2023-12-24 10:20:53,277 [INFO] WebApp:475 - Chromium requires no authentication
2023-12-24 10:20:53,299 [INFO] WebApp:418 - Direct internet connection detected
2023-12-24 10:20:53,621 [INFO] WebApp:188 - Starting web application
2023-12-24 10:20:53,621 [INFO] WebApp:520 - Web application path used C:\ST\STM32CubeIDE_1.13.0\STM32CubeIDE\plugins\com.st.stm32cube.common.mx_6.9.0.202307051724\db\plugins\mcufinder\reactClient1\index.html
2023-12-24 10:21:14,585 [ERROR] LogOutputStream:75 - [STDERR_REDIRECT] SLF4J: Failed to load class "org.slf4j.impl.StaticLoggerBinder".
2023-12-24 10:21:14,585 [ERROR] LogOutputStream:75 - [STDERR_REDIRECT] SLF4J: Defaulting to no-operation (NOP) logger implementation
2023-12-24 10:21:14,586 [ERROR] LogOutputStream:75 - [STDERR_REDIRECT] SLF4J: See http://www.slf4j.org/codes.html#StaticLoggerBinder for further details.
2023-12-24 14:27:56,663 [ERROR] LogOutputStream:75 - [STDERR_REDIRECT] 
