2023-09-30 23:04:45,098 [INFO] Activator:176 - 


2023-09-30 23:04:45,098 [INFO] Activator:177 - !SESSION log4j initialized
2023-09-30 23:04:52,845 [INFO] LogOutputStream:77 - [STDOUT_REDIRECT] 
2023-09-30 23:04:55,982 [INFO] ApplicationProperties:184 - Using Application install path: C:\ST\STM32CubeIDE_1.13.0\STM32CubeIDE\plugins\com.st.stm32cube.common.mx_6.9.0.202307051724
2023-09-30 23:04:56,010 [INFO] DbMcusXml:78 - Set database path to: C:\ST\STM32CubeIDE_1.13.0\STM32CubeIDE\plugins\com.st.stm32cube.common.mx_6.9.0.202307051724\\db\/mcu/
2023-09-30 23:04:56,011 [INFO] ApiDb:274 - Set plugin database path to: C:\ST\STM32CubeIDE_1.13.0\STM32CubeIDE\plugins\com.st.stm32cube.common.mx_6.9.0.202307051724\\db\/plugins/boardmanager/
2023-09-30 23:04:56,012 [WARN] ApiDb:259 - Overriding images path with different value:  => C:\ST\STM32CubeIDE_1.13.0\STM32CubeIDE\plugins\com.st.stm32cube.common.mx_6.9.0.202307051724\\db\/plugins/mcufinder/images/
2023-09-30 23:04:56,030 [INFO] ApiDb:250 - Set database path to: C:\Users\admin\.stmcufinder\plugins\mcufinder//mcu/
2023-09-30 23:04:56,032 [INFO] DbMcusAds:125 - Set database path to: C:\Users\admin\.stmcufinder\plugins\mcufinder//mcu/
2023-09-30 23:04:56,973 [INFO] CrossReferenceDbSqlite:203 - Set database path to: C:\Users\admin\.stmcufinder\plugins\mcufinder//mcu/cs/
2023-09-30 23:04:57,203 [INFO] RulesReader:64 - Compatibility file has been processed (293 Rules)
2023-09-30 23:04:57,392 [INFO] DbMcusXml:78 - Set database path to: C:\ST\STM32CubeIDE_1.13.0\STM32CubeIDE\plugins\com.st.stm32cube.common.mx_6.9.0.202307051724\\db\/mcu/
2023-09-30 23:04:57,392 [INFO] ApiDb:274 - Set plugin database path to: C:\ST\STM32CubeIDE_1.13.0\STM32CubeIDE\plugins\com.st.stm32cube.common.mx_6.9.0.202307051724\\db\/plugins/boardmanager/
2023-09-30 23:04:57,392 [INFO] ApiDb:261 - Set plugin images path to: C:\ST\STM32CubeIDE_1.13.0\STM32CubeIDE\plugins\com.st.stm32cube.common.mx_6.9.0.202307051724\\db\/plugins/mcufinder/images/
2023-09-30 23:04:57,393 [WARN] DbFile:41 - Overriding database path with different value: C:\Users\admin\.stmcufinder\plugins\mcufinder/ => C:\Users\admin\.stmcufinder\plugins\mcufinder
2023-09-30 23:04:57,393 [INFO] ApiDb:250 - Set database path to: C:\Users\admin\.stmcufinder\plugins\mcufinder//mcu/
2023-09-30 23:04:57,393 [WARN] DbFile:41 - Overriding database path with different value: C:\Users\admin\.stmcufinder\plugins\mcufinder/ => C:\Users\admin\.stmcufinder\plugins\mcufinder
2023-09-30 23:04:57,393 [INFO] DbMcusAds:125 - Set database path to: C:\Users\admin\.stmcufinder\plugins\mcufinder//mcu/
2023-09-30 23:04:57,393 [WARN] DbFile:41 - Overriding database path with different value: C:\Users\admin\.stmcufinder\plugins\mcufinder/ => C:\Users\admin\.stmcufinder\plugins\mcufinder
2023-09-30 23:04:57,393 [WARN] DbFile:41 - Overriding database path with different value: C:\Users\admin\.stmcufinder\plugins\mcufinder/ => C:\Users\admin\.stmcufinder\plugins\mcufinder
2023-09-30 23:04:57,974 [INFO] CrossReferenceDbSqlite:203 - Set database path to: C:\Users\admin\.stmcufinder\plugins\mcufinder//mcu/cs/
2023-09-30 23:04:58,081 [INFO] MainPanel:262 - HeapMemory: 268435456
2023-09-30 23:04:58,187 [INFO] DbMcusXml:78 - Set database path to: C:\ST\STM32CubeIDE_1.13.0\STM32CubeIDE\plugins\com.st.stm32cube.common.mx_6.9.0.202307051724\\db\/mcu/
2023-09-30 23:04:58,187 [INFO] ApiDb:274 - Set plugin database path to: C:\ST\STM32CubeIDE_1.13.0\STM32CubeIDE\plugins\com.st.stm32cube.common.mx_6.9.0.202307051724\\db\/plugins/boardmanager/
2023-09-30 23:04:58,187 [INFO] ApiDb:261 - Set plugin images path to: C:\ST\STM32CubeIDE_1.13.0\STM32CubeIDE\plugins\com.st.stm32cube.common.mx_6.9.0.202307051724\\db\/plugins/mcufinder/images/
2023-09-30 23:04:58,188 [WARN] DbFile:41 - Overriding database path with different value: C:\Users\admin\.stmcufinder\plugins\mcufinder/ => C:\Users\admin\.stmcufinder\plugins\mcufinder
2023-09-30 23:04:58,189 [INFO] ApiDb:250 - Set database path to: C:\Users\admin\.stmcufinder\plugins\mcufinder//mcu/
2023-09-30 23:04:58,189 [WARN] DbFile:41 - Overriding database path with different value: C:\Users\admin\.stmcufinder\plugins\mcufinder/ => C:\Users\admin\.stmcufinder\plugins\mcufinder
2023-09-30 23:04:58,189 [INFO] DbMcusAds:125 - Set database path to: C:\Users\admin\.stmcufinder\plugins\mcufinder//mcu/
2023-09-30 23:04:58,189 [WARN] DbFile:41 - Overriding database path with different value: C:\Users\admin\.stmcufinder\plugins\mcufinder/ => C:\Users\admin\.stmcufinder\plugins\mcufinder
2023-09-30 23:04:58,189 [WARN] DbFile:41 - Overriding database path with different value: C:\Users\admin\.stmcufinder\plugins\mcufinder/ => C:\Users\admin\.stmcufinder\plugins\mcufinder
2023-09-30 23:04:58,979 [INFO] CrossReferenceDbSqlite:203 - Set database path to: C:\Users\admin\.stmcufinder\plugins\mcufinder//mcu/cs/
2023-09-30 23:04:59,000 [INFO] ApplicationProperties:184 - Using Application install path: C:\ST\STM32CubeIDE_1.13.0\STM32CubeIDE\plugins\com.st.stm32cube.common.mx_6.9.0.202307051724
2023-09-30 23:04:59,001 [INFO] PluginManage:196 - Search for loadable plugins [exclusion list=, ]
2023-09-30 23:04:59,003 [INFO] PluginManage:310 - Check plugin analytics
2023-09-30 23:05:00,167 [INFO] AnalyticsPlugin:253 - Accepted Software Licenses: STM32CubeMX.6.9.1
2023-09-30 23:05:00,167 [INFO] AnalyticsPlugin:255 - Accepted CMSIS Pack Licenses: 
2023-09-30 23:05:00,167 [INFO] AnalyticsPlugin:257 - Accepted Firmware Licenses: 
2023-09-30 23:05:00,172 [INFO] PluginManage:359 - Loaded plugin analytics (category:tool,tabindex:-1)
2023-09-30 23:05:00,172 [INFO] PluginManage:310 - Check plugin cadmodel
2023-09-30 23:05:00,178 [INFO] CADModel:105 - Init CAD model plugin
2023-09-30 23:05:00,179 [INFO] PluginManage:359 - Loaded plugin cadmodel (category:power,tabindex:5)
2023-09-30 23:05:00,179 [INFO] PluginManage:310 - Check plugin clock
2023-09-30 23:05:00,191 [INFO] PluginManage:359 - Loaded plugin clock (category:base,tabindex:2)
2023-09-30 23:05:00,191 [INFO] PluginManage:310 - Check plugin ddr
2023-09-30 23:05:00,194 [INFO] PluginManage:359 - Loaded plugin ddr (category:tool,tabindex:6)
2023-09-30 23:05:00,195 [INFO] PluginManage:310 - Check plugin filemanager
2023-09-30 23:05:00,408 [INFO] PluginManage:359 - Loaded plugin filemanager (category:base,tabindex:10)
2023-09-30 23:05:00,408 [INFO] PluginManage:310 - Check plugin ipmanager
2023-09-30 23:05:00,421 [INFO] PluginManage:359 - Loaded plugin ipmanager (category:base,tabindex:5)
2023-09-30 23:05:00,422 [INFO] PluginManage:310 - Check plugin lpbam
2023-09-30 23:05:00,435 [INFO] PluginManage:359 - Loaded plugin lpbam (category:base,tabindex:0)
2023-09-30 23:05:00,436 [INFO] PluginManage:310 - Check plugin memorymap
2023-09-30 23:05:00,457 [INFO] PluginManage:359 - Loaded plugin memorymap (category:base,tabindex:4)
2023-09-30 23:05:00,458 [INFO] PluginManage:310 - Check plugin pinoutandconfiguration
2023-09-30 23:05:00,469 [INFO] PluginManage:359 - Loaded plugin pinoutandconfiguration (category:base,tabindex:1)
2023-09-30 23:05:00,469 [INFO] PluginManage:310 - Check plugin pinoutconfig
2023-09-30 23:05:00,623 [WARN] SupportedApi:132 - Cannot load RTOS API schema: s4s-elt-must-match.1: The content of 'definitions' must match (annotation?, (simpleType | complexType)?, (unique | key | keyref)*)). A problem was found starting at: attribute.
2023-09-30 23:05:00,871 [INFO] PluginManage:359 - Loaded plugin pinoutconfig (category:base,tabindex:0)
2023-09-30 23:05:00,871 [INFO] PluginManage:310 - Check plugin power
2023-09-30 23:05:00,885 [INFO] PluginManage:359 - Loaded plugin power (category:power,tabindex:4)
2023-09-30 23:05:00,885 [INFO] PluginManage:310 - Check plugin projectmanager
2023-09-30 23:05:00,911 [INFO] PluginManage:359 - Loaded plugin projectmanager (category:projectmanager,tabindex:3)
2023-09-30 23:05:00,911 [INFO] PluginManage:310 - Check plugin thirdparty
2023-09-30 23:05:01,098 [INFO] PluginManage:359 - Loaded plugin thirdparty (category:base,tabindex:-1)
2023-09-30 23:05:01,098 [WARN] IntegrityCheckThread:84 - waiting for thirdparty lock release [integrity check]
2023-09-30 23:05:01,098 [INFO] PluginManage:310 - Check plugin tools
2023-09-30 23:05:01,098 [INFO] IntegrityCheckThread:86 - entering critical section [integrity check]
2023-09-30 23:05:01,099 [INFO] ThirdPartyUpdaterWithRetryManager:70 - Updater plugin not ready yet. [1/15]
2023-09-30 23:05:01,102 [INFO] PluginManage:359 - Loaded plugin tools (category:base,tabindex:7)
2023-09-30 23:05:01,102 [INFO] PluginManage:310 - Check plugin tutovideos
2023-09-30 23:05:01,414 [INFO] PluginManage:359 - Loaded plugin tutovideos (category:base,tabindex:-1)
2023-09-30 23:05:01,414 [INFO] PluginManage:310 - Check plugin updater
2023-09-30 23:05:01,427 [INFO] PluginManage:359 - Loaded plugin updater (category:base,tabindex:12)
2023-09-30 23:05:01,428 [INFO] PluginManage:310 - Check plugin userauth
2023-09-30 23:05:01,435 [INFO] UserAuth:113 - Init User Auth plugin
2023-09-30 23:05:01,435 [INFO] PluginManage:359 - Loaded plugin userauth (category:base,tabindex:14)
2023-09-30 23:05:01,436 [INFO] PluginManage:283 - PluginManage : Loaded plugins [17]
2023-09-30 23:05:01,802 [INFO] PinOutPanel:1499 - setPackage(No Configuration,No Configuration)
2023-09-30 23:05:01,967 [INFO] CADModel:165 - CPN selected for project level
2023-09-30 23:05:01,968 [INFO] CADModel:114 - Register for checkConnection events
2023-09-30 23:05:02,005 [INFO] IPUIPlugin:80 - create IPUIPlugin
2023-09-30 23:05:02,005 [INFO] PluginManager:220 - loadIPPluginJar : add adc
2023-09-30 23:05:02,009 [INFO] IPUIPlugin:80 - create IPUIPlugin
2023-09-30 23:05:02,009 [INFO] PluginManager:220 - loadIPPluginJar : add aes
2023-09-30 23:05:02,013 [INFO] IPUIPlugin:80 - create IPUIPlugin
2023-09-30 23:05:02,013 [INFO] PluginManager:220 - loadIPPluginJar : add can
2023-09-30 23:05:02,015 [INFO] IPUIPlugin:80 - create IPUIPlugin
2023-09-30 23:05:02,015 [INFO] PluginManager:220 - loadIPPluginJar : add comp
2023-09-30 23:05:02,019 [INFO] IPUIPlugin:80 - create IPUIPlugin
2023-09-30 23:05:02,019 [INFO] PluginManager:220 - loadIPPluginJar : add cryp
2023-09-30 23:05:02,022 [INFO] IPUIPlugin:80 - create IPUIPlugin
2023-09-30 23:05:02,022 [INFO] PluginManager:220 - loadIPPluginJar : add dfsdm
2023-09-30 23:05:02,030 [INFO] IPUIPlugin:80 - create IPUIPlugin
2023-09-30 23:05:02,031 [INFO] PluginManager:220 - loadIPPluginJar : add dma
2023-09-30 23:05:02,035 [INFO] IPUIPlugin:80 - create IPUIPlugin
2023-09-30 23:05:02,035 [INFO] PluginManager:220 - loadIPPluginJar : add dma3
2023-09-30 23:05:02,037 [INFO] IPUIPlugin:80 - create IPUIPlugin
2023-09-30 23:05:02,037 [INFO] PluginManager:220 - loadIPPluginJar : add fatfs
2023-09-30 23:05:02,043 [INFO] IPUIPlugin:80 - create IPUIPlugin
2023-09-30 23:05:02,043 [INFO] PluginManager:220 - loadIPPluginJar : add fmc
2023-09-30 23:05:02,053 [INFO] IPUIPlugin:80 - create IPUIPlugin
2023-09-30 23:05:02,053 [INFO] PluginManager:220 - loadIPPluginJar : add freertos
2023-09-30 23:05:02,055 [INFO] IPUIPlugin:80 - create IPUIPlugin
2023-09-30 23:05:02,056 [INFO] PluginManager:220 - loadIPPluginJar : add genericplugin
2023-09-30 23:05:02,059 [INFO] IPUIPlugin:80 - create IPUIPlugin
2023-09-30 23:05:02,060 [INFO] PluginManager:220 - loadIPPluginJar : add gfxmmu
2023-09-30 23:05:02,068 [INFO] IPUIPlugin:80 - create IPUIPlugin
2023-09-30 23:05:02,068 [INFO] PluginManager:220 - loadIPPluginJar : add gic
2023-09-30 23:05:02,074 [INFO] IPUIPlugin:80 - create IPUIPlugin
2023-09-30 23:05:02,074 [INFO] PluginManager:220 - loadIPPluginJar : add gpio
2023-09-30 23:05:02,078 [INFO] IPUIPlugin:80 - create IPUIPlugin
2023-09-30 23:05:02,078 [INFO] PluginManager:220 - loadIPPluginJar : add gtzc
2023-09-30 23:05:02,083 [INFO] IPUIPlugin:80 - create IPUIPlugin
2023-09-30 23:05:02,083 [INFO] PluginManager:220 - loadIPPluginJar : add hash
2023-09-30 23:05:02,087 [INFO] IPUIPlugin:80 - create IPUIPlugin
2023-09-30 23:05:02,087 [INFO] PluginManager:220 - loadIPPluginJar : add i2c
2023-09-30 23:05:02,091 [INFO] IPUIPlugin:80 - create IPUIPlugin
2023-09-30 23:05:02,091 [INFO] PluginManager:220 - loadIPPluginJar : add i2s
2023-09-30 23:05:02,095 [INFO] IPUIPlugin:80 - create IPUIPlugin
2023-09-30 23:05:02,095 [INFO] PluginManager:220 - loadIPPluginJar : add i3c
2023-09-30 23:05:02,100 [INFO] IPUIPlugin:80 - create IPUIPlugin
2023-09-30 23:05:02,100 [INFO] PluginManager:220 - loadIPPluginJar : add ipddr
2023-09-30 23:05:02,111 [INFO] IPUIPlugin:80 - create IPUIPlugin
2023-09-30 23:05:02,111 [INFO] PluginManager:220 - loadIPPluginJar : add linkedlist
2023-09-30 23:05:02,115 [INFO] IPUIPlugin:80 - create IPUIPlugin
2023-09-30 23:05:02,115 [INFO] PluginManager:220 - loadIPPluginJar : add lorawan
2023-09-30 23:05:02,117 [INFO] IPUIPlugin:80 - create IPUIPlugin
2023-09-30 23:05:02,118 [INFO] PluginManager:220 - loadIPPluginJar : add ltdc
2023-09-30 23:05:02,127 [INFO] IPUIPlugin:80 - create IPUIPlugin
2023-09-30 23:05:02,128 [INFO] PluginManager:220 - loadIPPluginJar : add mdma
2023-09-30 23:05:02,132 [INFO] IPUIPlugin:80 - create IPUIPlugin
2023-09-30 23:05:02,132 [INFO] PluginManager:220 - loadIPPluginJar : add nvic
2023-09-30 23:05:02,136 [INFO] IPUIPlugin:80 - create IPUIPlugin
2023-09-30 23:05:02,136 [INFO] PluginManager:220 - loadIPPluginJar : add opamp
2023-09-30 23:05:02,140 [INFO] IPUIPlugin:80 - create IPUIPlugin
2023-09-30 23:05:02,140 [INFO] PluginManager:220 - loadIPPluginJar : add openamp
2023-09-30 23:05:02,145 [INFO] IPUIPlugin:80 - create IPUIPlugin
2023-09-30 23:05:02,145 [INFO] PluginManager:220 - loadIPPluginJar : add pdm2pcm
2023-09-30 23:05:02,153 [INFO] IPUIPlugin:80 - create IPUIPlugin
2023-09-30 23:05:02,158 [INFO] PluginManager:220 - loadIPPluginJar : add plateformsettings
2023-09-30 23:05:02,160 [INFO] IPUIPlugin:80 - create IPUIPlugin
2023-09-30 23:05:02,160 [INFO] PluginManager:220 - loadIPPluginJar : add quadspi
2023-09-30 23:05:02,166 [INFO] IPUIPlugin:80 - create IPUIPlugin
2023-09-30 23:05:02,166 [INFO] PluginManager:220 - loadIPPluginJar : add resmgrutility
2023-09-30 23:05:02,171 [INFO] IPUIPlugin:80 - create IPUIPlugin
2023-09-30 23:05:02,171 [INFO] PluginManager:220 - loadIPPluginJar : add sai
2023-09-30 23:05:02,175 [INFO] IPUIPlugin:80 - create IPUIPlugin
2023-09-30 23:05:02,175 [INFO] PluginManager:220 - loadIPPluginJar : add spi
2023-09-30 23:05:02,184 [INFO] IPUIPlugin:80 - create IPUIPlugin
2023-09-30 23:05:02,184 [INFO] PluginManager:220 - loadIPPluginJar : add stm32_wpan
2023-09-30 23:05:02,186 [INFO] IPUIPlugin:80 - create IPUIPlugin
2023-09-30 23:05:02,187 [INFO] PluginManager:220 - loadIPPluginJar : add tim
2023-09-30 23:05:02,190 [INFO] IPUIPlugin:80 - create IPUIPlugin
2023-09-30 23:05:02,191 [INFO] PluginManager:220 - loadIPPluginJar : add touchsensing
2023-09-30 23:05:02,194 [INFO] IPUIPlugin:80 - create IPUIPlugin
2023-09-30 23:05:02,194 [INFO] PluginManager:220 - loadIPPluginJar : add tracer_emb
2023-09-30 23:05:02,197 [INFO] IPUIPlugin:80 - create IPUIPlugin
2023-09-30 23:05:02,197 [INFO] PluginManager:220 - loadIPPluginJar : add ts
2023-09-30 23:05:02,199 [INFO] IPUIPlugin:80 - create IPUIPlugin
2023-09-30 23:05:02,200 [INFO] PluginManager:220 - loadIPPluginJar : add tsc
2023-09-30 23:05:02,202 [INFO] IPUIPlugin:80 - create IPUIPlugin
2023-09-30 23:05:02,202 [INFO] PluginManager:220 - loadIPPluginJar : add ucpd
2023-09-30 23:05:02,208 [INFO] IPUIPlugin:80 - create IPUIPlugin
2023-09-30 23:05:02,208 [INFO] PluginManager:220 - loadIPPluginJar : add usart
2023-09-30 23:05:02,214 [INFO] IPUIPlugin:80 - create IPUIPlugin
2023-09-30 23:05:02,214 [INFO] PluginManager:220 - loadIPPluginJar : add usbx
2023-09-30 23:05:02,379 [INFO] CADModel:165 - CPN selected for project level
2023-09-30 23:05:02,379 [INFO] CADModel:114 - Register for checkConnection events
2023-09-30 23:05:02,380 [FATAL] Updater:308 - Updater called before beeing initialized
2023-09-30 23:05:02,380 [ERROR] CADModel:125 - Updater not yet initialized, retry later 
2023-09-30 23:05:02,695 [INFO] CADModel:165 - CPN selected for project level
2023-09-30 23:05:02,695 [INFO] CADModel:114 - Register for checkConnection events
2023-09-30 23:05:02,695 [FATAL] Updater:308 - Updater called before beeing initialized
2023-09-30 23:05:02,695 [ERROR] CADModel:125 - Updater not yet initialized, retry later 
2023-09-30 23:05:02,701 [FATAL] Updater:308 - Updater called before beeing initialized
2023-09-30 23:05:02,910 [FATAL] Updater:308 - Updater called before beeing initialized
2023-09-30 23:05:02,924 [INFO] DbMcusAds:53 - JSON generation date=Tue Mar 07 15:50:55 ICT 2023 (1678179055114)
2023-09-30 23:05:02,924 [FATAL] Updater:308 - Updater called before beeing initialized
2023-09-30 23:05:03,010 [WARN] DetailPanel:346 - Failed to get advertising image, set to default
2023-09-30 23:05:03,321 [FATAL] Updater:308 - Updater called before beeing initialized
2023-09-30 23:05:03,352 [FATAL] Updater:308 - Updater called before beeing initialized
2023-09-30 23:05:03,352 [FATAL] Updater:308 - Updater called before beeing initialized
2023-09-30 23:05:03,352 [WARN] DetailPanel:346 - Failed to get advertising image, set to default
2023-09-30 23:05:03,354 [FATAL] Updater:308 - Updater called before beeing initialized
2023-09-30 23:05:03,456 [ERROR] Updater:1120 - MainUpdater not yet initialized. External WinMGr cannot be set.
2023-09-30 23:05:03,460 [INFO] Updater:1056 - Updater Version found : 6.9.0
2023-09-30 23:05:03,489 [INFO] ApplicationProperties:184 - Using Application install path: C:\ST\STM32CubeIDE_1.13.0\STM32CubeIDE\plugins\com.st.stm32cube.common.mx_6.9.0.202307051724
2023-09-30 23:05:04,100 [INFO] ThirdPartyUpdaterWithRetryManager:70 - Updater plugin not ready yet. [2/15]
2023-09-30 23:05:04,123 [INFO] MainUpdater:2868 - connection check result : 10
2023-09-30 23:05:04,124 [INFO] MainUpdater:285 - Updater Check For Update Now.
2023-09-30 23:05:04,125 [INFO] MicroXplorer:498 - Change Database Version : DB.6.0.90
2023-09-30 23:05:04,135 [INFO] McuFinderGlobals:63 - Set McuFinder mode to 2 (CubeIDE integrated)
2023-09-30 23:05:04,136 [INFO] UserAuth:179 - activating auth plugin
2023-09-30 23:05:04,140 [INFO] UserAuth:393 - Internet connection configuration mode: 1
2023-09-30 23:05:04,158 [INFO] JxBrowserEngine:151 - Initiate JxBrowser Engine with user profile folder
2023-09-30 23:05:04,335 [INFO] CheckServerUpdateThread:120 - End of CheckServer Thread
2023-09-30 23:05:05,254 [INFO] WebApp:157 - Instantiating new browser for Auth
2023-09-30 23:05:06,515 [INFO] WebApp:753 - Register for checkConnection events
2023-09-30 23:05:06,515 [INFO] WebApp:390 - Apply proxy settings
2023-09-30 23:05:06,515 [INFO] WebApp:475 - Chromium requires no authentication
2023-09-30 23:05:06,526 [INFO] WebApp:418 - Direct internet connection detected
2023-09-30 23:05:06,859 [INFO] WebApp:188 - Starting web application
2023-09-30 23:05:06,859 [INFO] WebApp:520 - Web application path used C:\ST\STM32CubeIDE_1.13.0\STM32CubeIDE\plugins\com.st.stm32cube.common.mx_6.9.0.202307051724\db\plugins\mcufinder\reactClient1\index.html
2023-09-30 23:05:07,400 [WARN] PackLoader:240 - Cannot read IP mode file for STMicroelectronics.X-CUBE-SMBUS.2.1.0
2023-09-30 23:05:07,460 [WARN] PackLoader:240 - Cannot read IP mode file for STMicroelectronics.X-CUBE-AZRTOS-F7.1.1.0
2023-09-30 23:05:07,490 [WARN] PackLoader:240 - Cannot read IP mode file for STMicroelectronics.FP-SNS-MOTENV1.4.3.2
2023-09-30 23:05:07,506 [WARN] PackLoader:240 - Cannot read IP mode file for STMicroelectronics.X-CUBE-BLE1.6.2.4
2023-09-30 23:05:07,514 [WARN] PackLoader:240 - Cannot read IP mode file for STMicroelectronics.FP-SNS-FLIGHT1.5.0.2
2023-09-30 23:05:07,521 [WARN] PackLoader:240 - Cannot read IP mode file for STMicroelectronics.X-CUBE-BLE1.7.0.0
2023-09-30 23:05:07,527 [WARN] PackLoader:240 - Cannot read IP mode file for STMicroelectronics.X-CUBE-TOUCHGFX.4.22.0
2023-09-30 23:05:07,621 [WARN] PackLoader:240 - Cannot read IP mode file for STMicroelectronics.X-CUBE-MEMS1.9.3.0
2023-09-30 23:05:07,917 [WARN] PackLoader:240 - Cannot read IP mode file for STMicroelectronics.FP-SNS-SMARTAG2.1.2.0
2023-09-30 23:05:07,935 [INFO] LogOutputStream:77 - [STDOUT_REDIRECT] 1 : Invalid condition id : UX_CORESTACK_Condition cause : null
2023-09-30 23:05:07,936 [INFO] LogOutputStream:77 - [STDOUT_REDIRECT] 1 : Invalid condition id : UX_CORESTACK_Condition cause : null
2023-09-30 23:05:07,938 [INFO] LogOutputStream:77 - [STDOUT_REDIRECT] 1 : Invalid condition id : UX_CORESTACK_Condition cause : null
2023-09-30 23:05:07,940 [INFO] LogOutputStream:77 - [STDOUT_REDIRECT] 1 : Invalid condition id : UX_CORESTACK_Condition cause : null
2023-09-30 23:05:07,942 [INFO] LogOutputStream:77 - [STDOUT_REDIRECT] 1 : Invalid condition id : UX_CORESTACK_Condition cause : null
2023-09-30 23:05:07,947 [WARN] PackLoader:240 - Cannot read IP mode file for STMicroelectronics.X-CUBE-AZRTOS-WL.2.0.0
2023-09-30 23:05:07,963 [WARN] PackLoader:240 - Cannot read IP mode file for WES.I-CUBE-Cesium.1.3.0
2023-09-30 23:05:07,971 [WARN] PackLoader:240 - Cannot read IP mode file for STMicroelectronics.X-CUBE-BLE2.3.3.0
2023-09-30 23:05:07,992 [WARN] PackLoader:240 - Cannot read IP mode file for STMicroelectronics.X-CUBE-TOF1.3.2.0
2023-09-30 23:05:08,013 [WARN] PackLoader:240 - Cannot read IP mode file for STMicroelectronics.X-CUBE-ISPU.1.0.0
2023-09-30 23:05:08,019 [WARN] PackLoader:240 - Cannot read IP mode file for STMicroelectronics.X-CUBE-TOUCHGFX.4.21.1
2023-09-30 23:05:08,105 [WARN] PackLoader:240 - Cannot read IP mode file for STMicroelectronics.X-CUBE-MEMS1.9.4.0
2023-09-30 23:05:08,372 [WARN] PackLoader:240 - Cannot read IP mode file for STMicroelectronics.X-CUBE-AI.7.3.0
2023-09-30 23:05:08,431 [WARN] PackLoader:240 - Cannot read IP mode file for STMicroelectronics.X-CUBE-AZRTOS-G0.1.1.0
2023-09-30 23:05:08,441 [WARN] PackLoader:240 - Cannot read IP mode file for STMicroelectronics.X-CUBE-NFC4.3.0.0
2023-09-30 23:05:08,457 [WARN] PackLoader:240 - Cannot read IP mode file for STMicroelectronics.X-CUBE-BLEMGR.1.3.0
2023-09-30 23:05:08,465 [WARN] PackLoader:240 - Cannot read IP mode file for STMicroelectronics.FP-ATR-SIGFOX1.3.2.0
2023-09-30 23:05:08,472 [WARN] PackLoader:240 - Cannot read IP mode file for STMicroelectronics.X-CUBE-TOUCHGFX.4.20.0
2023-09-30 23:05:08,545 [WARN] PackLoader:240 - Cannot read IP mode file for SEGGER.I-CUBE-embOS.1.3.1
2023-09-30 23:05:08,631 [WARN] PackLoader:240 - Cannot read IP mode file for STMicroelectronics.X-CUBE-GNSS1.6.0.0
2023-09-30 23:05:08,659 [WARN] PackLoader:240 - Cannot read IP mode file for STMicroelectronics.X-CUBE-AZRTOS-F4.1.1.0
2023-09-30 23:05:08,672 [WARN] PackLoader:240 - Cannot read IP mode file for STMicroelectronics.X-CUBE-BLEMGR.1.2.0
2023-09-30 23:05:08,698 [WARN] PackLoader:240 - Cannot read IP mode file for STMicroelectronics.X-CUBE-AZRTOS-L5.2.0.0
2023-09-30 23:05:08,771 [WARN] PackLoader:240 - Cannot read IP mode file for STMicroelectronics.X-CUBE-MEMS1.9.6.0
2023-09-30 23:05:09,021 [WARN] PackLoader:240 - Cannot read IP mode file for STMicroelectronics.X-CUBE-BLEMGR.2.0.0
2023-09-30 23:05:09,045 [WARN] ConditionMgr:438 - getConditionDescription Invalid condition id : UX DEVICE CLASS RTOS Condition cause : null
2023-09-30 23:05:09,045 [WARN] ConditionMgr:438 - getConditionDescription Invalid condition id : UX DEVICE CLASS RTOS Condition cause : null
2023-09-30 23:05:09,050 [WARN] PackLoader:240 - Cannot read IP mode file for STMicroelectronics.X-CUBE-AZRTOS-H7.3.1.0
2023-09-30 23:05:09,051 [WARN] ConditionMgr:1039 - genDependencies : Invalid condition id : UX DEVICE CLASS RTOS Condition cause : null
2023-09-30 23:05:09,051 [WARN] ConditionMgr:1039 - genDependencies : Invalid condition id : UX DEVICE CLASS RTOS Condition cause : null
2023-09-30 23:05:09,052 [WARN] ConditionMgr:1039 - genDependencies : Invalid condition id : UX DEVICE CLASS RTOS Condition cause : null
2023-09-30 23:05:09,052 [WARN] ConditionMgr:1039 - genDependencies : Invalid condition id : UX DEVICE CLASS RTOS Condition cause : null
2023-09-30 23:05:09,052 [WARN] ConditionMgr:1039 - genDependencies : Invalid condition id : UX DEVICE CLASS RTOS Condition cause : null
2023-09-30 23:05:09,059 [WARN] PackLoader:240 - Cannot read IP mode file for STMicroelectronics.X-CUBE-NFC7.1.0.1
2023-09-30 23:05:09,067 [WARN] PackLoader:240 - Cannot read IP mode file for STMicroelectronics.X-CUBE-NFC6.3.0.0
2023-09-30 23:05:09,075 [WARN] PackLoader:240 - Cannot read IP mode file for STMicroelectronics.X-CUBE-EEPRMA1.4.1.0
2023-09-30 23:05:09,078 [WARN] PackLoader:240 - Cannot read IP mode file for STMicroelectronics.X-CUBE-AI.8.1.0
2023-09-30 23:05:09,100 [WARN] ConditionMgr:438 - getConditionDescription Invalid condition id : LAN8742 Phy interface Condition cause : null
2023-09-30 23:05:09,101 [WARN] PackLoader:240 - Cannot read IP mode file for STMicroelectronics.X-CUBE-AZRTOS-L4.2.0.0
2023-09-30 23:05:09,103 [WARN] ConditionMgr:1039 - genDependencies : Invalid condition id : LAN8742 Phy interface Condition cause : null
2023-09-30 23:05:09,104 [WARN] ConditionMgr:1039 - genDependencies : Invalid condition id : LAN8742 Phy interface Condition cause : null
2023-09-30 23:05:09,105 [WARN] ConditionMgr:1039 - genDependencies : Invalid condition id : LAN8742 Phy interface Condition cause : null
2023-09-30 23:05:09,116 [WARN] PackLoader:240 - Cannot read IP mode file for STMicroelectronics.X-CUBE-SFXS2LP1.4.0.0
2023-09-30 23:05:09,296 [WARN] PackLoader:240 - Cannot read IP mode file for STMicroelectronics.X-CUBE-AZRTOS-H7.3.0.0
2023-09-30 23:05:09,349 [WARN] PackLoader:240 - Cannot read IP mode file for STMicroelectronics.X-CUBE-ISPU.1.1.0
2023-09-30 23:05:09,399 [WARN] ConditionMgr:438 - getConditionDescription Invalid condition id : UX DEVICE CLASS RTOS Condition cause : null
2023-09-30 23:05:09,402 [WARN] ConditionMgr:438 - getConditionDescription Invalid condition id : UX DEVICE CLASS RTOS Condition cause : null
2023-09-30 23:05:09,407 [WARN] PackLoader:240 - Cannot read IP mode file for STMicroelectronics.X-CUBE-AZRTOS-WB.2.0.0
2023-09-30 23:05:09,408 [WARN] ConditionMgr:1039 - genDependencies : Invalid condition id : UX DEVICE CLASS RTOS Condition cause : null
2023-09-30 23:05:09,409 [WARN] ConditionMgr:1039 - genDependencies : Invalid condition id : UX DEVICE CLASS RTOS Condition cause : null
2023-09-30 23:05:09,409 [WARN] ConditionMgr:1039 - genDependencies : Invalid condition id : UX DEVICE CLASS RTOS Condition cause : null
2023-09-30 23:05:09,411 [WARN] ConditionMgr:1039 - genDependencies : Invalid condition id : UX DEVICE CLASS RTOS Condition cause : null
2023-09-30 23:05:09,412 [WARN] ConditionMgr:1039 - genDependencies : Invalid condition id : UX DEVICE CLASS RTOS Condition cause : null
2023-09-30 23:05:09,428 [WARN] PackLoader:240 - Cannot read IP mode file for STMicroelectronics.X-CUBE-FREERTOS.1.0.1
2023-09-30 23:05:09,489 [WARN] PackLoader:240 - Cannot read IP mode file for STMicroelectronics.X-CUBE-AZRTOS-L5.1.1.0
2023-09-30 23:05:09,514 [WARN] PackLoader:240 - Cannot read IP mode file for STMicroelectronics.X-CUBE-AI.8.0.1
2023-09-30 23:05:09,538 [WARN] PackLoader:240 - Cannot read IP mode file for STMicroelectronics.X-CUBE-TOF1.3.3.1
2023-09-30 23:05:09,602 [WARN] PackLoader:240 - Cannot read IP mode file for STMicroelectronics.X-CUBE-AZRTOS-G4.2.0.0
2023-09-30 23:05:09,616 [WARN] PackLoader:240 - Cannot read IP mode file for STMicroelectronics.FP-ATR-ASTRA1.1.1.1
2023-09-30 23:05:09,625 [WARN] PackLoader:240 - Cannot read IP mode file for STMicroelectronics.X-CUBE-FREERTOS.1.1.0
2023-09-30 23:05:09,656 [WARN] PackLoader:240 - Cannot read IP mode file for STMicroelectronics.X-CUBE-AZRTOS-WB.1.1.0
2023-09-30 23:05:09,665 [WARN] PackLoader:240 - Cannot read IP mode file for STMicroelectronics.FP-ATR-ASTRA1.2.0.0
2023-09-30 23:05:09,667 [INFO] ThirdParty:978 - Integrity check success = true
2023-09-30 23:05:09,667 [INFO] IntegrityCheckThread:100 - exiting critical section [integrity check]
2023-09-30 23:05:09,668 [INFO] IntegrityCheckThread:103 - End integrity checks thread
2023-09-30 23:05:28,115 [ERROR] LogOutputStream:75 - [STDERR_REDIRECT] SLF4J: Failed to load class "org.slf4j.impl.StaticLoggerBinder".
2023-09-30 23:05:28,116 [ERROR] LogOutputStream:75 - [STDERR_REDIRECT] SLF4J: Defaulting to no-operation (NOP) logger implementation
2023-09-30 23:05:28,118 [ERROR] LogOutputStream:75 - [STDERR_REDIRECT] SLF4J: See http://www.slf4j.org/codes.html#StaticLoggerBinder for further details.
