2024-01-14 01:12:12,113 [INFO] UtilMem:75 - End SaveConfig() Used Memory: 637709040 Bytes (1073741824)
2024-01-14 01:12:12,325 [INFO] UtilMem:75 - End SaveConfig() Used Memory: 658680320 Bytes (1073741824)
2024-01-14 01:12:13,038 [INFO] UtilMem:75 - End SaveConfig() Used Memory: 742738048 Bytes (1073741824)
2024-01-14 01:12:13,414 [INFO] BlockDiagram:2759 - set Specific Code input for plugin: SYS
2024-01-14 01:12:13,414 [INFO] BlockDiagram:2759 - set Specific Code input for plugin: RCC
2024-01-14 01:12:13,414 [INFO] BlockDiagram:2759 - set Specific Code input for plugin: NVIC
2024-01-14 01:12:13,415 [INFO] BlockDiagram:2759 - set Specific Code input for plugin: GPIO
2024-01-14 01:12:13,416 [INFO] CodeGenerator:799 - code generatio: config db path: C:\ST\STM32CubeIDE_1.13.0\STM32CubeIDE\plugins\com.st.stm32cube.common.mx_6.9.0.202307051724\\db\
2024-01-14 01:12:16,014 [INFO] CodeEngine:255 - oldGeneratedFile, D:\Workspace\RTOS_Workspace\RTOS_workspace\002LED_Tasks\MXTmpFiles\license.tmp_save
2024-01-14 01:12:16,246 [INFO] CodeEngine:279 - Generated code: D:\Workspace\RTOS_Workspace\RTOS_workspace\002LED_Tasks\MXTmpFiles\license.tmp
2024-01-14 01:12:16,335 [INFO] CodeEngine:255 - oldGeneratedFile, D:\Workspace\RTOS_Workspace\RTOS_workspace\002LED_Tasks\MXTmpFiles\gpio.tmp_save
2024-01-14 01:12:16,682 [INFO] CodeEngine:279 - Generated code: D:\Workspace\RTOS_Workspace\RTOS_workspace\002LED_Tasks\MXTmpFiles\gpio.tmp
2024-01-14 01:12:16,948 [INFO] CodeEngine:255 - oldGeneratedFile, D:\Workspace\RTOS_Workspace\RTOS_workspace\002LED_Tasks\Core\Src\stm32f4xx_it.c_save
2024-01-14 01:12:17,196 [INFO] CodeEngine:279 - Generated code: D:\Workspace\RTOS_Workspace\RTOS_workspace\002LED_Tasks\Core\Src\stm32f4xx_it.c
2024-01-14 01:12:17,208 [INFO] CodeEngine:255 - oldGeneratedFile, D:\Workspace\RTOS_Workspace\RTOS_workspace\002LED_Tasks\Core\Inc\stm32f4xx_it.h_save
2024-01-14 01:12:17,339 [INFO] CodeEngine:279 - Generated code: D:\Workspace\RTOS_Workspace\RTOS_workspace\002LED_Tasks\Core\Inc\stm32f4xx_it.h
2024-01-14 01:12:17,379 [INFO] CodeEngine:255 - oldGeneratedFile, D:\Workspace\RTOS_Workspace\RTOS_workspace\002LED_Tasks\Core\Src\stm32f4xx_hal_msp.c_save
2024-01-14 01:12:17,587 [INFO] CodeEngine:279 - Generated code: D:\Workspace\RTOS_Workspace\RTOS_workspace\002LED_Tasks\Core\Src\stm32f4xx_hal_msp.c
2024-01-14 01:12:17,601 [INFO] CodeEngine:255 - oldGeneratedFile, D:\Workspace\RTOS_Workspace\RTOS_workspace\002LED_Tasks\MXTmpFiles\system.tmp_save
2024-01-14 01:12:17,680 [INFO] CodeEngine:279 - Generated code: D:\Workspace\RTOS_Workspace\RTOS_workspace\002LED_Tasks\MXTmpFiles\system.tmp
2024-01-14 01:12:17,697 [INFO] CodeEngine:255 - oldGeneratedFile, D:\Workspace\RTOS_Workspace\RTOS_workspace\002LED_Tasks\Core\Src\stm32f4xx_hal_timebase_tim.c_save
2024-01-14 01:12:17,844 [INFO] CodeEngine:279 - Generated code: D:\Workspace\RTOS_Workspace\RTOS_workspace\002LED_Tasks\Core\Src\stm32f4xx_hal_timebase_tim.c
2024-01-14 01:12:17,884 [INFO] CodeEngine:311 - oldGeneratedFile, D:\Workspace\RTOS_Workspace\RTOS_workspace\002LED_Tasks\Core\Inc\stm32f4xx_hal_conf.h_save
2024-01-14 01:12:17,964 [INFO] CodeEngine:335 - Generated code: D:\Workspace\RTOS_Workspace\RTOS_workspace\002LED_Tasks\Core\Inc\stm32f4xx_hal_conf.h
2024-01-14 01:12:18,025 [INFO] CodeEngine:255 - oldGeneratedFile, D:\Workspace\RTOS_Workspace\RTOS_workspace\002LED_Tasks\Core\Inc\main.h_save
2024-01-14 01:12:18,180 [INFO] CodeEngine:279 - Generated code: D:\Workspace\RTOS_Workspace\RTOS_workspace\002LED_Tasks\Core\Inc\main.h
2024-01-14 01:12:18,197 [INFO] CodeEngine:255 - oldGeneratedFile, D:\Workspace\RTOS_Workspace\RTOS_workspace\002LED_Tasks\Core\Src\main.c_save
2024-01-14 01:12:18,378 [INFO] CodeEngine:279 - Generated code: D:\Workspace\RTOS_Workspace\RTOS_workspace\002LED_Tasks\Core\Src\main.c
2024-01-14 01:12:19,207 [INFO] ProjectBuilder:3064 - Time for Copy HAL[1] : 243mS.
2024-01-14 01:12:19,211 [INFO] ProjectBuilder:4404 - Project Generator version: 4.1.0
2024-01-14 01:12:19,541 [INFO] ConfigFileManager:1457 - The Die is : DIE413
2024-01-14 01:12:24,625 [INFO] ProjectBuilder:4626 - Time for Generating toolchain IDE Files: 5413mS.
2024-01-14 01:12:24,626 [INFO] ProjectBuilder:2935 - Time for Copy CMSIS : 1mS.
2024-01-14 01:12:24,628 [INFO] ProjectBuilder:2935 - Time for Copy CMSIS : 0mS.
