2023-10-08 22:54:47,674 [INFO] Activator:176 - 


2023-10-08 22:54:47,682 [INFO] Activator:177 - !SESSION log4j initialized
2023-10-08 22:55:00,010 [INFO] LogOutputStream:77 - [STDOUT_REDIRECT] 
2023-10-08 22:55:06,942 [INFO] ApplicationProperties:184 - Using Application install path: C:\ST\STM32CubeIDE_1.13.0\STM32CubeIDE\plugins\com.st.stm32cube.common.mx_6.9.0.202307051724
2023-10-08 22:55:06,986 [INFO] DbMcusXml:78 - Set database path to: C:\ST\STM32CubeIDE_1.13.0\STM32CubeIDE\plugins\com.st.stm32cube.common.mx_6.9.0.202307051724\\db\/mcu/
2023-10-08 22:55:06,987 [INFO] ApiDb:274 - Set plugin database path to: C:\ST\STM32CubeIDE_1.13.0\STM32CubeIDE\plugins\com.st.stm32cube.common.mx_6.9.0.202307051724\\db\/plugins/boardmanager/
2023-10-08 22:55:06,989 [WARN] ApiDb:259 - Overriding images path with different value:  => C:\ST\STM32CubeIDE_1.13.0\STM32CubeIDE\plugins\com.st.stm32cube.common.mx_6.9.0.202307051724\\db\/plugins/mcufinder/images/
2023-10-08 22:55:07,026 [INFO] ApiDb:250 - Set database path to: C:\Users\admin\.stmcufinder\plugins\mcufinder//mcu/
2023-10-08 22:55:07,030 [INFO] DbMcusAds:125 - Set database path to: C:\Users\admin\.stmcufinder\plugins\mcufinder//mcu/
2023-10-08 22:55:07,832 [INFO] CrossReferenceDbSqlite:203 - Set database path to: C:\Users\admin\.stmcufinder\plugins\mcufinder//mcu/cs/
2023-10-08 22:55:08,107 [INFO] RulesReader:64 - Compatibility file has been processed (293 Rules)
2023-10-08 22:55:08,342 [INFO] DbMcusXml:78 - Set database path to: C:\ST\STM32CubeIDE_1.13.0\STM32CubeIDE\plugins\com.st.stm32cube.common.mx_6.9.0.202307051724\\db\/mcu/
2023-10-08 22:55:08,344 [INFO] ApiDb:274 - Set plugin database path to: C:\ST\STM32CubeIDE_1.13.0\STM32CubeIDE\plugins\com.st.stm32cube.common.mx_6.9.0.202307051724\\db\/plugins/boardmanager/
2023-10-08 22:55:08,345 [INFO] ApiDb:261 - Set plugin images path to: C:\ST\STM32CubeIDE_1.13.0\STM32CubeIDE\plugins\com.st.stm32cube.common.mx_6.9.0.202307051724\\db\/plugins/mcufinder/images/
2023-10-08 22:55:08,348 [WARN] DbFile:41 - Overriding database path with different value: C:\Users\admin\.stmcufinder\plugins\mcufinder/ => C:\Users\admin\.stmcufinder\plugins\mcufinder
2023-10-08 22:55:08,348 [INFO] ApiDb:250 - Set database path to: C:\Users\admin\.stmcufinder\plugins\mcufinder//mcu/
2023-10-08 22:55:08,355 [WARN] DbFile:41 - Overriding database path with different value: C:\Users\admin\.stmcufinder\plugins\mcufinder/ => C:\Users\admin\.stmcufinder\plugins\mcufinder
2023-10-08 22:55:08,356 [INFO] DbMcusAds:125 - Set database path to: C:\Users\admin\.stmcufinder\plugins\mcufinder//mcu/
2023-10-08 22:55:08,356 [WARN] DbFile:41 - Overriding database path with different value: C:\Users\admin\.stmcufinder\plugins\mcufinder/ => C:\Users\admin\.stmcufinder\plugins\mcufinder
2023-10-08 22:55:08,356 [WARN] DbFile:41 - Overriding database path with different value: C:\Users\admin\.stmcufinder\plugins\mcufinder/ => C:\Users\admin\.stmcufinder\plugins\mcufinder
2023-10-08 22:55:09,320 [INFO] CrossReferenceDbSqlite:203 - Set database path to: C:\Users\admin\.stmcufinder\plugins\mcufinder//mcu/cs/
2023-10-08 22:55:09,522 [INFO] MainPanel:262 - HeapMemory: 268435456
2023-10-08 22:55:09,671 [INFO] DbMcusXml:78 - Set database path to: C:\ST\STM32CubeIDE_1.13.0\STM32CubeIDE\plugins\com.st.stm32cube.common.mx_6.9.0.202307051724\\db\/mcu/
2023-10-08 22:55:09,672 [INFO] ApiDb:274 - Set plugin database path to: C:\ST\STM32CubeIDE_1.13.0\STM32CubeIDE\plugins\com.st.stm32cube.common.mx_6.9.0.202307051724\\db\/plugins/boardmanager/
2023-10-08 22:55:09,672 [INFO] ApiDb:261 - Set plugin images path to: C:\ST\STM32CubeIDE_1.13.0\STM32CubeIDE\plugins\com.st.stm32cube.common.mx_6.9.0.202307051724\\db\/plugins/mcufinder/images/
2023-10-08 22:55:09,672 [WARN] DbFile:41 - Overriding database path with different value: C:\Users\admin\.stmcufinder\plugins\mcufinder/ => C:\Users\admin\.stmcufinder\plugins\mcufinder
2023-10-08 22:55:09,672 [INFO] ApiDb:250 - Set database path to: C:\Users\admin\.stmcufinder\plugins\mcufinder//mcu/
2023-10-08 22:55:09,672 [WARN] DbFile:41 - Overriding database path with different value: C:\Users\admin\.stmcufinder\plugins\mcufinder/ => C:\Users\admin\.stmcufinder\plugins\mcufinder
2023-10-08 22:55:09,672 [INFO] DbMcusAds:125 - Set database path to: C:\Users\admin\.stmcufinder\plugins\mcufinder//mcu/
2023-10-08 22:55:09,672 [WARN] DbFile:41 - Overriding database path with different value: C:\Users\admin\.stmcufinder\plugins\mcufinder/ => C:\Users\admin\.stmcufinder\plugins\mcufinder
2023-10-08 22:55:09,674 [WARN] DbFile:41 - Overriding database path with different value: C:\Users\admin\.stmcufinder\plugins\mcufinder/ => C:\Users\admin\.stmcufinder\plugins\mcufinder
2023-10-08 22:55:10,319 [INFO] CrossReferenceDbSqlite:203 - Set database path to: C:\Users\admin\.stmcufinder\plugins\mcufinder//mcu/cs/
2023-10-08 22:55:10,376 [INFO] ApplicationProperties:184 - Using Application install path: C:\ST\STM32CubeIDE_1.13.0\STM32CubeIDE\plugins\com.st.stm32cube.common.mx_6.9.0.202307051724
2023-10-08 22:55:10,379 [INFO] PluginManage:196 - Search for loadable plugins [exclusion list=, ]
2023-10-08 22:55:10,385 [INFO] PluginManage:310 - Check plugin analytics
2023-10-08 22:55:11,525 [INFO] AnalyticsPlugin:253 - Accepted Software Licenses: STM32CubeMX.6.9.1
2023-10-08 22:55:11,525 [INFO] AnalyticsPlugin:255 - Accepted CMSIS Pack Licenses: 
2023-10-08 22:55:11,526 [INFO] AnalyticsPlugin:257 - Accepted Firmware Licenses: 
2023-10-08 22:55:11,539 [INFO] PluginManage:359 - Loaded plugin analytics (category:tool,tabindex:-1)
2023-10-08 22:55:11,540 [INFO] PluginManage:310 - Check plugin cadmodel
2023-10-08 22:55:11,568 [INFO] CADModel:105 - Init CAD model plugin
2023-10-08 22:55:11,569 [INFO] PluginManage:359 - Loaded plugin cadmodel (category:power,tabindex:5)
2023-10-08 22:55:11,569 [INFO] PluginManage:310 - Check plugin clock
2023-10-08 22:55:11,608 [INFO] PluginManage:359 - Loaded plugin clock (category:base,tabindex:2)
2023-10-08 22:55:11,608 [INFO] PluginManage:310 - Check plugin ddr
2023-10-08 22:55:11,613 [INFO] PluginManage:359 - Loaded plugin ddr (category:tool,tabindex:6)
2023-10-08 22:55:11,613 [INFO] PluginManage:310 - Check plugin filemanager
2023-10-08 22:55:12,001 [INFO] PluginManage:359 - Loaded plugin filemanager (category:base,tabindex:10)
2023-10-08 22:55:12,003 [INFO] PluginManage:310 - Check plugin ipmanager
2023-10-08 22:55:12,023 [INFO] PluginManage:359 - Loaded plugin ipmanager (category:base,tabindex:5)
2023-10-08 22:55:12,023 [INFO] PluginManage:310 - Check plugin lpbam
2023-10-08 22:55:12,069 [INFO] PluginManage:359 - Loaded plugin lpbam (category:base,tabindex:0)
2023-10-08 22:55:12,069 [INFO] PluginManage:310 - Check plugin memorymap
2023-10-08 22:55:12,116 [INFO] PluginManage:359 - Loaded plugin memorymap (category:base,tabindex:4)
2023-10-08 22:55:12,116 [INFO] PluginManage:310 - Check plugin pinoutandconfiguration
2023-10-08 22:55:12,148 [INFO] PluginManage:359 - Loaded plugin pinoutandconfiguration (category:base,tabindex:1)
2023-10-08 22:55:12,149 [INFO] PluginManage:310 - Check plugin pinoutconfig
2023-10-08 22:55:12,406 [WARN] SupportedApi:132 - Cannot load RTOS API schema: s4s-elt-must-match.1: The content of 'definitions' must match (annotation?, (simpleType | complexType)?, (unique | key | keyref)*)). A problem was found starting at: attribute.
2023-10-08 22:55:12,820 [INFO] PluginManage:359 - Loaded plugin pinoutconfig (category:base,tabindex:0)
2023-10-08 22:55:12,820 [INFO] PluginManage:310 - Check plugin power
2023-10-08 22:55:12,867 [INFO] PluginManage:359 - Loaded plugin power (category:power,tabindex:4)
2023-10-08 22:55:12,868 [INFO] PluginManage:310 - Check plugin projectmanager
2023-10-08 22:55:12,907 [INFO] PluginManage:359 - Loaded plugin projectmanager (category:projectmanager,tabindex:3)
2023-10-08 22:55:12,907 [INFO] PluginManage:310 - Check plugin thirdparty
2023-10-08 22:55:13,343 [INFO] PluginManage:359 - Loaded plugin thirdparty (category:base,tabindex:-1)
2023-10-08 22:55:13,343 [WARN] IntegrityCheckThread:84 - waiting for thirdparty lock release [integrity check]
2023-10-08 22:55:13,343 [INFO] PluginManage:310 - Check plugin tools
2023-10-08 22:55:13,344 [INFO] IntegrityCheckThread:86 - entering critical section [integrity check]
2023-10-08 22:55:13,345 [INFO] ThirdPartyUpdaterWithRetryManager:70 - Updater plugin not ready yet. [1/15]
2023-10-08 22:55:13,407 [INFO] PluginManage:359 - Loaded plugin tools (category:base,tabindex:7)
2023-10-08 22:55:13,407 [INFO] PluginManage:310 - Check plugin tutovideos
2023-10-08 22:55:13,711 [INFO] PluginManage:359 - Loaded plugin tutovideos (category:base,tabindex:-1)
2023-10-08 22:55:13,712 [INFO] PluginManage:310 - Check plugin updater
2023-10-08 22:55:13,730 [INFO] PluginManage:359 - Loaded plugin updater (category:base,tabindex:12)
2023-10-08 22:55:13,730 [INFO] PluginManage:310 - Check plugin userauth
2023-10-08 22:55:13,741 [INFO] UserAuth:113 - Init User Auth plugin
2023-10-08 22:55:13,741 [INFO] PluginManage:359 - Loaded plugin userauth (category:base,tabindex:14)
2023-10-08 22:55:13,742 [INFO] PluginManage:283 - PluginManage : Loaded plugins [17]
2023-10-08 22:55:14,120 [INFO] PinOutPanel:1499 - setPackage(No Configuration,No Configuration)
2023-10-08 22:55:14,284 [INFO] CADModel:165 - CPN selected for project level
2023-10-08 22:55:14,285 [INFO] CADModel:114 - Register for checkConnection events
2023-10-08 22:55:14,316 [INFO] IPUIPlugin:80 - create IPUIPlugin
2023-10-08 22:55:14,317 [INFO] PluginManager:220 - loadIPPluginJar : add adc
2023-10-08 22:55:14,355 [INFO] IPUIPlugin:80 - create IPUIPlugin
2023-10-08 22:55:14,355 [INFO] PluginManager:220 - loadIPPluginJar : add aes
2023-10-08 22:55:14,403 [INFO] IPUIPlugin:80 - create IPUIPlugin
2023-10-08 22:55:14,404 [INFO] PluginManager:220 - loadIPPluginJar : add can
2023-10-08 22:55:14,435 [INFO] IPUIPlugin:80 - create IPUIPlugin
2023-10-08 22:55:14,435 [INFO] PluginManager:220 - loadIPPluginJar : add comp
2023-10-08 22:55:14,478 [INFO] IPUIPlugin:80 - create IPUIPlugin
2023-10-08 22:55:14,478 [INFO] PluginManager:220 - loadIPPluginJar : add cryp
2023-10-08 22:55:14,521 [INFO] IPUIPlugin:80 - create IPUIPlugin
2023-10-08 22:55:14,521 [INFO] PluginManager:220 - loadIPPluginJar : add dfsdm
2023-10-08 22:55:14,539 [INFO] IPUIPlugin:80 - create IPUIPlugin
2023-10-08 22:55:14,540 [INFO] PluginManager:220 - loadIPPluginJar : add dma
2023-10-08 22:55:14,599 [INFO] IPUIPlugin:80 - create IPUIPlugin
2023-10-08 22:55:14,600 [INFO] PluginManager:220 - loadIPPluginJar : add dma3
2023-10-08 22:55:14,626 [INFO] IPUIPlugin:80 - create IPUIPlugin
2023-10-08 22:55:14,626 [INFO] PluginManager:220 - loadIPPluginJar : add fatfs
2023-10-08 22:55:14,692 [INFO] IPUIPlugin:80 - create IPUIPlugin
2023-10-08 22:55:14,692 [INFO] PluginManager:220 - loadIPPluginJar : add fmc
2023-10-08 22:55:14,710 [INFO] IPUIPlugin:80 - create IPUIPlugin
2023-10-08 22:55:14,712 [INFO] PluginManager:220 - loadIPPluginJar : add freertos
2023-10-08 22:55:14,740 [INFO] IPUIPlugin:80 - create IPUIPlugin
2023-10-08 22:55:14,740 [INFO] PluginManager:220 - loadIPPluginJar : add genericplugin
2023-10-08 22:55:14,870 [INFO] IPUIPlugin:80 - create IPUIPlugin
2023-10-08 22:55:14,872 [INFO] PluginManager:220 - loadIPPluginJar : add gfxmmu
2023-10-08 22:55:15,081 [INFO] IPUIPlugin:80 - create IPUIPlugin
2023-10-08 22:55:15,082 [INFO] PluginManager:220 - loadIPPluginJar : add gic
2023-10-08 22:55:15,100 [INFO] IPUIPlugin:80 - create IPUIPlugin
2023-10-08 22:55:15,100 [INFO] PluginManager:220 - loadIPPluginJar : add gpio
2023-10-08 22:55:15,209 [INFO] IPUIPlugin:80 - create IPUIPlugin
2023-10-08 22:55:15,209 [INFO] PluginManager:220 - loadIPPluginJar : add gtzc
2023-10-08 22:55:15,246 [INFO] IPUIPlugin:80 - create IPUIPlugin
2023-10-08 22:55:15,246 [INFO] PluginManager:220 - loadIPPluginJar : add hash
2023-10-08 22:55:15,310 [INFO] IPUIPlugin:80 - create IPUIPlugin
2023-10-08 22:55:15,310 [INFO] PluginManager:220 - loadIPPluginJar : add i2c
2023-10-08 22:55:15,356 [INFO] IPUIPlugin:80 - create IPUIPlugin
2023-10-08 22:55:15,357 [INFO] PluginManager:220 - loadIPPluginJar : add i2s
2023-10-08 22:55:15,404 [INFO] IPUIPlugin:80 - create IPUIPlugin
2023-10-08 22:55:15,404 [INFO] PluginManager:220 - loadIPPluginJar : add i3c
2023-10-08 22:55:15,532 [INFO] IPUIPlugin:80 - create IPUIPlugin
2023-10-08 22:55:15,532 [INFO] PluginManager:220 - loadIPPluginJar : add ipddr
2023-10-08 22:55:15,644 [INFO] IPUIPlugin:80 - create IPUIPlugin
2023-10-08 22:55:15,644 [INFO] PluginManager:220 - loadIPPluginJar : add linkedlist
2023-10-08 22:55:15,688 [INFO] IPUIPlugin:80 - create IPUIPlugin
2023-10-08 22:55:15,688 [INFO] PluginManager:220 - loadIPPluginJar : add lorawan
2023-10-08 22:55:15,735 [INFO] IPUIPlugin:80 - create IPUIPlugin
2023-10-08 22:55:15,735 [INFO] PluginManager:220 - loadIPPluginJar : add ltdc
2023-10-08 22:55:15,755 [INFO] IPUIPlugin:80 - create IPUIPlugin
2023-10-08 22:55:15,755 [INFO] PluginManager:220 - loadIPPluginJar : add mdma
2023-10-08 22:55:15,771 [INFO] IPUIPlugin:80 - create IPUIPlugin
2023-10-08 22:55:15,771 [INFO] PluginManager:220 - loadIPPluginJar : add nvic
2023-10-08 22:55:15,819 [INFO] IPUIPlugin:80 - create IPUIPlugin
2023-10-08 22:55:15,819 [INFO] PluginManager:220 - loadIPPluginJar : add opamp
2023-10-08 22:55:15,899 [INFO] IPUIPlugin:80 - create IPUIPlugin
2023-10-08 22:55:15,899 [INFO] PluginManager:220 - loadIPPluginJar : add openamp
2023-10-08 22:55:15,957 [INFO] IPUIPlugin:80 - create IPUIPlugin
2023-10-08 22:55:15,957 [INFO] PluginManager:220 - loadIPPluginJar : add pdm2pcm
2023-10-08 22:55:15,974 [INFO] IPUIPlugin:80 - create IPUIPlugin
2023-10-08 22:55:15,976 [INFO] PluginManager:220 - loadIPPluginJar : add plateformsettings
2023-10-08 22:55:16,004 [INFO] IPUIPlugin:80 - create IPUIPlugin
2023-10-08 22:55:16,004 [INFO] PluginManager:220 - loadIPPluginJar : add quadspi
2023-10-08 22:55:16,021 [INFO] IPUIPlugin:80 - create IPUIPlugin
2023-10-08 22:55:16,021 [INFO] PluginManager:220 - loadIPPluginJar : add resmgrutility
2023-10-08 22:55:16,077 [INFO] IPUIPlugin:80 - create IPUIPlugin
2023-10-08 22:55:16,078 [INFO] PluginManager:220 - loadIPPluginJar : add sai
2023-10-08 22:55:16,123 [INFO] IPUIPlugin:80 - create IPUIPlugin
2023-10-08 22:55:16,123 [INFO] PluginManager:220 - loadIPPluginJar : add spi
2023-10-08 22:55:16,192 [INFO] IPUIPlugin:80 - create IPUIPlugin
2023-10-08 22:55:16,192 [INFO] PluginManager:220 - loadIPPluginJar : add stm32_wpan
2023-10-08 22:55:16,221 [INFO] IPUIPlugin:80 - create IPUIPlugin
2023-10-08 22:55:16,221 [INFO] PluginManager:220 - loadIPPluginJar : add tim
2023-10-08 22:55:16,288 [INFO] IPUIPlugin:80 - create IPUIPlugin
2023-10-08 22:55:16,288 [INFO] PluginManager:220 - loadIPPluginJar : add touchsensing
2023-10-08 22:55:16,314 [INFO] IPUIPlugin:80 - create IPUIPlugin
2023-10-08 22:55:16,314 [INFO] PluginManager:220 - loadIPPluginJar : add tracer_emb
2023-10-08 22:55:16,340 [INFO] IPUIPlugin:80 - create IPUIPlugin
2023-10-08 22:55:16,340 [INFO] PluginManager:220 - loadIPPluginJar : add ts
2023-10-08 22:55:16,348 [INFO] ThirdPartyUpdaterWithRetryManager:70 - Updater plugin not ready yet. [2/15]
2023-10-08 22:55:16,369 [INFO] IPUIPlugin:80 - create IPUIPlugin
2023-10-08 22:55:16,369 [INFO] PluginManager:220 - loadIPPluginJar : add tsc
2023-10-08 22:55:16,392 [INFO] IPUIPlugin:80 - create IPUIPlugin
2023-10-08 22:55:16,394 [INFO] PluginManager:220 - loadIPPluginJar : add ucpd
2023-10-08 22:55:16,443 [INFO] IPUIPlugin:80 - create IPUIPlugin
2023-10-08 22:55:16,443 [INFO] PluginManager:220 - loadIPPluginJar : add usart
2023-10-08 22:55:16,495 [INFO] IPUIPlugin:80 - create IPUIPlugin
2023-10-08 22:55:16,496 [INFO] PluginManager:220 - loadIPPluginJar : add usbx
2023-10-08 22:55:16,645 [INFO] CADModel:165 - CPN selected for project level
2023-10-08 22:55:16,645 [INFO] CADModel:114 - Register for checkConnection events
2023-10-08 22:55:16,646 [FATAL] Updater:308 - Updater called before beeing initialized
2023-10-08 22:55:16,646 [ERROR] CADModel:125 - Updater not yet initialized, retry later 
2023-10-08 22:55:16,960 [INFO] CADModel:165 - CPN selected for project level
2023-10-08 22:55:16,960 [INFO] CADModel:114 - Register for checkConnection events
2023-10-08 22:55:16,960 [FATAL] Updater:308 - Updater called before beeing initialized
2023-10-08 22:55:16,960 [ERROR] CADModel:125 - Updater not yet initialized, retry later 
2023-10-08 22:55:16,969 [FATAL] Updater:308 - Updater called before beeing initialized
2023-10-08 22:55:17,216 [FATAL] Updater:308 - Updater called before beeing initialized
2023-10-08 22:55:17,233 [INFO] DbMcusAds:53 - JSON generation date=Tue Mar 07 15:50:55 ICT 2023 (1678179055114)
2023-10-08 22:55:17,234 [FATAL] Updater:308 - Updater called before beeing initialized
2023-10-08 22:55:17,286 [WARN] DetailPanel:346 - Failed to get advertising image, set to default
2023-10-08 22:55:17,421 [FATAL] Updater:308 - Updater called before beeing initialized
2023-10-08 22:55:17,424 [FATAL] Updater:308 - Updater called before beeing initialized
2023-10-08 22:55:17,424 [FATAL] Updater:308 - Updater called before beeing initialized
2023-10-08 22:55:17,424 [WARN] DetailPanel:346 - Failed to get advertising image, set to default
2023-10-08 22:55:17,425 [FATAL] Updater:308 - Updater called before beeing initialized
2023-10-08 22:55:17,574 [ERROR] Updater:1120 - MainUpdater not yet initialized. External WinMGr cannot be set.
2023-10-08 22:55:17,593 [INFO] Updater:1056 - Updater Version found : 6.9.0
2023-10-08 22:55:17,643 [INFO] ApplicationProperties:184 - Using Application install path: C:\ST\STM32CubeIDE_1.13.0\STM32CubeIDE\plugins\com.st.stm32cube.common.mx_6.9.0.202307051724
2023-10-08 22:55:18,062 [INFO] MainUpdater:2868 - connection check result : 10
2023-10-08 22:55:18,063 [INFO] MainUpdater:285 - Updater Check For Update Now.
2023-10-08 22:55:18,064 [INFO] MicroXplorer:498 - Change Database Version : DB.6.0.90
2023-10-08 22:55:18,099 [INFO] McuFinderGlobals:63 - Set McuFinder mode to 2 (CubeIDE integrated)
2023-10-08 22:55:18,100 [INFO] UserAuth:179 - activating auth plugin
2023-10-08 22:55:18,106 [INFO] UserAuth:393 - Internet connection configuration mode: 1
2023-10-08 22:55:18,179 [INFO] JxBrowserEngine:151 - Initiate JxBrowser Engine with user profile folder
2023-10-08 22:55:18,455 [INFO] CheckServerUpdateThread:120 - End of CheckServer Thread
2023-10-08 22:55:19,724 [WARN] PackLoader:240 - Cannot read IP mode file for STMicroelectronics.X-CUBE-SMBUS.2.1.0
2023-10-08 22:55:19,842 [WARN] PackLoader:240 - Cannot read IP mode file for STMicroelectronics.X-CUBE-AZRTOS-F7.1.1.0
2023-10-08 22:55:19,907 [WARN] PackLoader:240 - Cannot read IP mode file for STMicroelectronics.FP-SNS-MOTENV1.4.3.2
2023-10-08 22:55:19,956 [WARN] PackLoader:240 - Cannot read IP mode file for STMicroelectronics.X-CUBE-BLE1.6.2.4
2023-10-08 22:55:19,994 [WARN] PackLoader:240 - Cannot read IP mode file for STMicroelectronics.FP-SNS-FLIGHT1.5.0.2
2023-10-08 22:55:20,024 [WARN] PackLoader:240 - Cannot read IP mode file for STMicroelectronics.X-CUBE-BLE1.7.0.0
2023-10-08 22:55:20,060 [WARN] PackLoader:240 - Cannot read IP mode file for STMicroelectronics.X-CUBE-TOUCHGFX.4.22.0
2023-10-08 22:55:20,092 [WARN] PackLoader:240 - Cannot read IP mode file for STMicroelectronics.X-CUBE-TOUCHGFX.4.22.1
2023-10-08 22:55:20,307 [WARN] PackLoader:240 - Cannot read IP mode file for STMicroelectronics.X-CUBE-MEMS1.9.3.0
2023-10-08 22:55:20,755 [WARN] PackLoader:240 - Cannot read IP mode file for STMicroelectronics.FP-SNS-SMARTAG2.1.2.0
2023-10-08 22:55:20,807 [INFO] LogOutputStream:77 - [STDOUT_REDIRECT] 1 : Invalid condition id : UX_CORESTACK_Condition cause : null
2023-10-08 22:55:20,808 [INFO] LogOutputStream:77 - [STDOUT_REDIRECT] 1 : Invalid condition id : UX_CORESTACK_Condition cause : null
2023-10-08 22:55:20,811 [INFO] LogOutputStream:77 - [STDOUT_REDIRECT] 1 : Invalid condition id : UX_CORESTACK_Condition cause : null
2023-10-08 22:55:20,815 [INFO] LogOutputStream:77 - [STDOUT_REDIRECT] 1 : Invalid condition id : UX_CORESTACK_Condition cause : null
2023-10-08 22:55:20,820 [INFO] LogOutputStream:77 - [STDOUT_REDIRECT] 1 : Invalid condition id : UX_CORESTACK_Condition cause : null
2023-10-08 22:55:20,825 [WARN] PackLoader:240 - Cannot read IP mode file for STMicroelectronics.X-CUBE-AZRTOS-WL.2.0.0
2023-10-08 22:55:20,864 [WARN] PackLoader:240 - Cannot read IP mode file for WES.I-CUBE-Cesium.1.3.0
2023-10-08 22:55:20,894 [WARN] PackLoader:240 - Cannot read IP mode file for STMicroelectronics.X-CUBE-BLE2.3.3.0
2023-10-08 22:55:20,944 [WARN] PackLoader:240 - Cannot read IP mode file for STMicroelectronics.X-CUBE-TOF1.3.2.0
2023-10-08 22:55:20,992 [WARN] PackLoader:240 - Cannot read IP mode file for STMicroelectronics.X-CUBE-ISPU.1.0.0
2023-10-08 22:55:21,023 [WARN] PackLoader:240 - Cannot read IP mode file for STMicroelectronics.X-CUBE-TOUCHGFX.4.21.1
2023-10-08 22:55:21,179 [WARN] PackLoader:240 - Cannot read IP mode file for STMicroelectronics.X-CUBE-MEMS1.9.4.0
2023-10-08 22:55:21,664 [WARN] PackLoader:240 - Cannot read IP mode file for STMicroelectronics.X-CUBE-AI.7.3.0
2023-10-08 22:55:21,758 [WARN] PackLoader:240 - Cannot read IP mode file for STMicroelectronics.X-CUBE-AZRTOS-G0.1.1.0
2023-10-08 22:55:21,834 [WARN] PackLoader:240 - Cannot read IP mode file for STMicroelectronics.X-CUBE-NFC4.3.0.0
2023-10-08 22:55:21,920 [WARN] PackLoader:240 - Cannot read IP mode file for STMicroelectronics.X-CUBE-BLEMGR.1.3.0
2023-10-08 22:55:21,962 [WARN] PackLoader:240 - Cannot read IP mode file for STMicroelectronics.FP-ATR-SIGFOX1.3.2.0
2023-10-08 22:55:22,009 [WARN] PackLoader:240 - Cannot read IP mode file for STMicroelectronics.X-CUBE-TOUCHGFX.4.20.0
2023-10-08 22:55:22,145 [WARN] PackLoader:240 - Cannot read IP mode file for SEGGER.I-CUBE-embOS.1.3.1
2023-10-08 22:55:22,307 [WARN] PackLoader:240 - Cannot read IP mode file for STMicroelectronics.X-CUBE-GNSS1.6.0.0
2023-10-08 22:55:22,388 [WARN] PackLoader:240 - Cannot read IP mode file for STMicroelectronics.X-CUBE-AZRTOS-F4.1.1.0
2023-10-08 22:55:22,420 [WARN] PackLoader:240 - Cannot read IP mode file for STMicroelectronics.X-CUBE-BLEMGR.1.2.0
2023-10-08 22:55:22,487 [WARN] PackLoader:240 - Cannot read IP mode file for STMicroelectronics.X-CUBE-AZRTOS-L5.2.0.0
2023-10-08 22:55:22,642 [WARN] PackLoader:240 - Cannot read IP mode file for STMicroelectronics.X-CUBE-MEMS1.9.6.0
2023-10-08 22:55:23,015 [WARN] PackLoader:240 - Cannot read IP mode file for ITTIA_DB.I-CUBE-ITTIADB.8.8.0
2023-10-08 22:55:23,056 [WARN] PackLoader:240 - Cannot read IP mode file for STMicroelectronics.X-CUBE-BLEMGR.2.0.0
2023-10-08 22:55:23,143 [WARN] ConditionMgr:438 - getConditionDescription Invalid condition id : UX DEVICE CLASS RTOS Condition cause : null
2023-10-08 22:55:23,144 [WARN] ConditionMgr:438 - getConditionDescription Invalid condition id : UX DEVICE CLASS RTOS Condition cause : null
2023-10-08 22:55:23,153 [WARN] PackLoader:240 - Cannot read IP mode file for STMicroelectronics.X-CUBE-AZRTOS-H7.3.1.0
2023-10-08 22:55:23,155 [WARN] ConditionMgr:1039 - genDependencies : Invalid condition id : UX DEVICE CLASS RTOS Condition cause : null
2023-10-08 22:55:23,156 [WARN] ConditionMgr:1039 - genDependencies : Invalid condition id : UX DEVICE CLASS RTOS Condition cause : null
2023-10-08 22:55:23,157 [WARN] ConditionMgr:1039 - genDependencies : Invalid condition id : UX DEVICE CLASS RTOS Condition cause : null
2023-10-08 22:55:23,158 [WARN] ConditionMgr:1039 - genDependencies : Invalid condition id : UX DEVICE CLASS RTOS Condition cause : null
2023-10-08 22:55:23,158 [WARN] ConditionMgr:1039 - genDependencies : Invalid condition id : UX DEVICE CLASS RTOS Condition cause : null
2023-10-08 22:55:23,190 [WARN] PackLoader:240 - Cannot read IP mode file for STMicroelectronics.X-CUBE-NFC7.1.0.1
2023-10-08 22:55:23,221 [WARN] PackLoader:240 - Cannot read IP mode file for STMicroelectronics.X-CUBE-NFC6.3.0.0
2023-10-08 22:55:23,249 [WARN] PackLoader:240 - Cannot read IP mode file for STMicroelectronics.X-CUBE-EEPRMA1.4.1.0
2023-10-08 22:55:23,291 [WARN] PackLoader:240 - Cannot read IP mode file for STMicroelectronics.X-CUBE-AI.8.1.0
2023-10-08 22:55:23,359 [WARN] ConditionMgr:438 - getConditionDescription Invalid condition id : LAN8742 Phy interface Condition cause : null
2023-10-08 22:55:23,360 [WARN] PackLoader:240 - Cannot read IP mode file for STMicroelectronics.X-CUBE-AZRTOS-L4.2.0.0
2023-10-08 22:55:23,364 [WARN] ConditionMgr:1039 - genDependencies : Invalid condition id : LAN8742 Phy interface Condition cause : null
2023-10-08 22:55:23,365 [WARN] ConditionMgr:1039 - genDependencies : Invalid condition id : LAN8742 Phy interface Condition cause : null
2023-10-08 22:55:23,368 [WARN] ConditionMgr:1039 - genDependencies : Invalid condition id : LAN8742 Phy interface Condition cause : null
2023-10-08 22:55:23,408 [WARN] PackLoader:240 - Cannot read IP mode file for STMicroelectronics.X-CUBE-SFXS2LP1.4.0.0
2023-10-08 22:55:23,483 [WARN] PackLoader:240 - Cannot read IP mode file for STMicroelectronics.X-CUBE-AZRTOS-H7.3.0.0
2023-10-08 22:55:23,513 [WARN] PackLoader:240 - Cannot read IP mode file for STMicroelectronics.X-CUBE-ISPU.1.1.0
2023-10-08 22:55:23,571 [WARN] ConditionMgr:438 - getConditionDescription Invalid condition id : UX DEVICE CLASS RTOS Condition cause : null
2023-10-08 22:55:23,572 [WARN] ConditionMgr:438 - getConditionDescription Invalid condition id : UX DEVICE CLASS RTOS Condition cause : null
2023-10-08 22:55:23,575 [WARN] PackLoader:240 - Cannot read IP mode file for STMicroelectronics.X-CUBE-AZRTOS-WB.2.0.0
2023-10-08 22:55:23,577 [WARN] ConditionMgr:1039 - genDependencies : Invalid condition id : UX DEVICE CLASS RTOS Condition cause : null
2023-10-08 22:55:23,577 [WARN] ConditionMgr:1039 - genDependencies : Invalid condition id : UX DEVICE CLASS RTOS Condition cause : null
2023-10-08 22:55:23,579 [WARN] ConditionMgr:1039 - genDependencies : Invalid condition id : UX DEVICE CLASS RTOS Condition cause : null
2023-10-08 22:55:23,581 [WARN] ConditionMgr:1039 - genDependencies : Invalid condition id : UX DEVICE CLASS RTOS Condition cause : null
2023-10-08 22:55:23,581 [WARN] ConditionMgr:1039 - genDependencies : Invalid condition id : UX DEVICE CLASS RTOS Condition cause : null
2023-10-08 22:55:23,620 [WARN] PackLoader:240 - Cannot read IP mode file for STMicroelectronics.X-CUBE-FREERTOS.1.0.1
2023-10-08 22:55:23,674 [WARN] PackLoader:240 - Cannot read IP mode file for STMicroelectronics.X-CUBE-AZRTOS-L5.1.1.0
2023-10-08 22:55:23,699 [WARN] PackLoader:240 - Cannot read IP mode file for STMicroelectronics.X-CUBE-AI.8.0.1
2023-10-08 22:55:23,741 [WARN] PackLoader:240 - Cannot read IP mode file for STMicroelectronics.X-CUBE-TOF1.3.3.1
2023-10-08 22:55:23,804 [WARN] PackLoader:240 - Cannot read IP mode file for STMicroelectronics.X-CUBE-AZRTOS-G4.2.0.0
2023-10-08 22:55:23,829 [WARN] PackLoader:240 - Cannot read IP mode file for STMicroelectronics.FP-ATR-ASTRA1.1.1.1
2023-10-08 22:55:23,877 [WARN] PackLoader:240 - Cannot read IP mode file for Infineon.AIROC-Wi-Fi-Bluetooth-STM32.1.5.1
2023-10-08 22:55:23,907 [WARN] PackLoader:240 - Cannot read IP mode file for STMicroelectronics.X-CUBE-FREERTOS.1.1.0
2023-10-08 22:55:23,955 [WARN] PackLoader:240 - Cannot read IP mode file for STMicroelectronics.X-CUBE-AZRTOS-WB.1.1.0
2023-10-08 22:55:23,977 [WARN] PackLoader:240 - Cannot read IP mode file for STMicroelectronics.FP-ATR-ASTRA1.2.0.0
2023-10-08 22:55:23,977 [INFO] ThirdParty:978 - Integrity check success = true
2023-10-08 22:55:23,978 [INFO] IntegrityCheckThread:100 - exiting critical section [integrity check]
2023-10-08 22:55:23,978 [INFO] IntegrityCheckThread:103 - End integrity checks thread
2023-10-08 22:55:25,643 [INFO] WebApp:157 - Instantiating new browser for Auth
2023-10-08 22:55:26,699 [INFO] WebApp:753 - Register for checkConnection events
2023-10-08 22:55:26,700 [INFO] WebApp:390 - Apply proxy settings
2023-10-08 22:55:26,700 [INFO] WebApp:475 - Chromium requires no authentication
2023-10-08 22:55:26,710 [INFO] WebApp:418 - Direct internet connection detected
2023-10-08 22:55:27,072 [INFO] WebApp:188 - Starting web application
2023-10-08 22:55:27,072 [INFO] WebApp:520 - Web application path used C:\ST\STM32CubeIDE_1.13.0\STM32CubeIDE\plugins\com.st.stm32cube.common.mx_6.9.0.202307051724\db\plugins\mcufinder\reactClient1\index.html
2023-10-08 22:55:48,438 [ERROR] LogOutputStream:75 - [STDERR_REDIRECT] SLF4J: Failed to load class "org.slf4j.impl.StaticLoggerBinder".
2023-10-08 22:55:48,438 [ERROR] LogOutputStream:75 - [STDERR_REDIRECT] SLF4J: Defaulting to no-operation (NOP) logger implementation
2023-10-08 22:55:48,440 [ERROR] LogOutputStream:75 - [STDERR_REDIRECT] SLF4J: See http://www.slf4j.org/codes.html#StaticLoggerBinder for further details.
2023-10-08 23:31:07,425 [ERROR] LogOutputStream:75 - [STDERR_REDIRECT] 
